In ga.py, 2018-11-23 20:23:12,937 - __main__ - INFO - len population_validation first:10,len population_validation[0]:30
In ga.py, 2018-11-23 20:23:12,940 - __main__ - INFO - population_validation[0]:[   0.    0. 2800. 2800.    0.    0.    0.    0. 2800. 2800.    0. 2800.
    0.    0.    0. 2800.    0. 2800. 2800.    0. 2800.    0.    0.    0.
    0.    0.    0.    0.    0.    0.]
In ga.py, 2018-11-23 20:23:58,835 - __main__ - INFO - population_validation second:[840.0, 833.3333, 513.3333, 140.0, 80.0, 40.0, 233.33333, 486.66666, 20.0, 306.66666]
In ga.py, 2018-11-23 20:27:53,214 - __main__ - INFO - len population_validation first:10,len population_validation[0]:30
In ga.py, 2018-11-23 20:27:53,215 - __main__ - INFO - population_validation[0]:[2800. 2800.    0.    0.    0.    0.    0. 2800.    0.    0.    0. 2800.
 2800.    0.    0.    0.    0.    0.    0.    0.    0.    0.    0. 2800.
    0. 2800.    0.    0.    0.    0.]
In ga.py, 2018-11-23 20:28:46,808 - __main__ - INFO - population_validation second:[653.3333, 973.3333, 1470.0, 2430.0, 2430.0, 1453.3334, 2076.6667, 936.6667, 1280.0, 416.66666]
In ga.py, 2018-11-23 20:33:03,043 - __main__ - INFO - len population_validation first:10,len population_validation[0]:30
In ga.py, 2018-11-23 20:33:03,044 - __main__ - INFO - population_validation[0]:[4300.    0. 2700. 1200. 4300. 4300. 4300. 1200. 4300. 1200. 2700. 1200.
    0. 4300. 4300. 2700. 4300. 1200. 1200.    0.    0. 1200. 1200. 1200.
 4300.    0.    0. 1200. 2700.    0.]
In ga.py, 2018-11-23 20:33:50,746 - __main__ - INFO - population_validation second:[2050.0, 2056.6667, 1380.0, 2506.6667, 3383.3333, 3100.0, 2523.3333, 3786.6667, 2756.6667, 1463.3334]
In ga.py, 2018-11-23 20:38:06,509 - __main__ - INFO - len population_validation first:10,len population_validation[0]:30
In ga.py, 2018-11-23 20:38:06,511 - __main__ - INFO - population_validation[0]:[4200. 4200.  300. 5000. 4200.  300. 3300. 5000. 4200. 4200.  300.  300.
  300. 4200. 5000.  300. 3300. 5000. 4200. 5000. 4200. 4200. 4200. 4200.
 4200.  300. 3300. 4200. 4200. 4200.]
In ga.py, 2018-11-23 20:38:56,982 - __main__ - INFO - population_validation second:[3333.3333, 3463.3333, 2393.3333, 1403.3334, 3320.0, 3550.0, 3786.6667, 2293.3333, 2723.3333, 2496.6667]
In ga.py, 2018-11-23 20:43:15,059 - __main__ - INFO - len population_validation first:10,len population_validation[0]:30
In ga.py, 2018-11-23 20:43:15,060 - __main__ - INFO - population_validation[0]:[5000. 5000. 5000. 2500. 2500. 3500. 5000. 5000. 4900. 2500. 5000. 3500.
 3200. 2500. 3500. 4900. 2500. 2500. 4900. 5000. 4900. 4900. 5000. 4900.
 5000. 4900. 4900. 4900. 5000. 3500.]
In ga.py, 2018-11-23 20:44:15,781 - __main__ - INFO - population_validation second:[4210.0, 4650.0, 2296.6667, 4716.6665, 2623.3333, 2710.0, 3146.6667, 1343.3334, 2313.3333, 3500.0]
In ga.py, 2018-11-23 20:48:31,398 - __main__ - INFO - len population_validation first:10,len population_validation[0]:30
In ga.py, 2018-11-23 20:48:31,399 - __main__ - INFO - population_validation[0]:[2800. 3700. 6400. 5400. 2800. 2800. 2800. 6400. 5400. 2800. 3700. 5400.
 3700. 3700. 5400. 3700. 5400. 2800. 2800. 5400. 2800. 6400. 2800. 3700.
 6400. 6400. 5400. 5400. 6400. 5400.]
In ga.py, 2018-11-23 20:49:31,804 - __main__ - INFO - population_validation second:[4480.0, 2136.6667, 3100.0, 2760.0, 3563.3333, 4006.6667, 2756.6667, 3856.6667, 2116.6667, 2813.3333]
In ga.py, 2018-11-23 20:53:49,274 - __main__ - INFO - len population_validation first:10,len population_validation[0]:30
In ga.py, 2018-11-23 20:53:49,275 - __main__ - INFO - population_validation[0]:[6400. 2800. 6400. 3700. 6400. 5400. 6400. 3700. 3700. 2800. 3700. 3700.
 6400. 5400. 5400. 6400. 3700. 2800. 5400. 3700. 6400. 5400. 5400. 5400.
 3700. 5400. 2800. 3700. 6400. 6400.]
In ga.py, 2018-11-23 20:54:47,939 - __main__ - INFO - population_validation second:[4843.3335, 2593.3333, 3393.3333, 3626.6667, 3690.0, 3130.0, 2076.6667, 3796.6667, 3836.6667, 1560.0]
In ga.py, 2018-11-23 20:58:55,329 - __main__ - INFO - len population_validation first:10,len population_validation[0]:30
In ga.py, 2018-11-23 20:58:55,330 - __main__ - INFO - population_validation[0]:[2800. 2800. 2800. 2800. 3700. 2800. 2800. 5400. 5400. 2800. 5400. 6400.
 3700. 5400. 5400. 6400. 6400. 3700. 3700. 3700. 5400. 5400. 2800. 2800.
 5400. 2800. 6400. 2800. 2800. 5400.]
In ga.py, 2018-11-23 20:59:55,905 - __main__ - INFO - population_validation second:[4210.0, 2346.6667, 3336.6667, 4100.0, 1733.3334, 2790.0, 2496.6667, 3616.6667, 3153.3333, 1746.6666]
In ga.py, 2018-11-23 21:04:04,677 - __main__ - INFO - len population_validation first:10,len population_validation[0]:30
In ga.py, 2018-11-23 21:04:04,678 - __main__ - INFO - population_validation[0]:[2800. 6400. 5400. 6400. 6400. 3700. 2800. 6400. 2800. 3700. 3700. 6400.
 2800. 3700. 3700. 3700. 6400. 2800. 3700. 2800. 3700. 3700. 6400. 2800.
 6400. 3700. 2800. 2800. 6400. 5400.]
In ga.py, 2018-11-23 21:05:05,825 - __main__ - INFO - population_validation second:[4353.3335, 1916.6666, 3473.3333, 3216.6667, 3016.6667, 3570.0, 2346.6667, 1493.3334, 3096.6667, 2553.3333]
In ga.py, 2018-11-23 21:09:13,584 - __main__ - INFO - len population_validation first:10,len population_validation[0]:30
In ga.py, 2018-11-23 21:09:13,585 - __main__ - INFO - population_validation[0]:[6400. 3700. 3700. 5400. 6400. 2800. 3700. 5400. 5400. 2800. 5400. 5400.
 5400. 2800. 6400. 5400. 3700. 5400. 2800. 3700. 3700. 3700. 3700. 6400.
 3700. 5400. 3700. 3700. 3700. 6400.]
In ga.py, 2018-11-23 21:10:14,547 - __main__ - INFO - population_validation second:[4540.0, 2440.0, 1900.0, 1033.3334, 4243.3335, 2846.6667, 3203.3333, 3356.6667, 3963.3333, 3476.6667]
In ga.py, 2018-11-23 21:14:30,482 - __main__ - INFO - len population_validation first:10,len population_validation[0]:30
In ga.py, 2018-11-23 21:14:30,484 - __main__ - INFO - population_validation[0]:[5400. 2800. 2800. 6400. 3700. 3700. 6400. 6400. 5400. 5400. 2800. 5400.
 3700. 2800. 3700. 2800. 3700. 3700. 3700. 6400. 3700. 3700. 5400. 5400.
 5400. 3700. 6400. 3700. 2800. 2800.]
In ga.py, 2018-11-23 21:15:36,169 - __main__ - INFO - population_validation second:[4336.6665, 1583.3334, 3000.0, 1306.6666, 3660.0, 2250.0, 4380.0, 4050.0, 2556.6667, 3920.0]
In ga.py, 2018-11-23 21:19:55,723 - __main__ - INFO - len population_validation first:10,len population_validation[0]:30
In ga.py, 2018-11-23 21:19:55,725 - __main__ - INFO - population_validation[0]:[5000. 4500. 5000. 5000. 4500. 5000. 4500. 5000. 5000. 3300. 3300. 4500.
 4500. 5000. 4500. 3300. 5000. 4500. 3300. 4500. 4500. 5000. 4500. 4500.
 3300. 4500. 5000. 3300. 4500. 5000.]
In ga.py, 2018-11-23 21:20:51,149 - __main__ - INFO - population_validation second:[4443.3335, 3356.6667, 2923.3333, 4953.3335, 1573.3334, 3183.3333, 3993.3333, 2520.0, 4176.6665, 1983.3334]
In ga.py, 2018-11-23 21:25:04,858 - __main__ - INFO - len population_validation first:10,len population_validation[0]:30
In ga.py, 2018-11-23 21:25:04,859 - __main__ - INFO - population_validation[0]:[4300. 4300. 4300. 4300. 2600. 2600. 5900. 4300. 4300. 4300. 5500. 2600.
 2600. 5900. 5900. 4300. 2600. 5500. 2600. 4300. 5500. 2600. 4300. 5900.
 5500. 5500. 5900. 5500. 2600. 2600.]
In ga.py, 2018-11-23 21:25:54,877 - __main__ - INFO - population_validation second:[4296.6665, 2950.0, 3203.3333, 1493.3334, 4370.0, 3613.3333, 1660.0, 2683.3333, 916.6667, 3150.0]
In ga.py, 2018-11-23 21:30:15,797 - __main__ - INFO - len population_validation first:10,len population_validation[0]:30
In ga.py, 2018-11-23 21:30:15,799 - __main__ - INFO - population_validation[0]:[6200. 4200. 4200. 4200. 4200. 4200. 4200. 2600. 4200. 2600. 4200. 2600.
 4200. 2500. 2600. 6200. 4200. 6200. 6200. 4200. 4200. 6200. 4200. 4200.
 4200. 4200. 4200. 6200. 2500. 4200.]
In ga.py, 2018-11-23 21:31:12,614 - __main__ - INFO - population_validation second:[4273.3335, 4533.3335, 3716.6667, 3870.0, 2890.0, 4220.0, 2960.0, 3640.0, 2260.0, 3330.0]
In ga.py, 2018-11-23 21:35:54,902 - __main__ - INFO - len population_validation first:10,len population_validation[0]:30
In ga.py, 2018-11-23 21:35:54,905 - __main__ - INFO - population_validation[0]:[3900. 3900. 4600. 2500. 4600. 4600. 3900. 4600. 4600. 2500. 3900. 3900.
 2500. 4600. 4600. 3900. 4600. 6600. 3900. 3900. 2500. 2500. 6600. 6600.
 6600. 6600. 2500. 3900. 4600. 2500.]
In ga.py, 2018-11-23 21:36:52,667 - __main__ - INFO - population_validation second:[4233.3335, 4450.0, 3566.6667, 4053.3333, 4776.6665, 3376.6667, 2890.0, 4763.3335, 2646.6667, 3693.3333]
In ga.py, 2018-11-23 21:41:24,677 - __main__ - INFO - len population_validation first:10,len population_validation[0]:30
In ga.py, 2018-11-23 21:41:24,678 - __main__ - INFO - population_validation[0]:[3800. 4300. 2100. 2100. 3800. 3800. 6700. 2100. 2100. 4300. 3800. 6700.
 6700. 6700. 4300. 2100. 2100. 3800. 3800. 3800. 2100. 3800. 4300. 2100.
 4300. 4300. 6700. 6700. 3800. 2100.]
In ga.py, 2018-11-23 21:42:27,796 - __main__ - INFO - population_validation second:[3970.0, 3666.6667, 440.0, 2200.0, 2840.0, 4180.0, 3150.0, 3180.0, 4360.0, 3493.3333]
In ga.py, 2018-11-23 21:47:27,039 - __main__ - INFO - len population_validation first:10,len population_validation[0]:30
In ga.py, 2018-11-23 21:47:27,041 - __main__ - INFO - population_validation[0]:[3900. 3700. 5800. 3300. 3100. 5800. 4900. 3900. 3100. 4900. 3700. 3700.
 3900. 3900. 3100. 3700. 3700. 4100. 4900. 3700. 3900. 3900. 4900. 3300.
 4100. 4100. 5800. 3700. 3900. 4900.]
In ga.py, 2018-11-23 21:48:23,327 - __main__ - INFO - population_validation second:[4110.0, 4666.6665, 4140.0, 4236.6665, 2176.6667, 3270.0, 3700.0, 4220.0, 4493.3335, 3990.0]
In ga.py, 2018-11-23 21:52:56,035 - __main__ - INFO - len population_validation first:10,len population_validation[0]:30
In ga.py, 2018-11-23 21:52:56,037 - __main__ - INFO - population_validation[0]:[4400.  500.  300. 4400. 4300. 3300. 4400. 4300. 8500. 6700. 3300. 6700.
 6700. 6700.  300. 4300. 4300. 8500. 2200. 6700.  300. 4700.  300.  300.
 4400. 4700.  300. 4700. 6700. 3700.]
In ga.py, 2018-11-23 21:53:55,720 - __main__ - INFO - population_validation second:[4030.0, 3996.6667, 4263.3335, 5106.6665, 4366.6665, 2250.0, 3526.6667, 4756.6665, 3036.6667, 3726.6667]
In ga.py, 2018-11-23 21:58:39,521 - __main__ - INFO - len population_validation first:10,len population_validation[0]:30
In ga.py, 2018-11-23 21:58:39,522 - __main__ - INFO - population_validation[0]:[6300. 5600. 4200. 5600. 5600. 4500. 4200. 5600. 5600. 4200. 6300. 6300.
 6300. 5600. 5600. 6300. 4200. 5600. 4200. 5600. 4200. 4500. 4200. 4200.
 6300. 6300. 4200. 6300. 4200. 5600.]
In ga.py, 2018-11-23 21:59:47,647 - __main__ - INFO - population_validation second:[5246.6665, 4990.0, 4943.3335, 4540.0, 4853.3335, 3726.6667, 1840.0, 4240.0, 3963.3333, 2170.0]
In ga.py, 2018-11-23 22:04:33,050 - __main__ - INFO - len population_validation first:10,len population_validation[0]:30
In ga.py, 2018-11-23 22:04:33,051 - __main__ - INFO - population_validation[0]:[5600. 4200. 6300. 4500. 4200. 4200. 4500. 4500. 4200. 5600. 4500. 6300.
 6300. 5600. 6300. 6300. 5600. 4200. 4200. 4500. 6300. 4500. 6300. 4200.
 4200. 6300. 6300. 6300. 4500. 6300.]
In ga.py, 2018-11-23 22:05:35,413 - __main__ - INFO - population_validation second:[5226.6665, 4356.6665, 3270.0, 3060.0, 4473.3335, 3873.3333, 4476.6665, 2286.6667, 3146.6667, 4176.6665]
In ga.py, 2018-11-23 22:10:14,506 - __main__ - INFO - len population_validation first:10,len population_validation[0]:30
In ga.py, 2018-11-23 22:10:14,508 - __main__ - INFO - population_validation[0]:[4500. 4200. 4200. 5600. 6300. 6300. 6300. 4500. 5600. 4200. 5600. 4200.
 4500. 6300. 6300. 4200. 4200. 6300. 4500. 6300. 4200. 5600. 6300. 4500.
 4500. 4200. 4200. 5600. 4500. 4500.]
In ga.py, 2018-11-23 22:11:14,058 - __main__ - INFO - population_validation second:[5073.3335, 2116.6667, 3026.6667, 4646.6665, 2796.6667, 2860.0, 1833.3334, 3906.6667, 3003.3333, 3473.3333]
In ga.py, 2018-11-23 22:16:04,995 - __main__ - INFO - len population_validation first:10,len population_validation[0]:30
In ga.py, 2018-11-23 22:16:04,996 - __main__ - INFO - population_validation[0]:[6300. 5600. 6300. 6300. 4200. 4200. 4500. 4200. 4200. 6300. 6300. 6300.
 4200. 4500. 4200. 5600. 4500. 6300. 4200. 6300. 5600. 6300. 4200. 4200.
 6300. 5600. 6300. 4200. 4500. 4500.]
In ga.py, 2018-11-23 22:17:11,692 - __main__ - INFO - population_validation second:[5206.6665, 4513.3335, 3106.6667, 4716.6665, 4660.0, 4733.3335, 2980.0, 1323.3334, 3450.0, 5066.6665]
In ga.py, 2018-11-23 22:22:03,924 - __main__ - INFO - len population_validation first:10,len population_validation[0]:30
In ga.py, 2018-11-23 22:22:03,925 - __main__ - INFO - population_validation[0]:[4500. 4500. 4200. 4500. 6300. 6300. 4500. 5600. 4500. 4200. 4200. 6300.
 4500. 6300. 4200. 6300. 4200. 5600. 5600. 4500. 6300. 4200. 6300. 4500.
 6300. 4200. 4200. 4200. 6300. 4500.]
In ga.py, 2018-11-23 22:23:12,009 - __main__ - INFO - population_validation second:[5060.0, 5063.3335, 4796.6665, 4620.0, 3690.0, 5026.6665, 2363.3333, 5163.3335, 4016.6667, 3983.3333]
In ga.py, 2018-11-23 22:27:55,231 - __main__ - INFO - len population_validation first:10,len population_validation[0]:30
In ga.py, 2018-11-23 22:27:55,233 - __main__ - INFO - population_validation[0]:[6100. 2800. 2800. 6100. 2800. 2800. 6100. 5100. 6100. 6100. 6100. 6100.
 6100. 2800. 2800. 5100. 6100. 6100. 5100. 5100. 5100. 6100. 2800. 2800.
 5100. 6100. 6100. 5100. 5100. 5100.]
In ga.py, 2018-11-23 22:28:52,637 - __main__ - INFO - population_validation second:[4920.0, 3443.3333, 3506.6667, 3453.3333, 5186.6665, 2976.6667, 3126.6667, 2723.3333, 4576.6665, 4440.0]
In ga.py, 2018-11-23 22:33:40,053 - __main__ - INFO - len population_validation first:10,len population_validation[0]:30
In ga.py, 2018-11-23 22:33:40,054 - __main__ - INFO - population_validation[0]:[4700. 4800. 2800. 3200. 4700. 6700. 2800. 3200. 6700. 2800. 6700. 4600.
 4700. 4700. 3200. 3200. 4700. 6700. 3200. 6700. 2800. 3200. 2800. 4700.
 3200. 2800. 6700. 4700. 6700. 3200.]
In ga.py, 2018-11-23 22:34:38,082 - __main__ - INFO - population_validation second:[4386.6665, 5240.0, 3893.3333, 5016.6665, 3306.6667, 2353.3333, 4106.6665, 2820.0, 3356.6667, 2906.6667]
In ga.py, 2018-11-23 22:39:29,347 - __main__ - INFO - len population_validation first:10,len population_validation[0]:30
In ga.py, 2018-11-23 22:39:29,348 - __main__ - INFO - population_validation[0]:[2900. 2900. 2900. 5900. 7400. 5900. 2900. 3700. 5900. 2900. 7400. 5900.
 2900. 2900. 5900. 7400. 7400. 3700. 5900. 5900. 3700. 5900. 2900. 2900.
 7400. 3700. 7400. 7400. 2900. 2900.]
In ga.py, 2018-11-23 22:40:28,701 - __main__ - INFO - population_validation second:[4856.6665, 5520.0, 3370.0, 3376.6667, 4450.0, 5030.0, 4320.0, 2850.0, 1946.6666, 3803.3333]
In ga.py, 2018-11-23 22:44:58,993 - __main__ - INFO - len population_validation first:10,len population_validation[0]:30
In ga.py, 2018-11-23 22:44:58,994 - __main__ - INFO - population_validation[0]:[5800. 7200. 7200. 4700. 7200. 4700. 4700. 5800. 3500. 5800. 5800. 4700.
 3500. 5800. 5800. 4700. 5800. 3500. 3500. 3500. 5800. 3500. 4700. 7200.
 4700. 7200. 5800. 3500. 5800. 3500.]
In ga.py, 2018-11-23 22:45:58,282 - __main__ - INFO - population_validation second:[5163.3335, 3360.0, 4926.6665, 3550.0, 3640.0, 2453.3333, 1716.6666, 2430.0, 2966.6667, 3433.3333]
In ga.py, 2018-11-23 22:50:28,909 - __main__ - INFO - len population_validation first:10,len population_validation[0]:30
In ga.py, 2018-11-23 22:50:28,911 - __main__ - INFO - population_validation[0]:[7200. 4700. 3500. 5800. 5800. 5800. 4700. 3500. 7200. 5800. 3500. 5800.
 4700. 3500. 5800. 4700. 5800. 7200. 7200. 4700. 3500. 3500. 3500. 5800.
 7200. 5800. 5800. 3500. 3500. 7200.]
In ga.py, 2018-11-23 22:51:27,724 - __main__ - INFO - population_validation second:[5206.6665, 3640.0, 1520.0, 5023.3335, 4090.0, 2206.6667, 5126.6665, 4780.0, 3946.6667, 1910.0]
In ga.py, 2018-11-23 22:56:13,003 - __main__ - INFO - len population_validation first:10,len population_validation[0]:30
In ga.py, 2018-11-23 22:56:13,004 - __main__ - INFO - population_validation[0]:[3500. 7200. 4700. 7200. 3500. 3500. 5800. 3500. 4700. 5800. 7200. 5800.
 3500. 7200. 5800. 3500. 4700. 3500. 7200. 3500. 3500. 4700. 7200. 5800.
 4700. 5800. 4700. 5800. 5800. 4700.]
In ga.py, 2018-11-23 22:57:14,609 - __main__ - INFO - population_validation second:[5133.3335, 4973.3335, 5176.6665, 5920.0, 3673.3333, 3926.6667, 2776.6667, 3193.3333, 3820.0, 4200.0]
In ga.py, 2018-11-23 23:02:14,019 - __main__ - INFO - len population_validation first:10,len population_validation[0]:30
In ga.py, 2018-11-23 23:02:14,020 - __main__ - INFO - population_validation[0]:[4100. 6400. 6600. 6400. 6600. 6400. 6600. 6400. 6400. 6600. 6400. 6600.
 4400. 4400. 6400. 4100. 6400. 4400. 4100. 6400. 6400. 6600. 6400. 4400.
 4400. 6600. 6400. 6400. 4100. 4100.]
In ga.py, 2018-11-23 23:03:12,594 - __main__ - INFO - population_validation second:[5730.0, 6046.6665, 3993.3333, 1890.0, 2373.3333, 4276.6665, 4120.0, 3673.3333, 4460.0, 4046.6667]
In ga.py, 2018-11-23 23:07:57,263 - __main__ - INFO - len population_validation first:10,len population_validation[0]:30
In ga.py, 2018-11-23 23:07:57,264 - __main__ - INFO - population_validation[0]:[8300. 6600. 8300. 3000. 3000. 8300. 8300. 6600. 6600. 2700. 3600. 3000.
 3000. 8300. 3600. 8300. 3600. 8300. 3000. 3000. 3000. 6600. 8300. 3600.
 3000. 2700. 3600. 3800. 2700. 3000.]
In ga.py, 2018-11-23 23:08:59,147 - __main__ - INFO - population_validation second:[4990.0, 3873.3333, 3726.6667, 2046.6666, 4713.3335, 4020.0, 3006.6667, 4613.3335, 4196.6665, 3516.6667]
In ga.py, 2018-11-23 23:13:43,887 - __main__ - INFO - len population_validation first:10,len population_validation[0]:30
In ga.py, 2018-11-23 23:13:43,888 - __main__ - INFO - population_validation[0]:[8300. 3600. 3000. 6600. 3000. 6600. 2700. 3600. 3000. 8300. 8300. 8300.
 2700. 3600. 3600. 6600. 2700. 3000. 8300. 2700. 6600. 6600. 3600. 6600.
 3600. 3600. 3000. 2700. 8300. 8300.]
In ga.py, 2018-11-23 23:14:46,801 - __main__ - INFO - population_validation second:[5046.6665, 4860.0, 3473.3333, 2896.6667, 4560.0, 2666.6667, 3483.3333, 1830.0, 3586.6667, 2290.0]
In ga.py, 2018-11-23 23:19:23,767 - __main__ - INFO - len population_validation first:10,len population_validation[0]:30
In ga.py, 2018-11-23 23:19:23,769 - __main__ - INFO - population_validation[0]:[8300. 6600. 8300. 3000. 8300. 6600. 2700. 3000. 3000. 6600. 3600. 3000.
 3000. 3000. 3600. 3600. 8300. 3600. 8300. 3000. 8300. 3000. 3600. 8300.
 2700. 8300. 2700. 2700. 6600. 8300.]
In ga.py, 2018-11-23 23:20:24,109 - __main__ - INFO - population_validation second:[5130.0, 3316.6667, 4796.6665, 5053.3335, 3803.3333, 3650.0, 3346.6667, 4996.6665, 2693.3333, 4113.3335]
In ga.py, 2018-11-23 23:25:08,779 - __main__ - INFO - len population_validation first:10,len population_validation[0]:30
In ga.py, 2018-11-23 23:25:08,780 - __main__ - INFO - population_validation[0]:[8300. 8300. 3600. 8300. 3000. 6600. 3600. 3600. 3600. 3000. 8300. 8300.
 8300. 6600. 3000. 3000. 2700. 6600. 3000. 3600. 3000. 3000. 8300. 8300.
 6600. 2700. 3600. 6600. 3600. 3600.]
In ga.py, 2018-11-23 23:26:08,080 - __main__ - INFO - population_validation second:[5153.3335, 4013.3333, 6536.6665, 3290.0, 5150.0, 3636.6667, 2776.6667, 2726.6667, 4060.0, 3706.6667]
In ga.py, 2018-11-23 23:30:39,975 - __main__ - INFO - len population_validation first:10,len population_validation[0]:30
In ga.py, 2018-11-23 23:30:39,976 - __main__ - INFO - population_validation[0]:[5100. 7800. 7000. 5100. 4800. 5100. 7800. 7800. 7000. 7000. 7000. 5100.
 4800. 4800. 7000. 4800. 4800. 7800. 4800. 5100. 7000. 4800. 7800. 7000.
 4800. 7800. 4800. 7000. 7000. 5100.]
In ga.py, 2018-11-23 23:31:38,014 - __main__ - INFO - population_validation second:[6120.0, 2246.6667, 4253.3335, 3886.6667, 3536.6667, 1673.3334, 4720.0, 1066.6666, 4926.6665, 3956.6667]
In ga.py, 2018-11-23 23:36:09,739 - __main__ - INFO - len population_validation first:10,len population_validation[0]:30
In ga.py, 2018-11-23 23:36:09,740 - __main__ - INFO - population_validation[0]:[5100. 4800. 4800. 4800. 5100. 5100. 4800. 7000. 7000. 4800. 4800. 5100.
 4800. 7000. 4800. 7000. 7800. 7000. 5100. 5100. 4800. 7000. 5100. 7800.
 5100. 5100. 4800. 7000. 7000. 7000.]
In ga.py, 2018-11-23 23:37:06,701 - __main__ - INFO - population_validation second:[5750.0, 4566.6665, 4560.0, 2773.3333, 4903.3335, 3553.3333, 3320.0, 2386.6667, 826.6667, 4603.3335]
In ga.py, 2018-11-23 23:41:53,630 - __main__ - INFO - len population_validation first:10,len population_validation[0]:30
In ga.py, 2018-11-23 23:41:53,632 - __main__ - INFO - population_validation[0]:[5100. 4800. 5100. 7800. 7800. 4800. 4800. 5100. 5100. 7000. 5100. 7800.
 7000. 7000. 7000. 5100. 7800. 5100. 7000. 5100. 7800. 7800. 5100. 7000.
 7000. 7800. 4800. 5100. 7800. 7800.]
In ga.py, 2018-11-23 23:42:53,984 - __main__ - INFO - population_validation second:[6313.3335, 5753.3335, 5330.0, 4466.6665, 4616.6665, 3300.0, 4026.6667, 1360.0, 5093.3335, 5156.6665]
In ga.py, 2018-11-23 23:47:30,252 - __main__ - INFO - len population_validation first:10,len population_validation[0]:30
In ga.py, 2018-11-23 23:47:30,254 - __main__ - INFO - population_validation[0]:[7800. 7000. 7000. 7800. 4800. 5100. 4800. 5100. 5100. 4800. 7000. 7000.
 7800. 4800. 7800. 7800. 5100. 7800. 5100. 7800. 7800. 5100. 7800. 7800.
 7800. 7000. 4800. 5100. 4800. 7000.]
In ga.py, 2018-11-23 23:48:29,155 - __main__ - INFO - population_validation second:[6410.0, 1963.3334, 3376.6667, 3476.6667, 4070.0, 3196.6667, 4736.6665, 3370.0, 3386.6667, 4910.0]
In ga.py, 2018-11-23 23:53:21,742 - __main__ - INFO - len population_validation first:10,len population_validation[0]:30
In ga.py, 2018-11-23 23:53:21,744 - __main__ - INFO - population_validation[0]:[7000. 5100. 5100. 4800. 4800. 4800. 7800. 4800. 4800. 7000. 7000. 7800.
 4800. 4800. 5100. 7800. 5100. 7000. 5100. 5100. 5100. 7000. 7800. 4800.
 5100. 7800. 7000. 4800. 7800. 4800.]
In ga.py, 2018-11-23 23:54:20,978 - __main__ - INFO - population_validation second:[5920.0, 5443.3335, 4773.3335, 4253.3335, 5346.6665, 2216.6667, 4080.0, 2296.6667, 4816.6665, 4476.6665]
In ga.py, 2018-11-23 23:59:07,479 - __main__ - INFO - len population_validation first:10,len population_validation[0]:30
In ga.py, 2018-11-23 23:59:07,480 - __main__ - INFO - population_validation[0]:[7800. 4800. 4800. 5100. 4800. 5100. 4800. 4800. 7800. 5100. 4800. 7800.
 7800. 7000. 4800. 7000. 5100. 7000. 5100. 4800. 7000. 7000. 4800. 7000.
 4800. 7000. 5100. 7800. 4800. 4800.]
In ga.py, 2018-11-24 00:00:06,415 - __main__ - INFO - population_validation second:[5873.3335, 3656.6667, 4546.6665, 4063.3333, 5466.6665, 4053.3333, 5480.0, 3680.0, 3980.0, 5716.6665]
In ga.py, 2018-11-24 00:04:55,302 - __main__ - INFO - len population_validation first:10,len population_validation[0]:30
In ga.py, 2018-11-24 00:04:55,304 - __main__ - INFO - population_validation[0]:[7800. 7800. 5100. 7800. 4800. 5100. 7000. 4800. 7800. 7800. 4800. 7800.
 7800. 7000. 7800. 7800. 7000. 5100. 5100. 7800. 4800. 5100. 5100. 5100.
 7800. 5100. 5100. 7800. 4800. 7800.]
In ga.py, 2018-11-24 00:05:54,677 - __main__ - INFO - population_validation second:[6410.0, 4610.0, 4216.6665, 4013.3333, 4840.0, 4423.3335, 3026.6667, 3570.0, 4880.0, 3506.6667]
In ga.py, 2018-11-24 00:10:38,733 - __main__ - INFO - len population_validation first:10,len population_validation[0]:30
In ga.py, 2018-11-24 00:10:38,734 - __main__ - INFO - population_validation[0]:[7800. 7800. 4800. 7000. 4800. 7800. 7000. 7000. 7800. 7800. 4800. 7000.
 4800. 7800. 7800. 7800. 7800. 7000. 5100. 7800. 7800. 7800. 4800. 5100.
 4800. 5100. 7800. 7800. 7000. 5100.]
In ga.py, 2018-11-24 00:11:35,657 - __main__ - INFO - population_validation second:[6680.0, 2960.0, 4356.6665, 3223.3333, 4810.0, 1680.0, 4036.6667, 4626.6665, 2963.3333, 4660.0]
In ga.py, 2018-11-24 00:16:09,525 - __main__ - INFO - len population_validation first:10,len population_validation[0]:30
In ga.py, 2018-11-24 00:16:09,526 - __main__ - INFO - population_validation[0]:[7800. 7800. 7800. 4800. 7000. 7000. 4800. 7800. 7000. 7800. 7800. 4800.
 5100. 7000. 4800. 4800. 4800. 4800. 5100. 5100. 7000. 7800. 7000. 5100.
 5100. 4800. 4800. 7000. 7800. 5100.]
In ga.py, 2018-11-24 00:17:07,084 - __main__ - INFO - population_validation second:[6173.3335, 2833.3333, 4903.3335, 1833.3334, 3266.6667, 3906.6667, 4810.0, 4270.0, 5753.3335, 4246.6665]
In ga.py, 2018-11-24 00:22:08,052 - __main__ - INFO - len population_validation first:10,len population_validation[0]:30
In ga.py, 2018-11-24 00:22:08,054 - __main__ - INFO - population_validation[0]:[4800. 7800. 4800. 5100. 7800. 4800. 7000. 4800. 4800. 7000. 7800. 5100.
 7800. 5100. 5100. 4800. 4800. 7000. 7000. 5100. 4800. 7000. 7000. 7800.
 4800. 7800. 5100. 4800. 7000. 7000.]
In ga.py, 2018-11-24 00:23:08,131 - __main__ - INFO - population_validation second:[6046.6665, 5143.3335, 5550.0, 5060.0, 4676.6665, 6593.3335, 2673.3333, 3913.3333, 3806.6667, 5446.6665]
In ga.py, 2018-11-24 00:27:55,107 - __main__ - INFO - len population_validation first:10,len population_validation[0]:30
In ga.py, 2018-11-24 00:27:55,108 - __main__ - INFO - population_validation[0]:[7700. 5700. 5700. 7700. 5700. 4500. 5700. 7700. 7700. 5700. 7700. 5700.
 7700. 5700. 4500. 7700. 4500. 7700. 7700. 7700. 7700. 7700. 4500. 4500.
 7700. 5700. 7700. 5700. 4500. 7700.]
In ga.py, 2018-11-24 00:28:54,962 - __main__ - INFO - population_validation second:[6460.0, 4320.0, 3763.3333, 6266.6665, 4036.6667, 2873.3333, 4720.0, 5583.3335, 3216.6667, 3480.0]
In ga.py, 2018-11-24 00:33:47,481 - __main__ - INFO - len population_validation first:10,len population_validation[0]:30
In ga.py, 2018-11-24 00:33:47,483 - __main__ - INFO - population_validation[0]:[5700. 7700. 5700. 7700. 7700. 7700. 5700. 7700. 7700. 4500. 4500. 5700.
 4500. 5700. 5700. 7700. 7700. 4500. 4500. 5700. 5700. 7700. 4500. 7700.
 7700. 5700. 5700. 7700. 5700. 4500.]
In ga.py, 2018-11-24 00:34:47,447 - __main__ - INFO - population_validation second:[6220.0, 5386.6665, 3833.3333, 5436.6665, 3823.3333, 5346.6665, 4296.6665, 4140.0, 4723.3335, 4560.0]
In ga.py, 2018-11-24 00:39:38,190 - __main__ - INFO - len population_validation first:10,len population_validation[0]:30
In ga.py, 2018-11-24 00:39:38,192 - __main__ - INFO - population_validation[0]:[7700. 4500. 5700. 7700. 5700. 4500. 4500. 7700. 5700. 5700. 4500. 7700.
 5700. 7700. 5700. 7700. 5700. 5700. 7700. 7700. 7700. 7700. 7700. 7700.
 7700. 5700. 4500. 7700. 4500. 7700.]
In ga.py, 2018-11-24 00:40:41,251 - __main__ - INFO - population_validation second:[6460.0, 4953.3335, 5266.6665, 4920.0, 4580.0, 3213.3333, 3186.6667, 3050.0, 2743.3333, 4123.3335]
In ga.py, 2018-11-24 00:45:28,215 - __main__ - INFO - len population_validation first:10,len population_validation[0]:30
In ga.py, 2018-11-24 00:45:28,216 - __main__ - INFO - population_validation[0]:[7700. 5700. 5700. 5700. 5700. 4500. 5700. 7700. 7700. 7700. 4500. 4500.
 4500. 7700. 4500. 4500. 7700. 7700. 7700. 5700. 7700. 7700. 7700. 7700.
 7700. 7700. 4500. 7700. 7700. 4500.]
In ga.py, 2018-11-24 00:46:31,014 - __main__ - INFO - population_validation second:[6446.6665, 6986.6665, 3150.0, 4970.0, 2920.0, 5220.0, 3990.0, 1413.3334, 3770.0, 4896.6665]
In ga.py, 2018-11-24 00:51:15,182 - __main__ - INFO - len population_validation first:10,len population_validation[0]:30
In ga.py, 2018-11-24 00:51:15,183 - __main__ - INFO - population_validation[0]:[6800. 6900. 6800. 8500. 8500. 6900. 5600. 5600. 6800. 5600. 8500. 6900.
 6800. 6100. 8500. 8500. 6800. 8500. 6800. 8500. 8500. 8500. 6900. 8500.
 6800. 6900. 6400. 5600. 6800. 5600.]
In ga.py, 2018-11-24 00:52:19,874 - __main__ - INFO - population_validation second:[7146.6665, 5720.0, 4820.0, 2996.6667, 5430.0, 4293.3335, 2010.0, 3483.3333, 3656.6667, 5183.3335]
In ga.py, 2018-11-24 00:57:07,755 - __main__ - INFO - len population_validation first:10,len population_validation[0]:30
In ga.py, 2018-11-24 00:57:07,756 - __main__ - INFO - population_validation[0]:[8500. 6900. 8500. 8500. 6900. 6800. 8500. 6100. 5600. 6800. 6900. 6800.
 8500. 8500. 5600. 5600. 5600. 8500. 5600. 6800. 6800. 5600. 6100. 6800.
 6800. 8500. 6800. 8500. 8500. 6400.]
In ga.py, 2018-11-24 00:58:10,936 - __main__ - INFO - population_validation second:[7076.6665, 5133.3335, 3930.0, 4830.0, 3813.3333, 4626.6665, 5326.6665, 4380.0, 3060.0, 3216.6667]
In ga.py, 2018-11-24 01:03:02,783 - __main__ - INFO - len population_validation first:10,len population_validation[0]:30
In ga.py, 2018-11-24 01:03:02,784 - __main__ - INFO - population_validation[0]:[6900. 8500. 5600. 5600. 8500. 8500. 6800. 8500. 5600. 8500. 6900. 8500.
 5600. 5600. 8500. 5600. 5600. 5600. 5600. 6800. 6800. 6100. 5600. 6800.
 5600. 6800. 5600. 5600. 8500. 8500.]
In ga.py, 2018-11-24 01:04:05,278 - __main__ - INFO - population_validation second:[6773.3335, 2463.3333, 5230.0, 5630.0, 4570.0, 4003.3333, 4773.3335, 4563.3335, 4553.3335, 1286.6666]
In ga.py, 2018-11-24 01:08:56,530 - __main__ - INFO - len population_validation first:10,len population_validation[0]:30
In ga.py, 2018-11-24 01:08:56,532 - __main__ - INFO - population_validation[0]:[5600. 6900. 6800. 6800. 5600. 5600. 5600. 5600. 6800. 6100. 6900. 6800.
 8500. 6900. 6800. 6900. 6800. 8500. 5600. 8500. 8500. 6800. 6900. 5600.
 6800. 5600. 6800. 5600. 5600. 6900.]
In ga.py, 2018-11-24 01:10:04,068 - __main__ - INFO - population_validation second:[6623.3335, 6036.6665, 4790.0, 4960.0, 5220.0, 2340.0, 4200.0, 3656.6667, 2166.6667, 5540.0]
In ga.py, 2018-11-24 01:15:04,892 - __main__ - INFO - len population_validation first:10,len population_validation[0]:30
In ga.py, 2018-11-24 01:15:04,894 - __main__ - INFO - population_validation[0]:[8500. 6900. 8500. 5600. 6800. 6800. 6800. 6100. 6400. 6100. 6800. 8500.
 6900. 8500. 6800. 6900. 6800. 6900. 6800. 6900. 5600. 8500. 6800. 6800.
 8500. 6800. 8500. 5600. 6900. 8500.]
In ga.py, 2018-11-24 01:16:11,878 - __main__ - INFO - population_validation second:[7093.3335, 5486.6665, 3323.3333, 4700.0, 5200.0, 4530.0, 4096.6665, 5910.0, 5346.6665, 2190.0]
In ga.py, 2018-11-24 01:21:09,156 - __main__ - INFO - len population_validation first:10,len population_validation[0]:30
In ga.py, 2018-11-24 01:21:09,157 - __main__ - INFO - population_validation[0]:[6800. 6900. 6800. 5600. 8500. 6900. 6900. 6400. 6900. 8500. 6100. 6800.
 6800. 6800. 6400. 6800. 5600. 5600. 6900. 6900. 6800. 8500. 6900. 8500.
 6800. 6800. 6100. 8500. 6800. 6800.]
In ga.py, 2018-11-24 01:22:13,866 - __main__ - INFO - population_validation second:[6913.3335, 2866.6667, 4010.0, 3330.0, 4620.0, 3806.6667, 4523.3335, 5186.6665, 5090.0, 5093.3335]
In ga.py, 2018-11-24 01:27:04,033 - __main__ - INFO - len population_validation first:10,len population_validation[0]:30
In ga.py, 2018-11-24 01:27:04,035 - __main__ - INFO - population_validation[0]:[6800. 6900. 6100. 5600. 6900. 8500. 6800. 6900. 6800. 6100. 6900. 6100.
 8500. 5600. 6900. 6800. 6800. 8500. 5600. 5600. 6800. 6800. 6800. 6800.
 8500. 5600. 6900. 6800. 5600. 6100.]
In ga.py, 2018-11-24 01:28:06,410 - __main__ - INFO - population_validation second:[6713.3335, 3100.0, 3976.6667, 4320.0, 5616.6665, 4113.3335, 4853.3335, 4830.0, 4006.6667, 5823.3335]
In ga.py, 2018-11-24 01:32:58,069 - __main__ - INFO - len population_validation first:10,len population_validation[0]:30
In ga.py, 2018-11-24 01:32:58,070 - __main__ - INFO - population_validation[0]:[6900. 6900. 6400. 6900. 6800. 6900. 8500. 8500. 5600. 6900. 5600. 5600.
 5600. 8500. 6100. 6800. 8500. 6800. 5600. 5600. 6900. 6800. 8500. 6800.
 5600. 6400. 8500. 6800. 8500. 6800.]
In ga.py, 2018-11-24 01:34:00,383 - __main__ - INFO - population_validation second:[6886.6665, 4056.6667, 4526.6665, 6046.6665, 5260.0, 3786.6667, 4400.0, 2630.0, 4566.6665, 3583.3333]
In ga.py, 2018-11-24 01:39:22,408 - __main__ - INFO - len population_validation first:10,len population_validation[0]:30
In ga.py, 2018-11-24 01:39:22,409 - __main__ - INFO - population_validation[0]:[6900. 8500. 6100. 5600. 8500. 6900. 5600. 6900. 6900. 5600. 6100. 6100.
 6900. 5600. 6800. 5600. 5600. 8500. 6800. 6900. 5600. 6900. 6800. 5600.
 5600. 6100. 6800. 5600. 6100. 6900.]
In ga.py, 2018-11-24 01:40:27,638 - __main__ - INFO - population_validation second:[6480.0, 6693.3335, 4320.0, 3706.6667, 3540.0, 4253.3335, 4400.0, 2400.0, 4500.0, 1973.3334]
In ga.py, 2018-11-24 01:45:30,038 - __main__ - INFO - len population_validation first:10,len population_validation[0]:30
In ga.py, 2018-11-24 01:45:30,039 - __main__ - INFO - population_validation[0]:[9300. 6400. 4700. 9300. 6100. 9300. 9300. 6100. 6400. 4700. 9300. 4700.
 6400. 4700. 6100. 6400. 9300. 6400. 4700. 9300. 6400. 9300. 4700. 4700.
 6400. 6400. 9300. 6100. 6100. 6100.]
In ga.py, 2018-11-24 01:46:32,808 - __main__ - INFO - population_validation second:[6813.3335, 4760.0, 2720.0, 4310.0, 5890.0, 5276.6665, 5616.6665, 4623.3335, 2976.6667, 4883.3335]
In ga.py, 2018-11-24 01:51:34,291 - __main__ - INFO - len population_validation first:10,len population_validation[0]:30
In ga.py, 2018-11-24 01:51:34,292 - __main__ - INFO - population_validation[0]:[6100. 6100. 9300. 4700. 6400. 4700. 4700. 6100. 6100. 6400. 9300. 6100.
 9300. 9300. 9300. 6400. 6100. 4700. 9300. 9300. 6400. 6100. 4700. 4700.
 9300. 6100. 4700. 9300. 9300. 6400.]
In ga.py, 2018-11-24 01:52:39,205 - __main__ - INFO - population_validation second:[6890.0, 7040.0, 2696.6667, 4803.3335, 4493.3335, 4900.0, 6636.6665, 3840.0, 6806.6665, 3490.0]
In ga.py, 2018-11-24 01:57:41,264 - __main__ - INFO - len population_validation first:10,len population_validation[0]:30
In ga.py, 2018-11-24 01:57:41,265 - __main__ - INFO - population_validation[0]:[ 4700.  4400.  4400.  7700.  4400. 11400. 11400.  4700. 11400.  4400.
  7700.  7700.  7700.  4700.  4400. 11400. 11400. 11400.  7700.  4700.
  7700.  4700. 11400. 11400.  7700. 11400.  4700.  4400.  4700. 11400.]
In ga.py, 2018-11-24 01:58:44,818 - __main__ - INFO - population_validation second:[7573.3335, 5153.3335, 4836.6665, 3903.3333, 4893.3335, 5400.0, 4450.0, 4546.6665, 4353.3335, 5830.0]
In ga.py, 2018-11-24 02:03:55,199 - __main__ - INFO - len population_validation first:10,len population_validation[0]:30
In ga.py, 2018-11-24 02:03:55,200 - __main__ - INFO - population_validation[0]:[ 7700.  4400.  4700. 11400.  7700.  4400.  4700.  4700.  4700. 11400.
  4400.  4700.  7700.  4400.  4400.  7700.  7700.  4400.  7700.  7700.
 11400.  4400. 11400.  4400.  4700. 11400.  4700.  4400.  4400.  4700.]
In ga.py, 2018-11-24 02:05:05,275 - __main__ - INFO - population_validation second:[6416.6665, 5240.0, 3043.3333, 4593.3335, 5000.0, 5576.6665, 3823.3333, 4633.3335, 3643.3333, 5310.0]
In ga.py, 2018-11-24 02:10:04,301 - __main__ - INFO - len population_validation first:10,len population_validation[0]:30
In ga.py, 2018-11-24 02:10:04,303 - __main__ - INFO - population_validation[0]:[ 4700.  4700.  4400. 11400.  4400.  4400.  4400.  4700. 11400. 11400.
 11400.  4700.  7700.  7700.  7700.  4400.  4400. 11400.  4400.  4700.
  4700. 11400. 11400.  4400.  7700. 11400.  4700. 11400.  4400.  4400.]
In ga.py, 2018-11-24 02:11:06,769 - __main__ - INFO - population_validation second:[7010.0, 4380.0, 4253.3335, 4826.6665, 6083.3335, 4546.6665, 3910.0, 4896.6665, 4496.6665, 5440.0]
In ga.py, 2018-11-24 02:16:25,718 - __main__ - INFO - len population_validation first:10,len population_validation[0]:30
In ga.py, 2018-11-24 02:16:25,719 - __main__ - INFO - population_validation[0]:[ 4400.  4400. 11400.  4400.  4700.  4400.  4400. 11400.  4400. 11400.
  4400. 11400.  4400.  4400.  4400.  7700.  7700. 11400. 11400.  7700.
  4400.  4700.  7700. 11400.  4700. 11400.  7700. 11400.  4700.  7700.]
In ga.py, 2018-11-24 02:17:35,457 - __main__ - INFO - population_validation second:[7200.0, 4406.6665, 4363.3335, 5876.6665, 5646.6665, 5573.3335, 4863.3335, 6296.6665, 5293.3335, 4383.3335]
In ga.py, 2018-11-24 02:22:42,441 - __main__ - INFO - len population_validation first:10,len population_validation[0]:30
In ga.py, 2018-11-24 02:22:42,442 - __main__ - INFO - population_validation[0]:[ 7700.  4400.  4400.  7700.  4700.  7700. 11400.  4400.  7700.  7700.
 11400.  7700.  7700. 11400.  4700. 11400.  4700.  4700.  4400. 11400.
  4700.  7700. 11400.  7700. 11400. 11400.  7700.  4700.  4700. 11400.]
In ga.py, 2018-11-24 02:23:47,502 - __main__ - INFO - population_validation second:[7670.0, 4893.3335, 5460.0, 6953.3335, 4980.0, 4210.0, 5786.6665, 4666.6665, 5850.0, 2156.6667]
In ga.py, 2018-11-24 02:28:46,417 - __main__ - INFO - len population_validation first:10,len population_validation[0]:30
In ga.py, 2018-11-24 02:28:46,418 - __main__ - INFO - population_validation[0]:[ 7700. 11400.  4400.  7700. 11400. 11400.  7700.  4700.  4700. 11400.
  7700.  4400.  7700.  4400.  7700.  7700. 11400.  4400.  7700.  4400.
  7700.  4400. 11400.  4700.  7700. 11400.  7700.  7700.  4400. 11400.]
In ga.py, 2018-11-24 02:29:49,611 - __main__ - INFO - population_validation second:[7616.6665, 5723.3335, 3346.6667, 4056.6667, 3660.0, 5786.6665, 3053.3333, 2763.3333, 6626.6665, 5673.3335]
In ga.py, 2018-11-24 02:34:39,801 - __main__ - INFO - len population_validation first:10,len population_validation[0]:30
In ga.py, 2018-11-24 02:34:39,802 - __main__ - INFO - population_validation[0]:[11400.  7700. 11400. 11400. 11400. 11400. 11400.  4400. 11400.  4700.
  7700. 11400. 11400.  7700.  4400.  4400.  7700. 11400. 11400.  4400.
  4400.  7700.  4400. 11400.  4700. 11400.  4400.  4400.  4400.  7700.]
In ga.py, 2018-11-24 02:35:43,231 - __main__ - INFO - population_validation second:[8113.3335, 4990.0, 4616.6665, 5453.3335, 4550.0, 3600.0, 4206.6665, 4353.3335, 4393.3335, 4523.3335]
In ga.py, 2018-11-24 02:40:42,072 - __main__ - INFO - len population_validation first:10,len population_validation[0]:30
In ga.py, 2018-11-24 02:40:42,073 - __main__ - INFO - population_validation[0]:[ 4700. 11400.  4400.  4700. 11400.  4400.  7700. 11400. 11400.  4400.
  4400.  4700. 11400.  4400.  4700.  7700.  7700. 11400.  7700.  4700.
  7700.  4400.  4700. 11400.  4400.  7700.  4700. 11400.  4400. 11400.]
In ga.py, 2018-11-24 02:41:46,870 - __main__ - INFO - population_validation second:[7230.0, 3343.3333, 4036.6667, 5780.0, 4170.0, 3720.0, 3220.0, 6056.6665, 3826.6667, 5860.0]
In ga.py, 2018-11-24 02:46:50,432 - __main__ - INFO - len population_validation first:10,len population_validation[0]:30
In ga.py, 2018-11-24 02:46:50,433 - __main__ - INFO - population_validation[0]:[ 4400. 11400.  4700.  4700.  7700. 11400.  7700.  4400.  4400.  4700.
  4700.  7700. 11400. 11400.  4400. 11400.  7700.  7700.  4400. 11400.
  4700.  7700.  7700.  4700. 11400.  4400.  4400.  4400. 11400. 11400.]
In ga.py, 2018-11-24 02:47:53,473 - __main__ - INFO - population_validation second:[7330.0, 3050.0, 4913.3335, 5186.6665, 5023.3335, 5386.6665, 4903.3335, 5030.0, 3986.6667, 5376.6665]
