In ga.py, 2018-11-27 00:36:05,710 - __main__ - INFO - len population_validation first:10,len population_validation[0]:30
In ga.py, 2018-11-27 00:36:05,711 - __main__ - INFO - population_validation[0]:[-8986. -8974. -7012. -6995. -8961. -8993. -6975. -7005. -8993. -8994.
 -6981. -6995. -7005. -7018. -6975. -6985. -8981. -9008. -8999. -8968.
 -6998. -8968. -8988. -6995. -8999. -6975. -6988. -8988. -9006. -6985.]
In ga.py, 2018-11-27 00:36:25,239 - __main__ - INFO - population_validation second:[-7989.7666, -8988.5, -8983.967, -8988.8, -8992.2, -8990.233, -8989.5, -8987.767, -8983.333, -8982.733]
In ga.py, 2018-11-27 00:40:56,836 - __main__ - INFO - len population_validation first:10,len population_validation[0]:30
In ga.py, 2018-11-27 00:40:56,838 - __main__ - INFO - population_validation[0]:[-8988. -8974. -7015. -7012. -7008. -9008. -7018. -8966. -6981. -9001.
 -6988. -8994. -6985. -7008. -7005. -8986. -8968. -7012. -7012. -7015.
 -9006. -6992. -8966. -6975. -6985. -9006. -8973. -6995. -7005. -8993.]
In ga.py, 2018-11-27 00:41:16,426 - __main__ - INFO - population_validation second:[-7861.3335, -12140.833, -8987.033, -8983.233, -8986.533, -8986.566, -13831.733, -8985.7, -8989.667, -8986.467]
In ga.py, 2018-11-27 00:46:11,846 - __main__ - INFO - len population_validation first:10,len population_validation[0]:30
In ga.py, 2018-11-27 00:46:11,847 - __main__ - INFO - population_validation[0]:[-7012. -9008. -6998. -8968. -6988. -7018. -8994. -9001. -8993. -8973.
 -8988. -8986. -6995. -9001. -7015. -6995. -8988. -6985. -6992. -7008.
 -9006. -6988. -9008. -8988. -9006. -7015. -8994. -8999. -7021. -6981.]
In ga.py, 2018-11-27 00:46:30,758 - __main__ - INFO - population_validation second:[-8063.7334, -20297.232, -10924.634, -8879.566, -10538.434, -8981.533, -8987.533, -8985.467, -8984.8, -8985.934]
In ga.py, 2018-11-27 00:50:53,724 - __main__ - INFO - len population_validation first:10,len population_validation[0]:30
In ga.py, 2018-11-27 00:50:53,725 - __main__ - INFO - population_validation[0]:[-8986. -7005. -7015. -6992. -7005. -8973. -7015. -7008. -9001. -7005.
 -8979. -8961. -8961. -7015. -6992. -8973. -8986. -8973. -6992. -6978.
 -7018. -8986. -8993. -8999. -6981. -8981. -8968. -7001. -8979. -9008.]
In ga.py, 2018-11-27 00:51:13,739 - __main__ - INFO - population_validation second:[-8057.6333, -7869.7, -8126.6333, -8991.3, -8987.833, -8990.033, -8985.066, -8987.934, -8987.7, -12884.8]
In ga.py, 2018-11-27 00:55:12,668 - __main__ - INFO - len population_validation first:10,len population_validation[0]:30
In ga.py, 2018-11-27 00:55:12,670 - __main__ - INFO - population_validation[0]:[ -6985.  -7015. -10736.  -7012.  -6978. -10710.  -6978.  -6981.  -6985.
  -6981.  -6992. -10730.  -7022.  -6995.  -7012. -10710. -10716.  -6988.
  -6998.  -6981. -10716.  -6975.  -6978. -10716.  -7005.  -6985.  -7018.
  -6995.  -7021.  -6981.]
In ga.py, 2018-11-27 00:55:33,471 - __main__ - INFO - population_validation second:[-7863.1665, -8126.967, -8890.1, -9776.866, -8942.0, -8937.7, -7940.2, -8983.767, -8991.833, -8981.833]
In ga.py, 2018-11-27 01:00:46,310 - __main__ - INFO - len population_validation first:10,len population_validation[0]:30
In ga.py, 2018-11-27 01:00:46,311 - __main__ - INFO - population_validation[0]:[ -7005.  -6975. -10730.  -6982.  -6975. -10716.  -7005.  -7001.  -6985.
  -6975.  -7015.  -7001.  -7015.  -7001.  -7022. -10710.  -6995.  -6995.
 -10703. -10730.  -7022.  -6995. -10736.  -6992. -10743.  -6988.  -7015.
  -7015. -10703.  -7015.]
In ga.py, 2018-11-27 01:01:06,877 - __main__ - INFO - population_validation second:[-7992.0, -8188.2334, -8911.233, -8602.4, -20835.467, -7879.2, -9027.233, -8924.833, -8983.333, -8985.267]
In ga.py, 2018-11-27 01:06:18,023 - __main__ - INFO - len population_validation first:10,len population_validation[0]:30
In ga.py, 2018-11-27 01:06:18,024 - __main__ - INFO - population_validation[0]:[-7013. -8832. -8961. -6993. -7012. -7007. -8805. -7012. -7012. -8819.
 -8799. -8839. -8799. -7005. -6993. -7013. -8845. -8812. -8981. -8845.
 -8839. -7007. -6987. -8988. -8968. -7012. -8845. -6980. -6978. -6987.]
In ga.py, 2018-11-27 01:06:39,957 - __main__ - INFO - population_validation second:[-7932.933, -7703.8667, -7526.2, -7591.7334, -8391.833, -7576.5, -7966.8335, -9690.434, -9567.4, -8953.134]
In ga.py, 2018-11-27 01:12:56,324 - __main__ - INFO - len population_validation first:10,len population_validation[0]:30
In ga.py, 2018-11-27 01:12:56,325 - __main__ - INFO - population_validation[0]:[-6995. -6987. -6995. -7018. -7013. -9009. -8976. -6978. -8996. -7007.
 -7020. -6998. -6982. -7013. -6992. -6975. -6993. -8976. -9009. -9009.
 -6987. -7020. -8963. -6987. -6975. -6993. -6992. -7002. -6975. -6978.]
In ga.py, 2018-11-27 01:13:18,079 - __main__ - INFO - population_validation second:[-7460.433, -14657.533, -9176.033, -10746.566, -8313.1, -7692.067, -8287.934, -8388.667, -10495.8, -7856.1]
In ga.py, 2018-11-27 01:19:16,012 - __main__ - INFO - len population_validation first:10,len population_validation[0]:30
In ga.py, 2018-11-27 01:19:16,014 - __main__ - INFO - population_validation[0]:[-6982. -7018. -8983. -7005. -6985. -6987. -6987. -6985. -7008. -7022.
 -6982. -7018. -9003. -8963. -6998. -6978. -6998. -6975. -7002. -9009.
 -9003. -7000. -9003. -7008. -7015. -8996. -6995. -7015. -6982. -6982.]
In ga.py, 2018-11-27 01:19:36,961 - __main__ - INFO - population_validation second:[-7462.9, -8684.1, -8653.533, -7486.1, -7995.1665, -10672.767, -7853.8, -7506.967, -7530.033, -7295.6333]
In ga.py, 2018-11-27 01:25:25,006 - __main__ - INFO - len population_validation first:10,len population_validation[0]:30
In ga.py, 2018-11-27 01:25:25,007 - __main__ - INFO - population_validation[0]:[-7675. -7700. -6975. -7022. -7022. -7706. -7668. -7666. -7020. -7661.
 -7668. -7688. -7706. -7015. -7681. -7008. -7666. -7013. -6975. -7686.
 -7688. -6987. -7666. -7002. -7015. -7666. -6975. -7693. -6982. -7002.]
In ga.py, 2018-11-27 01:25:44,238 - __main__ - INFO - population_validation second:[-7363.2334, -7676.8335, -7001.567, -8250.3, -7001.067, -8753.733, -7990.1665, -7084.967, -8024.533, -7567.3335]
In ga.py, 2018-11-27 01:31:24,425 - __main__ - INFO - len population_validation first:10,len population_validation[0]:30
In ga.py, 2018-11-27 01:31:24,426 - __main__ - INFO - population_validation[0]:[-7005. -6992. -7020. -7005. -7005. -6975. -7005. -7015. -6995. -7005.
 -6980. -7005. -6995. -6985. -7000. -6995. -7005. -7018. -7012. -7008.
 -7001. -7013. -6988. -6982. -6998. -6978. -7005. -7015. -7000. -6998.]
In ga.py, 2018-11-27 01:31:47,708 - __main__ - INFO - population_validation second:[-7000.1, -7005.2666, -9366.033, -8126.8, -7579.3, -7397.2666, -8264.134, -7992.033, -7726.467, -8472.1]
In ga.py, 2018-11-27 01:37:36,002 - __main__ - INFO - len population_validation first:10,len population_validation[0]:30
In ga.py, 2018-11-27 01:37:36,004 - __main__ - INFO - population_validation[0]:[-6998. -7008. -7002. -7015. -6975. -7008. -7018. -7013. -6975. -6988.
 -7013. -6992. -6993. -6975. -7020. -6980. -7021. -6981. -7020. -7021.
 -7012. -6978. -7008. -7005. -7020. -6980. -6988. -6998. -7018. -6992.]
In ga.py, 2018-11-27 01:37:54,921 - __main__ - INFO - population_validation second:[-7000.5, -7051.6, -6999.8667, -10378.167, -7133.3335, -8195.134, -8192.667, -8963.333, -8454.566, -8213.267]
In ga.py, 2018-11-27 01:43:37,353 - __main__ - INFO - len population_validation first:10,len population_validation[0]:30
In ga.py, 2018-11-27 01:43:37,354 - __main__ - INFO - population_validation[0]:[-7007. -7013. -7002. -6975. -7020. -7007. -7002. -7021. -6975. -7005.
 -7008. -6992. -7007. -7012. -7005. -7012. -7007. -6981. -7021. -6981.
 -7013. -6975. -6988. -7005. -6975. -6995. -6993. -7020. -7001. -6988.]
In ga.py, 2018-11-27 01:43:56,400 - __main__ - INFO - population_validation second:[-7000.2, -6999.067, -9091.6, -8456.366, -10460.134, -7270.933, -8457.467, -8060.3335, -8812.366, -7023.6665]
In ga.py, 2018-11-27 01:49:56,210 - __main__ - INFO - len population_validation first:10,len population_validation[0]:30
In ga.py, 2018-11-27 01:49:56,212 - __main__ - INFO - population_validation[0]:[-6980. -7000. -7020. -6995. -7013. -6975. -7013. -6992. -7000. -6980.
 -6988. -6992. -7020. -7007. -7021. -6981. -6980. -6985. -7006. -7012.
 -6993. -6973. -7013. -7015. -6985. -6973. -6998. -7000. -7000. -6978.]
In ga.py, 2018-11-27 01:50:20,064 - __main__ - INFO - population_validation second:[-6996.2666, -6996.8335, -10028.866, -7920.4, -8586.634, -7284.6333, -8265.2, -7926.6665, -6998.0, -11334.833]
In ga.py, 2018-11-27 01:56:05,802 - __main__ - INFO - len population_validation first:10,len population_validation[0]:30
In ga.py, 2018-11-27 01:56:05,803 - __main__ - INFO - population_validation[0]:[-6980. -6980. -6986. -6978. -6981. -7018. -6985. -6980. -7007. -7020.
 -7000. -6987. -7008. -7013. -6992. -7012. -6978. -7008. -6980. -7013.
 -6993. -7015. -6992. -7001. -6993. -6993. -6992. -6973. -6980. -7005.]
In ga.py, 2018-11-27 01:56:25,211 - __main__ - INFO - population_validation second:[-6994.7666, -6996.2666, -7326.7666, -11383.5, -7045.6, -8274.634, -7978.7666, -8457.2, -8191.3667, -6996.567]
In ga.py, 2018-11-27 02:01:44,454 - __main__ - INFO - len population_validation first:10,len population_validation[0]:30
In ga.py, 2018-11-27 02:01:44,456 - __main__ - INFO - population_validation[0]:[-7012. -6975. -7007. -7015. -7021. -7012. -6975. -7013. -6981. -6992.
 -6998. -6988. -7006. -6988. -6980. -6993. -7008. -7021. -6973. -6981.
 -6987. -6986. -6978. -7005. -6985. -6980. -6985. -7008. -6993. -6985.]
In ga.py, 2018-11-27 02:02:04,277 - __main__ - INFO - population_validation second:[-6994.3667, -8163.1, -8252.033, -7232.6333, -8590.267, -8189.933, -7000.933, -7593.967, -7045.1, -7044.3667]
In ga.py, 2018-11-27 02:07:23,592 - __main__ - INFO - len population_validation first:10,len population_validation[0]:30
In ga.py, 2018-11-27 02:07:23,594 - __main__ - INFO - population_validation[0]:[-6986. -6978. -6993. -7018. -7021. -6993. -6978. -6988. -6992. -6993.
 -6980. -7006. -6992. -6985. -6980. -6988. -6986. -6987. -7006. -7020.
 -6985. -7013. -7007. -6988. -6985. -7020. -6988. -6981. -6987. -6973.]
In ga.py, 2018-11-27 02:07:43,349 - __main__ - INFO - population_validation second:[-6993.2334, -6998.8335, -7037.933, -7459.6333, -7525.5, -7061.467, -7038.8, -7461.8667, -8177.567, -8240.2]
In ga.py, 2018-11-27 02:12:58,722 - __main__ - INFO - len population_validation first:10,len population_validation[0]:30
In ga.py, 2018-11-27 02:12:58,723 - __main__ - INFO - population_validation[0]:[-6987. -6993. -6981. -7006. -6986. -6993. -6978. -7021. -6981. -6993.
 -6988. -6985. -6975. -7005. -6988. -7015. -7015. -7001. -7015. -7020.
 -7006. -6975. -6987. -6995. -7013. -7018. -6987. -6992. -7020. -6993.]
In ga.py, 2018-11-27 02:13:22,965 - __main__ - INFO - population_validation second:[-6997.067, -6999.8335, -7536.533, -7991.2, -7072.567, -7923.467, -7994.7334, -6994.433, -8856.267, -7435.467]
In ga.py, 2018-11-27 02:18:34,927 - __main__ - INFO - len population_validation first:10,len population_validation[0]:30
In ga.py, 2018-11-27 02:18:34,928 - __main__ - INFO - population_validation[0]:[-6981. -7006. -6995. -6986. -7021. -6985. -7001. -7007. -7000. -7020.
 -7018. -7000. -7020. -7012. -6973. -6978. -6978. -7000. -7021. -6988.
 -7000. -6993. -7000. -6978. -6995. -7000. -6988. -6978. -6978. -6975.]
In ga.py, 2018-11-27 02:18:57,061 - __main__ - INFO - population_validation second:[-6995.8335, -7095.2, -8349.3, -8652.9, -7394.4, -7264.533, -8045.7, -8635.934, -7822.6665, -9869.233]
In ga.py, 2018-11-27 02:23:58,940 - __main__ - INFO - len population_validation first:10,len population_validation[0]:30
In ga.py, 2018-11-27 02:23:58,942 - __main__ - INFO - population_validation[0]:[-6985. -7015. -7018. -6981. -6973. -6973. -7015. -7021. -6985. -7000.
 -7013. -7013. -7013. -6980. -6978. -7021. -6980. -6998. -6998. -6993.
 -7020. -7020. -6992. -7000. -6978. -6993. -7008. -6980. -6992. -6975.]
In ga.py, 2018-11-27 02:24:17,727 - __main__ - INFO - population_validation second:[-6997.033, -8583.267, -7248.6333, -7042.2334, -7467.467, -8967.533, -7722.067, -7138.1665, -8599.8, -8572.866]
In ga.py, 2018-11-27 02:29:57,739 - __main__ - INFO - len population_validation first:10,len population_validation[0]:30
In ga.py, 2018-11-27 02:29:57,740 - __main__ - INFO - population_validation[0]:[-7013. -7015. -6986. -6993. -7005. -6998. -6986. -7001. -7020. -7005.
 -7015. -6987. -6985. -6988. -7013. -7021. -7013. -7018. -7005. -6985.
 -7020. -6981. -6992. -7005. -6980. -7018. -6987. -6981. -7020. -6986.]
In ga.py, 2018-11-27 02:30:21,933 - __main__ - INFO - population_validation second:[-7000.7334, -7001.067, -7035.2666, -7792.467, -7903.067, -7203.433, -7662.2666, -6997.467, -6997.6, -7526.4]
In ga.py, 2018-11-27 02:35:41,993 - __main__ - INFO - len population_validation first:10,len population_validation[0]:30
In ga.py, 2018-11-27 02:35:41,995 - __main__ - INFO - population_validation[0]:[-6975. -7013. -7020. -6980. -7006. -6980. -6978. -6986. -6981. -6993.
 -6980. -7000. -7021. -6998. -6980. -6973. -7013. -6995. -6975. -7000.
 -6980. -7000. -7006. -6980. -6975. -6973. -6975. -7013. -7000. -7006.]
In ga.py, 2018-11-27 02:36:02,871 - __main__ - INFO - population_validation second:[-6991.8335, -7400.467, -7589.4, -7240.433, -7995.067, -7330.033, -8589.733, -8719.634, -7826.7666, -6996.533]
In ga.py, 2018-11-27 02:41:26,361 - __main__ - INFO - len population_validation first:10,len population_validation[0]:30
In ga.py, 2018-11-27 02:41:26,362 - __main__ - INFO - population_validation[0]:[-7001. -6992. -6986. -7021. -7015. -6993. -6993. -7008. -7000. -6981.
 -6985. -6992. -7007. -7020. -6993. -7000. -6975. -6998. -6981. -7000.
 -7008. -7000. -7012. -7000. -7008. -6980. -6985. -6987. -7005. -6986.]
In ga.py, 2018-11-27 02:41:51,128 - __main__ - INFO - population_validation second:[-6997.067, -7037.1665, -8261.634, -9005.6, -7049.067, -8587.967, -7596.467, -7056.7334, -7062.2666, -11346.866]
In ga.py, 2018-11-27 02:47:20,746 - __main__ - INFO - len population_validation first:10,len population_validation[0]:30
In ga.py, 2018-11-27 02:47:20,748 - __main__ - INFO - population_validation[0]:[-6980. -6993. -7020. -7021. -7005. -7000. -7018. -7007. -7006. -6998.
 -7020. -6987. -7001. -6978. -7013. -7005. -6987. -6995. -6988. -7018.
 -7008. -7008. -7018. -6978. -7013. -7020. -6975. -6973. -7000. -6995.]
In ga.py, 2018-11-27 02:47:42,153 - __main__ - INFO - population_validation second:[-7000.933, -12362.1, -10657.733, -7233.2334, -8456.967, -8061.2, -8386.667, -8423.866, -7786.5, -9391.634]
In ga.py, 2018-11-27 02:53:04,056 - __main__ - INFO - len population_validation first:10,len population_validation[0]:30
In ga.py, 2018-11-27 02:53:04,057 - __main__ - INFO - population_validation[0]:[-7000. -7007. -7013. -6993. -6978. -6981. -7008. -7013. -6985. -6998.
 -6980. -7005. -7018. -6992. -7000. -7013. -7020. -6988. -6987. -7015.
 -6993. -6998. -7020. -7021. -6980. -6988. -7000. -6973. -6987. -7020.]
In ga.py, 2018-11-27 02:53:27,689 - __main__ - INFO - population_validation second:[-6999.1333, -11477.434, -8120.9, -6996.1, -8207.566, -8126.1333, -8522.5, -7727.6665, -7462.9, -10550.7]
In ga.py, 2018-11-27 02:58:40,854 - __main__ - INFO - len population_validation first:10,len population_validation[0]:30
In ga.py, 2018-11-27 02:58:40,856 - __main__ - INFO - population_validation[0]:[-7005. -6995. -7000. -7013. -7012. -7018. -6986. -7015. -7005. -7020.
 -7018. -7013. -6980. -6980. -7021. -7000. -7013. -7006. -6978. -6978.
 -7005. -7012. -7008. -7015. -6973. -7000. -6985. -6988. -6987. -6998.]
In ga.py, 2018-11-27 02:59:03,300 - __main__ - INFO - population_validation second:[-7000.9, -9123.934, -7320.1, -9334.767, -7861.6, -8127.1665, -7000.467, -7988.7, -7726.067, -7129.567]
In ga.py, 2018-11-27 03:04:10,469 - __main__ - INFO - len population_validation first:10,len population_validation[0]:30
In ga.py, 2018-11-27 03:04:10,470 - __main__ - INFO - population_validation[0]:[-6978. -6975. -6993. -6993. -6978. -6998. -6975. -7021. -6980. -6975.
 -6986. -6998. -6992. -7000. -6973. -6992. -6987. -6993. -6985. -6973.
 -6995. -6998. -7013. -7013. -7008. -7015. -6988. -7000. -7000. -6995.]
In ga.py, 2018-11-27 03:04:34,628 - __main__ - INFO - population_validation second:[-6992.3335, -7696.9, -7792.3, -7393.8, -7656.967, -7861.2666, -7791.4, -8123.1665, -8015.6665, -8256.2]
In ga.py, 2018-11-27 03:09:09,084 - __main__ - INFO - len population_validation first:10,len population_validation[0]:30
In ga.py, 2018-11-27 03:09:09,085 - __main__ - INFO - population_validation[0]:[-7013. -6978. -7020. -7012. -6993. -6980. -6975. -6985. -7008. -6985.
 -6981. -6995. -6998. -6993. -6975. -7012. -7000. -6992. -6995. -7007.
 -7008. -7020. -7000. -6998. -7006. -7020. -6993. -7021. -7020. -6975.]
In ga.py, 2018-11-27 03:09:27,960 - __main__ - INFO - population_validation second:[-6998.6, -9024.533, -6998.967, -7727.1665, -8444.934, -8644.733, -8826.033, -7659.067, -8324.366, -6995.2]
In ga.py, 2018-11-27 03:14:25,589 - __main__ - INFO - len population_validation first:10,len population_validation[0]:30
In ga.py, 2018-11-27 03:14:25,590 - __main__ - INFO - population_validation[0]:[-7001. -6975. -7013. -7020. -7020. -6985. -7000. -7006. -6980. -6978.
 -6980. -7005. -7012. -6975. -6986. -7005. -7021. -6986. -6978. -6980.
 -6993. -7020. -7013. -6988. -6988. -6975. -7008. -6980. -6998. -6973.]
In ga.py, 2018-11-27 03:14:45,737 - __main__ - INFO - population_validation second:[-6994.7334, -7962.6665, -7328.7666, -8294.033, -8931.5, -7003.3667, -7795.433, -7004.1, -10737.333, -8506.5]
In ga.py, 2018-11-27 03:19:25,375 - __main__ - INFO - len population_validation first:10,len population_validation[0]:30
In ga.py, 2018-11-27 03:19:25,376 - __main__ - INFO - population_validation[0]:[-6975. -7005. -7013. -6973. -6998. -6975. -7013. -7020. -7008. -6993.
 -7015. -6975. -6973. -6978. -6993. -7006. -7007. -7021. -6998. -7000.
 -7013. -6985. -6993. -6988. -6987. -6975. -6992. -7007. -6998. -7006.]
In ga.py, 2018-11-27 03:19:45,040 - __main__ - INFO - population_validation second:[-6996.1, -7462.433, -7726.8667, -6994.033, -8718.134, -8125.7, -7661.4, -7020.8335, -7462.033, -7266.3667]
In ga.py, 2018-11-27 03:23:48,666 - __main__ - INFO - len population_validation first:10,len population_validation[0]:30
In ga.py, 2018-11-27 03:23:48,668 - __main__ - INFO - population_validation[0]:[-6992. -7001. -7008. -6978. -6988. -6985. -6973. -7001. -7005. -6993.
 -7007. -7021. -6988. -7000. -6985. -6987. -7000. -6987. -7007. -6975.
 -6986. -7013. -7005. -7000. -6995. -7000. -6985. -7000. -7008. -6995.]
In ga.py, 2018-11-27 03:24:07,794 - __main__ - INFO - population_validation second:[-6995.6, -6997.2334, -7795.8, -7989.1665, -8256.566, -8294.066, -7046.1665, -8913.467, -6997.2, -7076.8667]
In ga.py, 2018-11-27 03:28:43,375 - __main__ - INFO - len population_validation first:10,len population_validation[0]:30
In ga.py, 2018-11-27 03:28:43,376 - __main__ - INFO - population_validation[0]:[-7015. -6995. -7008. -7006. -7000. -6980. -7005. -7001. -6985. -6981.
 -6975. -7021. -7001. -7008. -6986. -7000. -7006. -6995. -7001. -6987.
 -6992. -6975. -6981. -7015. -6980. -7008. -7018. -7000. -7013. -7013.]
In ga.py, 2018-11-27 03:29:02,995 - __main__ - INFO - population_validation second:[-6998.3667, -7261.3335, -7068.067, -7595.8335, -7002.1665, -7770.967, -6994.1, -7769.433, -7333.6665, -7332.1]
In ga.py, 2018-11-27 03:33:40,181 - __main__ - INFO - len population_validation first:10,len population_validation[0]:30
In ga.py, 2018-11-27 03:33:40,182 - __main__ - INFO - population_validation[0]:[-6975. -7008. -6987. -7000. -7001. -6981. -6981. -7007. -7005. -6998.
 -6998. -7000. -6980. -7013. -7012. -7001. -6995. -6985. -6992. -7020.
 -6980. -7001. -6986. -7015. -7020. -7020. -7006. -6993. -6980. -7000.]
In ga.py, 2018-11-27 03:33:59,310 - __main__ - INFO - population_validation second:[-6998.0, -8499.566, -7462.1, -7114.467, -7940.4, -7661.9, -7394.967, -6995.967, -8068.6665, -7163.067]
In ga.py, 2018-11-27 03:39:01,645 - __main__ - INFO - len population_validation first:10,len population_validation[0]:30
In ga.py, 2018-11-27 03:39:01,647 - __main__ - INFO - population_validation[0]:[-7013. -6980. -6981. -7018. -6980. -7008. -6992. -7000. -6998. -7013.
 -6993. -6995. -7012. -6988. -6975. -7006. -6987. -6988. -6986. -7000.
 -6993. -7020. -6986. -6987. -6975. -7013. -7001. -6980. -6980. -6975.]
In ga.py, 2018-11-27 03:39:22,669 - __main__ - INFO - population_validation second:[-6994.1, -11447.366, -7327.467, -6997.3667, -7001.467, -6996.4, -6996.1, -8190.1333, -7239.3335, -8339.5]
In ga.py, 2018-11-27 03:44:28,546 - __main__ - INFO - len population_validation first:10,len population_validation[0]:30
In ga.py, 2018-11-27 03:44:28,548 - __main__ - INFO - population_validation[0]:[-6975. -7020. -6985. -6987. -6973. -7021. -7000. -7001. -7007. -6973.
 -7020. -7021. -6993. -7006. -7018. -6993. -6973. -6978. -6975. -7013.
 -7021. -6975. -7006. -6987. -7000. -6993. -7008. -6993. -7005. -7021.]
In ga.py, 2018-11-27 03:44:48,478 - __main__ - INFO - population_validation second:[-6998.033, -7526.967, -7527.033, -7782.933, -8045.3667, -6995.7666, -7195.933, -8359.7, -8264.5, -7902.5]
In ga.py, 2018-11-27 03:50:06,207 - __main__ - INFO - len population_validation first:10,len population_validation[0]:30
In ga.py, 2018-11-27 03:50:06,209 - __main__ - INFO - population_validation[0]:[-6978. -7008. -6975. -7013. -6988. -6986. -7013. -7012. -7015. -6993.
 -6986. -7005. -7006. -6980. -6980. -7008. -7000. -7020. -7018. -6981.
 -6987. -7000. -6993. -6998. -6993. -7018. -7013. -7020. -7015. -7007.]
In ga.py, 2018-11-27 03:50:29,315 - __main__ - INFO - population_validation second:[-7000.3, -7001.533, -6995.9, -7787.8335, -8065.0, -7235.3335, -8319.533, -7121.033, -7150.1, -7471.5]
In ga.py, 2018-11-27 03:55:04,534 - __main__ - INFO - len population_validation first:10,len population_validation[0]:30
In ga.py, 2018-11-27 03:55:04,535 - __main__ - INFO - population_validation[0]:[-6981. -7003. -6976. -7018. -6983. -7010. -6991. -7011. -7011. -6996.
 -6990. -7015. -6981. -6976. -7001. -6975. -7018. -6981. -7015. -6983.
 -6986. -6980. -6996. -6996. -7000. -7003. -7018. -6995. -6993. -7008.]
In ga.py, 2018-11-27 03:55:24,274 - __main__ - INFO - population_validation second:[-6996.3335, -8390.333, -7001.067, -8679.8, -7003.1333, -6996.8, -6998.1333, -7630.9, -7929.7666, -7391.533]
In ga.py, 2018-11-27 04:00:16,854 - __main__ - INFO - len population_validation first:10,len population_validation[0]:30
In ga.py, 2018-11-27 04:00:16,856 - __main__ - INFO - population_validation[0]:[-7015. -6978. -7005. -6996. -7016. -7008. -7003. -7011. -6975. -6975.
 -7010. -6981. -7003. -6973. -7001. -6978. -7011. -6996. -6980. -7016.
 -7006. -6998. -6995. -7003. -6975. -7003. -6998. -7006. -7006. -7008.]
In ga.py, 2018-11-27 04:00:36,070 - __main__ - INFO - population_validation second:[-6997.6333, -6995.067, -8282.167, -9097.033, -7254.933, -8197.033, -8238.066, -7658.8, -8320.2, -11438.033]
In ga.py, 2018-11-27 04:04:53,952 - __main__ - INFO - len population_validation first:10,len population_validation[0]:30
In ga.py, 2018-11-27 04:04:53,953 - __main__ - INFO - population_validation[0]:[-7020. -7007. -6973. -7008. -7005. -6978. -6973. -7020. -6980. -7020.
 -6998. -7000. -7020. -7013. -6980. -7013. -7008. -6993. -6978. -6987.
 -7008. -7013. -7021. -7020. -7018. -6980. -6980. -6993. -7006. -6992.]
In ga.py, 2018-11-27 04:05:12,856 - __main__ - INFO - population_validation second:[-7000.1665, -7626.967, -7818.1, -7631.7334, -7857.8, -8322.9, -6998.6333, -6998.8, -6998.3667, -7041.7334]
In ga.py, 2018-11-27 04:09:25,323 - __main__ - INFO - len population_validation first:10,len population_validation[0]:30
In ga.py, 2018-11-27 04:09:25,324 - __main__ - INFO - population_validation[0]:[-6983. -7020. -6988. -6975. -7003. -6981. -6978. -6976. -7010. -7021.
 -6986. -7010. -6978. -6981. -6985. -7020. -6998. -6983. -7016. -6981.
 -6996. -7018. -7016. -6973. -6988. -6975. -7016. -7011. -6978. -6986.]
In ga.py, 2018-11-27 04:09:44,849 - __main__ - INFO - population_validation second:[-6994.3335, -8048.6333, -6996.6333, -7370.0, -6993.6665, -13145.733, -7386.3, -7467.9, -7050.7666, -8043.967]
In ga.py, 2018-11-27 04:14:46,368 - __main__ - INFO - len population_validation first:10,len population_validation[0]:30
In ga.py, 2018-11-27 04:14:46,369 - __main__ - INFO - population_validation[0]:[-6976. -7013. -6996. -6990. -6987. -6988. -7003. -6988. -7007. -6996.
 -6990. -6996. -6986. -6981. -7007. -7000. -6983. -7006. -7006. -6990.
 -7016. -6980. -7020. -6996. -6973. -6993. -6996. -7010. -7006. -6976.]
In ga.py, 2018-11-27 04:15:07,390 - __main__ - INFO - population_validation second:[-6995.1665, -11091.434, -9528.6, -8117.2334, -12324.667, -9993.934, -7791.1333, -6996.533, -14227.134, -6998.9]
In ga.py, 2018-11-27 04:19:46,391 - __main__ - INFO - len population_validation first:10,len population_validation[0]:30
In ga.py, 2018-11-27 04:19:46,392 - __main__ - INFO - population_validation[0]:[-6980. -7000. -6973. -7015. -6993. -7003. -6990. -6987. -7006. -6980.
 -7013. -6983. -6981. -7013. -6975. -7007. -7021. -6975. -7000. -6986.
 -7016. -7000. -6993. -7020. -6986. -7000. -7016. -6988. -6973. -7020.]
In ga.py, 2018-11-27 04:20:08,027 - __main__ - INFO - population_validation second:[-6996.433, -7084.1333, -6998.067, -7389.8, -8523.3, -7328.7666, -6993.2334, -6993.967, -8867.667, -6993.7]
In ga.py, 2018-11-27 04:24:22,831 - __main__ - INFO - len population_validation first:10,len population_validation[0]:30
In ga.py, 2018-11-27 04:24:22,833 - __main__ - INFO - population_validation[0]:[-6986. -7008. -6993. -7006. -7021. -6978. -6975. -7003. -6986. -7018.
 -7020. -7006. -7015. -7020. -7010. -6998. -7015. -7006. -7015. -7003.
 -7001. -6980. -6995. -7008. -6985. -7005. -7011. -6978. -7015. -6991.]
In ga.py, 2018-11-27 04:24:41,399 - __main__ - INFO - population_validation second:[-7001.7, -6993.7666, -6998.7334, -6998.7, -6997.7334, -7765.8667, -6999.1665, -7277.2, -6997.067, -7000.533]
In ga.py, 2018-11-27 04:28:57,947 - __main__ - INFO - len population_validation first:10,len population_validation[0]:30
In ga.py, 2018-11-27 04:28:57,948 - __main__ - INFO - population_validation[0]:[-7012. -6978. -6988. -6981. -7001. -6980. -6995. -6987. -6980. -6987.
 -6978. -7001. -7018. -6993. -7013. -6992. -6985. -7012. -7021. -6988.
 -7013. -6975. -7000. -7020. -6985. -7005. -7008. -6993. -6998. -6981.]
In ga.py, 2018-11-27 04:29:16,672 - __main__ - INFO - population_validation second:[-6995.6, -7912.967, -7862.067, -8687.967, -11102.033, -7530.567, -6995.7, -14582.1, -7921.7666, -10785.7]
In ga.py, 2018-11-27 04:33:26,456 - __main__ - INFO - len population_validation first:10,len population_validation[0]:30
In ga.py, 2018-11-27 04:33:26,458 - __main__ - INFO - population_validation[0]:[-6975. -6998. -6980. -7005. -6987. -7008. -7015. -6992. -6973. -6981.
 -6973. -7013. -6981. -6988. -6980. -7015. -7005. -7020. -6985. -7001.
 -6975. -7020. -7000. -6995. -6993. -7000. -6993. -7006. -7020. -6995.]
In ga.py, 2018-11-27 04:33:45,263 - __main__ - INFO - population_validation second:[-6995.7334, -7394.4, -7025.6665, -7858.8335, -6999.8667, -6996.7, -8473.634, -6995.0, -7001.3667, -6998.7]
In ga.py, 2018-11-27 04:37:46,875 - __main__ - INFO - len population_validation first:10,len population_validation[0]:30
In ga.py, 2018-11-27 04:37:46,877 - __main__ - INFO - population_validation[0]:[-7003. -6981. -6996. -6985. -6993. -6973. -6988. -7003. -6995. -7016.
 -6986. -7011. -6990. -7018. -6983. -6991. -6993. -7006. -6978. -7000.
 -6983. -6998. -7020. -7008. -7008. -6991. -6983. -7016. -7005. -7013.]
In ga.py, 2018-11-27 04:38:05,769 - __main__ - INFO - population_validation second:[-6997.1333, -6998.033, -8192.733, -6999.8335, -7924.6333, -6998.3335, -8039.2, -8168.3667, -7202.2666, -10176.233]
In ga.py, 2018-11-27 04:42:15,875 - __main__ - INFO - len population_validation first:10,len population_validation[0]:30
In ga.py, 2018-11-27 04:42:15,876 - __main__ - INFO - population_validation[0]:[-6988. -7016. -6975. -7018. -6998. -7008. -6981. -6988. -7013. -6988.
 -6993. -6978. -6983. -6980. -6976. -6998. -7006. -6991. -6975. -7000.
 -7016. -7021. -7001. -6983. -7006. -7018. -6985. -7021. -6976. -7003.]
In ga.py, 2018-11-27 04:42:35,314 - __main__ - INFO - population_validation second:[-6996.1, -6998.0, -7789.6, -6999.467, -10902.4, -7001.3335, -8045.433, -6998.967, -6996.2, -7328.2]
In ga.py, 2018-11-27 04:46:32,254 - __main__ - INFO - len population_validation first:10,len population_validation[0]:30
In ga.py, 2018-11-27 04:46:32,256 - __main__ - INFO - population_validation[0]:[-6983. -7008. -7001. -6980. -7016. -7016. -7010. -6973. -6990. -6988.
 -6986. -6973. -7005. -6985. -7011. -6981. -6985. -7005. -6998. -7010.
 -6981. -6991. -6988. -6988. -6990. -6996. -7000. -6991. -6980. -6993.]
In ga.py, 2018-11-27 04:46:51,473 - __main__ - INFO - population_validation second:[-6993.4, -7263.933, -6998.8667, -8181.6333, -6994.1333, -6997.7, -6998.1, -7745.8, -8722.967, -6996.567]
In ga.py, 2018-11-27 04:50:56,158 - __main__ - INFO - len population_validation first:10,len population_validation[0]:30
In ga.py, 2018-11-27 04:50:56,159 - __main__ - INFO - population_validation[0]:[-6981. -6995. -6990. -7006. -7001. -6980. -7015. -6998. -6983. -6990.
 -6998. -6985. -7018. -6993. -7013. -6981. -6981. -6990. -6976. -6975.
 -7003. -6976. -7015. -7006. -7011. -6991. -6983. -7011. -7003. -6978.]
In ga.py, 2018-11-27 04:51:15,624 - __main__ - INFO - population_validation second:[-6994.2, -7392.433, -6994.3667, -7029.567, -6998.8, -6997.7, -6998.533, -7326.5, -7092.067, -7729.2334]
In ga.py, 2018-11-27 04:55:11,758 - __main__ - INFO - len population_validation first:10,len population_validation[0]:30
In ga.py, 2018-11-27 04:55:11,759 - __main__ - INFO - population_validation[0]:[-6991. -7015. -7011. -7011. -7000. -6995. -7016. -6975. -7005. -6991.
 -6985. -6983. -6991. -6975. -6980. -6975. -6986. -6981. -6998. -7010.
 -6990. -6988. -7021. -6988. -6990. -7020. -6981. -7013. -7020. -6976.]
In ga.py, 2018-11-27 04:55:31,218 - __main__ - INFO - population_validation second:[-6995.3667, -7000.933, -6996.8667, -6994.8, -7991.6665, -9141.934, -6998.3335, -6993.9, -6996.7666, -7000.7334]
In ga.py, 2018-11-27 04:59:28,884 - __main__ - INFO - len population_validation first:10,len population_validation[0]:30
In ga.py, 2018-11-27 04:59:28,885 - __main__ - INFO - population_validation[0]:[-6991. -6983. -6983. -6998. -6978. -6993. -7013. -6975. -7010. -7010.
 -7013. -7013. -6990. -6983. -6990. -6998. -7001. -6993. -7015. -7003.
 -6975. -7013. -6988. -6976. -6980. -7015. -7021. -6981. -6986. -6981.]
In ga.py, 2018-11-27 04:59:48,379 - __main__ - INFO - population_validation second:[-6994.967, -8062.3, -7045.033, -6999.3667, -7720.2334, -7588.8667, -7000.2, -7273.8335, -8309.233, -11143.267]
In ga.py, 2018-11-27 05:03:49,297 - __main__ - INFO - len population_validation first:10,len population_validation[0]:30
In ga.py, 2018-11-27 05:03:49,299 - __main__ - INFO - population_validation[0]:[-6980. -6991. -6993. -7015. -6975. -6996. -6973. -6975. -7018. -6975.
 -7001. -6995. -7021. -7021. -6975. -7010. -7018. -6988. -6990. -6995.
 -7005. -7016. -6981. -6991. -7013. -7011. -7011. -7010. -6998. -7010.]
In ga.py, 2018-11-27 05:04:09,030 - __main__ - INFO - population_validation second:[-6998.3667, -8256.667, -7987.4, -7096.1665, -6999.2334, -8589.066, -7043.3335, -7003.8, -8389.033, -7113.533]
In ga.py, 2018-11-27 05:07:55,874 - __main__ - INFO - len population_validation first:10,len population_validation[0]:30
In ga.py, 2018-11-27 05:07:55,876 - __main__ - INFO - population_validation[0]:[-7005. -6986. -6993. -7015. -6975. -6988. -6973. -6985. -7018. -7005.
 -7016. -7013. -6993. -6998. -7018. -7008. -7018. -7003. -6980. -6998.
 -6988. -6990. -6996. -6975. -6985. -7000. -6995. -7010. -7001. -7003.]
In ga.py, 2018-11-27 05:08:14,775 - __main__ - INFO - population_validation second:[-6997.7, -7000.433, -8878.2, -7002.7, -7724.8667, -6999.8667, -8218.233, -8588.1, -7054.1, -6989.8667]
In ga.py, 2018-11-27 05:11:54,066 - __main__ - INFO - len population_validation first:10,len population_validation[0]:30
In ga.py, 2018-11-27 05:11:54,068 - __main__ - INFO - population_validation[0]:[-6978. -6990. -7005. -7018. -6980. -7006. -6998. -7018. -6998. -6996.
 -6976. -7016. -6985. -7016. -6988. -7003. -6993. -7018. -6978. -6978.
 -7008. -7016. -6980. -7003. -6998. -6975. -7021. -6988. -6980. -7011.]
In ga.py, 2018-11-27 05:12:13,077 - __main__ - INFO - population_validation second:[-6997.2666, -6998.2334, -7726.433, -7141.1, -6996.7, -7461.8667, -8049.967, -9979.967, -8390.2, -6999.533]
In ga.py, 2018-11-27 05:15:38,962 - __main__ - INFO - len population_validation first:10,len population_validation[0]:30
In ga.py, 2018-11-27 05:15:38,964 - __main__ - INFO - population_validation[0]:[-6991. -7018. -7000. -6980. -6998. -6992. -6978. -7006. -6986. -6985.
 -6995. -7018. -7015. -6978. -6975. -6980. -7015. -6986. -7012. -7005.
 -6980. -6995. -7020. -6973. -7018. -6992. -7006. -7005. -7000. -6978.]
In ga.py, 2018-11-27 05:15:58,334 - __main__ - INFO - population_validation second:[-6996.0, -6995.7666, -8323.233, -6997.567, -11279.934, -7517.6665, -9665.467, -6996.033, -6998.0, -7993.5]
In ga.py, 2018-11-27 05:19:11,316 - __main__ - INFO - len population_validation first:10,len population_validation[0]:30
In ga.py, 2018-11-27 05:19:11,317 - __main__ - INFO - population_validation[0]:[-7008. -7005. -7016. -6988. -6985. -7011. -7008. -6983. -7011. -6973.
 -6993. -7020. -6991. -7010. -7018. -7015. -6998. -7003. -6998. -6998.
 -6993. -7010. -6975. -6985. -6978. -7016. -6990. -6998. -6981. -7005.]
In ga.py, 2018-11-27 05:19:30,085 - __main__ - INFO - population_validation second:[-6998.7666, -6996.967, -9232.533, -6999.7, -7020.1, -8588.667, -8838.1, -7002.9, -6996.067, -7001.8]
In ga.py, 2018-11-27 05:22:36,264 - __main__ - INFO - len population_validation first:10,len population_validation[0]:30
In ga.py, 2018-11-27 05:22:36,265 - __main__ - INFO - population_validation[0]:[-7020. -6985. -6995. -7003. -6986. -6973. -7001. -7008. -7016. -7010.
 -7016. -7018. -6983. -6988. -7008. -7008. -6998. -7008. -7016. -6983.
 -7013. -7003. -7020. -7010. -7010. -6978. -6990. -7020. -7005. -7010.]
In ga.py, 2018-11-27 05:22:57,354 - __main__ - INFO - population_validation second:[-7002.7334, -6992.6665, -7727.433, -8058.1665, -7069.933, -7598.0, -6997.6333, -9545.1, -7039.1333, -6997.7334]
In ga.py, 2018-11-27 05:26:29,925 - __main__ - INFO - len population_validation first:10,len population_validation[0]:30
In ga.py, 2018-11-27 05:26:29,927 - __main__ - INFO - population_validation[0]:[-6987. -7018. -7007. -7000. -7015. -6980. -6993. -7018. -6998. -7000.
 -6993. -7001. -7021. -7015. -7013. -6973. -7013. -6978. -6978. -7020.
 -6975. -6988. -7018. -7001. -6981. -6980. -7012. -6992. -6987. -7008.]
In ga.py, 2018-11-27 05:26:49,680 - __main__ - INFO - population_validation second:[-6998.7666, -6995.467, -15573.533, -7722.933, -8056.6, -6995.067, -7037.5, -6992.8667, -6998.433, -6996.467]
In ga.py, 2018-11-27 05:30:03,757 - __main__ - INFO - len population_validation first:10,len population_validation[0]:30
In ga.py, 2018-11-27 05:30:03,758 - __main__ - INFO - population_validation[0]:[-7013. -6992. -6980. -7008. -7020. -6987. -7013. -6975. -6987. -7013.
 -7013. -7000. -7000. -6980. -6995. -7000. -7020. -6980. -6988. -7020.
 -7021. -7001. -6995. -7020. -7015. -6973. -7006. -7013. -6993. -7007.]
In ga.py, 2018-11-27 05:30:24,286 - __main__ - INFO - population_validation second:[-7000.933, -7662.8335, -7792.533, -7858.7, -7161.6, -7790.8, -8039.1, -8047.9, -6996.1665, -6995.4]
In ga.py, 2018-11-27 05:33:41,963 - __main__ - INFO - len population_validation first:10,len population_validation[0]:30
In ga.py, 2018-11-27 05:33:41,965 - __main__ - INFO - population_validation[0]:[-7008. -7013. -7018. -6981. -6988. -6991. -7011. -6991. -6991. -7011.
 -6975. -6973. -6975. -6991. -6993. -6991. -6990. -7008. -7015. -7008.
 -7021. -6991. -7003. -6981. -7006. -6978. -7003. -6973. -6981. -7001.]
In ga.py, 2018-11-27 05:34:01,078 - __main__ - INFO - population_validation second:[-6995.3335, -8303.967, -6996.6333, -7042.033, -6995.6333, -6993.3, -6999.6, -7000.033, -7000.033, -7922.7666]
In ga.py, 2018-11-27 05:37:00,421 - __main__ - INFO - len population_validation first:10,len population_validation[0]:30
In ga.py, 2018-11-27 05:37:00,422 - __main__ - INFO - population_validation[0]:[-6998. -6998. -7006. -6986. -7011. -7018. -7003. -6978. -6985. -7016.
 -7016. -6990. -6978. -7020. -7021. -7021. -7020. -6996. -6973. -7001.
 -6996. -6998. -7021. -6976. -6995. -7020. -6981. -6991. -7015. -6988.]
In ga.py, 2018-11-27 05:37:20,662 - __main__ - INFO - population_validation second:[-7000.533, -8056.3, -7992.2666, -6995.0, -8058.2666, -8259.833, -14295.167, -7909.7666, -7043.6665, -7990.433]
In ga.py, 2018-11-27 05:40:03,653 - __main__ - INFO - len population_validation first:10,len population_validation[0]:30
In ga.py, 2018-11-27 05:40:03,654 - __main__ - INFO - population_validation[0]:[-6981. -6975. -6983. -7021. -7016. -7020. -7000. -7010. -6981. -7018.
 -7006. -6990. -6996. -7000. -7006. -6976. -6973. -6988. -6976. -7008.
 -6998. -6976. -7000. -6975. -6980. -7013. -6998. -6976. -6980. -7011.]
In ga.py, 2018-11-27 05:40:25,605 - __main__ - INFO - population_validation second:[-6994.3667, -7195.533, -7021.8335, -7987.533, -8170.067, -6999.1, -8654.733, -6993.933, -8457.733, -7000.7666]
In ga.py, 2018-11-27 05:43:11,170 - __main__ - INFO - len population_validation first:10,len population_validation[0]:30
In ga.py, 2018-11-27 05:43:11,171 - __main__ - INFO - population_validation[0]:[-6998. -6973. -6976. -6978. -6978. -7011. -7015. -6986. -7011. -6993.
 -7003. -7005. -6975. -7016. -7010. -7000. -7020. -7005. -7005. -7021.
 -7021. -7006. -6995. -7011. -7015. -6980. -7016. -7018. -7018. -7016.]
In ga.py, 2018-11-27 05:43:32,924 - __main__ - INFO - population_validation second:[-7002.5, -7465.2666, -8121.7, -7199.067, -6998.933, -6999.7334, -7002.533, -6998.467, -9423.967, -7857.967]
In ga.py, 2018-11-27 05:46:22,703 - __main__ - INFO - len population_validation first:10,len population_validation[0]:30
In ga.py, 2018-11-27 05:46:22,705 - __main__ - INFO - population_validation[0]:[-6990. -6993. -6988. -6983. -7000. -7000. -7020. -7006. -6988. -6973.
 -7007. -7008. -7003. -7010. -6987. -6986. -7013. -6993. -7021. -6980.
 -6987. -7021. -6983. -7016. -6993. -6973. -6993. -7008. -6987. -6996.]
In ga.py, 2018-11-27 05:46:42,039 - __main__ - INFO - population_validation second:[-6996.8667, -7026.7334, -7094.8, -6998.4, -7063.7334, -7045.033, -7069.2334, -8121.6333, -7724.7334, -7057.2]
In ga.py, 2018-11-27 05:50:07,427 - __main__ - INFO - len population_validation first:10,len population_validation[0]:30
In ga.py, 2018-11-27 05:50:07,429 - __main__ - INFO - population_validation[0]:[-6973. -7001. -6986. -6993. -7007. -7000. -7010. -6976. -6987. -6980.
 -7015. -6990. -7000. -6981. -7008. -7016. -7008. -7001. -7021. -6993.
 -7013. -6980. -6980. -6988. -7013. -6975. -7020. -7000. -6976. -6987.]
In ga.py, 2018-11-27 05:50:26,295 - __main__ - INFO - population_validation second:[-6995.933, -14014.833, -7053.7666, -8373.6, -7024.567, -7027.8335, -6996.7, -7053.1333, -7792.467, -7861.067]
In ga.py, 2018-11-27 05:53:54,909 - __main__ - INFO - len population_validation first:10,len population_validation[0]:30
In ga.py, 2018-11-27 05:53:54,911 - __main__ - INFO - population_validation[0]:[-6993. -7013. -7015. -7013. -7020. -6980. -6996. -6983. -6993. -6980.
 -7003. -6987. -7000. -7003. -6973. -7008. -7000. -7000. -6983. -6973.
 -7013. -6993. -6990. -6986. -7003. -7003. -6996. -6993. -7013. -7001.]
In ga.py, 2018-11-27 05:54:13,585 - __main__ - INFO - population_validation second:[-6996.9, -8701.3, -12400.833, -6993.8335, -7630.8, -7171.7, -7397.9, -7394.933, -7458.6333, -7926.067]
In ga.py, 2018-11-27 05:57:57,168 - __main__ - INFO - len population_validation first:10,len population_validation[0]:30
In ga.py, 2018-11-27 05:57:57,169 - __main__ - INFO - population_validation[0]:[-7001. -6978. -6975. -7018. -6973. -7001. -6981. -6995. -7010. -6991.
 -6983. -6980. -7008. -6995. -6980. -7001. -7015. -6993. -7003. -7021.
 -6983. -7013. -7006. -6983. -7005. -7020. -7013. -7003. -7000. -6991.]
In ga.py, 2018-11-27 05:58:16,581 - __main__ - INFO - population_validation second:[-6997.3, -17484.268, -11385.3, -7003.967, -7923.2, -7393.567, -7656.2334, -6997.3667, -7595.567, -7098.6333]
In ga.py, 2018-11-27 06:01:28,521 - __main__ - INFO - len population_validation first:10,len population_validation[0]:30
In ga.py, 2018-11-27 06:01:28,524 - __main__ - INFO - population_validation[0]:[-6976. -6975. -6973. -6986. -7006. -6998. -7013. -6980. -7003. -6998.
 -6981. -7013. -7011. -6976. -7020. -7006. -6988. -6993. -7011. -7015.
 -6990. -7013. -7008. -6980. -7011. -6980. -6976. -7000. -6978. -7008.]
In ga.py, 2018-11-27 06:01:47,524 - __main__ - INFO - population_validation second:[-6995.533, -11533.066, -7044.033, -6997.8, -7525.8335, -8041.067, -6996.9, -6996.933, -7069.1333, -7527.533]
In ga.py, 2018-11-27 06:04:55,442 - __main__ - INFO - len population_validation first:10,len population_validation[0]:30
In ga.py, 2018-11-27 06:04:55,445 - __main__ - INFO - population_validation[0]:[-6988. -7003. -6986. -6986. -6988. -6990. -7011. -6983. -7016. -7006.
 -6990. -6981. -7003. -6990. -6985. -7003. -6991. -6985. -6988. -6985.
 -6976. -6976. -6978. -7011. -6991. -7011. -7000. -7008. -6996. -7013.]
In ga.py, 2018-11-27 06:05:15,879 - __main__ - INFO - population_validation second:[-6993.933, -12635.533, -6999.033, -7328.433, -7593.967, -7041.1333, -6999.467, -7786.3667, -7643.8667, -8039.067]
In ga.py, 2018-11-27 06:08:07,014 - __main__ - INFO - len population_validation first:10,len population_validation[0]:30
In ga.py, 2018-11-27 06:08:07,015 - __main__ - INFO - population_validation[0]:[-6988. -7011. -7015. -6991. -7016. -7008. -6998. -6973. -6978. -6980.
 -6996. -6991. -7020. -7021. -6973. -6995. -6990. -7008. -7016. -6973.
 -7003. -6985. -7001. -6975. -6996. -7021. -6973. -6998. -6985. -7015.]
In ga.py, 2018-11-27 06:08:26,077 - __main__ - INFO - population_validation second:[-6996.433, -7048.0, -7040.2, -8524.5, -6995.1665, -7794.3335, -7004.467, -7922.1, -7902.2666, -7790.567]
In ga.py, 2018-11-27 06:11:24,614 - __main__ - INFO - len population_validation first:10,len population_validation[0]:30
In ga.py, 2018-11-27 06:11:24,616 - __main__ - INFO - population_validation[0]:[-6988. -6998. -6986. -7012. -7018. -7020. -6992. -7000. -7015. -7007.
 -7013. -7006. -7006. -6985. -7000. -7013. -6988. -6988. -7013. -7001.
 -6992. -6985. -6973. -7020. -7020. -6998. -7015. -7020. -7007. -6975.]
In ga.py, 2018-11-27 06:11:45,366 - __main__ - INFO - population_validation second:[-7001.8, -12150.167, -12145.066, -7859.933, -7022.2334, -7922.2666, -7658.933, -7065.033, -8260.733, -7788.9]
In ga.py, 2018-11-27 06:14:42,796 - __main__ - INFO - len population_validation first:10,len population_validation[0]:30
In ga.py, 2018-11-27 06:14:42,798 - __main__ - INFO - population_validation[0]:[-7020. -6993. -6978. -7000. -6981. -7013. -7012. -7021. -6995. -6993.
 -6975. -7006. -6992. -7006. -7012. -7020. -7001. -7008. -6986. -7000.
 -6986. -6985. -6987. -7021. -6993. -7008. -6998. -7001. -7015. -7020.]
In ga.py, 2018-11-27 06:15:01,568 - __main__ - INFO - population_validation second:[-7000.8667, -10281.5, -9558.9, -6998.433, -6997.467, -8320.134, -7047.5, -7523.8667, -7661.8667, -7925.3]
In ga.py, 2018-11-27 06:18:02,575 - __main__ - INFO - len population_validation first:10,len population_validation[0]:30
In ga.py, 2018-11-27 06:18:02,577 - __main__ - INFO - population_validation[0]:[-7021. -7020. -6980. -6986. -6993. -6978. -6981. -6998. -7012. -7018.
 -6998. -6980. -7001. -7000. -7001. -6998. -7012. -6978. -7013. -7021.
 -6985. -6975. -6995. -6975. -7008. -7006. -6985. -7005. -6986. -7005.]
In ga.py, 2018-11-27 06:18:24,843 - __main__ - INFO - population_validation second:[-6997.1333, -9893.4, -9560.1, -12150.3, -6996.1333, -6998.7666, -8056.967, -6996.067, -8054.7, -6997.2]
In ga.py, 2018-11-27 06:21:30,006 - __main__ - INFO - len population_validation first:10,len population_validation[0]:30
In ga.py, 2018-11-27 06:21:30,008 - __main__ - INFO - population_validation[0]:[-6981. -6993. -7001. -7013. -6980. -7000. -6981. -6980. -7018. -6978.
 -6995. -7018. -6993. -7012. -7015. -6978. -6998. -6978. -7008. -7018.
 -7000. -7006. -6992. -7018. -7000. -6980. -7020. -6981. -7021. -6975.]
In ga.py, 2018-11-27 06:21:49,341 - __main__ - INFO - population_validation second:[-6997.7, -9253.6, -8840.467, -9028.366, -8489.533, -11939.8, -9564.333, -12446.634, -12194.967, -13218.5]
In ga.py, 2018-11-27 06:25:33,000 - __main__ - INFO - len population_validation first:10,len population_validation[0]:30
In ga.py, 2018-11-27 06:25:33,001 - __main__ - INFO - population_validation[0]:[-7007. -7020. -7021. -6992. -7006. -7001. -6973. -6993. -7021. -7021.
 -6993. -6978. -6985. -6973. -6998. -7005. -6980. -7006. -6973. -6978.
 -6980. -6975. -7021. -7008. -7021. -7020. -6985. -6998. -6995. -6992.]
In ga.py, 2018-11-27 06:25:51,930 - __main__ - INFO - population_validation second:[-6997.3, -10122.434, -8957.0, -11231.533, -10397.434, -9519.267, -6914.8335, -8502.5, -10621.7, -11012.634]
In ga.py, 2018-11-27 06:29:50,371 - __main__ - INFO - len population_validation first:10,len population_validation[0]:30
In ga.py, 2018-11-27 06:29:50,372 - __main__ - INFO - population_validation[0]:[-6986. -6973. -7020. -6501. -7018. -6993. -7001. -7020. -6988. -7001.
 -7020. -6521. -7006. -6981. -6980. -6975. -7005. -6978. -6995. -6508.
 -6488. -6988. -7008. -6481. -6975. -6481. -6515. -7011. -6986. -7011.]
In ga.py, 2018-11-27 06:30:09,631 - __main__ - INFO - population_validation second:[-6880.467, -6886.7666, -11923.533, -6903.033, -8380.134, -6902.4, -11188.0, -11944.2, -11621.733, -10319.833]
