In ga.py, 2018-11-27 06:40:12,201 - __main__ - INFO - len population_validation first:10,len population_validation[0]:30
In ga.py, 2018-11-27 06:40:12,202 - __main__ - INFO - population_validation[0]:[200.   0. 200. 200. 200.   0.   0. 200.   0. 200.   0. 200.   0. 200.
   0.   0. 200. 200. 200.   0. 200.   0.   0. 200.   0.   0. 200.   0.
   0. 200.]
In ga.py, 2018-11-27 06:42:59,994 - __main__ - INFO - population_validation second:[100.0, 0.0, 0.0, 0.0, 0.0, 0.0, 0.0, 0.0, 0.0, 0.0]
In ga.py, 2018-11-27 06:52:45,249 - __main__ - INFO - len population_validation first:10,len population_validation[0]:30
In ga.py, 2018-11-27 06:52:45,251 - __main__ - INFO - population_validation[0]:[200.   0. 200. 200. 200. 200. 200. 200. 200.   0.   0. 200. 200.   0.
 200. 200. 200.   0.   0. 200.   0.   0.   0. 200.   0. 200. 200.   0.
   0. 200.]
In ga.py, 2018-11-27 06:53:27,384 - __main__ - INFO - population_validation second:[120.0, 173.33333, 26.666666, 0.0, 0.0, 0.0, 0.0, 0.0, 0.0, 0.0]
In ga.py, 2018-11-27 07:02:58,948 - __main__ - INFO - len population_validation first:10,len population_validation[0]:30
In ga.py, 2018-11-27 07:02:58,950 - __main__ - INFO - population_validation[0]:[200. 200.   0. 200.   0. 200. 200. 200. 200. 200. 200. 200. 200. 200.
 200.   0. 200. 200. 200. 200.   0. 200. 200. 200.   0.   0. 200.   0.
   0. 200.]
In ga.py, 2018-11-27 07:03:40,028 - __main__ - INFO - population_validation second:[146.66667, 293.33334, 0.0, 0.0, 0.0, 0.0, 0.0, 0.0, 0.0, 0.0]
In ga.py, 2018-11-27 07:13:26,452 - __main__ - INFO - len population_validation first:10,len population_validation[0]:30
In ga.py, 2018-11-27 07:13:26,454 - __main__ - INFO - population_validation[0]:[400. 200. 400. 400. 200. 400. 200. 400. 400. 400. 200. 400. 200. 400.
 400. 200. 400. 200. 200. 400. 200. 200. 200. 400. 400. 200. 400. 200.
 400. 200.]
In ga.py, 2018-11-27 07:14:05,740 - __main__ - INFO - population_validation second:[306.66666, 180.0, 213.33333, 173.33333, 0.0, 0.0, 0.0, 0.0, 0.0, 0.0]
In ga.py, 2018-11-27 07:22:50,999 - __main__ - INFO - len population_validation first:10,len population_validation[0]:30
In ga.py, 2018-11-27 07:22:51,000 - __main__ - INFO - population_validation[0]:[400. 200. 200. 200. 200. 200. 200. 200. 200. 400. 200. 400. 400. 400.
 200. 400. 200. 400. 400. 400. 400. 400. 400. 200. 200. 200. 200. 200.
 400. 400.]
In ga.py, 2018-11-27 07:23:34,222 - __main__ - INFO - population_validation second:[293.33334, 213.33333, 333.33334, 153.33333, 20.0, 180.0, 200.0, 126.666664, 126.666664, 120.0]
In ga.py, 2018-11-27 07:32:05,424 - __main__ - INFO - len population_validation first:10,len population_validation[0]:30
In ga.py, 2018-11-27 07:32:05,425 - __main__ - INFO - population_validation[0]:[200. 200. 200. 200. 200. 200. 200. 200. 200. 200. 200. 200. 200. 200.
 200. 200. 200. 600. 200. 200. 600. 200. 200. 200. 200. 600. 600. 200.
 200. 200.]
In ga.py, 2018-11-27 07:33:05,796 - __main__ - INFO - population_validation second:[253.33333, 280.0, 206.66667, 140.0, 80.0, 333.33334, 246.66667, 146.66667, 213.33333, 200.0]
In ga.py, 2018-11-27 07:42:02,942 - __main__ - INFO - len population_validation first:10,len population_validation[0]:30
In ga.py, 2018-11-27 07:42:02,943 - __main__ - INFO - population_validation[0]:[400. 400. 400. 400. 400. 400. 400. 400. 400. 400. 200. 400. 200. 400.
 400. 400. 200. 400. 400. 200. 200. 400. 400. 400. 400. 200. 400. 400.
 400. 400.]
In ga.py, 2018-11-27 07:43:05,033 - __main__ - INFO - population_validation second:[360.0, 280.0, 260.0, 253.33333, 246.66667, 106.666664, 133.33333, 280.0, 293.33334, 120.0]
In ga.py, 2018-11-27 07:51:53,244 - __main__ - INFO - len population_validation first:10,len population_validation[0]:30
In ga.py, 2018-11-27 07:51:53,245 - __main__ - INFO - population_validation[0]:[200. 200. 200. 400. 200. 400. 400. 400. 400. 400. 400. 200. 400. 200.
 400. 400. 400. 400. 400. 400. 400. 400. 400. 400. 400. 400. 400. 200.
 400. 400.]
In ga.py, 2018-11-27 07:52:58,151 - __main__ - INFO - population_validation second:[353.33334, 240.0, 206.66667, 526.6667, 553.3333, 453.33334, 173.33333, 433.33334, 253.33333, 193.33333]
In ga.py, 2018-11-27 08:01:19,728 - __main__ - INFO - len population_validation first:10,len population_validation[0]:30
In ga.py, 2018-11-27 08:01:19,730 - __main__ - INFO - population_validation[0]:[400. 600. 600. 600. 400. 600. 600. 600. 600. 600. 600. 600. 400. 600.
 400. 600. 600. 600. 600. 600. 600. 600. 600. 400. 400. 600. 600. 600.
 600. 400.]
In ga.py, 2018-11-27 08:02:22,014 - __main__ - INFO - population_validation second:[553.3333, 420.0, 420.0, 273.33334, 493.33334, 60.0, 346.66666, 540.0, 446.66666, 320.0]
In ga.py, 2018-11-27 08:11:17,509 - __main__ - INFO - len population_validation first:10,len population_validation[0]:30
In ga.py, 2018-11-27 08:11:17,512 - __main__ - INFO - population_validation[0]:[600. 600. 600. 600. 400. 600. 600. 600. 600. 600. 600. 600. 600. 600.
 600. 600. 600. 600. 600. 600. 400. 600. 600. 600. 600. 600. 600. 600.
 400. 400.]
In ga.py, 2018-11-27 08:12:47,370 - __main__ - INFO - population_validation second:[573.3333, 313.33334, 260.0, 633.3333, 373.33334, 553.3333, 413.33334, 413.33334, 380.0, 473.33334]
In ga.py, 2018-11-27 08:21:21,249 - __main__ - INFO - len population_validation first:10,len population_validation[0]:30
In ga.py, 2018-11-27 08:21:21,251 - __main__ - INFO - population_validation[0]:[600. 800. 600. 600. 600. 600. 800. 600. 600. 800. 600. 600. 800. 400.
 600. 400. 400. 600. 600. 600. 600. 600. 600. 800. 600. 400. 600. 600.
 600. 600.]
In ga.py, 2018-11-27 08:22:49,751 - __main__ - INFO - population_validation second:[606.6667, 213.33333, 493.33334, 493.33334, 320.0, 193.33333, 186.66667, 320.0, 320.0, 333.33334]
In ga.py, 2018-11-27 08:31:29,170 - __main__ - INFO - len population_validation first:10,len population_validation[0]:30
In ga.py, 2018-11-27 08:31:29,171 - __main__ - INFO - population_validation[0]:[600. 600. 400. 600. 600. 800. 600. 600. 400. 800. 600. 800. 600. 600.
 600. 400. 400. 600. 800. 400. 600. 800. 800. 600. 400. 800. 800. 800.
 400. 600.]
In ga.py, 2018-11-27 08:32:56,040 - __main__ - INFO - population_validation second:[613.3333, 346.66666, 493.33334, 273.33334, 200.0, 466.66666, 493.33334, 280.0, 520.0, 486.66666]
In ga.py, 2018-11-27 08:41:29,803 - __main__ - INFO - len population_validation first:10,len population_validation[0]:30
In ga.py, 2018-11-27 08:41:29,804 - __main__ - INFO - population_validation[0]:[400. 600. 800. 800. 600. 600. 600. 400. 800. 600. 600. 600. 600. 600.
 400. 800. 800. 600. 400. 400. 400. 400. 800. 800. 400. 400. 600. 600.
 600. 800.]
In ga.py, 2018-11-27 08:42:30,710 - __main__ - INFO - population_validation second:[593.3333, 673.3333, 333.33334, 313.33334, 200.0, 306.66666, 246.66667, 406.66666, 493.33334, 200.0]
In ga.py, 2018-11-27 08:51:16,824 - __main__ - INFO - len population_validation first:10,len population_validation[0]:30
In ga.py, 2018-11-27 08:51:16,825 - __main__ - INFO - population_validation[0]:[800. 800. 800. 800. 800. 800. 200. 800. 800. 800. 800. 800. 800. 800.
 600. 200. 800. 800. 800. 200. 800. 200. 800. 800. 800. 800. 600. 600.
 800. 800.]
In ga.py, 2018-11-27 08:52:18,116 - __main__ - INFO - population_validation second:[700.0, 506.66666, 360.0, 386.66666, 320.0, 486.66666, 453.33334, 280.0, 320.0, 380.0]
In ga.py, 2018-11-27 09:01:14,427 - __main__ - INFO - len population_validation first:10,len population_validation[0]:30
In ga.py, 2018-11-27 09:01:14,428 - __main__ - INFO - population_validation[0]:[800. 800. 600. 800. 800. 800. 600. 200. 200. 800. 600. 600. 200. 600.
 600. 200. 800. 800. 800. 800. 600. 200. 600. 600. 800. 800. 800. 800.
 600. 800.]
In ga.py, 2018-11-27 09:02:13,823 - __main__ - INFO - population_validation second:[633.3333, 536.6667, 483.33334, 380.0, 393.33334, 540.0, 506.66666, 546.6667, 353.33334, 433.33334]
In ga.py, 2018-11-27 09:11:02,864 - __main__ - INFO - len population_validation first:10,len population_validation[0]:30
In ga.py, 2018-11-27 09:11:02,866 - __main__ - INFO - population_validation[0]:[800. 800. 800. 800. 600. 200. 800. 200. 200. 200. 800. 200. 800. 800.
 600. 800. 800. 200. 200. 800. 200. 800. 600. 800. 800. 800. 800. 600.
 800. 600.]
In ga.py, 2018-11-27 09:12:04,232 - __main__ - INFO - population_validation second:[606.6667, 393.33334, 506.66666, 513.3333, 580.0, 246.66667, 406.66666, 446.66666, 540.0, 333.33334]
In ga.py, 2018-11-27 09:20:39,995 - __main__ - INFO - len population_validation first:10,len population_validation[0]:30
In ga.py, 2018-11-27 09:20:39,997 - __main__ - INFO - population_validation[0]:[800. 600. 800. 800. 600. 800. 800. 200. 800. 600. 200. 800. 800. 600.
 800. 600. 800. 800. 600. 600. 800. 800. 200. 800. 800. 800. 200. 800.
 800. 800.]
In ga.py, 2018-11-27 09:21:42,587 - __main__ - INFO - population_validation second:[673.3333, 293.33334, 453.33334, 400.0, 553.3333, 163.33333, 453.33334, 240.0, 350.0, 426.66666]
In ga.py, 2018-11-27 09:30:15,311 - __main__ - INFO - len population_validation first:10,len population_validation[0]:30
In ga.py, 2018-11-27 09:30:15,313 - __main__ - INFO - population_validation[0]:[800. 800. 600. 800. 800. 800. 600. 600. 600. 600. 200. 800. 800. 600.
 800. 600. 200. 200. 800. 800. 600. 600. 800. 800. 800. 800. 600. 800.
 600. 800.]
In ga.py, 2018-11-27 09:31:21,585 - __main__ - INFO - population_validation second:[666.6667, 640.0, 346.66666, 603.3333, 500.0, 346.66666, 473.33334, 240.0, 226.66667, 193.33333]
In ga.py, 2018-11-27 09:39:40,895 - __main__ - INFO - len population_validation first:10,len population_validation[0]:30
In ga.py, 2018-11-27 09:39:40,896 - __main__ - INFO - population_validation[0]:[800. 200. 600. 800. 200. 200. 200. 800. 800. 800. 800. 800. 800. 800.
 600. 200. 800. 600. 600. 200. 800. 200. 600. 600. 200. 600. 200. 800.
 600. 600.]
In ga.py, 2018-11-27 09:40:42,390 - __main__ - INFO - population_validation second:[560.0, 386.66666, 413.33334, 353.33334, 466.66666, 346.66666, 220.0, 346.66666, 486.66666, 300.0]
In ga.py, 2018-11-27 09:48:57,394 - __main__ - INFO - len population_validation first:10,len population_validation[0]:30
In ga.py, 2018-11-27 09:48:57,395 - __main__ - INFO - population_validation[0]:[800. 800. 600. 600. 800. 800. 800. 600. 800. 200. 200. 800. 200. 200.
 800. 800. 800. 800. 200. 600. 800. 800. 200. 800. 600. 600. 600. 800.
 200. 800.]
In ga.py, 2018-11-27 09:49:58,139 - __main__ - INFO - population_validation second:[613.3333, 536.6667, 493.33334, 586.6667, 233.33333, 386.66666, 533.3333, 506.66666, 606.6667, 480.0]
In ga.py, 2018-11-27 09:58:13,528 - __main__ - INFO - len population_validation first:10,len population_validation[0]:30
In ga.py, 2018-11-27 09:58:13,530 - __main__ - INFO - population_validation[0]:[600. 800. 600. 800. 800. 200. 800. 800. 800. 600. 800. 800. 800. 600.
 600. 800. 800. 800. 200. 200. 600. 200. 800. 200. 800. 800. 800. 600.
 600. 800.]
In ga.py, 2018-11-27 09:59:15,612 - __main__ - INFO - population_validation second:[646.6667, 586.6667, 300.0, 400.0, 526.6667, 433.33334, 393.33334, 540.0, 226.66667, 513.3333]
In ga.py, 2018-11-27 10:07:35,335 - __main__ - INFO - len population_validation first:10,len population_validation[0]:30
In ga.py, 2018-11-27 10:07:35,337 - __main__ - INFO - population_validation[0]:[600. 200. 600. 600. 800. 800. 800. 600. 800. 800. 800. 600. 800. 200.
 800. 800. 800. 800. 800. 600. 800. 200. 200. 600. 200. 800. 800. 200.
 800. 200.]
In ga.py, 2018-11-27 10:08:40,394 - __main__ - INFO - population_validation second:[613.3333, 770.0, 353.33334, 480.0, 300.0, 460.0, 460.0, 426.66666, 500.0, 340.0]
In ga.py, 2018-11-27 10:16:55,564 - __main__ - INFO - len population_validation first:10,len population_validation[0]:30
In ga.py, 2018-11-27 10:16:55,566 - __main__ - INFO - population_validation[0]:[ 200.  800. 1000. 1000. 1000. 1000. 1000.  800.  900. 1000.  200. 1000.
  900.  800.  800. 1000.  900.  900.  200.  200.  800.  200.  800.  900.
 1000.  900.  200.  200.  800. 1000.]
In ga.py, 2018-11-27 10:18:00,150 - __main__ - INFO - population_validation second:[746.6667, 560.0, 386.66666, 586.6667, 506.66666, 533.3333, 406.66666, 506.66666, 440.0, 373.33334]
In ga.py, 2018-11-27 10:25:53,322 - __main__ - INFO - len population_validation first:10,len population_validation[0]:30
In ga.py, 2018-11-27 10:25:53,323 - __main__ - INFO - population_validation[0]:[1000.  200.  800.  800.  200.  900.  800.  900.  200. 1000. 1000. 1000.
  200.  200. 1000. 1000.  800. 1000.  900.  200.  800.  200.  900.  200.
 1000. 1000.  800.  200.  200.  800.]
In ga.py, 2018-11-27 10:27:00,727 - __main__ - INFO - population_validation second:[673.3333, 466.66666, 600.0, 440.0, 220.0, 320.0, 363.33334, 506.66666, 246.66667, 413.33334]
In ga.py, 2018-11-27 10:34:52,928 - __main__ - INFO - len population_validation first:10,len population_validation[0]:30
In ga.py, 2018-11-27 10:34:52,930 - __main__ - INFO - population_validation[0]:[ 200.  200.  900.  800.  200. 1000.  900.  900.  200. 1000.  800.  200.
 1000. 1000. 1000.  900.  200.  200.  900.  200.  200.  800.  200.  800.
 1000.  900.  900.  900.  900. 1000.]
In ga.py, 2018-11-27 10:36:06,294 - __main__ - INFO - population_validation second:[676.6667, 460.0, 506.66666, 546.6667, 393.33334, 613.3333, 400.0, 623.3333, 353.33334, 413.33334]
In ga.py, 2018-11-27 10:44:29,282 - __main__ - INFO - len population_validation first:10,len population_validation[0]:30
In ga.py, 2018-11-27 10:44:29,283 - __main__ - INFO - population_validation[0]:[1000.  800. 1000.  200.  200.  200.  800.  900.  900. 1000.  900. 1000.
  800.  900. 1000. 1000.  200.  800.  800.  900.  800.  900.  200. 1000.
  900. 1000.  200.  200. 1000.  200.]
In ga.py, 2018-11-27 10:45:37,627 - __main__ - INFO - population_validation second:[723.3333, 483.33334, 206.66667, 340.0, 346.66666, 560.0, 580.0, 573.3333, 460.0, 413.33334]
In ga.py, 2018-11-27 10:53:25,591 - __main__ - INFO - len population_validation first:10,len population_validation[0]:30
In ga.py, 2018-11-27 10:53:25,592 - __main__ - INFO - population_validation[0]:[ 200. 1000.  200.  900.  900.  900.  900. 1000.  900.  200. 1000.  800.
  900.  800. 1000.  200. 1000. 1000.  900.  800. 1000.  800. 1000.  200.
  800. 1000.  800. 1000.  800. 1000.]
In ga.py, 2018-11-27 10:54:29,618 - __main__ - INFO - population_validation second:[796.6667, 546.6667, 573.3333, 500.0, 553.3333, 413.33334, 453.33334, 480.0, 473.33334, 473.33334]
In ga.py, 2018-11-27 11:02:16,094 - __main__ - INFO - len population_validation first:10,len population_validation[0]:30
In ga.py, 2018-11-27 11:02:16,096 - __main__ - INFO - population_validation[0]:[ 800.  800.  800.  200.  200.  800. 1000.  200.  900.  200.  200.  900.
 1000.  800.  800. 1000. 1000.  900.  800.  200. 1000.  900.  200.  800.
  800.  900.  800.  200. 1000.  200.]
In ga.py, 2018-11-27 11:03:19,470 - __main__ - INFO - population_validation second:[676.6667, 573.3333, 580.0, 420.0, 300.0, 586.6667, 493.33334, 566.6667, 440.0, 300.0]
In ga.py, 2018-11-27 11:10:47,327 - __main__ - INFO - len population_validation first:10,len population_validation[0]:30
In ga.py, 2018-11-27 11:10:47,328 - __main__ - INFO - population_validation[0]:[1000. 1000.  200.  900.  900.  200.  800.  200.  800.  800. 1000.  200.
 1000.  900. 1000.  900.  200.  800.  200.  200.  900.  200.  900.  200.
 1000.  900.  900.  900.  800.  900.]
In ga.py, 2018-11-27 11:11:51,080 - __main__ - INFO - population_validation second:[693.3333, 410.0, 430.0, 246.66667, 493.33334, 420.0, 626.6667, 520.0, 400.0, 620.0]
In ga.py, 2018-11-27 11:19:59,076 - __main__ - INFO - len population_validation first:10,len population_validation[0]:30
In ga.py, 2018-11-27 11:19:59,078 - __main__ - INFO - population_validation[0]:[ 200.  800.  800.  200. 1000.  800.  200.  200. 1000.  200. 1000.  800.
  900.  900.  900.  900.  200.  800.  900.  200.  800. 1000.  800. 1000.
 1000. 1000.  200.  800. 1000.  200.]
In ga.py, 2018-11-27 11:21:05,920 - __main__ - INFO - population_validation second:[690.0, 653.3333, 453.33334, 566.6667, 306.66666, 506.66666, 373.33334, 286.66666, 506.66666, 480.0]
In ga.py, 2018-11-27 11:29:18,905 - __main__ - INFO - len population_validation first:10,len population_validation[0]:30
In ga.py, 2018-11-27 11:29:18,907 - __main__ - INFO - population_validation[0]:[ 200.  800.  200.  900.  200. 1000.  200.  200.  800.  900.  900.  900.
 1000.  900.  800. 1000.  900.  200.  200.  900. 1000.  900. 1000.  800.
  800. 1000.  200. 1000. 1000.  900.]
In ga.py, 2018-11-27 11:30:24,240 - __main__ - INFO - population_validation second:[723.3333, 566.6667, 420.0, 553.3333, 613.3333, 646.6667, 593.3333, 706.6667, 640.0, 553.3333]
In ga.py, 2018-11-27 11:38:14,489 - __main__ - INFO - len population_validation first:10,len population_validation[0]:30
In ga.py, 2018-11-27 11:38:14,491 - __main__ - INFO - population_validation[0]:[ 900. 1000.  200.  800.  900. 1000.  800.  200.  900.  200. 1000.  900.
  800.  800.  900. 1000.  200.  900. 1000. 1000.  800.  800.  900.  800.
 1000.  800.  900. 1000.  800.  800.]
In ga.py, 2018-11-27 11:39:29,606 - __main__ - INFO - population_validation second:[800.0, 540.0, 660.0, 433.33334, 500.0, 440.0, 506.66666, 586.6667, 506.66666, 660.0]
In ga.py, 2018-11-27 11:47:02,577 - __main__ - INFO - len population_validation first:10,len population_validation[0]:30
In ga.py, 2018-11-27 11:47:02,578 - __main__ - INFO - population_validation[0]:[1000.  200.  800.  200. 1000. 1000.  900.  200.  900.  200.  800.  900.
  200.  900.  900.  800.  800. 1000. 1000.  900.  800.  800.  200.  900.
  900.  200. 1000.  900.  800.  900.]
In ga.py, 2018-11-27 11:48:10,427 - __main__ - INFO - population_validation second:[733.3333, 606.6667, 446.66666, 600.0, 720.0, 460.0, 546.6667, 466.66666, 466.66666, 486.66666]
In ga.py, 2018-11-27 11:56:05,723 - __main__ - INFO - len population_validation first:10,len population_validation[0]:30
In ga.py, 2018-11-27 11:56:05,725 - __main__ - INFO - population_validation[0]:[ 900. 1000.  800.  800. 1000.  800.  800.  900.  800. 1000.  900. 1000.
  800.  200.  900.  200.  900.  900.  200. 1000. 1000.  200.  900.  800.
  900.  200.  200.  900.  800.  800.]
In ga.py, 2018-11-27 11:57:10,467 - __main__ - INFO - population_validation second:[750.0, 563.3333, 506.66666, 413.33334, 480.0, 366.66666, 400.0, 440.0, 600.0, 413.33334]
In ga.py, 2018-11-27 12:04:41,585 - __main__ - INFO - len population_validation first:10,len population_validation[0]:30
In ga.py, 2018-11-27 12:04:41,587 - __main__ - INFO - population_validation[0]:[1000.  800.  200.  200. 1000.  200.  200. 1000.  900.  900.  900.  900.
  900.  200.  900.  800. 1000. 1000. 1000.  200.  900.  900. 1000.  800.
  800.  900.  200. 1000.  800. 1000.]
In ga.py, 2018-11-27 12:05:44,903 - __main__ - INFO - population_validation second:[750.0, 676.6667, 736.6667, 580.0, 540.0, 630.0, 426.66666, 340.0, 306.66666, 546.6667]
In ga.py, 2018-11-27 12:13:46,883 - __main__ - INFO - len population_validation first:10,len population_validation[0]:30
In ga.py, 2018-11-27 12:13:46,884 - __main__ - INFO - population_validation[0]:[1000.  900.  200.  200.  200.  900.  800.  200.  800.  900.  200.  900.
 1000.  800.  900. 1000. 1000.  200.  900.  900. 1000.  900.  200. 1000.
 1000.  800.  800.  200.  900.  800.]
In ga.py, 2018-11-27 12:14:53,997 - __main__ - INFO - population_validation second:[716.6667, 646.6667, 436.66666, 646.6667, 653.3333, 626.6667, 580.0, 686.6667, 430.0, 540.0]
In ga.py, 2018-11-27 12:22:30,036 - __main__ - INFO - len population_validation first:10,len population_validation[0]:30
In ga.py, 2018-11-27 12:22:30,038 - __main__ - INFO - population_validation[0]:[ 800. 1000. 1000.  800.  900. 1000.  900.  900.  800.  800.  900.  900.
  900.  800.  800.  800. 1000.  200. 1000.  900.  800.  800.  900. 1000.
 1000.  900.  900. 1000.  900. 1000.]
In ga.py, 2018-11-27 12:23:34,150 - __main__ - INFO - population_validation second:[876.6667, 573.3333, 586.6667, 393.33334, 620.0, 480.0, 433.33334, 340.0, 620.0, 520.0]
In ga.py, 2018-11-27 12:31:22,858 - __main__ - INFO - len population_validation first:10,len population_validation[0]:30
In ga.py, 2018-11-27 12:31:22,860 - __main__ - INFO - population_validation[0]:[ 800. 1000. 1000.  200.  200.  200.  800.  800.  800.  900.  900. 1000.
  900. 1000. 1000.  900.  200. 1000.  900.  800.  200.  800.  900. 1000.
 1000.  200.  800. 1000. 1000. 1000.]
In ga.py, 2018-11-27 12:32:29,288 - __main__ - INFO - population_validation second:[773.3333, 673.3333, 473.33334, 433.33334, 433.33334, 566.6667, 526.6667, 473.33334, 586.6667, 646.6667]
