In ga.py, 2018-11-26 17:54:53,596 - __main__ - INFO - len population_validation first:10,len population_validation[0]:30
In ga.py, 2018-11-26 17:54:53,598 - __main__ - INFO - population_validation[0]:[420. 420. 440. 420. 420. 440. 220. 440. 440. 420. 400. 220. 400. 220.
 420. 400. 400. 220. 220. 220. 440. 220. 440. 220. 420. 220. 400. 440.
 420. 220.]
In ga.py, 2018-11-26 17:55:31,229 - __main__ - INFO - population_validation second:[354.66666, 348.0, 263.33334, 269.33334, 230.66667, 252.66667, 348.0, 167.33333, 201.33333, 239.33333]
In ga.py, 2018-11-26 18:01:34,885 - __main__ - INFO - len population_validation first:10,len population_validation[0]:30
In ga.py, 2018-11-26 18:01:34,887 - __main__ - INFO - population_validation[0]:[220. 220. 440. 420. 220. 400. 220. 400. 220. 220. 440. 440. 440. 420.
 420. 440. 400. 400. 420. 220. 220. 440. 400. 440. 400. 440. 400. 440.
 440. 440.]
In ga.py, 2018-11-26 18:02:15,253 - __main__ - INFO - population_validation second:[369.33334, 358.66666, 336.66666, 233.33333, 346.66666, 308.0, 336.66666, 283.33334, 258.0, 342.66666]
In ga.py, 2018-11-26 18:08:23,067 - __main__ - INFO - len population_validation first:10,len population_validation[0]:30
In ga.py, 2018-11-26 18:08:23,069 - __main__ - INFO - population_validation[0]:[220. 440. 420. 220. 440. 400. 420. 220. 420. 400. 420. 440. 440. 420.
 440. 440. 420. 220. 400. 400. 400. 220. 400. 420. 220. 220. 420. 440.
 420. 220.]
In ga.py, 2018-11-26 18:09:18,587 - __main__ - INFO - population_validation second:[367.33334, 241.33333, 363.33334, 398.0, 292.0, 259.33334, 224.0, 319.33334, 311.33334, 285.33334]
In ga.py, 2018-11-26 18:14:03,577 - __main__ - INFO - len population_validation first:10,len population_validation[0]:30
In ga.py, 2018-11-26 18:14:03,578 - __main__ - INFO - population_validation[0]:[540. 540. 320. 400. 400. 400. 400. 540. 320. 540. 540. 400. 340. 540.
 400. 320. 400. 340. 340. 320. 540. 400. 400. 400. 340. 400. 340. 400.
 320. 400.]
In ga.py, 2018-11-26 18:14:49,711 - __main__ - INFO - population_validation second:[409.33334, 352.66666, 442.0, 294.66666, 376.66666, 395.33334, 322.66666, 284.0, 264.0, 322.0]
In ga.py, 2018-11-26 18:19:29,800 - __main__ - INFO - len population_validation first:10,len population_validation[0]:30
In ga.py, 2018-11-26 18:19:29,801 - __main__ - INFO - population_validation[0]:[180. 520. 480. 180. 480. 500. 180. 520. 180. 180. 500. 180. 480. 500.
 500. 180. 480. 480. 500. 480. 180. 520. 180. 480. 500. 500. 520. 180.
 500. 500.]
In ga.py, 2018-11-26 18:20:30,991 - __main__ - INFO - population_validation second:[391.33334, 292.66666, 334.0, 588.0, 426.66666, 477.33334, 418.66666, 448.0, 334.0, 420.66666]
In ga.py, 2018-11-26 18:25:03,702 - __main__ - INFO - len population_validation first:10,len population_validation[0]:30
In ga.py, 2018-11-26 18:25:03,704 - __main__ - INFO - population_validation[0]:[560. 600. 560. 600. 560. 660. 600. 660. 600. 560. 560. 520. 560. 560.
 600. 520. 600. 560. 520. 520. 520. 660. 600. 660. 600. 560. 600. 520.
 560. 600.]
In ga.py, 2018-11-26 18:26:08,294 - __main__ - INFO - population_validation second:[578.6667, 436.0, 376.0, 464.66666, 322.66666, 348.0, 310.66666, 392.0, 456.0, 482.66666]
In ga.py, 2018-11-26 18:30:26,510 - __main__ - INFO - len population_validation first:10,len population_validation[0]:30
In ga.py, 2018-11-26 18:30:26,511 - __main__ - INFO - population_validation[0]:[600. 520. 660. 660. 660. 600. 600. 600. 600. 660. 520. 600. 600. 600.
 600. 520. 560. 560. 560. 520. 560. 600. 660. 600. 600. 560. 560. 520.
 600. 660.]
In ga.py, 2018-11-26 18:31:32,161 - __main__ - INFO - population_validation second:[590.6667, 432.0, 527.3333, 363.33334, 439.33334, 450.66666, 422.66666, 493.33334, 375.33334, 431.33334]
In ga.py, 2018-11-26 18:36:09,050 - __main__ - INFO - len population_validation first:10,len population_validation[0]:30
In ga.py, 2018-11-26 18:36:09,051 - __main__ - INFO - population_validation[0]:[660. 600. 560. 660. 560. 600. 560. 600. 660. 600. 600. 560. 660. 600.
 600. 660. 660. 600. 520. 520. 600. 600. 600. 520. 660. 560. 600. 560.
 560. 660.]
In ga.py, 2018-11-26 18:37:13,415 - __main__ - INFO - population_validation second:[598.6667, 566.6667, 575.3333, 484.66666, 417.33334, 570.0, 514.6667, 451.33334, 537.3333, 484.0]
In ga.py, 2018-11-26 18:41:32,284 - __main__ - INFO - len population_validation first:10,len population_validation[0]:30
In ga.py, 2018-11-26 18:41:32,285 - __main__ - INFO - population_validation[0]:[600. 660. 520. 660. 660. 660. 600. 600. 520. 660. 600. 660. 560. 520.
 600. 600. 600. 560. 660. 560. 660. 560. 560. 560. 520. 520. 520. 520.
 560. 520.]
In ga.py, 2018-11-26 18:42:32,988 - __main__ - INFO - population_validation second:[585.3333, 538.0, 651.3333, 516.0, 368.0, 478.0, 578.0, 508.66666, 345.33334, 483.33334]
In ga.py, 2018-11-26 18:47:02,025 - __main__ - INFO - len population_validation first:10,len population_validation[0]:30
In ga.py, 2018-11-26 18:47:02,026 - __main__ - INFO - population_validation[0]:[540. 680. 540. 540. 700. 700. 680. 700. 680. 700. 700. 700. 540. 540.
 680. 680. 700. 680. 700. 680. 540. 700. 680. 680. 540. 680. 680. 540.
 680. 540.]
In ga.py, 2018-11-26 18:48:02,386 - __main__ - INFO - population_validation second:[644.0, 570.6667, 573.3333, 516.6667, 548.6667, 474.66666, 444.0, 520.6667, 329.33334, 469.33334]
In ga.py, 2018-11-26 18:52:29,681 - __main__ - INFO - len population_validation first:10,len population_validation[0]:30
In ga.py, 2018-11-26 18:52:29,683 - __main__ - INFO - population_validation[0]:[700. 680. 540. 700. 540. 700. 700. 680. 680. 680. 700. 680. 680. 700.
 680. 540. 680. 680. 680. 700. 540. 680. 540. 680. 700. 680. 700. 680.
 680. 540.]
In ga.py, 2018-11-26 18:53:29,810 - __main__ - INFO - population_validation second:[658.0, 593.3333, 487.33334, 436.66666, 616.6667, 473.33334, 532.6667, 456.66666, 643.3333, 573.3333]
In ga.py, 2018-11-26 18:57:39,649 - __main__ - INFO - len population_validation first:10,len population_validation[0]:30
In ga.py, 2018-11-26 18:57:39,651 - __main__ - INFO - population_validation[0]:[680. 680. 540. 540. 540. 680. 540. 540. 680. 680. 700. 680. 680. 680.
 540. 700. 700. 700. 540. 680. 680. 540. 700. 680. 680. 680. 540. 680.
 540. 680.]
In ga.py, 2018-11-26 18:58:40,753 - __main__ - INFO - population_validation second:[636.6667, 490.0, 564.0, 550.0, 476.66666, 482.66666, 601.3333, 546.6667, 604.6667, 484.0]
In ga.py, 2018-11-26 19:02:58,477 - __main__ - INFO - len population_validation first:10,len population_validation[0]:30
In ga.py, 2018-11-26 19:02:58,478 - __main__ - INFO - population_validation[0]:[680. 680. 540. 540. 680. 700. 680. 540. 680. 540. 680. 680. 700. 680.
 680. 540. 540. 680. 700. 680. 540. 680. 700. 680. 540. 680. 680. 680.
 540. 680.]
In ga.py, 2018-11-26 19:04:04,889 - __main__ - INFO - population_validation second:[640.6667, 635.3333, 561.3333, 664.6667, 559.3333, 536.0, 531.3333, 533.3333, 462.0, 519.3333]
In ga.py, 2018-11-26 19:08:25,802 - __main__ - INFO - len population_validation first:10,len population_validation[0]:30
In ga.py, 2018-11-26 19:08:25,803 - __main__ - INFO - population_validation[0]:[720. 700. 700. 700. 700. 700. 580. 580. 720. 700. 700. 580. 700. 700.
 720. 700. 700. 700. 700. 720. 720. 580. 580. 700. 580. 580. 580. 720.
 720. 720.]
In ga.py, 2018-11-26 19:09:41,328 - __main__ - INFO - population_validation second:[673.3333, 441.33334, 425.33334, 580.0, 619.3333, 534.0, 546.6667, 534.0, 544.0, 472.0]
In ga.py, 2018-11-26 19:14:22,034 - __main__ - INFO - len population_validation first:10,len population_validation[0]:30
In ga.py, 2018-11-26 19:14:22,035 - __main__ - INFO - population_validation[0]:[700. 720. 580. 720. 700. 700. 720. 700. 700. 700. 700. 720. 700. 700.
 720. 700. 700. 700. 700. 700. 720. 580. 700. 720. 700. 700. 720. 720.
 700. 700.]
In ga.py, 2018-11-26 19:15:33,889 - __main__ - INFO - population_validation second:[698.0, 512.6667, 502.0, 587.3333, 428.66666, 581.3333, 622.6667, 437.33334, 638.0, 606.6667]
In ga.py, 2018-11-26 19:19:48,446 - __main__ - INFO - len population_validation first:10,len population_validation[0]:30
In ga.py, 2018-11-26 19:19:48,447 - __main__ - INFO - population_validation[0]:[700. 700. 720. 700. 720. 700. 580. 580. 720. 700. 700. 700. 700. 720.
 700. 720. 720. 700. 580. 720. 720. 700. 700. 720. 700. 700. 700. 580.
 700. 700.]
In ga.py, 2018-11-26 19:20:58,499 - __main__ - INFO - population_validation second:[690.0, 674.6667, 646.6667, 539.3333, 468.0, 506.0, 403.33334, 535.3333, 476.0, 442.66666]
In ga.py, 2018-11-26 19:25:24,988 - __main__ - INFO - len population_validation first:10,len population_validation[0]:30
In ga.py, 2018-11-26 19:25:24,989 - __main__ - INFO - population_validation[0]:[700. 700. 700. 720. 580. 700. 580. 720. 580. 700. 580. 720. 700. 580.
 720. 700. 580. 700. 720. 580. 700. 700. 720. 580. 720. 720. 580. 720.
 580. 700.]
In ga.py, 2018-11-26 19:26:36,736 - __main__ - INFO - population_validation second:[666.0, 662.6667, 554.6667, 647.3333, 594.6667, 473.33334, 574.0, 457.33334, 548.0, 546.0]
In ga.py, 2018-11-26 19:30:55,504 - __main__ - INFO - len population_validation first:10,len population_validation[0]:30
In ga.py, 2018-11-26 19:30:55,505 - __main__ - INFO - population_validation[0]:[580. 700. 580. 580. 720. 580. 700. 700. 700. 700. 720. 720. 700. 700.
 580. 720. 720. 580. 720. 580. 700. 700. 700. 700. 580. 700. 580. 580.
 700. 700.]
In ga.py, 2018-11-26 19:32:03,175 - __main__ - INFO - population_validation second:[664.0, 416.0, 560.6667, 558.6667, 594.0, 546.0, 581.3333, 643.3333, 580.0, 680.6667]
In ga.py, 2018-11-26 19:36:31,944 - __main__ - INFO - len population_validation first:10,len population_validation[0]:30
In ga.py, 2018-11-26 19:36:31,945 - __main__ - INFO - population_validation[0]:[680. 680. 600. 700. 600. 760. 600. 600. 760. 600. 600. 600. 700. 600.
 700. 680. 760. 760. 680. 600. 760. 600. 700. 760. 700. 760. 600. 760.
 700. 700.]
In ga.py, 2018-11-26 19:37:39,678 - __main__ - INFO - population_validation second:[676.6667, 417.33334, 570.6667, 566.6667, 580.0, 648.0, 488.0, 589.3333, 611.3333, 533.3333]
In ga.py, 2018-11-26 19:42:02,781 - __main__ - INFO - len population_validation first:10,len population_validation[0]:30
In ga.py, 2018-11-26 19:42:02,782 - __main__ - INFO - population_validation[0]:[700. 680. 760. 600. 700. 700. 760. 600. 760. 760. 760. 600. 680. 700.
 760. 700. 600. 680. 600. 700. 760. 600. 600. 600. 700. 700. 600. 600.
 600. 680.]
In ga.py, 2018-11-26 19:43:17,207 - __main__ - INFO - population_validation second:[674.6667, 720.0, 588.6667, 571.3333, 467.33334, 465.33334, 651.3333, 630.0, 570.6667, 431.33334]
In ga.py, 2018-11-26 19:47:29,884 - __main__ - INFO - len population_validation first:10,len population_validation[0]:30
In ga.py, 2018-11-26 19:47:29,886 - __main__ - INFO - population_validation[0]:[700. 700. 780. 780. 700. 780. 660. 780. 660. 740. 780. 780. 700. 700.
 700. 740. 780. 740. 700. 700. 780. 740. 740. 740. 660. 660. 780. 780.
 660. 660.]
In ga.py, 2018-11-26 19:48:42,288 - __main__ - INFO - population_validation second:[726.6667, 606.0, 456.66666, 506.0, 580.0, 620.6667, 552.0, 682.6667, 586.0, 545.3333]
In ga.py, 2018-11-26 19:53:01,459 - __main__ - INFO - len population_validation first:10,len population_validation[0]:30
In ga.py, 2018-11-26 19:53:01,460 - __main__ - INFO - population_validation[0]:[740. 740. 740. 740. 660. 740. 740. 780. 740. 780. 660. 700. 660. 660.
 740. 700. 700. 740. 740. 780. 700. 700. 700. 660. 660. 700. 780. 740.
 660. 780.]
In ga.py, 2018-11-26 19:54:09,872 - __main__ - INFO - population_validation second:[718.6667, 610.6667, 658.6667, 672.0, 688.0, 586.6667, 642.0, 686.6667, 647.3333, 523.3333]
In ga.py, 2018-11-26 19:58:51,835 - __main__ - INFO - len population_validation first:10,len population_validation[0]:30
In ga.py, 2018-11-26 19:58:51,836 - __main__ - INFO - population_validation[0]:[660. 660. 660. 780. 700. 740. 740. 780. 700. 700. 660. 740. 700. 700.
 780. 780. 700. 700. 780. 780. 740. 780. 660. 660. 660. 780. 740. 660.
 780. 660.]
In ga.py, 2018-11-26 20:00:03,218 - __main__ - INFO - population_validation second:[718.6667, 712.6667, 590.6667, 632.6667, 525.3333, 484.0, 572.0, 582.6667, 548.6667, 678.6667]
In ga.py, 2018-11-26 20:04:38,298 - __main__ - INFO - len population_validation first:10,len population_validation[0]:30
In ga.py, 2018-11-26 20:04:38,299 - __main__ - INFO - population_validation[0]:[780. 740. 740. 780. 700. 660. 740. 660. 660. 780. 780. 700. 740. 700.
 700. 700. 700. 660. 740. 740. 660. 740. 780. 740. 660. 740. 740. 740.
 660. 780.]
In ga.py, 2018-11-26 20:05:45,995 - __main__ - INFO - population_validation second:[721.3333, 518.0, 562.0, 660.0, 528.6667, 537.3333, 600.6667, 626.6667, 653.3333, 544.6667]
In ga.py, 2018-11-26 20:10:15,454 - __main__ - INFO - len population_validation first:10,len population_validation[0]:30
In ga.py, 2018-11-26 20:10:15,456 - __main__ - INFO - population_validation[0]:[700. 660. 660. 740. 660. 740. 780. 740. 780. 780. 700. 740. 740. 660.
 780. 740. 700. 780. 780. 700. 660. 660. 780. 740. 740. 660. 700. 660.
 700. 700.]
In ga.py, 2018-11-26 20:11:23,556 - __main__ - INFO - population_validation second:[718.6667, 558.6667, 661.3333, 600.6667, 496.66666, 570.0, 562.6667, 613.3333, 572.0, 429.33334]
In ga.py, 2018-11-26 20:15:52,871 - __main__ - INFO - len population_validation first:10,len population_validation[0]:30
In ga.py, 2018-11-26 20:15:52,873 - __main__ - INFO - population_validation[0]:[700. 700. 660. 740. 780. 700. 780. 700. 660. 780. 660. 740. 660. 660.
 740. 660. 660. 740. 780. 740. 660. 780. 740. 780. 780. 700. 740. 660.
 660. 740.]
In ga.py, 2018-11-26 20:17:04,625 - __main__ - INFO - population_validation second:[716.0, 599.3333, 595.3333, 586.0, 644.6667, 593.3333, 640.6667, 600.6667, 607.3333, 676.0]
In ga.py, 2018-11-26 20:21:41,777 - __main__ - INFO - len population_validation first:10,len population_validation[0]:30
In ga.py, 2018-11-26 20:21:41,778 - __main__ - INFO - population_validation[0]:[700. 700. 700. 700. 660. 780. 660. 740. 700. 780. 780. 700. 780. 700.
 740. 660. 780. 660. 780. 740. 660. 740. 780. 660. 780. 700. 740. 660.
 780. 660.]
In ga.py, 2018-11-26 20:22:54,181 - __main__ - INFO - population_validation second:[720.0, 610.6667, 710.6667, 606.0, 626.6667, 549.3333, 586.6667, 533.3333, 684.0, 536.6667]
In ga.py, 2018-11-26 20:27:28,602 - __main__ - INFO - len population_validation first:10,len population_validation[0]:30
In ga.py, 2018-11-26 20:27:28,603 - __main__ - INFO - population_validation[0]:[780. 700. 660. 740. 700. 660. 660. 740. 660. 700. 740. 780. 700. 700.
 660. 740. 660. 780. 660. 660. 740. 660. 740. 700. 660. 700. 780. 740.
 700. 700.]
In ga.py, 2018-11-26 20:28:37,549 - __main__ - INFO - population_validation second:[706.6667, 548.6667, 512.6667, 696.0, 608.0, 653.3333, 667.3333, 541.3333, 518.6667, 569.3333]
In ga.py, 2018-11-26 20:33:26,912 - __main__ - INFO - len population_validation first:10,len population_validation[0]:30
In ga.py, 2018-11-26 20:33:26,913 - __main__ - INFO - population_validation[0]:[700. 660. 780. 660. 780. 740. 740. 740. 740. 660. 660. 660. 780. 740.
 700. 700. 740. 700. 700. 660. 700. 780. 700. 780. 700. 780. 740. 660.
 660. 700.]
In ga.py, 2018-11-26 20:34:45,098 - __main__ - INFO - population_validation second:[714.6667, 583.3333, 769.3333, 622.0, 517.3333, 595.3333, 697.3333, 642.6667, 672.0, 584.0]
In ga.py, 2018-11-26 20:39:54,133 - __main__ - INFO - len population_validation first:10,len population_validation[0]:30
In ga.py, 2018-11-26 20:39:54,135 - __main__ - INFO - population_validation[0]:[800. 740. 800. 800. 740. 740. 780. 800. 780. 800. 740. 800. 740. 780.
 780. 740. 740. 740. 780. 740. 740. 740. 740. 740. 780. 780. 780. 740.
 740. 800.]
In ga.py, 2018-11-26 20:41:05,123 - __main__ - INFO - population_validation second:[764.6667, 591.3333, 694.6667, 584.0, 557.3333, 718.0, 686.0, 622.6667, 660.0, 636.6667]
In ga.py, 2018-11-26 20:45:59,980 - __main__ - INFO - len population_validation first:10,len population_validation[0]:30
In ga.py, 2018-11-26 20:45:59,982 - __main__ - INFO - population_validation[0]:[780. 800. 800. 740. 800. 780. 800. 740. 740. 800. 780. 740. 740. 780.
 780. 740. 800. 740. 800. 780. 740. 740. 740. 740. 740. 780. 740. 740.
 740. 800.]
In ga.py, 2018-11-26 20:47:10,041 - __main__ - INFO - population_validation second:[765.3333, 654.6667, 716.6667, 592.6667, 680.6667, 742.6667, 587.3333, 578.0, 570.0, 674.6667]
In ga.py, 2018-11-26 20:52:11,067 - __main__ - INFO - len population_validation first:10,len population_validation[0]:30
In ga.py, 2018-11-26 20:52:11,069 - __main__ - INFO - population_validation[0]:[780. 740. 780. 780. 740. 740. 800. 800. 800. 800. 780. 800. 740. 800.
 740. 740. 740. 740. 780. 780. 740. 800. 740. 780. 740. 740. 740. 800.
 800. 740.]
In ga.py, 2018-11-26 20:53:27,473 - __main__ - INFO - population_validation second:[767.3333, 514.6667, 573.3333, 618.6667, 735.3333, 590.0, 629.3333, 530.0, 640.0, 718.0]
In ga.py, 2018-11-26 20:58:36,084 - __main__ - INFO - len population_validation first:10,len population_validation[0]:30
In ga.py, 2018-11-26 20:58:36,087 - __main__ - INFO - population_validation[0]:[740. 780. 780. 740. 740. 740. 780. 740. 740. 740. 800. 780. 740. 780.
 740. 780. 740. 800. 740. 780. 800. 740. 740. 780. 740. 740. 740. 740.
 800. 800.]
In ga.py, 2018-11-26 20:59:50,964 - __main__ - INFO - population_validation second:[760.6667, 697.3333, 680.6667, 621.3333, 692.0, 648.0, 634.0, 614.0, 705.3333, 688.0]
In ga.py, 2018-11-26 21:04:50,208 - __main__ - INFO - len population_validation first:10,len population_validation[0]:30
In ga.py, 2018-11-26 21:04:50,210 - __main__ - INFO - population_validation[0]:[800. 740. 740. 740. 740. 740. 800. 800. 800. 780. 740. 800. 740. 740.
 780. 740. 800. 780. 740. 740. 800. 740. 800. 800. 780. 740. 740. 780.
 800. 740.]
In ga.py, 2018-11-26 21:06:00,571 - __main__ - INFO - population_validation second:[766.6667, 584.6667, 674.6667, 656.0, 650.6667, 760.6667, 664.0, 709.3333, 726.0, 746.0]
In ga.py, 2018-11-26 21:11:14,536 - __main__ - INFO - len population_validation first:10,len population_validation[0]:30
In ga.py, 2018-11-26 21:11:14,538 - __main__ - INFO - population_validation[0]:[740. 740. 740. 780. 740. 740. 740. 800. 740. 740. 780. 780. 740. 740.
 740. 740. 800. 740. 740. 800. 780. 740. 800. 800. 740. 740. 740. 740.
 740. 800.]
In ga.py, 2018-11-26 21:12:25,463 - __main__ - INFO - population_validation second:[757.3333, 642.0, 778.0, 742.6667, 648.6667, 787.3333, 712.0, 680.6667, 728.6667, 659.3333]
In ga.py, 2018-11-26 21:17:34,505 - __main__ - INFO - len population_validation first:10,len population_validation[0]:30
In ga.py, 2018-11-26 21:17:34,506 - __main__ - INFO - population_validation[0]:[780. 780. 780. 800. 800. 780. 800. 800. 800. 800. 780. 780. 780. 800.
 780. 780. 800. 800. 780. 780. 800. 800. 800. 780. 800. 800. 780. 780.
 800. 800.]
In ga.py, 2018-11-26 21:18:45,616 - __main__ - INFO - population_validation second:[790.6667, 646.0, 681.3333, 765.3333, 612.6667, 576.0, 682.6667, 770.0, 549.3333, 597.3333]
In ga.py, 2018-11-26 21:23:56,171 - __main__ - INFO - len population_validation first:10,len population_validation[0]:30
In ga.py, 2018-11-26 21:23:56,172 - __main__ - INFO - population_validation[0]:[800. 800. 780. 800. 780. 800. 800. 800. 800. 780. 780. 780. 800. 780.
 780. 780. 800. 780. 780. 800. 800. 780. 800. 780. 800. 780. 780. 800.
 800. 780.]
In ga.py, 2018-11-26 21:25:08,670 - __main__ - INFO - population_validation second:[790.0, 716.0, 669.3333, 609.3333, 722.0, 620.6667, 712.0, 706.6667, 756.0, 712.0]
In ga.py, 2018-11-26 21:30:18,599 - __main__ - INFO - len population_validation first:10,len population_validation[0]:30
In ga.py, 2018-11-26 21:30:18,600 - __main__ - INFO - population_validation[0]:[800. 780. 780. 780. 780. 780. 800. 800. 780. 780. 780. 800. 780. 780.
 780. 780. 800. 800. 800. 800. 780. 780. 800. 780. 800. 780. 780. 800.
 780. 780.]
In ga.py, 2018-11-26 21:31:31,580 - __main__ - INFO - population_validation second:[787.3333, 695.3333, 738.0, 651.3333, 660.0, 668.6667, 750.6667, 704.0, 640.6667, 653.3333]
In ga.py, 2018-11-26 21:36:41,569 - __main__ - INFO - len population_validation first:10,len population_validation[0]:30
In ga.py, 2018-11-26 21:36:41,570 - __main__ - INFO - population_validation[0]:[780. 780. 780. 800. 800. 780. 780. 800. 780. 780. 800. 800. 800. 780.
 780. 800. 800. 780. 800. 800. 800. 780. 780. 780. 800. 800. 800. 780.
 780. 800.]
In ga.py, 2018-11-26 21:37:54,589 - __main__ - INFO - population_validation second:[790.0, 742.0, 696.6667, 746.0, 588.0, 760.6667, 689.3333, 655.3333, 741.3333, 626.6667]
In ga.py, 2018-11-26 21:43:04,495 - __main__ - INFO - len population_validation first:10,len population_validation[0]:30
In ga.py, 2018-11-26 21:43:04,497 - __main__ - INFO - population_validation[0]:[780. 780. 780. 780. 780. 800. 800. 780. 780. 780. 800. 800. 800. 800.
 780. 800. 780. 780. 780. 800. 780. 800. 780. 780. 780. 780. 780. 780.
 800. 800.]
In ga.py, 2018-11-26 21:44:14,725 - __main__ - INFO - population_validation second:[787.3333, 657.3333, 693.3333, 658.0, 660.6667, 689.3333, 775.3333, 672.6667, 613.3333, 658.6667]
In ga.py, 2018-11-26 21:49:23,302 - __main__ - INFO - len population_validation first:10,len population_validation[0]:30
In ga.py, 2018-11-26 21:49:23,303 - __main__ - INFO - population_validation[0]:[800. 780. 780. 800. 800. 780. 800. 780. 780. 800. 780. 800. 780. 780.
 780. 780. 800. 800. 800. 780. 800. 800. 780. 780. 780. 800. 800. 780.
 780. 780.]
In ga.py, 2018-11-26 21:50:36,917 - __main__ - INFO - population_validation second:[788.6667, 708.6667, 681.3333, 522.0, 700.0, 730.6667, 677.3333, 646.6667, 696.6667, 752.0]
In ga.py, 2018-11-26 21:56:23,581 - __main__ - INFO - len population_validation first:10,len population_validation[0]:30
In ga.py, 2018-11-26 21:56:23,583 - __main__ - INFO - population_validation[0]:[780. 780. 780. 780. 800. 800. 800. 780. 800. 780. 800. 780. 780. 780.
 780. 780. 780. 800. 800. 780. 780. 800. 800. 800. 780. 800. 780. 780.
 780. 800.]
In ga.py, 2018-11-26 21:57:35,045 - __main__ - INFO - population_validation second:[788.0, 789.3333, 645.3333, 764.0, 725.3333, 690.6667, 642.6667, 614.6667, 722.0, 653.3333]
In ga.py, 2018-11-26 22:03:02,035 - __main__ - INFO - len population_validation first:10,len population_validation[0]:30
In ga.py, 2018-11-26 22:03:02,037 - __main__ - INFO - population_validation[0]:[780. 800. 740. 800. 800. 740. 780. 820. 740. 780. 800. 800. 740. 780.
 740. 800. 740. 820. 820. 740. 780. 820. 800. 800. 740. 800. 780. 820.
 780. 820.]
In ga.py, 2018-11-26 22:04:12,464 - __main__ - INFO - population_validation second:[783.3333, 724.6667, 712.0, 664.6667, 699.3333, 648.6667, 668.6667, 654.6667, 781.3333, 636.0]
In ga.py, 2018-11-26 22:09:37,006 - __main__ - INFO - len population_validation first:10,len population_validation[0]:30
In ga.py, 2018-11-26 22:09:37,009 - __main__ - INFO - population_validation[0]:[740. 820. 780. 740. 800. 740. 820. 820. 800. 820. 800. 820. 800. 800.
 740. 780. 740. 800. 780. 800. 800. 820. 740. 800. 740. 780. 780. 780.
 780. 800.]
In ga.py, 2018-11-26 22:10:47,742 - __main__ - INFO - population_validation second:[785.3333, 618.6667, 734.0, 557.3333, 594.6667, 648.0, 688.0, 575.3333, 766.0, 730.6667]
In ga.py, 2018-11-26 22:16:15,462 - __main__ - INFO - len population_validation first:10,len population_validation[0]:30
In ga.py, 2018-11-26 22:16:15,464 - __main__ - INFO - population_validation[0]:[780. 740. 820. 800. 800. 820. 780. 800. 780. 820. 820. 780. 740. 800.
 820. 800. 820. 780. 800. 740. 800. 820. 740. 740. 780. 780. 740. 740.
 780. 820.]
In ga.py, 2018-11-26 22:17:25,939 - __main__ - INFO - population_validation second:[786.0, 765.3333, 714.6667, 661.3333, 603.3333, 715.3333, 642.0, 690.6667, 755.3333, 653.3333]
In ga.py, 2018-11-26 22:22:55,457 - __main__ - INFO - len population_validation first:10,len population_validation[0]:30
In ga.py, 2018-11-26 22:22:55,459 - __main__ - INFO - population_validation[0]:[740. 820. 780. 740. 740. 780. 780. 820. 740. 780. 800. 820. 740. 800.
 800. 740. 800. 800. 800. 820. 780. 800. 820. 800. 800. 740. 780. 800.
 780. 740.]
In ga.py, 2018-11-26 22:24:05,513 - __main__ - INFO - population_validation second:[782.6667, 576.6667, 626.0, 636.6667, 682.6667, 661.3333, 750.6667, 712.0, 684.0, 670.0]
In ga.py, 2018-11-26 22:29:29,913 - __main__ - INFO - len population_validation first:10,len population_validation[0]:30
In ga.py, 2018-11-26 22:29:29,914 - __main__ - INFO - population_validation[0]:[740. 800. 780. 740. 800. 780. 780. 740. 820. 740. 780. 780. 820. 740.
 780. 780. 820. 820. 740. 820. 780. 740. 820. 800. 800. 740. 800. 780.
 740. 800.]
In ga.py, 2018-11-26 22:30:42,141 - __main__ - INFO - population_validation second:[780.0, 697.3333, 739.3333, 644.0, 624.0, 712.6667, 700.6667, 587.3333, 670.6667, 629.3333]
In ga.py, 2018-11-26 22:36:10,761 - __main__ - INFO - len population_validation first:10,len population_validation[0]:30
In ga.py, 2018-11-26 22:36:10,762 - __main__ - INFO - population_validation[0]:[800. 820. 780. 820. 800. 780. 740. 800. 740. 780. 820. 740. 820. 740.
 740. 780. 800. 800. 780. 800. 800. 740. 740. 740. 740. 740. 800. 740.
 740. 780.]
In ga.py, 2018-11-26 22:37:23,620 - __main__ - INFO - population_validation second:[774.6667, 778.6667, 599.3333, 649.3333, 553.3333, 676.0, 677.3333, 676.0, 700.6667, 666.6667]
In ga.py, 2018-11-26 22:42:49,362 - __main__ - INFO - len population_validation first:10,len population_validation[0]:30
In ga.py, 2018-11-26 22:42:49,364 - __main__ - INFO - population_validation[0]:[800. 760. 800. 800. 800. 800. 760. 800. 760. 760. 800. 760. 800. 760.
 800. 800. 800. 800. 800. 760. 800. 800. 760. 800. 800. 760. 800. 760.
 760. 800.]
In ga.py, 2018-11-26 22:44:01,320 - __main__ - INFO - population_validation second:[785.3333, 690.6667, 757.3333, 710.6667, 762.6667, 782.0, 668.6667, 667.3333, 682.6667, 758.6667]
In ga.py, 2018-11-26 22:49:42,106 - __main__ - INFO - len population_validation first:10,len population_validation[0]:30
In ga.py, 2018-11-26 22:49:42,107 - __main__ - INFO - population_validation[0]:[800. 800. 760. 760. 800. 800. 760. 760. 800. 760. 800. 760. 800. 760.
 760. 800. 800. 760. 760. 800. 800. 760. 760. 760. 800. 800. 800. 800.
 760. 800.]
In ga.py, 2018-11-26 22:50:56,275 - __main__ - INFO - population_validation second:[781.3333, 642.6667, 672.6667, 696.0, 696.0, 610.6667, 764.6667, 675.3333, 706.0, 736.0]
In ga.py, 2018-11-26 22:56:36,891 - __main__ - INFO - len population_validation first:10,len population_validation[0]:30
In ga.py, 2018-11-26 22:56:36,893 - __main__ - INFO - population_validation[0]:[800. 800. 800. 760. 760. 760. 800. 760. 800. 760. 800. 800. 760. 760.
 760. 800. 760. 760. 800. 760. 800. 760. 800. 760. 800. 760. 760. 760.
 800. 800.]
In ga.py, 2018-11-26 22:57:52,675 - __main__ - INFO - population_validation second:[778.6667, 694.6667, 780.6667, 771.3333, 624.0, 606.0, 716.0, 651.3333, 654.0, 583.3333]
In ga.py, 2018-11-26 23:03:35,525 - __main__ - INFO - len population_validation first:10,len population_validation[0]:30
In ga.py, 2018-11-26 23:03:35,526 - __main__ - INFO - population_validation[0]:[760. 780. 760. 760. 800. 760. 760. 780. 780. 780. 780. 760. 760. 780.
 780. 760. 780. 760. 760. 760. 760. 800. 800. 800. 780. 760. 760. 760.
 780. 800.]
In ga.py, 2018-11-26 23:04:49,238 - __main__ - INFO - population_validation second:[773.3333, 658.6667, 700.6667, 716.0, 656.0, 666.0, 678.6667, 596.6667, 791.3333, 658.0]
In ga.py, 2018-11-26 23:10:37,589 - __main__ - INFO - len population_validation first:10,len population_validation[0]:30
In ga.py, 2018-11-26 23:10:37,590 - __main__ - INFO - population_validation[0]:[780. 800. 780. 800. 780. 800. 800. 780. 800. 780. 800. 780. 800. 800.
 780. 800. 780. 780. 780. 780. 780. 800. 780. 780. 800. 780. 800. 780.
 780. 800.]
In ga.py, 2018-11-26 23:11:56,891 - __main__ - INFO - population_validation second:[788.6667, 558.6667, 685.3333, 643.3333, 582.6667, 772.6667, 714.0, 755.3333, 747.3333, 672.6667]
In ga.py, 2018-11-26 23:18:22,050 - __main__ - INFO - len population_validation first:10,len population_validation[0]:30
In ga.py, 2018-11-26 23:18:22,051 - __main__ - INFO - population_validation[0]:[780. 800. 800. 780. 800. 780. 800. 780. 780. 800. 800. 800. 800. 800.
 780. 780. 780. 800. 780. 800. 780. 780. 800. 780. 780. 800. 800. 800.
 780. 800.]
In ga.py, 2018-11-26 23:19:41,229 - __main__ - INFO - population_validation second:[790.6667, 734.6667, 741.3333, 706.0, 708.6667, 744.6667, 716.0, 770.6667, 630.0, 664.0]
In ga.py, 2018-11-26 23:25:50,385 - __main__ - INFO - len population_validation first:10,len population_validation[0]:30
In ga.py, 2018-11-26 23:25:50,386 - __main__ - INFO - population_validation[0]:[780. 780. 780. 800. 780. 780. 780. 780. 800. 800. 780. 800. 780. 780.
 800. 800. 800. 800. 800. 800. 780. 780. 780. 780. 780. 800. 800. 800.
 800. 780.]
In ga.py, 2018-11-26 23:27:13,823 - __main__ - INFO - population_validation second:[789.3333, 730.6667, 616.6667, 768.0, 722.6667, 724.0, 700.6667, 652.0, 558.6667, 642.0]
In ga.py, 2018-11-26 23:33:24,087 - __main__ - INFO - len population_validation first:10,len population_validation[0]:30
In ga.py, 2018-11-26 23:33:24,088 - __main__ - INFO - population_validation[0]:[800. 800. 800. 780. 780. 800. 780. 780. 780. 780. 780. 800. 780. 800.
 800. 800. 780. 800. 800. 800. 780. 780. 780. 800. 800. 800. 800. 800.
 800. 780.]
In ga.py, 2018-11-26 23:34:41,265 - __main__ - INFO - population_validation second:[791.3333, 738.6667, 760.0, 777.3333, 641.3333, 553.3333, 679.3333, 700.0, 739.3333, 774.6667]
In ga.py, 2018-11-26 23:41:01,029 - __main__ - INFO - len population_validation first:10,len population_validation[0]:30
In ga.py, 2018-11-26 23:41:01,030 - __main__ - INFO - population_validation[0]:[800. 800. 780. 780. 800. 800. 780. 780. 800. 800. 800. 800. 800. 780.
 800. 800. 780. 800. 800. 780. 800. 800. 800. 780. 800. 780. 800. 800.
 780. 780.]
In ga.py, 2018-11-26 23:42:27,756 - __main__ - INFO - population_validation second:[792.6667, 709.3333, 673.3333, 713.3333, 650.6667, 710.6667, 704.0, 725.3333, 750.0, 731.3333]
In ga.py, 2018-11-26 23:48:48,106 - __main__ - INFO - len population_validation first:10,len population_validation[0]:30
In ga.py, 2018-11-26 23:48:48,108 - __main__ - INFO - population_validation[0]:[800. 800. 780. 780. 800. 800. 780. 780. 780. 800. 780. 800. 800. 800.
 780. 800. 800. 780. 780. 780. 780. 800. 780. 780. 800. 780. 780. 780.
 780. 800.]
In ga.py, 2018-11-26 23:50:14,622 - __main__ - INFO - population_validation second:[788.6667, 719.3333, 721.3333, 720.0, 754.0, 657.3333, 686.6667, 714.6667, 671.3333, 686.0]
In ga.py, 2018-11-26 23:56:17,194 - __main__ - INFO - len population_validation first:10,len population_validation[0]:30
In ga.py, 2018-11-26 23:56:17,196 - __main__ - INFO - population_validation[0]:[800. 780. 800. 780. 800. 780. 780. 780. 800. 800. 780. 800. 800. 800.
 800. 800. 780. 780. 780. 780. 780. 780. 800. 800. 800. 800. 800. 780.
 800. 800.]
In ga.py, 2018-11-26 23:57:36,158 - __main__ - INFO - population_validation second:[791.3333, 720.0, 762.6667, 674.0, 718.6667, 532.0, 654.6667, 564.0, 704.6667, 661.3333]
In ga.py, 2018-11-27 00:03:28,557 - __main__ - INFO - len population_validation first:10,len population_validation[0]:30
In ga.py, 2018-11-27 00:03:28,558 - __main__ - INFO - population_validation[0]:[800. 780. 800. 780. 780. 800. 780. 800. 800. 780. 800. 800. 800. 780.
 800. 800. 780. 780. 780. 800. 780. 800. 780. 800. 780. 800. 800. 780.
 800. 800.]
In ga.py, 2018-11-27 00:04:39,206 - __main__ - INFO - population_validation second:[791.3333, 666.6667, 736.0, 720.6667, 602.6667, 746.6667, 728.0, 664.0, 677.3333, 754.0]
In ga.py, 2018-11-27 00:10:45,783 - __main__ - INFO - len population_validation first:10,len population_validation[0]:30
In ga.py, 2018-11-27 00:10:45,784 - __main__ - INFO - population_validation[0]:[800. 800. 800. 780. 780. 800. 800. 800. 780. 800. 800. 780. 780. 780.
 800. 800. 800. 780. 800. 800. 800. 780. 780. 800. 800. 780. 780. 800.
 800. 780.]
In ga.py, 2018-11-27 00:12:02,685 - __main__ - INFO - population_validation second:[792.0, 688.0, 654.6667, 541.3333, 632.0, 780.0, 757.3333, 676.0, 696.0, 708.6667]
In ga.py, 2018-11-27 00:18:11,520 - __main__ - INFO - len population_validation first:10,len population_validation[0]:30
In ga.py, 2018-11-27 00:18:11,521 - __main__ - INFO - population_validation[0]:[780. 800. 800. 780. 800. 780. 800. 780. 800. 780. 800. 800. 800. 800.
 780. 800. 780. 800. 800. 800. 780. 780. 800. 780. 780. 800. 780. 800.
 780. 780.]
In ga.py, 2018-11-27 00:19:34,682 - __main__ - INFO - population_validation second:[790.6667, 570.0, 650.6667, 780.0, 701.3333, 634.6667, 726.6667, 677.3333, 723.3333, 622.6667]
In ga.py, 2018-11-27 00:25:27,275 - __main__ - INFO - len population_validation first:10,len population_validation[0]:30
In ga.py, 2018-11-27 00:25:27,276 - __main__ - INFO - population_validation[0]:[780. 780. 780. 780. 780. 780. 780. 800. 800. 800. 800. 800. 780. 780.
 780. 780. 800. 800. 780. 800. 780. 780. 800. 780. 780. 780. 780. 800.
 800. 800.]
In ga.py, 2018-11-27 00:26:41,134 - __main__ - INFO - population_validation second:[788.0, 748.0, 721.3333, 684.0, 778.0, 618.6667, 616.6667, 580.6667, 774.0, 760.6667]
