In ga.py, 2018-11-26 10:38:01,450 - __main__ - INFO - len population_validation first:10,len population_validation[0]:30
In ga.py, 2018-11-26 10:38:01,451 - __main__ - INFO - population_validation[0]:[600. 600. 600. 800. 600. 800. 800. 800. 600. 600. 800. 800. 600. 800.
 600. 600. 600. 600. 800. 600. 600. 600. 600. 600. 800. 600. 800. 600.
 600. 600.]
In ga.py, 2018-11-26 10:38:26,354 - __main__ - INFO - population_validation second:[666.6667, 646.6667, 393.33334, 440.0, 246.66667, 600.0, 466.66666, 400.0, 120.0, 400.0]
In ga.py, 2018-11-26 10:40:27,205 - __main__ - INFO - len population_validation first:10,len population_validation[0]:30
In ga.py, 2018-11-26 10:40:27,206 - __main__ - INFO - population_validation[0]:[600. 800. 600. 600. 600. 800. 600. 800. 800. 800. 600. 600. 600. 800.
 800. 800. 600. 800. 800. 600. 600. 800. 600. 600. 600. 600. 600. 600.
 600. 600.]
In ga.py, 2018-11-26 10:40:55,821 - __main__ - INFO - population_validation second:[673.3333, 673.3333, 673.3333, 806.6667, 966.6667, 720.0, 593.3333, 546.6667, 753.3333, 526.6667]
In ga.py, 2018-11-26 10:42:59,209 - __main__ - INFO - len population_validation first:10,len population_validation[0]:30
In ga.py, 2018-11-26 10:42:59,210 - __main__ - INFO - population_validation[0]:[ 800. 1200.  800. 1000.  800. 1000. 1200. 1200.  800. 1200.  800. 1200.
 1200. 1000. 1200. 1200.  800. 1000.  800. 1200.  800.  800. 1000. 1000.
  800.  800. 1200. 1200.  800.  800.]
In ga.py, 2018-11-26 10:43:29,453 - __main__ - INFO - population_validation second:[986.6667, 680.0, 946.6667, 746.6667, 440.0, 853.3333, 666.6667, 900.0, 853.3333, 253.33333]
In ga.py, 2018-11-26 10:45:39,144 - __main__ - INFO - len population_validation first:10,len population_validation[0]:30
In ga.py, 2018-11-26 10:45:39,145 - __main__ - INFO - population_validation[0]:[ 800.  800. 1200. 1200.  800. 1000.  800.  800.  800.  800. 1200. 1200.
 1000. 1000.  800.  800.  800. 1000. 1200.  800.  800. 1200.  800.  800.
  800. 1000. 1000. 1000. 1000. 1200.]
In ga.py, 2018-11-26 10:46:12,427 - __main__ - INFO - population_validation second:[946.6667, 886.6667, 740.0, 760.0, 713.3333, 720.0, 786.6667, 773.3333, 1093.3334, 773.3333]
In ga.py, 2018-11-26 10:48:15,729 - __main__ - INFO - len population_validation first:10,len population_validation[0]:30
In ga.py, 2018-11-26 10:48:15,731 - __main__ - INFO - population_validation[0]:[1000. 1200. 1200. 1000. 1200. 1200. 1200. 1000. 1200. 1000. 1000. 1000.
 1200. 1200. 1200. 1000. 1000. 1200. 1000. 1200. 1000. 1200. 1200. 1200.
 1000. 1000. 1000. 1000. 1000. 1000.]
In ga.py, 2018-11-26 10:48:44,171 - __main__ - INFO - population_validation second:[1093.3334, 613.3333, 1080.0, 1013.3333, 726.6667, 680.0, 940.0, 320.0, 820.0, 800.0]
In ga.py, 2018-11-26 10:50:48,154 - __main__ - INFO - len population_validation first:10,len population_validation[0]:30
In ga.py, 2018-11-26 10:50:48,156 - __main__ - INFO - population_validation[0]:[1000. 1000. 1000. 1200. 1000. 1200. 1000. 1200. 1200. 1000. 1000. 1200.
 1200. 1200. 1200. 1200. 1000. 1200. 1200. 1200. 1000. 1000. 1000. 1200.
 1200. 1000. 1200. 1200. 1200. 1000.]
In ga.py, 2018-11-26 10:51:17,786 - __main__ - INFO - population_validation second:[1113.3334, 1220.0, 1046.6666, 1120.0, 886.6667, 960.0, 800.0, 733.3333, 1106.6666, 846.6667]
In ga.py, 2018-11-26 10:53:15,931 - __main__ - INFO - len population_validation first:10,len population_validation[0]:30
In ga.py, 2018-11-26 10:53:15,933 - __main__ - INFO - population_validation[0]:[1000. 1000. 1200. 1200. 1200. 1000. 1200. 1000. 1200. 1000. 1800. 1000.
 1200. 1000. 1200. 1000. 1000. 1200. 1000. 1000. 1200. 1000. 1000. 1000.
 1200. 1000. 1000. 1000. 1000. 1200.]
In ga.py, 2018-11-26 10:53:43,619 - __main__ - INFO - population_validation second:[1100.0, 840.0, 680.0, 793.3333, 920.0, 886.6667, 880.0, 920.0, 886.6667, 580.0]
In ga.py, 2018-11-26 10:55:46,731 - __main__ - INFO - len population_validation first:10,len population_validation[0]:30
In ga.py, 2018-11-26 10:55:46,733 - __main__ - INFO - population_validation[0]:[1200. 1000. 1200. 1000. 1800. 1800. 1000. 1000. 1000. 1000. 1800. 1800.
 1800. 1200. 1200. 1200. 1800. 1800. 1000. 1800. 1000. 1800. 1000. 1000.
 1200. 1000. 1800. 1000. 1200. 1000.]
In ga.py, 2018-11-26 10:56:18,599 - __main__ - INFO - population_validation second:[1313.3334, 640.0, 633.3333, 786.6667, 1000.0, 586.6667, 713.3333, 1080.0, 660.0, 466.66666]
In ga.py, 2018-11-26 10:58:24,819 - __main__ - INFO - len population_validation first:10,len population_validation[0]:30
In ga.py, 2018-11-26 10:58:24,820 - __main__ - INFO - population_validation[0]:[1000. 1200. 1000. 1200. 1000. 1000. 1000. 1000. 1000. 1800. 1000. 1000.
 1000. 1200. 1000. 1200. 1000. 1200. 1000. 1800. 1800. 1000. 1000. 1000.
 1000. 1000. 1000. 1000. 1200. 1200.]
In ga.py, 2018-11-26 10:58:54,826 - __main__ - INFO - population_validation second:[1126.6666, 1260.0, 1093.3334, 613.3333, 1046.6666, 913.3333, 880.0, 1380.0, 840.0, 840.0]
In ga.py, 2018-11-26 11:01:04,883 - __main__ - INFO - len population_validation first:10,len population_validation[0]:30
In ga.py, 2018-11-26 11:01:04,884 - __main__ - INFO - population_validation[0]:[1000. 1000. 1400. 1600. 1000. 1400. 1000. 1600. 1400. 1000. 1000. 1400.
 1400. 1600. 1400. 1600. 1000. 1400. 1400. 1000. 1000. 1400. 1400. 1400.
 1000. 1400. 1400. 1400. 1600. 1400.]
In ga.py, 2018-11-26 11:01:38,585 - __main__ - INFO - population_validation second:[1300.0, 1160.0, 893.3333, 906.6667, 1213.3334, 1193.3334, 900.0, 1013.3333, 1286.6666, 1226.6666]
In ga.py, 2018-11-26 11:03:40,727 - __main__ - INFO - len population_validation first:10,len population_validation[0]:30
In ga.py, 2018-11-26 11:03:40,729 - __main__ - INFO - population_validation[0]:[1600. 1400. 1000. 1600. 1400. 1400. 1000. 1000. 1400. 1000. 1400. 1400.
 1400. 1400. 1000. 1000. 1400. 1000. 1000. 1400. 1600. 1000. 1400. 1600.
 1400. 1400. 1400. 1600. 1400. 1600.]
In ga.py, 2018-11-26 11:04:09,222 - __main__ - INFO - population_validation second:[1320.0, 1180.0, 1080.0, 1013.3333, 1220.0, 886.6667, 1033.3334, 733.3333, 913.3333, 1066.6666]
In ga.py, 2018-11-26 11:06:12,735 - __main__ - INFO - len population_validation first:10,len population_validation[0]:30
In ga.py, 2018-11-26 11:06:12,736 - __main__ - INFO - population_validation[0]:[1400. 1000. 1400. 1000. 1400. 1400. 1400. 1600. 1000. 1600. 1600. 1600.
 1600. 1600. 1400. 1400. 1400. 1400. 1400. 1400. 1000. 1400. 1000. 1000.
 1000. 1600. 1400. 1000. 1000. 1000.]
In ga.py, 2018-11-26 11:06:40,724 - __main__ - INFO - population_validation second:[1313.3334, 1066.6666, 1266.6666, 1166.6666, 1053.3334, 1053.3334, 986.6667, 1093.3334, 800.0, 1180.0]
In ga.py, 2018-11-26 11:08:44,943 - __main__ - INFO - len population_validation first:10,len population_validation[0]:30
In ga.py, 2018-11-26 11:08:44,944 - __main__ - INFO - population_validation[0]:[1400. 1000. 1000. 1400. 1400. 1600. 1600. 1600. 1000. 1600. 1600. 1400.
 1600. 1400. 1400. 1000. 1400. 1400. 1400. 1400. 1000. 1400. 1600. 1600.
 1400. 1600. 1000. 1600. 1000. 1400.]
In ga.py, 2018-11-26 11:09:14,416 - __main__ - INFO - population_validation second:[1373.3334, 1413.3334, 793.3333, 1666.6666, 1240.0, 1080.0, 1173.3334, 1120.0, 846.6667, 1100.0]
In ga.py, 2018-11-26 11:11:21,046 - __main__ - INFO - len population_validation first:10,len population_validation[0]:30
In ga.py, 2018-11-26 11:11:21,048 - __main__ - INFO - population_validation[0]:[1800. 1800.  800.  800. 2000. 2000.  800. 2000.  800. 1800. 1800.  800.
 1800. 2000. 2000. 1800. 2000. 2000.  800. 2000. 2000.  800. 2000. 2000.
  800.  800.  800. 2000. 1800. 2000.]
In ga.py, 2018-11-26 11:11:51,771 - __main__ - INFO - population_validation second:[1553.3334, 1386.6666, 1093.3334, 1353.3334, 1220.0, 1040.0, 1053.3334, 1173.3334, 1306.6666, 1233.3334]
In ga.py, 2018-11-26 11:14:03,477 - __main__ - INFO - len population_validation first:10,len population_validation[0]:30
In ga.py, 2018-11-26 11:14:03,478 - __main__ - INFO - population_validation[0]:[1800. 1800. 1800. 1800. 2000. 1800. 1800. 1800. 1800. 1800.  800.  800.
 1800. 2000. 1800. 2000. 1800. 2000. 1800.  800. 1800. 1800. 1800.  800.
 2000.  800. 1800. 1800.  800. 2000.]
In ga.py, 2018-11-26 11:14:35,011 - __main__ - INFO - population_validation second:[1640.0, 1006.6667, 1066.6666, 1160.0, 873.3333, 1040.0, 1413.3334, 1633.3334, 1226.6666, 1320.0]
In ga.py, 2018-11-26 11:16:41,722 - __main__ - INFO - len population_validation first:10,len population_validation[0]:30
In ga.py, 2018-11-26 11:16:41,723 - __main__ - INFO - population_validation[0]:[2000. 1800. 1800.  800. 2000. 1800. 1800.  800.  800. 1800. 1800. 2000.
  800. 1800. 1800.  800. 1800.  800. 1800.  800.  800.  800. 2000. 1800.
 1800.  800. 2000. 1800. 2000. 1800.]
In ga.py, 2018-11-26 11:17:11,425 - __main__ - INFO - population_validation second:[1506.6666, 1493.3334, 1080.0, 773.3333, 1166.6666, 1240.0, 880.0, 1160.0, 740.0, 1073.3334]
In ga.py, 2018-11-26 11:19:19,834 - __main__ - INFO - len population_validation first:10,len population_validation[0]:30
In ga.py, 2018-11-26 11:19:19,835 - __main__ - INFO - population_validation[0]:[1800. 2000. 1800.  800. 1800. 1800.  800. 1800.  800. 1800. 2000. 1800.
 1800. 1800. 1800. 2000. 1800. 2000.  800. 1800.  800. 1800. 1800. 1800.
  800. 2000. 2000. 1800. 2000. 1800.]
In ga.py, 2018-11-26 11:19:50,485 - __main__ - INFO - population_validation second:[1646.6666, 1040.0, 1246.6666, 1000.0, 1306.6666, 873.3333, 893.3333, 760.0, 1493.3334, 986.6667]
In ga.py, 2018-11-26 11:22:02,785 - __main__ - INFO - len population_validation first:10,len population_validation[0]:30
In ga.py, 2018-11-26 11:22:02,787 - __main__ - INFO - population_validation[0]:[2000. 1800.  800. 1800.  800. 2000. 1800. 1800. 1800. 1800. 1800. 2000.
 1800. 1800.  800. 1800. 2000. 1800. 2000.  800.  800. 2000.  800. 1800.
  800. 2000. 1800. 2000. 2000.  800.]
In ga.py, 2018-11-26 11:22:32,472 - __main__ - INFO - population_validation second:[1593.3334, 1126.6666, 1300.0, 1633.3334, 1186.6666, 1246.6666, 1166.6666, 920.0, 1153.3334, 1573.3334]
In ga.py, 2018-11-26 11:24:42,791 - __main__ - INFO - len population_validation first:10,len population_validation[0]:30
In ga.py, 2018-11-26 11:24:42,793 - __main__ - INFO - population_validation[0]:[1600. 2000. 2000. 1800. 1800. 1000. 1800. 1800. 2000. 1800. 1800. 1600.
 1000. 1600. 2000. 2000. 2000. 1000. 2000. 1000. 2000. 1000. 1000. 1600.
 1000. 1800. 1000. 1000. 1000. 1000.]
In ga.py, 2018-11-26 11:25:13,985 - __main__ - INFO - population_validation second:[1533.3334, 1820.0, 940.0, 1260.0, 926.6667, 1093.3334, 1126.6666, 1133.3334, 1420.0, 1140.0]
In ga.py, 2018-11-26 11:27:30,012 - __main__ - INFO - len population_validation first:10,len population_validation[0]:30
In ga.py, 2018-11-26 11:27:30,014 - __main__ - INFO - population_validation[0]:[1400. 2800.  800. 1400. 2800.  800.  800.  800. 1400. 1400. 1400. 2800.
 1400. 1400.  800. 2800. 1400. 2800. 1400. 1400.  800. 2800.  800. 2800.
 1400.  800. 1400. 1400. 1400. 1400.]
In ga.py, 2018-11-26 11:28:02,254 - __main__ - INFO - population_validation second:[1566.6666, 1473.3334, 1773.3334, 1466.6666, 1440.0, 1293.3334, 1246.6666, 820.0, 960.0, 1253.3334]
In ga.py, 2018-11-26 11:30:15,552 - __main__ - INFO - len population_validation first:10,len population_validation[0]:30
In ga.py, 2018-11-26 11:30:15,553 - __main__ - INFO - population_validation[0]:[1200. 2000. 1400. 1400. 1200. 1400. 1400. 1200. 1200. 1400. 2000. 1200.
 1400. 1200. 2000. 2000. 2200. 2000. 2000. 2200. 1200. 2000. 1400. 1400.
 2000. 2200. 1400. 2000. 1200. 1400.]
In ga.py, 2018-11-26 11:30:45,514 - __main__ - INFO - population_validation second:[1606.6666, 966.6667, 1646.6666, 1160.0, 1280.0, 786.6667, 1400.0, 1433.3334, 1140.0, 1373.3334]
In ga.py, 2018-11-26 11:33:01,398 - __main__ - INFO - len population_validation first:10,len population_validation[0]:30
In ga.py, 2018-11-26 11:33:01,399 - __main__ - INFO - population_validation[0]:[1000. 1400. 1400. 1000. 1200. 2400. 2400. 1400. 1400. 1000. 1000. 1400.
 1200. 2400. 2400. 1200. 1000. 2400. 1200. 1400. 1400. 1200. 2400. 1200.
 1400. 1000. 1400. 1000. 1000. 1200.]
In ga.py, 2018-11-26 11:33:33,701 - __main__ - INFO - population_validation second:[1446.6666, 1413.3334, 1520.0, 1446.6666, 680.0, 1226.6666, 1313.3334, 1506.6666, 866.6667, 913.3333]
In ga.py, 2018-11-26 11:35:48,539 - __main__ - INFO - len population_validation first:10,len population_validation[0]:30
In ga.py, 2018-11-26 11:35:48,541 - __main__ - INFO - population_validation[0]:[ 800.  800. 1800.  800. 1800.  800. 1000. 1000.  800. 1800. 1000. 1800.
 2200. 1000.  800. 2200. 1800.  800.  800. 2200.  800.  800. 1800. 1800.
  800. 1800. 1800.  800. 1800. 1000.]
In ga.py, 2018-11-26 11:36:21,444 - __main__ - INFO - population_validation second:[1306.6666, 1260.0, 1673.3334, 1900.0, 1266.6666, 1480.0, 1480.0, 1680.0, 1400.0, 1146.6666]
In ga.py, 2018-11-26 11:38:37,919 - __main__ - INFO - len population_validation first:10,len population_validation[0]:30
In ga.py, 2018-11-26 11:38:37,920 - __main__ - INFO - population_validation[0]:[1600. 1600. 2200. 2200. 1600. 1600. 1600. 2200. 1600. 2200. 1600. 2200.
 2200. 1600. 1600. 2200. 1600. 2200. 2200. 2200. 2200. 2200. 1600. 2200.
 1600. 1600. 1600. 2200. 2200. 2200.]
In ga.py, 2018-11-26 11:39:10,598 - __main__ - INFO - population_validation second:[1920.0, 1640.0, 1226.6666, 1673.3334, 1480.0, 1200.0, 1140.0, 1640.0, 1013.3333, 1393.3334]
In ga.py, 2018-11-26 11:41:30,008 - __main__ - INFO - len population_validation first:10,len population_validation[0]:30
In ga.py, 2018-11-26 11:41:30,009 - __main__ - INFO - population_validation[0]:[2200. 1600. 2200. 2200. 2200. 2200. 2200. 1600. 2200. 2200. 2200. 1600.
 2200. 1600. 2200. 1600. 2200. 1600. 2200. 1600. 1600. 1600. 1600. 1600.
 2200. 1600. 2200. 2200. 1600. 2200.]
In ga.py, 2018-11-26 11:42:07,077 - __main__ - INFO - population_validation second:[1940.0, 1640.0, 1233.3334, 1280.0, 1133.3334, 1040.0, 1553.3334, 1826.6666, 1086.6666, 1513.3334]
In ga.py, 2018-11-26 11:44:23,943 - __main__ - INFO - len population_validation first:10,len population_validation[0]:30
In ga.py, 2018-11-26 11:44:23,944 - __main__ - INFO - population_validation[0]:[2200. 2200. 1600. 2200. 2200. 2200. 1600. 2200. 1600. 2200. 2200. 1600.
 2200. 1600. 1600. 2200. 2200. 1600. 2200. 1600. 1600. 2200. 2200. 1600.
 1600. 2200. 1600. 2200. 1600. 2200.]
In ga.py, 2018-11-26 11:44:57,370 - __main__ - INFO - population_validation second:[1940.0, 1240.0, 1620.0, 1640.0, 1146.6666, 1553.3334, 1180.0, 1760.0, 1193.3334, 1300.0]
In ga.py, 2018-11-26 11:47:18,145 - __main__ - INFO - len population_validation first:10,len population_validation[0]:30
In ga.py, 2018-11-26 11:47:18,147 - __main__ - INFO - population_validation[0]:[1600. 1600. 1600. 2200. 1600. 2200. 2200. 1600. 1600. 2200. 1600. 2200.
 1600. 2200. 2200. 1600. 1600. 2200. 2200. 2200. 2200. 1600. 2200. 1600.
 1600. 1600. 2200. 1600. 2200. 2200.]
In ga.py, 2018-11-26 11:47:54,224 - __main__ - INFO - population_validation second:[1900.0, 1420.0, 1926.6666, 1546.6666, 973.3333, 1520.0, 1560.0, 1473.3334, 960.0, 993.3333]
In ga.py, 2018-11-26 11:50:10,627 - __main__ - INFO - len population_validation first:10,len population_validation[0]:30
In ga.py, 2018-11-26 11:50:10,628 - __main__ - INFO - population_validation[0]:[1800. 1000. 2400. 1000. 1800. 2800. 1800. 1000. 2800. 1800. 1000. 1000.
 2400. 1800. 1000. 1800. 1800. 1800. 1800. 2400. 2800. 2800. 1800. 1000.
 1000. 2800. 1000. 2400. 1000. 2400.]
In ga.py, 2018-11-26 11:50:47,050 - __main__ - INFO - population_validation second:[1800.0, 1293.3334, 1626.6666, 1366.6666, 1340.0, 1613.3334, 1326.6666, 1466.6666, 1233.3334, 1453.3334]
In ga.py, 2018-11-26 11:53:08,425 - __main__ - INFO - len population_validation first:10,len population_validation[0]:30
In ga.py, 2018-11-26 11:53:08,426 - __main__ - INFO - population_validation[0]:[1800. 2400. 1000. 1000. 1000. 2800. 2800. 1800. 2800. 2400. 1000. 1800.
 2800. 1000. 1800. 2800. 2800. 2400. 2400. 2400. 1800. 1000. 1000. 1000.
 1800. 2400. 1000. 2800. 1800. 1800.]
In ga.py, 2018-11-26 11:53:47,778 - __main__ - INFO - population_validation second:[1913.3334, 1660.0, 1173.3334, 1546.6666, 1480.0, 1460.0, 1200.0, 1106.6666, 1573.3334, 1373.3334]
In ga.py, 2018-11-26 11:56:06,739 - __main__ - INFO - len population_validation first:10,len population_validation[0]:30
In ga.py, 2018-11-26 11:56:06,741 - __main__ - INFO - population_validation[0]:[1000. 1800. 1000. 1800. 2400. 2800. 2400. 2400. 1000. 1000. 1000. 1800.
 1800. 1800. 1000. 2800. 1800. 2400. 1800. 2400. 2400. 1000. 2800. 2800.
 2400. 1800. 1000. 2400. 1000. 1000.]
In ga.py, 2018-11-26 11:56:43,919 - __main__ - INFO - population_validation second:[1826.6666, 1686.6666, 1180.0, 1320.0, 1653.3334, 1326.6666, 1680.0, 1360.0, 1380.0, 1280.0]
In ga.py, 2018-11-26 11:59:10,341 - __main__ - INFO - len population_validation first:10,len population_validation[0]:30
In ga.py, 2018-11-26 11:59:10,343 - __main__ - INFO - population_validation[0]:[2400. 2400. 1800. 2800. 1800. 2400. 1000. 2400. 2800. 1800. 1800. 2400.
 1000. 1000. 2400. 2800. 2800. 1800. 2400. 1000. 2800. 1000. 2800. 1800.
 2800. 1800. 2800. 1000. 2400. 1800.]
In ga.py, 2018-11-26 11:59:50,508 - __main__ - INFO - population_validation second:[2066.6667, 1873.3334, 1260.0, 1500.0, 1746.6666, 1373.3334, 1826.6666, 1980.0, 1146.6666, 1160.0]
In ga.py, 2018-11-26 12:02:11,296 - __main__ - INFO - len population_validation first:10,len population_validation[0]:30
In ga.py, 2018-11-26 12:02:11,298 - __main__ - INFO - population_validation[0]:[2800. 2800. 2800. 2800. 2800. 2400. 1000. 2800. 2400. 1000. 2800. 2800.
 2400. 1800. 2800. 2800. 1000. 2800. 2400. 1800. 2800. 1800. 2800. 2400.
 1800. 2800. 1800. 1800. 1800. 2800.]
In ga.py, 2018-11-26 12:02:47,660 - __main__ - INFO - population_validation second:[2320.0, 1920.0, 1086.6666, 993.3333, 1420.0, 1446.6666, 1333.3334, 1366.6666, 1720.0, 1453.3334]
In ga.py, 2018-11-26 12:05:10,315 - __main__ - INFO - len population_validation first:10,len population_validation[0]:30
In ga.py, 2018-11-26 12:05:10,317 - __main__ - INFO - population_validation[0]:[1800. 1000. 1000. 1800. 2400. 2400. 1800. 1000. 2400. 1800. 2800. 2800.
 2400. 2800. 2400. 2400. 2800. 2400. 2800. 2800. 2400. 2400. 2400. 2800.
 1000. 2400. 2800. 2800. 2800. 2800.]
In ga.py, 2018-11-26 12:05:47,721 - __main__ - INFO - population_validation second:[2280.0, 2300.0, 913.3333, 1886.6666, 1533.3334, 1060.0, 1620.0, 1326.6666, 1506.6666, 1733.3334]
In ga.py, 2018-11-26 12:08:33,563 - __main__ - INFO - len population_validation first:10,len population_validation[0]:30
In ga.py, 2018-11-26 12:08:33,565 - __main__ - INFO - population_validation[0]:[2400. 3000. 1400. 3000. 2400. 1400. 2400. 1400. 1400. 2400. 3000. 1400.
 1400. 3000. 2400. 1400. 1400. 1400. 2400. 3000. 3000. 2400. 2400. 1400.
 1400. 1400. 1400. 3000. 2400. 1400.]
In ga.py, 2018-11-26 12:09:12,272 - __main__ - INFO - population_validation second:[2073.3333, 1806.6666, 1840.0, 1540.0, 1853.3334, 1406.6666, 1786.6666, 1700.0, 1806.6666, 1946.6666]
In ga.py, 2018-11-26 12:11:47,103 - __main__ - INFO - len population_validation first:10,len population_validation[0]:30
In ga.py, 2018-11-26 12:11:47,104 - __main__ - INFO - population_validation[0]:[1400. 1400. 1400. 1400. 1400. 2400. 2400. 1400. 1400. 1400. 2400. 2400.
 3000. 2400. 3000. 1400. 2400. 1400. 1400. 1400. 2400. 2400. 2400. 2400.
 3000. 1400. 3000. 1400. 1400. 3000.]
In ga.py, 2018-11-26 12:12:26,924 - __main__ - INFO - population_validation second:[2000.0, 1520.0, 2080.0, 1426.6666, 2280.0, 1933.3334, 1753.3334, 2453.3333, 1680.0, 2006.6666]
In ga.py, 2018-11-26 12:14:56,059 - __main__ - INFO - len population_validation first:10,len population_validation[0]:30
In ga.py, 2018-11-26 12:14:56,061 - __main__ - INFO - population_validation[0]:[2400. 1600. 3800. 1600. 1600. 1600. 3800. 3800. 3800. 1600. 3800. 1600.
 3800. 1600. 1600. 1600. 2400. 1600. 2400. 2400. 1600. 3800. 3800. 2400.
 2400. 3800. 1600. 1600. 3800. 2400.]
In ga.py, 2018-11-26 12:15:39,386 - __main__ - INFO - population_validation second:[2520.0, 1413.3334, 1933.3334, 1666.6666, 1406.6666, 1626.6666, 1066.6666, 1453.3334, 1580.0, 1660.0]
In ga.py, 2018-11-26 12:18:09,142 - __main__ - INFO - len population_validation first:10,len population_validation[0]:30
In ga.py, 2018-11-26 12:18:09,143 - __main__ - INFO - population_validation[0]:[3800. 2400. 2400. 1600. 2400. 3800. 2400. 2400. 1600. 1600. 1600. 2400.
 2400. 1600. 2400. 1600. 2400. 2400. 2400. 1600. 1600. 1600. 2400. 1600.
 1600. 1600. 1600. 1600. 1600. 1600.]
In ga.py, 2018-11-26 12:18:51,092 - __main__ - INFO - population_validation second:[2066.6667, 1393.3334, 1840.0, 1366.6666, 1593.3334, 1906.6666, 1540.0, 1093.3334, 1593.3334, 1720.0]
In ga.py, 2018-11-26 12:21:23,261 - __main__ - INFO - len population_validation first:10,len population_validation[0]:30
In ga.py, 2018-11-26 12:21:23,263 - __main__ - INFO - population_validation[0]:[1600. 2400. 3800. 2400. 1600. 1600. 1600. 1600. 3800. 1600. 1600. 1600.
 3800. 2400. 2400. 2400. 3800. 3800. 2400. 1600. 2400. 2400. 1600. 2400.
 3800. 1600. 3800. 1600. 1600. 1600.]
In ga.py, 2018-11-26 12:22:03,119 - __main__ - INFO - population_validation second:[2353.3333, 1973.3334, 1540.0, 1766.6666, 1513.3334, 1813.3334, 1760.0, 1606.6666, 1586.6666, 1880.0]
In ga.py, 2018-11-26 12:24:35,190 - __main__ - INFO - len population_validation first:10,len population_validation[0]:30
In ga.py, 2018-11-26 12:24:35,191 - __main__ - INFO - population_validation[0]:[2400. 3800. 2400. 1600. 2400. 1600. 2400. 2400. 1600. 3800. 1600. 1600.
 1600. 1600. 3800. 2400. 2400. 3800. 2400. 1600. 1600. 2400. 1600. 1600.
 1600. 1600. 1600. 1600. 1600. 3800.]
In ga.py, 2018-11-26 12:25:13,014 - __main__ - INFO - population_validation second:[2206.6667, 1800.0, 1833.3334, 1473.3334, 2313.3333, 2300.0, 1766.6666, 1753.3334, 2306.6667, 1340.0]
In ga.py, 2018-11-26 12:27:50,435 - __main__ - INFO - len population_validation first:10,len population_validation[0]:30
In ga.py, 2018-11-26 12:27:50,437 - __main__ - INFO - population_validation[0]:[1800. 2400. 2800. 2800. 1800. 1800. 1800. 2600. 2600. 2600. 1800. 1800.
 2400. 2800. 1800. 1800. 2600. 2400. 2800. 1800. 1800. 2600. 2800. 2400.
 2400. 2600. 2800. 2400. 2800. 2600.]
In ga.py, 2018-11-26 12:28:33,673 - __main__ - INFO - population_validation second:[2340.0, 2113.3333, 2133.3333, 1426.6666, 1993.3334, 2366.6667, 1693.3334, 2813.3333, 1886.6666, 1700.0]
In ga.py, 2018-11-26 12:31:11,078 - __main__ - INFO - len population_validation first:10,len population_validation[0]:30
In ga.py, 2018-11-26 12:31:11,080 - __main__ - INFO - population_validation[0]:[1800. 1800. 2600. 3900. 2600. 2600. 1800. 2600. 1800. 3900. 2600. 2600.
 3900. 2600. 2600. 2600. 2600. 2600. 3900. 1800. 1800. 2600. 3900. 2600.
 1800. 2600. 3900. 1800. 2600. 1800.]
In ga.py, 2018-11-26 12:31:51,664 - __main__ - INFO - population_validation second:[2620.0, 1580.0, 1606.6666, 2686.6667, 2140.0, 2060.0, 1320.0, 2013.3334, 2073.3333, 1680.0]
In ga.py, 2018-11-26 12:34:31,079 - __main__ - INFO - len population_validation first:10,len population_validation[0]:30
In ga.py, 2018-11-26 12:34:31,081 - __main__ - INFO - population_validation[0]:[2600. 2400. 2400. 2400. 3000. 2600. 2800. 2600. 2400. 3000. 2600. 2400.
 3000. 2600. 2600. 2600. 2600. 2600. 2400. 2400. 2400. 2600. 2600. 2600.
 3000. 2800. 3000. 2400. 3000. 2800.]
In ga.py, 2018-11-26 12:35:14,256 - __main__ - INFO - population_validation second:[2640.0, 2460.0, 1766.6666, 1900.0, 1100.0, 1760.0, 1500.0, 1953.3334, 2320.0, 2013.3334]
In ga.py, 2018-11-26 12:37:53,303 - __main__ - INFO - len population_validation first:10,len population_validation[0]:30
In ga.py, 2018-11-26 12:37:53,305 - __main__ - INFO - population_validation[0]:[2400. 2400. 2800. 2400. 2800. 2800. 3000. 2400. 3000. 3000. 2600. 2800.
 2400. 3000. 2600. 3000. 2600. 3000. 2800. 2800. 3000. 2400. 3000. 2800.
 2400. 2600. 2600. 3000. 2800. 2400.]
In ga.py, 2018-11-26 12:38:34,782 - __main__ - INFO - population_validation second:[2720.0, 2486.6667, 1753.3334, 1953.3334, 1780.0, 2013.3334, 1880.0, 1680.0, 1213.3334, 1326.6666]
In ga.py, 2018-11-26 12:41:22,644 - __main__ - INFO - len population_validation first:10,len population_validation[0]:30
In ga.py, 2018-11-26 12:41:22,645 - __main__ - INFO - population_validation[0]:[2600. 2600. 2400. 3000. 2600. 2400. 2400. 2400. 2400. 2600. 2600. 2400.
 2600. 2400. 2400. 2600. 2400. 2800. 2600. 2600. 2600. 2800. 2400. 2800.
 2400. 2400. 3000. 2800. 3000. 2400.]
In ga.py, 2018-11-26 12:42:16,210 - __main__ - INFO - population_validation second:[2580.0, 2330.0, 3313.3333, 2000.0, 1360.0, 2033.3334, 500.0, 1726.6666, 2000.0, 2106.6667]
In ga.py, 2018-11-26 12:45:01,635 - __main__ - INFO - len population_validation first:10,len population_validation[0]:30
In ga.py, 2018-11-26 12:45:01,636 - __main__ - INFO - population_validation[0]:[1600. 1600. 4200. 4200. 4200. 4200. 3000. 4200. 3000. 4200. 3600. 1600.
 3600. 3600. 1600. 1600. 3000. 3000. 4200. 3600. 1600. 3600. 3600. 3000.
 4200. 1600. 3600. 4200. 3000. 3000.]
In ga.py, 2018-11-26 12:45:48,496 - __main__ - INFO - population_validation second:[3173.3333, 2100.0, 2513.3333, 2300.0, 1600.0, 1986.6666, 1520.0, 2380.0, 2193.3333, 2240.0]
In ga.py, 2018-11-26 12:48:33,707 - __main__ - INFO - len population_validation first:10,len population_validation[0]:30
In ga.py, 2018-11-26 12:48:33,709 - __main__ - INFO - population_validation[0]:[1600. 4200. 3000. 3600. 3600. 1600. 1600. 3600. 4200. 3600. 3600. 3000.
 3000. 4200. 3000. 4200. 3600. 4200. 1600. 4200. 3000. 3000. 3000. 3000.
 3600. 3000. 4200. 3000. 3600. 3000.]
In ga.py, 2018-11-26 12:49:22,709 - __main__ - INFO - population_validation second:[3253.3333, 2233.3333, 2033.3334, 2213.3333, 1573.3334, 2513.3333, 1693.3334, 2160.0, 2333.3333, 1673.3334]
In ga.py, 2018-11-26 12:52:05,693 - __main__ - INFO - len population_validation first:10,len population_validation[0]:30
In ga.py, 2018-11-26 12:52:05,695 - __main__ - INFO - population_validation[0]:[3000. 4200. 3000. 3000. 4200. 1600. 3600. 3000. 3000. 3000. 1600. 3600.
 3600. 3000. 3600. 4200. 4200. 1600. 3600. 3600. 4200. 3600. 3600. 1600.
 3000. 3000. 3600. 4200. 3600. 1600.]
In ga.py, 2018-11-26 12:52:52,175 - __main__ - INFO - population_validation second:[3206.6667, 2220.0, 1980.0, 1793.3334, 2193.3333, 2106.6667, 2040.0, 1780.0, 2346.6667, 2373.3333]
In ga.py, 2018-11-26 12:55:28,075 - __main__ - INFO - len population_validation first:10,len population_validation[0]:30
In ga.py, 2018-11-26 12:55:28,076 - __main__ - INFO - population_validation[0]:[3000. 3600. 3600. 1600. 3000. 4200. 3000. 1600. 3000. 4200. 4200. 3600.
 4200. 1600. 3000. 1600. 4200. 3000. 3000. 3600. 3600. 1600. 3000. 3600.
 3600. 4200. 4200. 3600. 3600. 3600.]
In ga.py, 2018-11-26 12:56:15,111 - __main__ - INFO - population_validation second:[3246.6667, 1613.3334, 1880.0, 1640.0, 1760.0, 2006.6666, 1280.0, 1353.3334, 2393.3333, 1946.6666]
In ga.py, 2018-11-26 12:58:53,380 - __main__ - INFO - len population_validation first:10,len population_validation[0]:30
In ga.py, 2018-11-26 12:58:53,381 - __main__ - INFO - population_validation[0]:[3000. 3000. 4200. 3000. 3600. 4200. 1600. 4200. 3600. 3000. 3600. 4200.
 4200. 3000. 3000. 1600. 3000. 1600. 1600. 1600. 4200. 3600. 3600. 3600.
 3600. 3000. 1600. 3600. 3600. 3000.]
In ga.py, 2018-11-26 12:59:41,057 - __main__ - INFO - population_validation second:[3140.0, 2100.0, 1720.0, 2106.6667, 2513.3333, 2126.6667, 2800.0, 1506.6666, 1573.3334, 1633.3334]
In ga.py, 2018-11-26 13:02:17,004 - __main__ - INFO - len population_validation first:10,len population_validation[0]:30
In ga.py, 2018-11-26 13:02:17,005 - __main__ - INFO - population_validation[0]:[4200. 3600. 1600. 3000. 1600. 4200. 1600. 3600. 3000. 3600. 3600. 3600.
 4200. 1600. 4200. 4200. 4200. 3600. 3600. 1600. 4200. 3600. 3000. 3600.
 4200. 4200. 3600. 3000. 3000. 3600.]
In ga.py, 2018-11-26 13:03:02,029 - __main__ - INFO - population_validation second:[3346.6667, 1540.0, 2140.0, 1746.6666, 1973.3334, 2733.3333, 1766.6666, 1253.3334, 2100.0, 1973.3334]
In ga.py, 2018-11-26 13:05:44,388 - __main__ - INFO - len population_validation first:10,len population_validation[0]:30
In ga.py, 2018-11-26 13:05:44,389 - __main__ - INFO - population_validation[0]:[3600. 3000. 4200. 4200. 4200. 3000. 3600. 3600. 3600. 4200. 1600. 1600.
 3000. 3600. 3600. 1600. 4200. 3600. 1600. 3000. 3600. 3000. 1600. 1600.
 3600. 3600. 3000. 4200. 3600. 4200.]
In ga.py, 2018-11-26 13:06:31,723 - __main__ - INFO - population_validation second:[3220.0, 3106.6667, 1966.6666, 2440.0, 2126.6667, 1806.6666, 1926.6666, 2673.3333, 1760.0, 2046.6666]
In ga.py, 2018-11-26 13:09:15,053 - __main__ - INFO - len population_validation first:10,len population_validation[0]:30
In ga.py, 2018-11-26 13:09:15,054 - __main__ - INFO - population_validation[0]:[3600. 3000. 1600. 3600. 4200. 3000. 4200. 3600. 1600. 3600. 3600. 1600.
 3000. 4200. 3600. 1600. 3000. 4200. 3000. 1600. 1600. 1600. 3000. 3000.
 4200. 3000. 1600. 4200. 3000. 3000.]
In ga.py, 2018-11-26 13:10:01,321 - __main__ - INFO - population_validation second:[2986.6667, 2480.0, 2000.0, 2686.6667, 2000.0, 1500.0, 1900.0, 2446.6667, 2240.0, 1940.0]
In ga.py, 2018-11-26 13:12:46,441 - __main__ - INFO - len population_validation first:10,len population_validation[0]:30
In ga.py, 2018-11-26 13:12:46,444 - __main__ - INFO - population_validation[0]:[3600. 4200. 3600. 1600. 3600. 3600. 4200. 3000. 3000. 4200. 4200. 3600.
 3600. 4200. 4200. 3600. 3600. 3000. 3000. 1600. 1600. 1600. 3600. 1600.
 1600. 3000. 4200. 3000. 4200. 4200.]
In ga.py, 2018-11-26 13:13:32,190 - __main__ - INFO - population_validation second:[3260.0, 1760.0, 2800.0, 2393.3333, 2466.6667, 2333.3333, 1866.6666, 1840.0, 2086.6667, 2100.0]
In ga.py, 2018-11-26 13:16:18,649 - __main__ - INFO - len population_validation first:10,len population_validation[0]:30
In ga.py, 2018-11-26 13:16:18,651 - __main__ - INFO - population_validation[0]:[1600. 4200. 3600. 1600. 3000. 4200. 4200. 4200. 4200. 3600. 3000. 4200.
 3000. 3600. 4200. 3600. 4200. 4200. 1600. 1600. 3000. 3000. 4200. 3600.
 4200. 3600. 4200. 3000. 3600. 3600.]
In ga.py, 2018-11-26 13:17:04,693 - __main__ - INFO - population_validation second:[3453.3333, 2193.3333, 2686.6667, 1966.6666, 2460.0, 1766.6666, 2320.0, 2000.0, 1720.0, 2466.6667]
In ga.py, 2018-11-26 13:19:52,261 - __main__ - INFO - len population_validation first:10,len population_validation[0]:30
In ga.py, 2018-11-26 13:19:52,263 - __main__ - INFO - population_validation[0]:[3000. 4200. 4200. 4200. 3000. 1600. 3000. 3600. 3600. 3000. 3600. 4200.
 3600. 3000. 1600. 3600. 4200. 3600. 3600. 3600. 3600. 1600. 3600. 3600.
 1600. 3600. 3600. 1600. 4200. 4200.]
In ga.py, 2018-11-26 13:20:38,102 - __main__ - INFO - population_validation second:[3306.6667, 2473.3333, 2200.0, 1940.0, 2353.3333, 1786.6666, 1706.6666, 2580.0, 1893.3334, 1946.6666]
In ga.py, 2018-11-26 13:23:28,165 - __main__ - INFO - len population_validation first:10,len population_validation[0]:30
In ga.py, 2018-11-26 13:23:28,166 - __main__ - INFO - population_validation[0]:[3600. 1600. 3000. 3000. 3600. 3000. 3600. 3000. 3600. 3600. 3000. 4200.
 1600. 3600. 4200. 1600. 3000. 3000. 1600. 3000. 1600. 1600. 3000. 3000.
 3600. 4200. 1600. 3000. 4200. 3600.]
In ga.py, 2018-11-26 13:24:15,050 - __main__ - INFO - population_validation second:[2993.3333, 1846.6666, 2826.6667, 2066.6667, 2560.0, 1913.3334, 2100.0, 1900.0, 1800.0, 2066.6667]
In ga.py, 2018-11-26 13:27:03,064 - __main__ - INFO - len population_validation first:10,len population_validation[0]:30
In ga.py, 2018-11-26 13:27:03,065 - __main__ - INFO - population_validation[0]:[1600. 1600. 3000. 3600. 3000. 3000. 1600. 1600. 4200. 3000. 3600. 3600.
 4200. 3000. 1600. 4200. 3600. 3000. 1600. 1600. 4200. 3000. 4200. 4200.
 3000. 1600. 1600. 4200. 3600. 3600.]
In ga.py, 2018-11-26 13:27:50,691 - __main__ - INFO - population_validation second:[2980.0, 2673.3333, 2086.6667, 2100.0, 2300.0, 1720.0, 1920.0, 2293.3333, 2106.6667, 1693.3334]
In ga.py, 2018-11-26 13:30:39,503 - __main__ - INFO - len population_validation first:10,len population_validation[0]:30
In ga.py, 2018-11-26 13:30:39,506 - __main__ - INFO - population_validation[0]:[3600. 3000. 3000. 4200. 3000. 1600. 1600. 3000. 3000. 3600. 4200. 3600.
 3000. 4200. 4200. 3000. 3000. 3600. 3600. 4200. 3000. 4200. 4200. 3600.
 3600. 4200. 4200. 4200. 3600. 3000.]
In ga.py, 2018-11-26 13:31:25,029 - __main__ - INFO - population_validation second:[3466.6667, 1760.0, 1660.0, 2220.0, 2186.6667, 2513.3333, 1980.0, 1633.3334, 2253.3333, 1720.0]
In ga.py, 2018-11-26 13:34:30,674 - __main__ - INFO - len population_validation first:10,len population_validation[0]:30
In ga.py, 2018-11-26 13:34:30,675 - __main__ - INFO - population_validation[0]:[3000. 1600. 4200. 3600. 3000. 1600. 3600. 3000. 3000. 1600. 3000. 3600.
 3000. 1600. 3600. 1600. 1600. 4200. 4200. 4200. 1600. 3000. 3000. 1600.
 3600. 1600. 4200. 4200. 1600. 3600.]
In ga.py, 2018-11-26 13:35:18,701 - __main__ - INFO - population_validation second:[2893.3333, 1953.3334, 2280.0, 1773.3334, 2133.3333, 1806.6666, 2100.0, 1766.6666, 2573.3333, 1813.3334]
In ga.py, 2018-11-26 13:38:14,031 - __main__ - INFO - len population_validation first:10,len population_validation[0]:30
In ga.py, 2018-11-26 13:38:14,032 - __main__ - INFO - population_validation[0]:[3000. 1600. 1600. 3600. 3000. 3600. 3600. 1600. 1600. 1600. 3000. 4200.
 3600. 3600. 3600. 1600. 1600. 4200. 3600. 4200. 4200. 3000. 3600. 3600.
 3000. 4200. 4200. 3000. 4200. 3000.]
In ga.py, 2018-11-26 13:39:01,549 - __main__ - INFO - population_validation second:[3133.3333, 2213.3333, 2226.6667, 2313.3333, 2313.3333, 2386.6667, 2086.6667, 1680.0, 2353.3333, 933.3333]
In ga.py, 2018-11-26 13:41:52,627 - __main__ - INFO - len population_validation first:10,len population_validation[0]:30
In ga.py, 2018-11-26 13:41:52,628 - __main__ - INFO - population_validation[0]:[1600. 4200. 3600. 3000. 3000. 4200. 3000. 4200. 4200. 1600. 3600. 3600.
 3600. 3600. 3600. 1600. 3000. 3000. 4200. 3000. 3000. 1600. 1600. 4200.
 3000. 3600. 4200. 4200. 3600. 3600.]
In ga.py, 2018-11-26 13:42:40,303 - __main__ - INFO - population_validation second:[3266.6667, 2066.6667, 2500.0, 1933.3334, 2400.0, 3046.6667, 1786.6666, 1940.0, 2783.3333, 1933.3334]
In ga.py, 2018-11-26 13:45:31,350 - __main__ - INFO - len population_validation first:10,len population_validation[0]:30
In ga.py, 2018-11-26 13:45:31,351 - __main__ - INFO - population_validation[0]:[1600. 3000. 1600. 3000. 1600. 4200. 1600. 3600. 3000. 1600. 1600. 3600.
 1600. 1600. 3000. 3600. 4200. 1600. 3600. 4200. 4200. 1600. 4200. 3600.
 1600. 4200. 3000. 3600. 3600. 1600.]
In ga.py, 2018-11-26 13:46:20,253 - __main__ - INFO - population_validation second:[2820.0, 2086.6667, 2466.6667, 2453.3333, 2280.0, 1560.0, 2446.6667, 1980.0, 1626.6666, 1686.6666]
In ga.py, 2018-11-26 13:49:10,762 - __main__ - INFO - len population_validation first:10,len population_validation[0]:30
In ga.py, 2018-11-26 13:49:10,763 - __main__ - INFO - population_validation[0]:[1600. 1600. 3000. 3600. 3600. 3000. 3000. 4200. 4200. 3000. 3600. 1600.
 3000. 4200. 3000. 3000. 3000. 3600. 3600. 4200. 3000. 4200. 1600. 4200.
 1600. 3600. 3600. 3000. 4200. 4200.]
In ga.py, 2018-11-26 13:49:58,114 - __main__ - INFO - population_validation second:[3226.6667, 2360.0, 2460.0, 2386.6667, 2653.3333, 1613.3334, 2353.3333, 2086.6667, 1973.3334, 2000.0]
In ga.py, 2018-11-26 13:52:49,863 - __main__ - INFO - len population_validation first:10,len population_validation[0]:30
In ga.py, 2018-11-26 13:52:49,865 - __main__ - INFO - population_validation[0]:[4200. 3600. 1600. 3000. 3600. 3000. 4200. 1600. 4200. 4200. 3000. 4200.
 4200. 3000. 1600. 3000. 3600. 3000. 4200. 1600. 3000. 3000. 3600. 4200.
 3000. 1600. 4200. 3600. 3600. 1600.]
In ga.py, 2018-11-26 13:53:36,882 - __main__ - INFO - population_validation second:[3200.0, 2660.0, 2213.3333, 1746.6666, 2400.0, 1660.0, 1840.0, 2320.0, 1806.6666, 2193.3333]
In ga.py, 2018-11-26 13:56:27,163 - __main__ - INFO - len population_validation first:10,len population_validation[0]:30
In ga.py, 2018-11-26 13:56:27,164 - __main__ - INFO - population_validation[0]:[4200. 1600. 4200. 1600. 4200. 3000. 3000. 3600. 3000. 1600. 3600. 3600.
 4200. 1600. 1600. 1600. 3600. 4200. 3600. 1600. 3600. 4200. 3000. 1600.
 3000. 1600. 3600. 1600. 3600. 3000.]
In ga.py, 2018-11-26 13:57:12,907 - __main__ - INFO - population_validation second:[2933.3333, 1973.3334, 2493.3333, 1346.6666, 3060.0, 2853.3333, 1913.3334, 1686.6666, 2733.3333, 1613.3334]
In ga.py, 2018-11-26 14:00:12,234 - __main__ - INFO - len population_validation first:10,len population_validation[0]:30
In ga.py, 2018-11-26 14:00:12,235 - __main__ - INFO - population_validation[0]:[2400. 2400. 4000. 1600. 1600. 4000. 1600. 2400. 2400. 1600. 4000. 4000.
 3400. 1600. 2400. 1600. 2400. 1600. 2400. 4000. 1600. 2400. 2400. 3400.
 4000. 4000. 4000. 1600. 3400. 2400.]
In ga.py, 2018-11-26 14:00:55,605 - __main__ - INFO - population_validation second:[2686.6667, 2720.0, 2306.6667, 2640.0, 2413.3333, 2320.0, 3100.0, 2413.3333, 2093.3333, 2413.3333]
In ga.py, 2018-11-26 14:03:51,935 - __main__ - INFO - len population_validation first:10,len population_validation[0]:30
In ga.py, 2018-11-26 14:03:51,936 - __main__ - INFO - population_validation[0]:[2800. 1800. 1800. 2800. 1800. 3800. 2800. 3800. 2800. 3800. 2800. 2800.
 1800. 3800. 1800. 3800. 2800. 2800. 1800. 3800. 2800. 2800. 1800. 3800.
 2800. 1800. 2800. 1800. 2800. 2800.]
In ga.py, 2018-11-26 14:04:36,213 - __main__ - INFO - population_validation second:[2733.3333, 2686.6667, 2420.0, 1833.3334, 2133.3333, 2720.0, 2373.3333, 2886.6667, 2346.6667, 2106.6667]
In ga.py, 2018-11-26 14:07:31,727 - __main__ - INFO - len population_validation first:10,len population_validation[0]:30
In ga.py, 2018-11-26 14:07:31,728 - __main__ - INFO - population_validation[0]:[1400. 3200. 3000. 3200. 3200. 3000. 3200. 3200. 3000. 1400. 3200. 1400.
 3000. 3200. 3200. 1400. 3200. 3200. 3000. 3200. 3200. 3200. 3000. 3000.
 3200. 3200. 1400. 1400. 3000. 1400.]
In ga.py, 2018-11-26 14:08:15,568 - __main__ - INFO - population_validation second:[2726.6667, 2000.0, 2366.6667, 2613.3333, 3060.0, 2826.6667, 2446.6667, 1973.3334, 2313.3333, 2706.6667]
In ga.py, 2018-11-26 14:11:06,821 - __main__ - INFO - len population_validation first:10,len population_validation[0]:30
In ga.py, 2018-11-26 14:11:06,822 - __main__ - INFO - population_validation[0]:[3800. 3800. 3800. 2400. 1400. 3800. 3800. 2400. 2400. 3800. 1400. 3800.
 1400. 3800. 3800. 3800. 3800. 1400. 1400. 3800. 3800. 3800. 3800. 2400.
 1400. 2400. 3800. 3800. 3800. 2400.]
In ga.py, 2018-11-26 14:11:51,146 - __main__ - INFO - population_validation second:[3040.0, 2126.6667, 2393.3333, 2366.6667, 1973.3334, 2120.0, 1973.3334, 2080.0, 2433.3333, 2073.3333]
In ga.py, 2018-11-26 14:14:46,890 - __main__ - INFO - len population_validation first:10,len population_validation[0]:30
In ga.py, 2018-11-26 14:14:46,892 - __main__ - INFO - population_validation[0]:[3800. 1400. 3800. 1400. 3800. 2400. 3800. 3800. 2400. 3800. 3800. 3800.
 3800. 2400. 3800. 3800. 2400. 2400. 3800. 1400. 1400. 2400. 1400. 2400.
 3800. 3800. 1400. 3800. 2400. 3800.]
In ga.py, 2018-11-26 14:15:30,094 - __main__ - INFO - population_validation second:[2946.6667, 2740.0, 2100.0, 2633.3333, 2580.0, 2386.6667, 1860.0, 1880.0, 2466.6667, 1960.0]
In ga.py, 2018-11-26 14:18:24,705 - __main__ - INFO - len population_validation first:10,len population_validation[0]:30
In ga.py, 2018-11-26 14:18:24,707 - __main__ - INFO - population_validation[0]:[1400. 3800. 3800. 1400. 3800. 3800. 2400. 2400. 1400. 3800. 2400. 3800.
 1400. 1400. 3800. 1400. 3800. 3800. 3800. 2400. 1400. 1400. 1400. 1400.
 3800. 3800. 1400. 3800. 1400. 2400.]
In ga.py, 2018-11-26 14:19:03,814 - __main__ - INFO - population_validation second:[2606.6667, 2406.6667, 2486.6667, 2440.0, 2706.6667, 1853.3334, 1900.0, 2660.0, 2093.3333, 2626.6667]
In ga.py, 2018-11-26 14:21:53,330 - __main__ - INFO - len population_validation first:10,len population_validation[0]:30
In ga.py, 2018-11-26 14:21:53,332 - __main__ - INFO - population_validation[0]:[2800. 2600. 2800. 3200. 2600. 2600. 2800. 2800. 2800. 1600. 3200. 2600.
 2600. 1600. 2600. 2800. 3200. 2800. 3200. 3200. 1600. 1600. 2600. 2800.
 2800. 1600. 1600. 1600. 2800. 1600.]
In ga.py, 2018-11-26 14:22:36,093 - __main__ - INFO - population_validation second:[2500.0, 2180.0, 2520.0, 2426.6667, 2103.3333, 1626.6666, 1906.6666, 1640.0, 1980.0, 1080.0]
In ga.py, 2018-11-26 14:25:29,129 - __main__ - INFO - len population_validation first:10,len population_validation[0]:30
In ga.py, 2018-11-26 14:25:29,131 - __main__ - INFO - population_validation[0]:[2000. 2600. 3400. 2800. 2800. 2000. 2000. 3400. 2600. 2800. 2800. 2800.
 2600. 2800. 2800. 2800. 2600. 3400. 3400. 2000. 2600. 2000. 3400. 2000.
 2800. 2800. 2600. 2800. 2800. 2600.]
In ga.py, 2018-11-26 14:26:17,304 - __main__ - INFO - population_validation second:[2693.3333, 2826.6667, 3010.0, 2533.3333, 1300.0, 1460.0, 2293.3333, 2386.6667, 1686.6666, 2380.0]
In ga.py, 2018-11-26 14:29:09,116 - __main__ - INFO - len population_validation first:10,len population_validation[0]:30
In ga.py, 2018-11-26 14:29:09,118 - __main__ - INFO - population_validation[0]:[3800. 2400. 4100. 4100. 2400. 2400. 3800. 2400. 4100. 4100. 2400. 2000.
 4100. 2400. 2000. 2400. 3800. 2400. 4100. 3800. 2400. 3800. 2000. 4100.
 2000. 2400. 2000. 3800. 4100. 2000.]
In ga.py, 2018-11-26 14:29:56,612 - __main__ - INFO - population_validation second:[3053.3333, 3013.3333, 1820.0, 2166.6667, 2313.3333, 2813.3333, 1740.0, 2380.0, 2180.0, 2493.3333]
In ga.py, 2018-11-26 14:32:49,946 - __main__ - INFO - len population_validation first:10,len population_validation[0]:30
In ga.py, 2018-11-26 14:32:49,947 - __main__ - INFO - population_validation[0]:[3800. 2000. 2000. 3800. 3800. 2000. 2400. 2400. 2000. 2000. 2400. 2400.
 3800. 3800. 2400. 2000. 4100. 2400. 2400. 2000. 3800. 4100. 2000. 2400.
 2000. 2000. 4100. 2400. 4100. 3800.]
In ga.py, 2018-11-26 14:33:34,093 - __main__ - INFO - population_validation second:[2820.0, 1900.0, 2433.3333, 2640.0, 2600.0, 2146.6667, 1960.0, 2093.3333, 2926.6667, 2126.6667]
In ga.py, 2018-11-26 14:36:30,383 - __main__ - INFO - len population_validation first:10,len population_validation[0]:30
In ga.py, 2018-11-26 14:36:30,385 - __main__ - INFO - population_validation[0]:[3000. 2400. 2400. 3400. 2400. 3400. 2400. 2400. 2400. 2400. 2400. 2400.
 3400. 2400. 3000. 2400. 3000. 2400. 3000. 2400. 3400. 2400. 2400. 3400.
 2400. 3400. 2400. 2400. 3000. 2400.]
In ga.py, 2018-11-26 14:37:14,749 - __main__ - INFO - population_validation second:[2700.0, 2786.6667, 2860.0, 2733.3333, 2093.3333, 2266.6667, 2640.0, 2273.3333, 2100.0, 2320.0]
In ga.py, 2018-11-26 14:40:03,992 - __main__ - INFO - len population_validation first:10,len population_validation[0]:30
In ga.py, 2018-11-26 14:40:03,993 - __main__ - INFO - population_validation[0]:[2800. 2600. 2800. 3600. 3600. 2800. 3600. 2800. 2600. 2800. 2400. 2600.
 2400. 2600. 3600. 2800. 3600. 3600. 2800. 2600. 2600. 2600. 2800. 3600.
 3600. 2800. 3600. 2400. 3600. 2400.]
In ga.py, 2018-11-26 14:40:47,744 - __main__ - INFO - population_validation second:[2966.6667, 2586.6667, 1960.0, 2286.6667, 2680.0, 1613.3334, 2086.6667, 2406.6667, 2093.3333, 1780.0]
In ga.py, 2018-11-26 14:43:40,623 - __main__ - INFO - len population_validation first:10,len population_validation[0]:30
In ga.py, 2018-11-26 14:43:40,624 - __main__ - INFO - population_validation[0]:[3600. 2400. 2400. 2600. 2600. 2400. 2800. 2400. 3600. 2400. 2400. 3600.
 3600. 2600. 2600. 2800. 2400. 2400. 3600. 3600. 2600. 2600. 3600. 3600.
 2400. 3600. 3600. 3600. 2800. 2400.]
In ga.py, 2018-11-26 14:44:24,411 - __main__ - INFO - population_validation second:[2920.0, 2760.0, 2626.6667, 2120.0, 2793.3333, 1686.6666, 2276.6667, 1980.0, 2120.0, 2360.0]
In ga.py, 2018-11-26 14:47:20,148 - __main__ - INFO - len population_validation first:10,len population_validation[0]:30
In ga.py, 2018-11-26 14:47:20,149 - __main__ - INFO - population_validation[0]:[3600. 2400. 2800. 2600. 2600. 3600. 2800. 3600. 2800. 2800. 2400. 2400.
 2600. 2800. 2600. 2800. 2400. 2400. 2800. 3600. 2600. 2800. 2800. 2400.
 3600. 2600. 2800. 2800. 3600. 2400.]
In ga.py, 2018-11-26 14:48:04,193 - __main__ - INFO - population_validation second:[2826.6667, 1933.3334, 2280.0, 2446.6667, 2506.6667, 2780.0, 2306.6667, 2000.0, 1973.3334, 2206.6667]
In ga.py, 2018-11-26 14:51:06,195 - __main__ - INFO - len population_validation first:10,len population_validation[0]:30
In ga.py, 2018-11-26 14:51:06,196 - __main__ - INFO - population_validation[0]:[2600. 2400. 2600. 2600. 2400. 2400. 2800. 2800. 2600. 2400. 2800. 2400.
 2800. 2600. 2400. 2600. 3600. 3600. 2400. 2800. 2400. 2600. 3600. 3600.
 2400. 2400. 2400. 3600. 2800. 3600.]
In ga.py, 2018-11-26 14:51:51,288 - __main__ - INFO - population_validation second:[2766.6667, 2253.3333, 1853.3334, 2520.0, 2033.3334, 2140.0, 2033.3334, 2626.6667, 2040.0, 2213.3333]
In ga.py, 2018-11-26 14:54:46,182 - __main__ - INFO - len population_validation first:10,len population_validation[0]:30
In ga.py, 2018-11-26 14:54:46,185 - __main__ - INFO - population_validation[0]:[2400. 3600. 2800. 3600. 2400. 3600. 3600. 2800. 2600. 2400. 3600. 2400.
 3600. 2800. 2800. 3600. 3600. 3600. 3600. 2800. 2800. 3600. 2400. 2400.
 2800. 2800. 2800. 3600. 2400. 3600.]
In ga.py, 2018-11-26 14:55:29,086 - __main__ - INFO - population_validation second:[3046.6667, 2033.3334, 2296.6667, 2440.0, 2326.6667, 2320.0, 1846.6666, 2526.6667, 1993.3334, 1706.6666]
In ga.py, 2018-11-26 14:58:54,044 - __main__ - INFO - len population_validation first:10,len population_validation[0]:30
In ga.py, 2018-11-26 14:58:54,046 - __main__ - INFO - population_validation[0]:[2600. 3600. 2600. 3600. 2800. 2800. 2600. 2400. 2600. 2400. 2400. 2800.
 2800. 2600. 2600. 2800. 2800. 3600. 3600. 2600. 3600. 3600. 2400. 3600.
 3600. 2800. 2800. 2600. 3600. 2600.]
In ga.py, 2018-11-26 14:59:36,941 - __main__ - INFO - population_validation second:[2926.6667, 2866.6667, 2453.3333, 2506.6667, 2566.6667, 2853.3333, 2306.6667, 1820.0, 2253.3333, 1880.0]
In ga.py, 2018-11-26 15:02:38,034 - __main__ - INFO - len population_validation first:10,len population_validation[0]:30
In ga.py, 2018-11-26 15:02:38,035 - __main__ - INFO - population_validation[0]:[2800. 2800. 2800. 2800. 2400. 2400. 2400. 2800. 3600. 2400. 2800. 3600.
 2800. 2400. 3600. 2600. 2400. 2400. 2800. 3600. 3600. 3600. 2400. 2400.
 3600. 3600. 2400. 2600. 2400. 2800.]
In ga.py, 2018-11-26 15:03:21,307 - __main__ - INFO - population_validation second:[2853.3333, 1880.0, 2500.0, 2346.6667, 2566.6667, 1906.6666, 2120.0, 1693.3334, 2383.3333, 1986.6666]
In ga.py, 2018-11-26 15:06:29,983 - __main__ - INFO - len population_validation first:10,len population_validation[0]:30
In ga.py, 2018-11-26 15:06:29,984 - __main__ - INFO - population_validation[0]:[2600. 2800. 2600. 3600. 2400. 2600. 3600. 2600. 3600. 3600. 2600. 2400.
 3600. 2400. 3600. 3600. 2400. 2400. 2600. 2400. 3600. 2600. 2600. 2400.
 2600. 2600. 3600. 3600. 3600. 2400.]
In ga.py, 2018-11-26 15:07:13,428 - __main__ - INFO - population_validation second:[2920.0, 2733.3333, 2646.6667, 2706.6667, 2153.3333, 1860.0, 2946.6667, 2040.0, 2900.0, 2426.6667]
In ga.py, 2018-11-26 15:10:12,946 - __main__ - INFO - len population_validation first:10,len population_validation[0]:30
In ga.py, 2018-11-26 15:10:12,947 - __main__ - INFO - population_validation[0]:[2200. 3600. 2800. 2200. 3600. 2200. 2800. 3600. 2600. 2200. 2200. 2800.
 3600. 2600. 3600. 2600. 2200. 2600. 2800. 2600. 2200. 2600. 2600. 2600.
 2800. 2200. 2200. 3600. 2800. 2600.]
In ga.py, 2018-11-26 15:10:53,280 - __main__ - INFO - population_validation second:[2720.0, 2480.0, 2146.6667, 1986.6666, 2433.3333, 2746.6667, 2140.0, 2846.6667, 1920.0, 1946.6666]
In ga.py, 2018-11-26 15:13:57,952 - __main__ - INFO - len population_validation first:10,len population_validation[0]:30
In ga.py, 2018-11-26 15:13:57,954 - __main__ - INFO - population_validation[0]:[2600. 2200. 3200. 2600. 3000. 3200. 2200. 3000. 3000. 2600. 3000. 3200.
 3000. 3000. 3200. 3000. 3200. 2200. 3200. 3200. 3200. 2600. 2600. 3200.
 3200. 2200. 2600. 2600. 2200. 3000.]
In ga.py, 2018-11-26 15:14:41,004 - __main__ - INFO - population_validation second:[2840.0, 2320.0, 2686.6667, 2786.6667, 2566.6667, 2700.0, 2766.6667, 2273.3333, 2000.0, 2500.0]
In ga.py, 2018-11-26 15:17:42,049 - __main__ - INFO - len population_validation first:10,len population_validation[0]:30
In ga.py, 2018-11-26 15:17:42,050 - __main__ - INFO - population_validation[0]:[2600. 3000. 2600. 3000. 2200. 3000. 2600. 2200. 3200. 2600. 2200. 2600.
 3000. 3000. 2200. 2600. 2600. 2600. 3000. 2200. 3000. 2600. 3000. 3000.
 2200. 3000. 3200. 2200. 2600. 3000.]
In ga.py, 2018-11-26 15:18:23,298 - __main__ - INFO - population_validation second:[2693.3333, 1446.6666, 2500.0, 2333.3333, 2786.6667, 2633.3333, 1046.6666, 1660.0, 1973.3334, 2840.0]
In ga.py, 2018-11-26 15:21:30,154 - __main__ - INFO - len population_validation first:10,len population_validation[0]:30
In ga.py, 2018-11-26 15:21:30,155 - __main__ - INFO - population_validation[0]:[3400. 2200. 3400. 3400. 2600. 3400. 2200. 2200. 2600. 3400. 2600. 2200.
 3400. 2600. 2600. 2600. 3400. 2600. 2600. 3400. 2600. 2200. 3400. 3400.
 2600. 2600. 2600. 3400. 2600. 2200.]
In ga.py, 2018-11-26 15:22:18,059 - __main__ - INFO - population_validation second:[2813.3333, 2066.6667, 2386.6667, 2580.0, 2193.3333, 1953.3334, 2506.6667, 3200.0, 2066.6667, 2180.0]
In ga.py, 2018-11-26 15:25:19,754 - __main__ - INFO - len population_validation first:10,len population_validation[0]:30
In ga.py, 2018-11-26 15:25:19,755 - __main__ - INFO - population_validation[0]:[3400. 2800. 2800. 2800. 2800. 2800. 4000. 2800. 3400. 2800. 2800. 2800.
 2800. 3400. 2800. 2800. 3400. 2800. 4000. 3400. 3400. 2800. 3400. 2800.
 2800. 4000. 4000. 2800. 2800. 4000.]
In ga.py, 2018-11-26 15:26:08,962 - __main__ - INFO - population_validation second:[3140.0, 2813.3333, 3406.6667, 2373.3333, 2553.3333, 2426.6667, 980.0, 2646.6667, 2146.6667, 2500.0]
In ga.py, 2018-11-26 15:29:13,878 - __main__ - INFO - len population_validation first:10,len population_validation[0]:30
In ga.py, 2018-11-26 15:29:13,879 - __main__ - INFO - population_validation[0]:[3600. 4000. 3600. 4000. 3600. 3000. 3000. 4000. 3000. 3000. 3600. 4000.
 3600. 3600. 3000. 3000. 3000. 4000. 3600. 4000. 3000. 3000. 3000. 3000.
 3000. 3000. 3600. 3000. 3000. 3000.]
In ga.py, 2018-11-26 15:30:05,856 - __main__ - INFO - population_validation second:[3360.0, 2800.0, 2106.6667, 2633.3333, 3026.6667, 2300.0, 2626.6667, 2253.3333, 2300.0, 2013.3334]
In ga.py, 2018-11-26 15:33:09,891 - __main__ - INFO - len population_validation first:10,len population_validation[0]:30
In ga.py, 2018-11-26 15:33:09,892 - __main__ - INFO - population_validation[0]:[3000. 3000. 3600. 3000. 3600. 3600. 4000. 3000. 3000. 3600. 3000. 3000.
 3600. 4000. 3000. 3000. 3000. 3000. 3000. 4000. 3000. 3000. 3000. 3600.
 3600. 3600. 4000. 3000. 3600. 3000.]
In ga.py, 2018-11-26 15:34:02,743 - __main__ - INFO - population_validation second:[3313.3333, 3020.0, 2080.0, 2266.6667, 2033.3334, 1640.0, 1970.0, 1520.0, 2253.3333, 2160.0]
In ga.py, 2018-11-26 15:37:01,616 - __main__ - INFO - len population_validation first:10,len population_validation[0]:30
In ga.py, 2018-11-26 15:37:01,618 - __main__ - INFO - population_validation[0]:[4000. 3000. 3000. 3600. 3600. 4000. 4000. 3000. 3600. 3600. 3000. 3000.
 3000. 3000. 3000. 4000. 4000. 3000. 4000. 3000. 4000. 3600. 3000. 3600.
 3000. 4000. 3600. 3000. 4000. 3000.]
In ga.py, 2018-11-26 15:37:51,654 - __main__ - INFO - population_validation second:[3440.0, 2386.6667, 2280.0, 2826.6667, 1473.3334, 1780.0, 1793.3334, 2220.0, 1966.6666, 1866.6666]
In ga.py, 2018-11-26 15:40:46,445 - __main__ - INFO - len population_validation first:10,len population_validation[0]:30
In ga.py, 2018-11-26 15:40:46,446 - __main__ - INFO - population_validation[0]:[4000. 3600. 4000. 3600. 3000. 4000. 3600. 3000. 4000. 3600. 3000. 4000.
 3600. 3000. 3000. 4000. 4000. 3000. 3000. 4000. 3600. 4000. 3000. 3000.
 3600. 3000. 3000. 3000. 3000. 3000.]
In ga.py, 2018-11-26 15:41:34,224 - __main__ - INFO - population_validation second:[3440.0, 2233.3333, 2040.0, 2506.6667, 2146.6667, 2753.3333, 2146.6667, 2240.0, 1833.3334, 2366.6667]
In ga.py, 2018-11-26 15:44:38,202 - __main__ - INFO - len population_validation first:10,len population_validation[0]:30
In ga.py, 2018-11-26 15:44:38,203 - __main__ - INFO - population_validation[0]:[3000. 3000. 3600. 3600. 4000. 3600. 3600. 3600. 3000. 3600. 3000. 3000.
 3000. 3600. 4000. 3000. 3000. 3000. 3000. 4000. 4000. 3000. 3600. 3600.
 3600. 3000. 3600. 4000. 4000. 3000.]
In ga.py, 2018-11-26 15:45:25,137 - __main__ - INFO - population_validation second:[3420.0, 2326.6667, 3546.6667, 2740.0, 2523.3333, 1800.0, 2653.3333, 2973.3333, 1780.0, 2166.6667]
In ga.py, 2018-11-26 15:48:29,649 - __main__ - INFO - len population_validation first:10,len population_validation[0]:30
In ga.py, 2018-11-26 15:48:29,650 - __main__ - INFO - population_validation[0]:[4000. 4000. 2400. 4000. 2400. 2400. 3200. 4000. 4000. 3200. 4000. 2400.
 4000. 2400. 3200. 2400. 4000. 3200. 4000. 3200. 3200. 3200. 4000. 3200.
 4000. 4000. 4000. 3200. 3200. 4000.]
In ga.py, 2018-11-26 15:49:22,158 - __main__ - INFO - population_validation second:[3413.3333, 2070.0, 3000.0, 1920.0, 1633.3334, 1386.6666, 3020.0, 1586.6666, 2320.0, 2400.0]
In ga.py, 2018-11-26 15:52:28,701 - __main__ - INFO - len population_validation first:10,len population_validation[0]:30
In ga.py, 2018-11-26 15:52:28,703 - __main__ - INFO - population_validation[0]:[3200. 4000. 4000. 3200. 3200. 3200. 4000. 4000. 4000. 4000. 4000. 2400.
 4000. 4000. 2400. 4000. 4000. 4000. 3200. 4000. 3200. 4000. 3200. 4000.
 3200. 4000. 3200. 3200. 2400. 4000.]
In ga.py, 2018-11-26 15:53:19,384 - __main__ - INFO - population_validation second:[3573.3333, 1986.6666, 2266.6667, 2053.3333, 2426.6667, 2820.0, 2060.0, 1986.6666, 2200.0, 2486.6667]
In ga.py, 2018-11-26 15:56:22,111 - __main__ - INFO - len population_validation first:10,len population_validation[0]:30
In ga.py, 2018-11-26 15:56:22,112 - __main__ - INFO - population_validation[0]:[3200. 3200. 2400. 3200. 4000. 3200. 4000. 4000. 4000. 2400. 4000. 4000.
 4000. 2400. 2400. 4000. 4000. 4000. 3200. 2400. 4000. 4000. 4000. 4000.
 4000. 2400. 4000. 2400. 2400. 2400.]
In ga.py, 2018-11-26 15:57:10,695 - __main__ - INFO - population_validation second:[3386.6667, 2206.6667, 2733.3333, 2613.3333, 1500.0, 2080.0, 2466.6667, 1720.0, 1913.3334, 2773.3333]
In ga.py, 2018-11-26 16:00:14,162 - __main__ - INFO - len population_validation first:10,len population_validation[0]:30
In ga.py, 2018-11-26 16:00:14,163 - __main__ - INFO - population_validation[0]:[4000. 3200. 4000. 4000. 2400. 2400. 4000. 3200. 3200. 3200. 4000. 2400.
 4000. 4000. 3200. 3200. 3200. 3200. 4000. 4000. 3200. 3200. 3200. 3200.
 3200. 3200. 3200. 4000. 2400. 3200.]
In ga.py, 2018-11-26 16:01:03,552 - __main__ - INFO - population_validation second:[3360.0, 2733.3333, 2320.0, 3220.0, 2180.0, 2226.6667, 2146.6667, 2560.0, 2366.6667, 1813.3334]
In ga.py, 2018-11-26 16:04:10,663 - __main__ - INFO - len population_validation first:10,len population_validation[0]:30
In ga.py, 2018-11-26 16:04:10,666 - __main__ - INFO - population_validation[0]:[4000. 4000. 4000. 4000. 4000. 4000. 2400. 4000. 4000. 4000. 2400. 4000.
 2400. 3200. 4000. 3200. 2400. 3200. 4000. 3200. 4000. 3200. 3200. 4000.
 4000. 4000. 4000. 4000. 4000. 2400.]
In ga.py, 2018-11-26 16:05:01,231 - __main__ - INFO - population_validation second:[3573.3333, 2946.6667, 2446.6667, 2660.0, 1540.0, 1696.6666, 1800.0, 2646.6667, 2760.0, 1463.3334]
In ga.py, 2018-11-26 16:08:02,685 - __main__ - INFO - len population_validation first:10,len population_validation[0]:30
In ga.py, 2018-11-26 16:08:02,687 - __main__ - INFO - population_validation[0]:[3200. 4000. 3200. 4000. 3200. 4000. 4000. 3200. 3200. 2400. 4000. 4000.
 3200. 4000. 4000. 2400. 3200. 2400. 2400. 4000. 3200. 4000. 4000. 4000.
 3200. 4000. 2400. 4000. 2400. 4000.]
In ga.py, 2018-11-26 16:08:51,765 - __main__ - INFO - population_validation second:[3440.0, 2213.3333, 1966.6666, 1800.0, 1913.3334, 2613.3333, 2680.0, 2100.0, 1993.3334, 1780.0]
In ga.py, 2018-11-26 16:11:51,344 - __main__ - INFO - len population_validation first:10,len population_validation[0]:30
In ga.py, 2018-11-26 16:11:51,345 - __main__ - INFO - population_validation[0]:[3200. 2400. 4000. 4000. 4000. 4000. 3200. 2400. 4000. 3200. 4000. 4000.
 3200. 4000. 4000. 4000. 4000. 3200. 2400. 2400. 3200. 4000. 3200. 4000.
 3200. 4000. 3200. 2400. 3200. 4000.]
In ga.py, 2018-11-26 16:12:41,107 - __main__ - INFO - population_validation second:[3466.6667, 2453.3333, 2760.0, 2973.3333, 2106.6667, 2300.0, 2946.6667, 1800.0, 2626.6667, 1626.6666]
In ga.py, 2018-11-26 16:15:38,985 - __main__ - INFO - len population_validation first:10,len population_validation[0]:30
In ga.py, 2018-11-26 16:15:38,986 - __main__ - INFO - population_validation[0]:[3200. 2400. 3200. 4000. 2400. 4000. 3200. 2400. 4000. 3200. 2400. 4000.
 3200. 2400. 2400. 3200. 4000. 4000. 4000. 2400. 4000. 2400. 4000. 4000.
 4000. 2400. 4000. 4000. 2400. 3200.]
In ga.py, 2018-11-26 16:16:27,599 - __main__ - INFO - population_validation second:[3280.0, 2406.6667, 2306.6667, 2180.0, 1980.0, 1673.3334, 2713.3333, 2206.6667, 2906.6667, 2266.6667]
In ga.py, 2018-11-26 16:19:21,763 - __main__ - INFO - len population_validation first:10,len population_validation[0]:30
In ga.py, 2018-11-26 16:19:21,765 - __main__ - INFO - population_validation[0]:[4000. 4000. 4000. 3200. 4000. 3200. 4000. 2400. 4000. 2400. 4000. 3200.
 4000. 2400. 4000. 4000. 4000. 4000. 4000. 3200. 4000. 4000. 4000. 2400.
 4000. 2400. 3200. 3200. 2400. 3200.]
In ga.py, 2018-11-26 16:20:10,420 - __main__ - INFO - population_validation second:[3493.3333, 2480.0, 2320.0, 1173.3334, 1946.6666, 1600.0, 1680.0, 1746.6666, 2546.6667, 2346.6667]
In ga.py, 2018-11-26 16:23:32,141 - __main__ - INFO - len population_validation first:10,len population_validation[0]:30
In ga.py, 2018-11-26 16:23:32,143 - __main__ - INFO - population_validation[0]:[4000. 3200. 4000. 3200. 3200. 4000. 4000. 3200. 4000. 4000. 4000. 4000.
 4000. 4000. 4000. 2400. 2400. 4000. 4000. 3200. 3200. 4000. 2400. 4000.
 4000. 4000. 3200. 4000. 4000. 3200.]
In ga.py, 2018-11-26 16:24:20,400 - __main__ - INFO - population_validation second:[3626.6667, 1966.6666, 1760.0, 2166.6667, 1673.3334, 2400.0, 1933.3334, 2340.0, 2500.0, 1753.3334]
In ga.py, 2018-11-26 16:27:34,173 - __main__ - INFO - len population_validation first:10,len population_validation[0]:30
In ga.py, 2018-11-26 16:27:34,175 - __main__ - INFO - population_validation[0]:[2400. 3200. 2400. 4000. 4000. 3200. 3200. 3200. 4000. 2400. 3200. 2400.
 2400. 3200. 3200. 2400. 3200. 4000. 4000. 2400. 4000. 3200. 2400. 2400.
 4000. 4000. 4000. 3200. 4000. 4000.]
In ga.py, 2018-11-26 16:28:22,070 - __main__ - INFO - population_validation second:[3253.3333, 2700.0, 2820.0, 2166.6667, 2820.0, 2666.6667, 1936.6666, 2740.0, 2773.3333, 2613.3333]
In ga.py, 2018-11-26 16:31:37,648 - __main__ - INFO - len population_validation first:10,len population_validation[0]:30
In ga.py, 2018-11-26 16:31:37,650 - __main__ - INFO - population_validation[0]:[2400. 4000. 3200. 2400. 4000. 4000. 4000. 4000. 4000. 2400. 3200. 4000.
 4000. 3200. 4000. 3200. 2400. 4000. 3200. 4000. 4000. 2400. 2400. 2400.
 3200. 4000. 3200. 4000. 3200. 2400.]
In ga.py, 2018-11-26 16:32:25,636 - __main__ - INFO - population_validation second:[3360.0, 2363.3333, 2240.0, 2693.3333, 2226.6667, 2166.6667, 2473.3333, 1280.0, 3160.0, 3073.3333]
In ga.py, 2018-11-26 16:35:38,882 - __main__ - INFO - len population_validation first:10,len population_validation[0]:30
In ga.py, 2018-11-26 16:35:38,883 - __main__ - INFO - population_validation[0]:[4000. 4000. 3200. 4000. 2400. 4000. 4000. 3200. 4000. 2400. 3200. 4000.
 4000. 2400. 4000. 3200. 4000. 2400. 2400. 3200. 3200. 4000. 3200. 4000.
 3200. 4000. 4000. 4000. 2400. 2400.]
In ga.py, 2018-11-26 16:36:24,861 - __main__ - INFO - population_validation second:[3413.3333, 2540.0, 2313.3333, 1486.6666, 2500.0, 1500.0, 2246.6667, 2666.6667, 2366.6667, 3153.3333]
In ga.py, 2018-11-26 16:39:36,695 - __main__ - INFO - len population_validation first:10,len population_validation[0]:30
In ga.py, 2018-11-26 16:39:36,697 - __main__ - INFO - population_validation[0]:[4000. 2400. 4000. 2400. 2400. 2400. 4000. 4000. 4000. 3200. 4000. 4000.
 3200. 2400. 4000. 4000. 3200. 3200. 4000. 4000. 2400. 3200. 4000. 4000.
 2400. 2400. 4000. 4000. 4000. 4000.]
In ga.py, 2018-11-26 16:40:25,963 - __main__ - INFO - population_validation second:[3440.0, 1700.0, 2973.3333, 2440.0, 2300.0, 2173.3333, 1700.0, 2706.6667, 1886.6666, 2420.0]
In ga.py, 2018-11-26 16:43:37,396 - __main__ - INFO - len population_validation first:10,len population_validation[0]:30
In ga.py, 2018-11-26 16:43:37,397 - __main__ - INFO - population_validation[0]:[4000. 4000. 3200. 3200. 4000. 3200. 3200. 4000. 4000. 3200. 3200. 4000.
 4000. 2400. 4000. 2400. 3200. 4000. 2400. 3200. 2400. 4000. 2400. 4000.
 4000. 2400. 3200. 4000. 2400. 3200.]
In ga.py, 2018-11-26 16:44:24,342 - __main__ - INFO - population_validation second:[3360.0, 2640.0, 2486.6667, 2653.3333, 2400.0, 2720.0, 1586.6666, 1153.3334, 2426.6667, 2033.3334]
In ga.py, 2018-11-26 16:47:32,789 - __main__ - INFO - len population_validation first:10,len population_validation[0]:30
In ga.py, 2018-11-26 16:47:32,790 - __main__ - INFO - population_validation[0]:[4000. 3200. 4000. 4000. 2400. 4000. 3200. 3200. 4000. 2400. 4000. 3200.
 3200. 3200. 4000. 3200. 4000. 4000. 3200. 2400. 2400. 4000. 3200. 4000.
 2400. 4000. 3200. 4000. 4000. 4000.]
In ga.py, 2018-11-26 16:48:21,669 - __main__ - INFO - population_validation second:[3466.6667, 1760.0, 2246.6667, 1773.3334, 1933.3334, 2406.6667, 2480.0, 1520.0, 2080.0, 1640.0]
In ga.py, 2018-11-26 16:51:32,370 - __main__ - INFO - len population_validation first:10,len population_validation[0]:30
In ga.py, 2018-11-26 16:51:32,371 - __main__ - INFO - population_validation[0]:[2400. 2400. 2400. 3200. 2400. 4000. 4000. 2400. 4000. 2400. 3200. 3200.
 4000. 2400. 3200. 4000. 4000. 3200. 4000. 4000. 3200. 2400. 4000. 4000.
 4000. 3200. 3200. 3200. 4000. 2400.]
In ga.py, 2018-11-26 16:52:20,740 - __main__ - INFO - population_validation second:[3280.0, 2613.3333, 1520.0, 2346.6667, 3013.3333, 2986.6667, 1793.3334, 2636.6667, 2306.6667, 2133.3333]
In ga.py, 2018-11-26 16:55:34,310 - __main__ - INFO - len population_validation first:10,len population_validation[0]:30
In ga.py, 2018-11-26 16:55:34,312 - __main__ - INFO - population_validation[0]:[3200. 3200. 2400. 3200. 2400. 3200. 2400. 3200. 2400. 3200. 3200. 3200.
 3200. 4000. 4000. 4000. 3200. 4000. 3200. 4000. 3200. 3200. 4000. 2400.
 2400. 4000. 3200. 4000. 4000. 2400.]
In ga.py, 2018-11-26 16:56:21,828 - __main__ - INFO - population_validation second:[3253.3333, 2933.3333, 2880.0, 2406.6667, 2880.0, 3040.0, 1540.0, 2013.3334, 1873.3334, 1406.6666]
In ga.py, 2018-11-26 16:59:33,156 - __main__ - INFO - len population_validation first:10,len population_validation[0]:30
In ga.py, 2018-11-26 16:59:33,159 - __main__ - INFO - population_validation[0]:[3200. 4000. 4000. 4000. 3200. 4000. 4000. 2400. 3200. 4000. 3200. 2400.
 3200. 4000. 4000. 4000. 4000. 3200. 4000. 3200. 4000. 3200. 4000. 4000.
 4000. 3200. 4000. 4000. 2400. 3200.]
In ga.py, 2018-11-26 17:00:22,387 - __main__ - INFO - population_validation second:[3573.3333, 1680.0, 2586.6667, 2793.3333, 2860.0, 2706.6667, 2626.6667, 1693.3334, 3086.6667, 3126.6667]
In ga.py, 2018-11-26 17:03:37,627 - __main__ - INFO - len population_validation first:10,len population_validation[0]:30
In ga.py, 2018-11-26 17:03:37,628 - __main__ - INFO - population_validation[0]:[3200. 3200. 2400. 2400. 4000. 3200. 4000. 2400. 4000. 4000. 4000. 3200.
 4000. 4000. 3200. 4000. 2400. 2400. 4000. 2400. 3200. 4000. 4000. 3200.
 2400. 3200. 3200. 4000. 4000. 4000.]
In ga.py, 2018-11-26 17:04:30,353 - __main__ - INFO - population_validation second:[3386.6667, 1900.0, 2293.3333, 1640.0, 1526.6666, 2050.0, 2693.3333, 1600.0, 1373.3334, 2080.0]
In ga.py, 2018-11-26 17:07:43,358 - __main__ - INFO - len population_validation first:10,len population_validation[0]:30
In ga.py, 2018-11-26 17:07:43,360 - __main__ - INFO - population_validation[0]:[4000. 4000. 4000. 4000. 3200. 2400. 4000. 4000. 2400. 3200. 3200. 4000.
 4000. 3200. 3200. 2400. 4000. 2400. 4000. 2400. 4000. 4000. 4000. 3200.
 4000. 3200. 3200. 2400. 3200. 3200.]
In ga.py, 2018-11-26 17:08:33,241 - __main__ - INFO - population_validation second:[3413.3333, 2960.0, 2086.6667, 2473.3333, 2060.0, 2340.0, 2923.3333, 2160.0, 2133.3333, 2693.3333]
In ga.py, 2018-11-26 17:11:45,018 - __main__ - INFO - len population_validation first:10,len population_validation[0]:30
In ga.py, 2018-11-26 17:11:45,019 - __main__ - INFO - population_validation[0]:[2400. 4000. 4000. 3200. 3200. 4000. 4000. 4000. 3200. 2400. 3200. 3200.
 2400. 4000. 2400. 4000. 4000. 3200. 4000. 3200. 2400. 2400. 3200. 4000.
 4000. 4000. 2400. 4000. 4000. 2400.]
In ga.py, 2018-11-26 17:12:34,299 - __main__ - INFO - population_validation second:[3360.0, 1893.3334, 2360.0, 2193.3333, 3440.0, 2420.0, 3103.3333, 2300.0, 2800.0, 1353.3334]
In ga.py, 2018-11-26 17:15:50,520 - __main__ - INFO - len population_validation first:10,len population_validation[0]:30
In ga.py, 2018-11-26 17:15:50,521 - __main__ - INFO - population_validation[0]:[2600. 2600. 2600. 3800. 3800. 3200. 3800. 3200. 2600. 3800. 3200. 3800.
 3800. 3200. 2600. 3800. 3800. 2600. 3800. 2600. 2600. 3800. 2600. 3800.
 2600. 2600. 3800. 2600. 3800. 3800.]
In ga.py, 2018-11-26 17:16:40,791 - __main__ - INFO - population_validation second:[3240.0, 2893.3333, 1580.0, 2263.3333, 2340.0, 2633.3333, 3113.3333, 2153.3333, 2320.0, 2766.6667]
In ga.py, 2018-11-26 17:19:49,580 - __main__ - INFO - len population_validation first:10,len population_validation[0]:30
In ga.py, 2018-11-26 17:19:49,581 - __main__ - INFO - population_validation[0]:[3200. 3800. 3800. 3800. 3800. 3200. 2600. 3800. 3200. 3800. 3800. 3800.
 3200. 3800. 3800. 2600. 2600. 3800. 3800. 2600. 3800. 3200. 3800. 3200.
 2600. 3200. 3800. 3200. 3800. 3800.]
In ga.py, 2018-11-26 17:20:36,476 - __main__ - INFO - population_validation second:[3440.0, 2933.3333, 2253.3333, 1600.0, 2040.0, 2113.3333, 2760.0, 2340.0, 2026.6666, 1966.6666]
In ga.py, 2018-11-26 17:23:45,952 - __main__ - INFO - len population_validation first:10,len population_validation[0]:30
In ga.py, 2018-11-26 17:23:45,953 - __main__ - INFO - population_validation[0]:[3200. 3800. 3800. 2600. 3800. 2600. 3800. 3800. 3800. 2600. 3800. 3800.
 2600. 3800. 3800. 3800. 3800. 3800. 3800. 2600. 3800. 3800. 3800. 3200.
 2600. 3800. 3800. 3800. 3800. 3800.]
In ga.py, 2018-11-26 17:24:35,701 - __main__ - INFO - population_validation second:[3520.0, 1880.0, 2660.0, 2713.3333, 2146.6667, 3406.6667, 1640.0, 1166.6666, 2600.0, 2453.3333]
In ga.py, 2018-11-26 17:27:53,046 - __main__ - INFO - len population_validation first:10,len population_validation[0]:30
In ga.py, 2018-11-26 17:27:53,047 - __main__ - INFO - population_validation[0]:[2600. 3200. 3800. 3200. 3800. 2600. 3800. 2600. 3800. 3200. 3200. 2600.
 2600. 3800. 3800. 3800. 2600. 3800. 3800. 3800. 3800. 3200. 3800. 3800.
 2600. 3800. 3200. 3200. 3800. 2600.]
In ga.py, 2018-11-26 17:28:43,203 - __main__ - INFO - population_validation second:[3340.0, 3273.3333, 3080.0, 2600.0, 2026.6666, 2746.6667, 3060.0, 2486.6667, 1946.6666, 2653.3333]
In ga.py, 2018-11-26 17:31:54,489 - __main__ - INFO - len population_validation first:10,len population_validation[0]:30
In ga.py, 2018-11-26 17:31:54,491 - __main__ - INFO - population_validation[0]:[3200. 3800. 3800. 2600. 3800. 3800. 2600. 3800. 3800. 2600. 3200. 3800.
 3200. 3800. 3200. 3800. 3800. 3800. 3200. 2600. 3800. 2600. 2600. 3800.
 3800. 3200. 2600. 2600. 3800. 3800.]
In ga.py, 2018-11-26 17:32:43,646 - __main__ - INFO - population_validation second:[3360.0, 1733.3334, 2226.6667, 993.3333, 2200.0, 2993.3333, 2293.3333, 2293.3333, 2760.0, 2633.3333]
In ga.py, 2018-11-26 17:35:54,560 - __main__ - INFO - len population_validation first:10,len population_validation[0]:30
In ga.py, 2018-11-26 17:35:54,562 - __main__ - INFO - population_validation[0]:[3800. 2600. 3200. 3800. 2600. 2600. 2600. 3800. 3800. 3800. 3800. 2600.
 3800. 3200. 3800. 2600. 3800. 3800. 2600. 3800. 3200. 2600. 3200. 3800.
 3200. 2600. 3800. 3200. 2600. 3800.]
In ga.py, 2018-11-26 17:36:45,119 - __main__ - INFO - population_validation second:[3280.0, 1500.0, 1940.0, 3033.3333, 2153.3333, 2180.0, 2630.0, 1873.3334, 2326.6667, 2280.0]
In ga.py, 2018-11-26 17:39:53,394 - __main__ - INFO - len population_validation first:10,len population_validation[0]:30
In ga.py, 2018-11-26 17:39:53,396 - __main__ - INFO - population_validation[0]:[3800. 3800. 2600. 3800. 3800. 2600. 3800. 3800. 3800. 3800. 3800. 3200.
 3800. 2600. 3800. 2600. 3800. 3200. 3800. 3200. 3200. 3800. 2600. 3800.
 3200. 3800. 3800. 3200. 3800. 3800.]
In ga.py, 2018-11-26 17:40:41,215 - __main__ - INFO - population_validation second:[3480.0, 1700.0, 2833.3333, 2300.0, 1133.3334, 1666.6666, 2873.3333, 2733.3333, 1860.0, 2060.0]
In ga.py, 2018-11-26 17:43:56,161 - __main__ - INFO - len population_validation first:10,len population_validation[0]:30
In ga.py, 2018-11-26 17:43:56,162 - __main__ - INFO - population_validation[0]:[3800. 3800. 3800. 3200. 3800. 3800. 3800. 3200. 2600. 3800. 3800. 3800.
 2600. 3800. 2600. 3200. 2600. 2600. 3200. 3200. 3800. 3200. 2600. 3800.
 3800. 2600. 2600. 3800. 3800. 3200.]
In ga.py, 2018-11-26 17:44:43,105 - __main__ - INFO - population_validation second:[3340.0, 1913.3334, 2413.3333, 1553.3334, 2526.6667, 2186.6667, 2260.0, 2680.0, 1873.3334, 2720.0]
