In ga.py, 2018-11-26 03:29:10,051 - __main__ - INFO - len population_validation first:10,len population_validation[0]:30
In ga.py, 2018-11-26 03:29:10,053 - __main__ - INFO - population_validation[0]:[160. 180. 160. 180. 160. 180. 230. 180. 180. 180. 160. 180. 180. 230.
 180. 230. 160. 180. 180. 180. 180. 180. 180. 180. 160. 180. 160. 180.
 160. 180.]
In ga.py, 2018-11-26 03:29:32,104 - __main__ - INFO - population_validation second:[179.66667, 201.66667, 200.66667, 212.66667, 194.66667, 214.66667, 220.0, 230.66667, 188.66667, 191.66667]
In ga.py, 2018-11-26 03:32:12,601 - __main__ - INFO - len population_validation first:10,len population_validation[0]:30
In ga.py, 2018-11-26 03:32:12,602 - __main__ - INFO - population_validation[0]:[240. 240. 230. 220. 220. 210. 230. 220. 220. 210. 210. 210. 230. 210.
 210. 240. 220. 230. 240. 230. 230. 220. 230. 240. 210. 230. 210. 210.
 210. 240.]
In ga.py, 2018-11-26 03:32:39,150 - __main__ - INFO - population_validation second:[223.33333, 400.66666, 548.3333, 213.33333, 229.33333, 205.66667, 246.33333, 224.0, 240.0, 181.0]
In ga.py, 2018-11-26 03:35:21,811 - __main__ - INFO - len population_validation first:10,len population_validation[0]:30
In ga.py, 2018-11-26 03:35:21,813 - __main__ - INFO - population_validation[0]:[1310.  170. 1310.  170.  180. 1310.  170.  780. 1310.  780.  780.  170.
 1310. 1310.  170.  170.  180.  180. 1310.  780.  180.  180. 1310.  180.
  780.  780. 1310.  170.  170.  780.]
In ga.py, 2018-11-26 03:35:48,529 - __main__ - INFO - population_validation second:[656.3333, 505.33334, 1296.0, 652.6667, 1248.0, 633.0, 676.0, 662.3333, 708.6667, 331.0]
In ga.py, 2018-11-26 03:38:32,660 - __main__ - INFO - len population_validation first:10,len population_validation[0]:30
In ga.py, 2018-11-26 03:38:32,662 - __main__ - INFO - population_validation[0]:[ 160. 1350. 1830. 1350. 1540.  160. 1540. 1540. 1350. 1540. 1350. 1350.
 1830. 1540. 1350. 1350. 1350. 1540. 1830.  160. 1540.  160. 1350. 1350.
 1830. 1540. 1830. 1350.  160. 1830.]
In ga.py, 2018-11-26 03:39:08,572 - __main__ - INFO - population_validation second:[1298.3334, 885.6667, 694.0, 985.6667, 765.3333, 762.3333, 1429.6666, 967.6667, 989.3333, 384.33334]
In ga.py, 2018-11-26 03:41:45,408 - __main__ - INFO - len population_validation first:10,len population_validation[0]:30
In ga.py, 2018-11-26 03:41:45,409 - __main__ - INFO - population_validation[0]:[1500. 1240. 1460. 1500. 1240. 1490. 1460. 1490. 1500. 1500. 1490. 1500.
 1460. 1500. 1460. 1490. 1500. 1490. 1460. 1240. 1490. 1500. 1500. 1490.
 1240. 1490. 1240. 1460. 1240. 1460.]
In ga.py, 2018-11-26 03:42:21,266 - __main__ - INFO - population_validation second:[1436.0, 1455.6666, 2038.3334, 633.3333, 899.6667, 924.0, 802.0, 835.0, 652.0, 597.3333]
In ga.py, 2018-11-26 03:45:01,535 - __main__ - INFO - len population_validation first:10,len population_validation[0]:30
In ga.py, 2018-11-26 03:45:01,536 - __main__ - INFO - population_validation[0]:[2590. 2820. 2590. 2590.  820. 2820. 2590. 2590. 2590.  820. 2590.  820.
  820.  820. 2820. 2590. 2590.  820. 2820. 2590. 2590. 2820. 2590. 2590.
 2820. 2820. 2590. 2820. 2590. 2820.]
In ga.py, 2018-11-26 03:45:39,787 - __main__ - INFO - population_validation second:[2305.0, 1888.6666, 1540.3334, 1352.6666, 595.3333, 1063.6666, 1384.0, 705.3333, 1681.3334, 1111.3334]
In ga.py, 2018-11-26 03:48:28,869 - __main__ - INFO - len population_validation first:10,len population_validation[0]:30
In ga.py, 2018-11-26 03:48:28,871 - __main__ - INFO - population_validation[0]:[2590. 2590. 2590.  820. 2820. 2590. 2590. 2820. 2590.  820. 2590. 2590.
 2820.  820.  820. 2820. 2590. 2590. 2590. 2820.  820.  820.  820. 2590.
 2590. 2590. 2820. 2820. 2590. 2590.]
In ga.py, 2018-11-26 03:49:04,466 - __main__ - INFO - population_validation second:[2230.6667, 1910.3334, 1461.3334, 1041.6666, 1337.3334, 1490.6666, 1602.3334, 1615.0, 1368.6666, 1413.6666]
In ga.py, 2018-11-26 03:52:04,429 - __main__ - INFO - len population_validation first:10,len population_validation[0]:30
In ga.py, 2018-11-26 03:52:04,431 - __main__ - INFO - population_validation[0]:[2820. 2590. 2820. 2590.  820.  820. 2590. 2590. 2590. 2590. 2590. 2590.
 2590.  820. 2590. 2820. 2820. 2590. 2820. 2590. 2820. 2590. 2820. 2590.
  820.  820.  820. 2590.  820. 2820.]
In ga.py, 2018-11-26 03:52:37,838 - __main__ - INFO - population_validation second:[2238.3333, 1371.3334, 1564.0, 832.6667, 1024.6666, 1235.3334, 1186.0, 1703.3334, 1867.3334, 671.6667]
In ga.py, 2018-11-26 03:55:30,239 - __main__ - INFO - len population_validation first:10,len population_validation[0]:30
In ga.py, 2018-11-26 03:55:30,241 - __main__ - INFO - population_validation[0]:[ 820. 2590. 2590.  820.  820. 2590.  820. 2590.  820. 2820. 2590.  820.
 2590. 2820. 2820.  820. 2820. 2590.  820.  820. 2590. 2590. 2820. 2590.
 2590. 2820. 2590. 2590. 2590. 2590.]
In ga.py, 2018-11-26 03:56:04,974 - __main__ - INFO - population_validation second:[2105.0, 1399.6666, 1754.6666, 1272.3334, 530.3333, 1798.6666, 2302.3333, 2414.6667, 1127.3334, 1157.6666]
In ga.py, 2018-11-26 03:58:51,959 - __main__ - INFO - len population_validation first:10,len population_validation[0]:30
In ga.py, 2018-11-26 03:58:51,961 - __main__ - INFO - population_validation[0]:[1540. 1540. 1540. 2700. 1540. 2870. 2370. 2870. 2370. 2370. 2370. 2870.
 2700. 1540. 2700. 2370. 2870. 2370. 2870. 2370. 1540. 2870. 2700. 2370.
 2870. 2870. 2370. 2370. 1540. 2370.]
In ga.py, 2018-11-26 03:59:25,003 - __main__ - INFO - population_validation second:[2353.6667, 2817.6667, 2155.3333, 2815.0, 2189.3333, 889.3333, 1827.3334, 1536.0, 2022.3334, 1265.0]
In ga.py, 2018-11-26 04:02:30,114 - __main__ - INFO - len population_validation first:10,len population_validation[0]:30
In ga.py, 2018-11-26 04:02:30,115 - __main__ - INFO - population_validation[0]:[3070. 2530. 3380. 1270. 2530. 3070. 1270. 3070. 3380. 3070. 2530. 3070.
 3070. 3070. 3380. 3380. 1270. 1270. 3070. 1270. 1270. 3070. 3380. 1270.
 1270. 3070. 3070. 2530. 2530. 1270.]
In ga.py, 2018-11-26 04:03:02,363 - __main__ - INFO - population_validation second:[2491.6667, 2179.3333, 1946.6666, 1544.0, 2132.3333, 1732.6666, 1586.3334, 1765.3334, 1925.0, 1578.6666]
In ga.py, 2018-11-26 04:06:01,451 - __main__ - INFO - len population_validation first:10,len population_validation[0]:30
In ga.py, 2018-11-26 04:06:01,453 - __main__ - INFO - population_validation[0]:[2530. 3070. 2530. 1270. 3070. 3380. 3380. 1270. 3070. 2530. 2530. 3380.
 3380. 3070. 3070. 3380. 3380. 3070. 1270. 2530. 3380. 2530. 3380. 3380.
 1270. 3070. 2530. 2530. 3070. 3070.]
In ga.py, 2018-11-26 04:06:34,744 - __main__ - INFO - population_validation second:[2779.0, 1453.3334, 438.33334, 2672.0, 1789.6666, 1634.3334, 1439.3334, 1780.3334, 2358.6667, 2531.3333]
In ga.py, 2018-11-26 04:09:33,837 - __main__ - INFO - len population_validation first:10,len population_validation[0]:30
In ga.py, 2018-11-26 04:09:33,839 - __main__ - INFO - population_validation[0]:[3380. 2530. 3380. 3380. 1270. 2530. 3070. 2530. 3070. 2530. 2530. 2530.
 1270. 1270. 2530. 1270. 3070. 2530. 2530. 3070. 2530. 2530. 1270. 3070.
 3380. 3070. 3380. 3070. 3070. 3070.]
In ga.py, 2018-11-26 04:10:06,535 - __main__ - INFO - population_validation second:[2623.6667, 2184.3333, 2235.3333, 2031.0, 2529.3333, 1116.0, 1425.6666, 1253.0, 1466.6666, 2270.6667]
In ga.py, 2018-11-26 04:13:07,543 - __main__ - INFO - len population_validation first:10,len population_validation[0]:30
In ga.py, 2018-11-26 04:13:07,546 - __main__ - INFO - population_validation[0]:[1270. 3070. 3380. 3070. 3380. 1270. 3380. 3070. 1270. 2530. 1270. 2530.
 3380. 3070. 1270. 3380. 3380. 3380. 2530. 3070. 2530. 3380. 3070. 3380.
 3380. 3070. 1270. 3380. 3380. 3070.]
In ga.py, 2018-11-26 04:13:39,945 - __main__ - INFO - population_validation second:[2762.0, 2246.3333, 2601.3333, 1385.3334, 2478.3333, 2547.0, 2238.3333, 2150.6667, 2555.6667, 1228.0]
In ga.py, 2018-11-26 04:16:46,968 - __main__ - INFO - len population_validation first:10,len population_validation[0]:30
In ga.py, 2018-11-26 04:16:46,969 - __main__ - INFO - population_validation[0]:[2530. 3380. 3380. 3070. 3070. 2530. 1270. 2530. 2530. 3380. 2530. 3380.
 3380. 3070. 1270. 3070. 2530. 3380. 1270. 3070. 2530. 2530. 3070. 2530.
 3380. 3380. 2530. 2530. 2530. 3070.]
In ga.py, 2018-11-26 04:17:20,458 - __main__ - INFO - population_validation second:[2756.6667, 1822.3334, 2453.3333, 1285.6666, 2304.3333, 2238.0, 2705.3333, 2719.3333, 1483.0, 1737.6666]
In ga.py, 2018-11-26 04:20:28,426 - __main__ - INFO - len population_validation first:10,len population_validation[0]:30
In ga.py, 2018-11-26 04:20:28,428 - __main__ - INFO - population_validation[0]:[1270. 2530. 1270. 2530. 3380. 1270. 2530. 3380. 3380. 3070. 3070. 3380.
 1270. 2530. 1270. 3070. 3070. 1270. 1270. 1270. 3380. 1270. 1270. 3070.
 3070. 3070. 1270. 3070. 3070. 3380.]
In ga.py, 2018-11-26 04:21:02,756 - __main__ - INFO - population_validation second:[2400.0, 2368.3333, 1600.0, 1501.3334, 2084.6667, 1297.6666, 2352.6667, 2068.3333, 2870.0, 2659.6667]
In ga.py, 2018-11-26 04:24:10,893 - __main__ - INFO - len population_validation first:10,len population_validation[0]:30
In ga.py, 2018-11-26 04:24:10,894 - __main__ - INFO - population_validation[0]:[1850. 1670. 1850. 1670. 3410. 3410. 3000. 1850. 3410. 1670. 3000. 3410.
 1850. 1850. 1670. 3000. 3410. 1670. 1850. 1850. 1850. 3000. 1670. 3410.
 1670. 1850. 3410. 3000. 3410. 3410.]
In ga.py, 2018-11-26 04:24:47,182 - __main__ - INFO - population_validation second:[2467.6667, 2127.6667, 1768.6666, 2936.0, 1775.6666, 1104.0, 2192.6667, 1873.3334, 1620.0, 1663.6666]
In ga.py, 2018-11-26 04:27:50,119 - __main__ - INFO - len population_validation first:10,len population_validation[0]:30
In ga.py, 2018-11-26 04:27:50,120 - __main__ - INFO - population_validation[0]:[2920. 3320. 3320. 3320. 2920. 3320. 2920. 3320. 3320. 2360. 3320. 3320.
 3320. 2360. 2360. 2360. 3000. 3000. 3000. 3320. 3320. 3320. 2920. 2360.
 2360. 2360. 2920. 2920. 2920. 3000.]
In ga.py, 2018-11-26 04:28:25,073 - __main__ - INFO - population_validation second:[2960.0, 2302.0, 2291.6667, 2251.0, 2750.3333, 2193.6667, 1082.0, 1835.6666, 1068.6666, 1956.6666]
In ga.py, 2018-11-26 04:31:29,330 - __main__ - INFO - len population_validation first:10,len population_validation[0]:30
In ga.py, 2018-11-26 04:31:29,331 - __main__ - INFO - population_validation[0]:[2920. 2360. 2360. 2920. 3320. 2920. 2920. 2920. 2360. 2360. 2920. 2360.
 2920. 3320. 2360. 2920. 2360. 3320. 2920. 3320. 2360. 3320. 2920. 2360.
 2920. 3320. 3320. 3320. 2360. 3000.]
In ga.py, 2018-11-26 04:32:04,398 - __main__ - INFO - population_validation second:[2842.6667, 2386.3333, 2162.6667, 2016.6666, 2475.3333, 2656.0, 2705.3333, 1068.6666, 2604.0, 1126.3334]
In ga.py, 2018-11-26 04:35:04,544 - __main__ - INFO - len population_validation first:10,len population_validation[0]:30
In ga.py, 2018-11-26 04:35:04,545 - __main__ - INFO - population_validation[0]:[2920. 3320. 3000. 3320. 2360. 3000. 3320. 2360. 2920. 2920. 3320. 3000.
 3000. 3000. 3320. 2920. 3320. 3320. 3000. 2360. 2920. 3000. 3000. 3320.
 2920. 2920. 3320. 3000. 3000. 3320.]
In ga.py, 2018-11-26 04:35:41,071 - __main__ - INFO - population_validation second:[3024.0, 2214.3333, 2672.0, 1932.6666, 1729.6666, 2775.6667, 2375.3333, 1452.6666, 1302.3334, 1724.0]
In ga.py, 2018-11-26 04:38:30,949 - __main__ - INFO - len population_validation first:10,len population_validation[0]:30
In ga.py, 2018-11-26 04:38:30,950 - __main__ - INFO - population_validation[0]:[3320. 3320. 3320. 2920. 2360. 3000. 3000. 3320. 2360. 2360. 3000. 2360.
 3320. 3000. 2360. 3000. 2360. 3320. 2360. 2920. 2360. 2360. 3320. 3320.
 2920. 3320. 2360. 2920. 2360. 3000.]
In ga.py, 2018-11-26 04:39:06,103 - __main__ - INFO - population_validation second:[2850.6667, 2243.0, 1784.0, 2708.6667, 2176.3333, 2881.6667, 1806.0, 2634.6667, 1825.6666, 1626.0]
In ga.py, 2018-11-26 04:41:59,848 - __main__ - INFO - len population_validation first:10,len population_validation[0]:30
In ga.py, 2018-11-26 04:41:59,849 - __main__ - INFO - population_validation[0]:[2800. 2470. 3220. 2800. 3000. 3220. 3220. 2800. 2470. 3220. 3220. 3220.
 2800. 2470. 2470. 3220. 3000. 3000. 3000. 3220. 2470. 3000. 2800. 2800.
 3220. 3000. 3220. 3220. 2800. 2470.]
In ga.py, 2018-11-26 04:42:34,230 - __main__ - INFO - population_validation second:[2928.0, 1431.3334, 1539.6666, 2031.0, 1272.6666, 2631.3333, 2816.0, 2497.0, 1507.6666, 2263.6667]
In ga.py, 2018-11-26 04:45:29,852 - __main__ - INFO - len population_validation first:10,len population_validation[0]:30
In ga.py, 2018-11-26 04:45:29,853 - __main__ - INFO - population_validation[0]:[3220. 2470. 3000. 3220. 2800. 3000. 3220. 3220. 2800. 3000. 2800. 3220.
 3000. 3220. 2470. 3000. 3000. 2470. 2470. 2800. 2800. 3000. 2470. 2470.
 3000. 2470. 3220. 2800. 3000. 2470.]
In ga.py, 2018-11-26 04:46:05,193 - __main__ - INFO - population_validation second:[2870.0, 3100.6667, 2494.0, 2883.3333, 2733.0, 2019.3334, 1912.0, 2460.0, 2691.0, 2119.0]
In ga.py, 2018-11-26 04:49:00,188 - __main__ - INFO - len population_validation first:10,len population_validation[0]:30
In ga.py, 2018-11-26 04:49:00,189 - __main__ - INFO - population_validation[0]:[5770. 3450. 3450. 5770. 5770. 5770. 1130. 3450.  890. 3450. 1130.  890.
 3450. 3450.  890. 5770. 1130. 5770. 3450. 5770.  890. 1130. 1130.  890.
 1130. 5770.  890. 1130. 5770. 1130.]
In ga.py, 2018-11-26 04:49:35,712 - __main__ - INFO - population_validation second:[3015.3333, 2159.3333, 1901.3334, 2650.3333, 2794.3333, 2416.0, 2344.0, 1128.0, 2848.3333, 2111.6667]
In ga.py, 2018-11-26 04:52:25,665 - __main__ - INFO - len population_validation first:10,len population_validation[0]:30
In ga.py, 2018-11-26 04:52:25,667 - __main__ - INFO - population_validation[0]:[1130. 5770. 1130. 3450. 3450. 1130.  890. 5770. 1130.  890. 5770. 3450.
 1130. 5770. 3450. 3450.  890. 1130. 3450. 5770. 1130. 1130. 3450.  890.
  890.  890. 5770.  890. 5770. 1130.]
In ga.py, 2018-11-26 04:53:01,118 - __main__ - INFO - population_validation second:[2698.0, 2656.3333, 1896.0, 1339.3334, 631.3333, 3061.3333, 2778.6667, 728.0, 2188.0, 2448.0]
In ga.py, 2018-11-26 04:56:05,512 - __main__ - INFO - len population_validation first:10,len population_validation[0]:30
In ga.py, 2018-11-26 04:56:05,513 - __main__ - INFO - population_validation[0]:[3340. 2730. 3110. 3040. 3340. 2730. 3110. 3340. 3110. 3110. 3110. 2730.
 3040. 3110. 3340. 3340. 2730. 3040. 3040. 3110. 2730. 2730. 3340. 3340.
 3110. 2730. 3340. 2730. 2730. 2730.]
In ga.py, 2018-11-26 04:56:42,507 - __main__ - INFO - population_validation second:[3035.3333, 2604.0, 1956.0, 2437.6667, 2129.6667, 2814.3333, 2323.0, 2547.0, 1163.3334, 2881.3333]
In ga.py, 2018-11-26 04:59:47,972 - __main__ - INFO - len population_validation first:10,len population_validation[0]:30
In ga.py, 2018-11-26 04:59:47,974 - __main__ - INFO - population_validation[0]:[3040. 3040. 3040. 3040. 3040. 2730. 3340. 3040. 2730. 3040. 2730. 3110.
 2730. 3040. 3110. 2730. 2730. 3040. 3340. 2730. 2730. 2730. 3340. 2730.
 2730. 3110. 3340. 3340. 3040. 3040.]
In ga.py, 2018-11-26 05:00:23,024 - __main__ - INFO - population_validation second:[2983.3333, 2047.6666, 1817.6666, 2284.0, 3174.3333, 2557.0, 3136.6667, 2178.0, 2990.6667, 2011.6666]
In ga.py, 2018-11-26 05:03:14,128 - __main__ - INFO - len population_validation first:10,len population_validation[0]:30
In ga.py, 2018-11-26 05:03:14,130 - __main__ - INFO - population_validation[0]:[2690. 3260. 3260. 3260. 3650. 2880. 3260. 3260. 2690. 2880. 2880. 3650.
 2690. 2690. 3650. 3650. 3260. 2690. 2880. 2690. 3650. 2880. 2690. 3650.
 3650. 3650. 3260. 2690. 3260. 2690.]
In ga.py, 2018-11-26 05:03:49,669 - __main__ - INFO - population_validation second:[3129.6667, 2868.3333, 2585.3333, 2612.6667, 2652.0, 1914.0, 3133.3333, 3150.0, 2884.0, 2450.0]
In ga.py, 2018-11-26 05:06:51,324 - __main__ - INFO - len population_validation first:10,len population_validation[0]:30
In ga.py, 2018-11-26 05:06:51,325 - __main__ - INFO - population_validation[0]:[3340. 3340. 2440. 3420. 3420. 3120. 2440. 2440. 3120. 3120. 2440. 2440.
 3120. 2440. 2440. 2440. 3420. 3120. 3420. 3120. 3420. 3340. 2440. 3120.
 3340. 3420. 2440. 2440. 3120. 3420.]
In ga.py, 2018-11-26 05:07:28,446 - __main__ - INFO - population_validation second:[2970.0, 2350.6667, 3220.3333, 1706.3334, 1497.3334, 1365.0, 3468.0, 2129.3333, 2634.6667, 1264.6666]
In ga.py, 2018-11-26 05:10:22,563 - __main__ - INFO - len population_validation first:10,len population_validation[0]:30
In ga.py, 2018-11-26 05:10:22,564 - __main__ - INFO - population_validation[0]:[3300. 3460. 3520. 3460. 3300. 3660. 3300. 3300. 3660. 3660. 3300. 3300.
 3660. 3660. 3520. 3660. 3460. 3300. 3660. 3520. 3520. 3300. 3300. 3300.
 3660. 3520. 3520. 3300. 3460. 3520.]
In ga.py, 2018-11-26 05:10:59,735 - __main__ - INFO - population_validation second:[3468.6667, 3277.6667, 2685.3333, 2418.0, 2557.3333, 3152.0, 1869.0, 1205.0, 2154.0, 1884.3334]
In ga.py, 2018-11-26 05:13:54,800 - __main__ - INFO - len population_validation first:10,len population_validation[0]:30
In ga.py, 2018-11-26 05:13:54,801 - __main__ - INFO - population_validation[0]:[3460. 3300. 3300. 3660. 3520. 3460. 3300. 3660. 3460. 3520. 3300. 3300.
 3660. 3520. 3520. 3300. 3300. 3460. 3520. 3300. 3460. 3660. 3520. 3660.
 3300. 3520. 3660. 3520. 3520. 3520.]
In ga.py, 2018-11-26 05:14:31,586 - __main__ - INFO - population_validation second:[3472.0, 2108.3333, 1140.0, 2280.6667, 2763.6667, 2172.6667, 1577.6666, 3281.0, 1525.6666, 2787.3333]
In ga.py, 2018-11-26 05:17:14,155 - __main__ - INFO - len population_validation first:10,len population_validation[0]:30
In ga.py, 2018-11-26 05:17:14,156 - __main__ - INFO - population_validation[0]:[3520. 3660. 3660. 3460. 3460. 3660. 3460. 3460. 3660. 3520. 3300. 3660.
 3460. 3520. 3460. 3660. 3460. 3460. 3520. 3520. 3520. 3520. 3660. 3460.
 3520. 3520. 3660. 3460. 3460. 3300.]
In ga.py, 2018-11-26 05:17:50,550 - __main__ - INFO - population_validation second:[3520.6667, 2770.3333, 976.3333, 2564.3333, 3014.6667, 2564.6667, 2922.6667, 3291.6667, 1746.0, 3315.3333]
In ga.py, 2018-11-26 05:20:34,417 - __main__ - INFO - len population_validation first:10,len population_validation[0]:30
In ga.py, 2018-11-26 05:20:34,419 - __main__ - INFO - population_validation[0]:[3660. 3660. 3520. 3460. 3300. 3520. 3460. 3300. 3520. 3300. 3300. 3300.
 3520. 3660. 3660. 3660. 3300. 3300. 3520. 3460. 3660. 3520. 3520. 3520.
 3460. 3520. 3300. 3300. 3660. 3300.]
In ga.py, 2018-11-26 05:21:16,069 - __main__ - INFO - population_validation second:[3471.3333, 2412.6667, 3098.0, 2292.0, 2734.3333, 1664.0, 2365.0, 2701.6667, 2269.6667, 3510.6667]
In ga.py, 2018-11-26 05:23:57,421 - __main__ - INFO - len population_validation first:10,len population_validation[0]:30
In ga.py, 2018-11-26 05:23:57,422 - __main__ - INFO - population_validation[0]:[3290. 3650. 3310. 3710. 3650. 3710. 3290. 3290. 3290. 3290. 3310. 3290.
 3290. 3290. 3650. 3710. 3650. 3650. 3310. 3710. 3710. 3310. 3310. 3650.
 3290. 3310. 3310. 3650. 3650. 3650.]
In ga.py, 2018-11-26 05:24:38,354 - __main__ - INFO - population_validation second:[3472.6667, 1260.0, 1743.0, 1838.0, 2640.6667, 3001.3333, 3102.6667, 2020.6666, 2874.6667, 2093.6667]
In ga.py, 2018-11-26 05:27:22,890 - __main__ - INFO - len population_validation first:10,len population_validation[0]:30
In ga.py, 2018-11-26 05:27:22,891 - __main__ - INFO - population_validation[0]:[3710. 3310. 3290. 3710. 3650. 3710. 3710. 3650. 3650. 3650. 3290. 3710.
 3650. 3290. 3650. 3290. 3650. 3710. 3650. 3710. 3710. 3290. 3290. 3290.
 3650. 3290. 3290. 3310. 3710. 3710.]
In ga.py, 2018-11-26 05:28:02,860 - __main__ - INFO - population_validation second:[3539.3333, 1570.0, 2932.0, 1711.3334, 2450.6667, 2264.0, 1877.6666, 2462.0, 2462.3333, 1750.6666]
In ga.py, 2018-11-26 05:30:40,342 - __main__ - INFO - len population_validation first:10,len population_validation[0]:30
In ga.py, 2018-11-26 05:30:40,343 - __main__ - INFO - population_validation[0]:[3650. 3650. 3710. 3650. 3310. 3650. 3290. 3290. 3310. 3310. 3310. 3710.
 3650. 3710. 3290. 3650. 3650. 3310. 3310. 3290. 3710. 3710. 3290. 3650.
 3650. 3310. 3650. 3310. 3310. 3650.]
In ga.py, 2018-11-26 05:31:21,631 - __main__ - INFO - population_validation second:[3498.0, 2147.3333, 2790.6667, 2185.6667, 812.6667, 2045.3334, 1134.0, 890.0, 1995.3334, 2745.0]
In ga.py, 2018-11-26 05:34:01,829 - __main__ - INFO - len population_validation first:10,len population_validation[0]:30
In ga.py, 2018-11-26 05:34:01,830 - __main__ - INFO - population_validation[0]:[3310. 3650. 3650. 3650. 3290. 3290. 3710. 3650. 3290. 3710. 3710. 3650.
 3310. 3650. 3710. 3290. 3310. 3650. 3290. 3310. 3290. 3710. 3710. 3710.
 3650. 3310. 3710. 3650. 3310. 3290.]
In ga.py, 2018-11-26 05:34:47,059 - __main__ - INFO - population_validation second:[3514.0, 2420.6667, 3728.6667, 1813.3334, 1731.6666, 1763.3334, 1956.6666, 1647.0, 3162.3333, 1490.0]
In ga.py, 2018-11-26 05:37:29,000 - __main__ - INFO - len population_validation first:10,len population_validation[0]:30
In ga.py, 2018-11-26 05:37:29,001 - __main__ - INFO - population_validation[0]:[2700. 4080. 4200. 2700. 2700. 4200. 4080. 4080. 3500. 3500. 4200. 2700.
 2700. 4200. 4080. 4200. 4080. 3500. 4080. 4080. 2700. 4200. 4200. 3500.
 4080. 4080. 4080. 4080. 4200. 4080.]
In ga.py, 2018-11-26 05:38:13,769 - __main__ - INFO - population_validation second:[3758.6667, 1363.3334, 3616.3333, 3123.0, 1649.0, 1978.3334, 1537.6666, 2488.6667, 1810.0, 3433.3333]
In ga.py, 2018-11-26 05:40:57,295 - __main__ - INFO - len population_validation first:10,len population_validation[0]:30
In ga.py, 2018-11-26 05:40:57,296 - __main__ - INFO - population_validation[0]:[2700. 2700. 3500. 2700. 2700. 3500. 3500. 3500. 4200. 2700. 3500. 2700.
 3500. 4200. 3500. 3500. 4200. 4080. 2700. 4080. 3500. 4200. 4080. 4200.
 3500. 4080. 4080. 4080. 3500. 3500.]
In ga.py, 2018-11-26 05:41:38,974 - __main__ - INFO - population_validation second:[3546.0, 3549.6667, 3256.6667, 3059.6667, 3313.0, 3429.6667, 3175.0, 2200.6667, 642.0, 2988.6667]
In ga.py, 2018-11-26 05:44:27,759 - __main__ - INFO - len population_validation first:10,len population_validation[0]:30
In ga.py, 2018-11-26 05:44:27,760 - __main__ - INFO - population_validation[0]:[4730. 4730. 4730. 4280. 3880. 4730. 4280. 3880. 4730. 4280. 3880. 4280.
 4730. 1760. 4280. 1760. 4280. 3880. 4730. 4280. 4730. 1760. 4730. 4730.
 4280. 4280. 4280. 1760. 3880. 4730.]
In ga.py, 2018-11-26 05:45:11,549 - __main__ - INFO - population_validation second:[4042.3333, 2577.3333, 2462.3333, 2568.6667, 2539.3333, 2573.0, 2912.0, 3600.0, 3150.0, 3281.3333]
In ga.py, 2018-11-26 05:47:54,637 - __main__ - INFO - len population_validation first:10,len population_validation[0]:30
In ga.py, 2018-11-26 05:47:54,639 - __main__ - INFO - population_validation[0]:[4280. 4280. 4280. 4730. 4730. 4730. 4730. 1760. 3880. 4280. 4280. 4730.
 1760. 4730. 4730. 3880. 1760. 3880. 1760. 1760. 4730. 4280. 1760. 4730.
 3880. 4280. 4280. 4280. 4280. 4730.]
In ga.py, 2018-11-26 05:48:38,237 - __main__ - INFO - population_validation second:[3872.6667, 2036.0, 1951.3334, 3739.6667, 2272.0, 3924.0, 1529.6666, 3410.6667, 3737.6667, 2565.3333]
In ga.py, 2018-11-26 05:51:42,228 - __main__ - INFO - len population_validation first:10,len population_validation[0]:30
In ga.py, 2018-11-26 05:51:42,229 - __main__ - INFO - population_validation[0]:[4180. 3760. 3760. 3780. 4180. 4180. 3860. 4180. 3860. 4180. 3780. 3760.
 4180. 3780. 4180. 4180. 3760. 3780. 3860. 3780. 3860. 3860. 3860. 3860.
 3760. 3760. 3860. 3760. 3860. 3760.]
In ga.py, 2018-11-26 05:52:29,449 - __main__ - INFO - population_validation second:[3905.3333, 2738.6667, 4323.0, 3512.0, 2464.6667, 3095.0, 860.0, 2159.6667, 2768.6667, 3211.3333]
In ga.py, 2018-11-26 05:55:26,562 - __main__ - INFO - len population_validation first:10,len population_validation[0]:30
In ga.py, 2018-11-26 05:55:26,563 - __main__ - INFO - population_validation[0]:[3900. 4460. 4610. 4060. 3900. 4460. 4460. 3900. 4060. 4060. 3900. 3900.
 4060. 3900. 4610. 4060. 4610. 4460. 4060. 3900. 4460. 4060. 4060. 4460.
 4460. 4610. 3900. 4610. 4060. 4060.]
In ga.py, 2018-11-26 05:56:14,803 - __main__ - INFO - population_validation second:[4202.3335, 4005.3333, 899.6667, 2818.0, 2063.3333, 3206.0, 1547.3334, 3069.3333, 2431.6667, 2057.3333]
In ga.py, 2018-11-26 05:59:10,317 - __main__ - INFO - len population_validation first:10,len population_validation[0]:30
In ga.py, 2018-11-26 05:59:10,318 - __main__ - INFO - population_validation[0]:[4610. 3900. 4610. 4610. 3900. 4460. 4610. 4610. 3900. 4610. 4460. 4610.
 4060. 3900. 4460. 4060. 4460. 4460. 4610. 4610. 4460. 4060. 4610. 3900.
 4460. 4610. 3900. 4460. 4460. 3900.]
In ga.py, 2018-11-26 06:00:01,783 - __main__ - INFO - population_validation second:[4344.3335, 2809.3333, 3366.6667, 2919.6667, 1908.6666, 4005.6667, 3589.6667, 3543.0, 3164.0, 3383.0]
In ga.py, 2018-11-26 06:02:50,956 - __main__ - INFO - len population_validation first:10,len population_validation[0]:30
In ga.py, 2018-11-26 06:02:50,957 - __main__ - INFO - population_validation[0]:[3900. 4460. 4060. 4060. 4460. 4460. 3900. 3900. 4610. 4460. 4610. 4460.
 4610. 4460. 4060. 4460. 4460. 3900. 3900. 4460. 4610. 4060. 4060. 4610.
 4460. 3900. 3900. 3900. 4460. 4460.]
In ga.py, 2018-11-26 06:03:39,670 - __main__ - INFO - population_validation second:[4269.0, 2504.6667, 2961.3333, 2671.3333, 3296.3333, 2335.0, 3333.0, 2461.3333, 2234.6667, 3017.0]
In ga.py, 2018-11-26 06:06:26,817 - __main__ - INFO - len population_validation first:10,len population_validation[0]:30
In ga.py, 2018-11-26 06:06:26,818 - __main__ - INFO - population_validation[0]:[4060. 3900. 4610. 4060. 4060. 3900. 4460. 4060. 4060. 4610. 4460. 4460.
 4460. 4610. 4460. 4460. 4610. 4060. 4460. 3900. 4610. 4060. 4610. 4060.
 4460. 3900. 3900. 4060. 4610. 4060.]
In ga.py, 2018-11-26 06:07:12,847 - __main__ - INFO - population_validation second:[4268.3335, 3350.6667, 1413.3334, 3317.6667, 3201.6667, 3903.0, 2109.3333, 3724.3333, 2024.6666, 2445.6667]
In ga.py, 2018-11-26 06:10:08,474 - __main__ - INFO - len population_validation first:10,len population_validation[0]:30
In ga.py, 2018-11-26 06:10:08,475 - __main__ - INFO - population_validation[0]:[3900. 4060. 4610. 4610. 4610. 4460. 4460. 4060. 4060. 4460. 4060. 3900.
 4610. 4060. 3900. 3900. 4460. 3900. 4460. 3900. 4460. 4060. 4060. 3900.
 3900. 4060. 4060. 4060. 4060. 3900.]
In ga.py, 2018-11-26 06:10:55,700 - __main__ - INFO - population_validation second:[4165.3335, 1878.3334, 2282.0, 1826.0, 3886.0, 2621.6667, 3566.3333, 3073.3333, 3794.6667, 3117.6667]
In ga.py, 2018-11-26 06:13:45,633 - __main__ - INFO - len population_validation first:10,len population_validation[0]:30
In ga.py, 2018-11-26 06:13:45,635 - __main__ - INFO - population_validation[0]:[3900. 4460. 4060. 3900. 4460. 4060. 4610. 4610. 3900. 3900. 3900. 3900.
 4610. 4610. 4460. 3900. 4610. 3900. 4460. 4460. 3900. 4610. 3900. 4060.
 4460. 4610. 3900. 3900. 3900. 3900.]
In ga.py, 2018-11-26 06:14:32,872 - __main__ - INFO - population_validation second:[4193.6665, 3244.0, 4041.6667, 4017.3333, 3025.6667, 2617.0, 2207.3333, 1023.0, 2418.3333, 3414.3333]
In ga.py, 2018-11-26 06:17:28,199 - __main__ - INFO - len population_validation first:10,len population_validation[0]:30
In ga.py, 2018-11-26 06:17:28,200 - __main__ - INFO - population_validation[0]:[4460. 4060. 3900. 4610. 4060. 3900. 3900. 4610. 3900. 3900. 3900. 4610.
 3900. 4460. 3900. 4610. 4460. 4610. 4460. 3900. 4060. 4460. 4610. 3900.
 3900. 4610. 4060. 4060. 4610. 4610.]
In ga.py, 2018-11-26 06:18:15,722 - __main__ - INFO - population_validation second:[4233.0, 3350.6667, 3200.6667, 3557.3333, 3854.6667, 2361.6667, 3769.3333, 4300.0, 1910.0, 2191.3333]
In ga.py, 2018-11-26 06:21:32,674 - __main__ - INFO - len population_validation first:10,len population_validation[0]:30
In ga.py, 2018-11-26 06:21:32,675 - __main__ - INFO - population_validation[0]:[4230. 4020. 4450. 4450. 4020. 4230. 4230. 4450. 4410. 4450. 4450. 4410.
 4020. 4450. 4410. 4230. 4020. 4450. 4230. 4410. 4230. 4020. 4230. 4450.
 4410. 4450. 4410. 4020. 4230. 4450.]
In ga.py, 2018-11-26 06:22:22,660 - __main__ - INFO - population_validation second:[4297.3335, 3768.0, 3004.6667, 4450.3335, 3753.0, 4423.3335, 1067.0, 1593.3334, 2920.0, 3591.3333]
In ga.py, 2018-11-26 06:25:43,899 - __main__ - INFO - len population_validation first:10,len population_validation[0]:30
In ga.py, 2018-11-26 06:25:43,901 - __main__ - INFO - population_validation[0]:[4710. 4910. 4910. 4710. 4910. 4710. 4710. 3600. 3600. 4710. 4710. 3600.
 4710. 4710. 4710. 4910. 4910. 3600. 4710. 4710. 4710. 4910. 4710. 4710.
 3600. 3600. 4710. 4910. 4910. 4710.]
In ga.py, 2018-11-26 06:26:33,789 - __main__ - INFO - population_validation second:[4541.3335, 3607.3333, 3675.3333, 3736.3333, 1846.0, 4248.0, 4089.0, 2965.3333, 3695.3333, 3541.0]
In ga.py, 2018-11-26 06:29:41,001 - __main__ - INFO - len population_validation first:10,len population_validation[0]:30
In ga.py, 2018-11-26 06:29:41,003 - __main__ - INFO - population_validation[0]:[4710. 4910. 4910. 4710. 4710. 3600. 4710. 4710. 4910. 4710. 4710. 3600.
 4710. 3600. 4710. 3600. 4710. 4710. 4710. 4710. 4710. 4910. 3600. 4710.
 4710. 4910. 4710. 4710. 3600. 3600.]
In ga.py, 2018-11-26 06:30:29,749 - __main__ - INFO - population_validation second:[4484.3335, 2657.3333, 3884.0, 3201.6667, 2464.6667, 3008.3333, 2147.0, 3861.0, 3250.6667, 2829.3333]
In ga.py, 2018-11-26 06:33:42,688 - __main__ - INFO - len population_validation first:10,len population_validation[0]:30
In ga.py, 2018-11-26 06:33:42,689 - __main__ - INFO - population_validation[0]:[4710. 3600. 4910. 3600. 4710. 4710. 4910. 4710. 4710. 4710. 3600. 4710.
 4710. 4710. 4910. 3600. 4710. 4710. 4710. 4910. 3600. 4910. 4710. 4910.
 4710. 4910. 3600. 4710. 4710. 4710.]
In ga.py, 2018-11-26 06:34:32,715 - __main__ - INFO - population_validation second:[4534.6665, 3191.3333, 3038.3333, 3606.3333, 3818.3333, 2302.6667, 3656.0, 3370.0, 3551.0, 4299.3335]
In ga.py, 2018-11-26 06:37:44,017 - __main__ - INFO - len population_validation first:10,len population_validation[0]:30
In ga.py, 2018-11-26 06:37:44,018 - __main__ - INFO - population_validation[0]:[4910. 4910. 4910. 4910. 4710. 3600. 3600. 4710. 4910. 4710. 4710. 4910.
 4710. 4710. 4910. 4710. 4710. 4710. 3600. 4910. 4710. 4910. 4910. 3600.
 4710. 4910. 3600. 4710. 4910. 3600.]
In ga.py, 2018-11-26 06:38:36,042 - __main__ - INFO - population_validation second:[4568.0, 2301.0, 3428.0, 4101.3335, 3792.0, 3612.6667, 2880.6667, 2878.0, 3314.6667, 3599.6667]
In ga.py, 2018-11-26 06:41:40,944 - __main__ - INFO - len population_validation first:10,len population_validation[0]:30
In ga.py, 2018-11-26 06:41:40,945 - __main__ - INFO - population_validation[0]:[3600. 4910. 3600. 4910. 3600. 4710. 4710. 4910. 4710. 3600. 4910. 4710.
 4710. 4710. 3600. 4710. 4710. 4710. 4710. 4710. 4910. 4910. 4710. 3600.
 4710. 4710. 4910. 4710. 3600. 3600.]
In ga.py, 2018-11-26 06:42:34,372 - __main__ - INFO - population_validation second:[4460.6665, 2441.0, 2422.0, 4530.6665, 3751.3333, 3423.3333, 3186.6667, 3406.0, 3664.0, 1870.6666]
In ga.py, 2018-11-26 06:45:51,629 - __main__ - INFO - len population_validation first:10,len population_validation[0]:30
In ga.py, 2018-11-26 06:45:51,631 - __main__ - INFO - population_validation[0]:[4950. 4750. 4750. 3930. 3930. 4750. 3930. 3930. 3930. 3930. 4750. 4750.
 4750. 4750. 4750. 4750. 4950. 4750. 4950. 4750. 4750. 4750. 4950. 4950.
 3930. 4750. 4750. 4950. 3930. 4750.]
In ga.py, 2018-11-26 06:46:45,076 - __main__ - INFO - population_validation second:[4571.3335, 3017.0, 3534.6667, 4008.0, 3722.6667, 4219.3335, 4497.0, 4369.6665, 3697.0, 3123.3333]
In ga.py, 2018-11-26 06:50:15,531 - __main__ - INFO - len population_validation first:10,len population_validation[0]:30
In ga.py, 2018-11-26 06:50:15,533 - __main__ - INFO - population_validation[0]:[4950. 3930. 4750. 4750. 4750. 3930. 4950. 3930. 4950. 4750. 4750. 4950.
 4950. 4750. 4950. 4950. 4750. 4950. 4750. 4950. 3930. 4750. 3930. 4750.
 4750. 4750. 3930. 4950. 4750. 4750.]
In ga.py, 2018-11-26 06:51:09,161 - __main__ - INFO - population_validation second:[4652.6665, 3611.6667, 3918.6667, 3915.3333, 4382.0, 4095.3333, 3277.6667, 3397.6667, 2516.3333, 2763.6667]
In ga.py, 2018-11-26 06:54:37,746 - __main__ - INFO - len population_validation first:10,len population_validation[0]:30
In ga.py, 2018-11-26 06:54:37,747 - __main__ - INFO - population_validation[0]:[4750. 4950. 4950. 3930. 4750. 3930. 4750. 4750. 4750. 3930. 4950. 3930.
 4750. 4750. 4750. 3930. 3930. 4750. 4950. 4750. 3930. 4750. 4750. 3930.
 4750. 4750. 4950. 4950. 4950. 3930.]
In ga.py, 2018-11-26 06:55:26,297 - __main__ - INFO - population_validation second:[4550.6665, 4036.0, 3852.0, 3914.0, 3625.3333, 2542.6667, 4558.0, 2986.0, 4049.3333, 4516.6665]
In ga.py, 2018-11-26 06:58:48,383 - __main__ - INFO - len population_validation first:10,len population_validation[0]:30
In ga.py, 2018-11-26 06:58:48,385 - __main__ - INFO - population_validation[0]:[3400. 4900. 4440. 3400. 4440. 3400. 3400. 3400. 4900. 4440. 4440. 3400.
 4440. 4900. 4900. 4900. 3400. 4900. 3400. 4900. 4900. 4440. 3400. 3400.
 3400. 4900. 4900. 4440. 4900. 3400.]
In ga.py, 2018-11-26 06:59:39,767 - __main__ - INFO - population_validation second:[4192.6665, 3362.3333, 2366.0, 2860.0, 3704.6667, 3279.3333, 1694.0, 4171.6665, 4869.0, 4752.6665]
In ga.py, 2018-11-26 07:02:54,432 - __main__ - INFO - len population_validation first:10,len population_validation[0]:30
In ga.py, 2018-11-26 07:02:54,433 - __main__ - INFO - population_validation[0]:[4930. 4720. 5230. 4930. 5230. 4710. 4930. 4710. 4710. 5230. 4710. 4930.
 4720. 4710. 4710. 5230. 4710. 5230. 5230. 4720. 5230. 4720. 4930. 4720.
 5230. 4720. 4720. 5230. 4930. 4930.]
In ga.py, 2018-11-26 07:03:48,411 - __main__ - INFO - population_validation second:[4919.6665, 3182.6667, 3277.6667, 3180.0, 2611.3333, 4542.0, 4171.0, 1288.3334, 3940.0, 2328.0]
In ga.py, 2018-11-26 07:07:06,396 - __main__ - INFO - len population_validation first:10,len population_validation[0]:30
In ga.py, 2018-11-26 07:07:06,398 - __main__ - INFO - population_validation[0]:[4720. 5230. 4720. 4710. 5230. 4930. 5230. 5230. 4930. 4930. 4720. 5230.
 4710. 4930. 5230. 4720. 4930. 4720. 5230. 4710. 4720. 5230. 4720. 4930.
 4710. 4710. 4930. 4710. 5230. 4720.]
In ga.py, 2018-11-26 07:07:58,215 - __main__ - INFO - population_validation second:[4920.0, 4695.3335, 4583.6665, 4869.0, 3152.0, 3693.6667, 3662.0, 3473.0, 2959.3333, 3637.0]
In ga.py, 2018-11-26 07:11:08,754 - __main__ - INFO - len population_validation first:10,len population_validation[0]:30
In ga.py, 2018-11-26 07:11:08,755 - __main__ - INFO - population_validation[0]:[4930. 5230. 5230. 5230. 4930. 4930. 4720. 4720. 4930. 5230. 5230. 4710.
 4930. 4720. 4720. 5230. 4720. 4930. 4720. 4710. 4930. 4930. 4930. 4710.
 5230. 4710. 4930. 4930. 4720. 5230.]
In ga.py, 2018-11-26 07:12:01,314 - __main__ - INFO - population_validation second:[4931.6665, 4562.3335, 3668.0, 4061.6667, 3400.6667, 3753.3333, 4293.3335, 1845.3334, 4169.0, 2757.0]
In ga.py, 2018-11-26 07:15:09,050 - __main__ - INFO - len population_validation first:10,len population_validation[0]:30
In ga.py, 2018-11-26 07:15:09,051 - __main__ - INFO - population_validation[0]:[5230. 4930. 5230. 5230. 4710. 4930. 5230. 4720. 4710. 4710. 5230. 5230.
 4720. 4710. 4930. 4930. 5230. 4930. 4930. 4720. 4710. 4720. 4720. 4720.
 4720. 4710. 5230. 5230. 5230. 4710.]
In ga.py, 2018-11-26 07:16:00,752 - __main__ - INFO - population_validation second:[4929.6665, 4000.6667, 2685.3333, 3524.6667, 3008.0, 3126.6667, 1496.6666, 4020.0, 2776.3333, 3020.6667]
In ga.py, 2018-11-26 07:19:20,457 - __main__ - INFO - len population_validation first:10,len population_validation[0]:30
In ga.py, 2018-11-26 07:19:20,459 - __main__ - INFO - population_validation[0]:[4720. 4710. 4720. 4930. 4720. 4710. 4930. 5230. 4930. 4710. 4930. 5230.
 4710. 5230. 4720. 4720. 4930. 5230. 4930. 4930. 4930. 5230. 4720. 4930.
 4710. 4710. 4720. 4720. 4710. 4720.]
In ga.py, 2018-11-26 07:20:11,881 - __main__ - INFO - population_validation second:[4865.6665, 3367.3333, 2915.3333, 3251.0, 3249.0, 2487.0, 2432.0, 3929.6667, 3232.6667, 2529.0]
In ga.py, 2018-11-26 07:23:16,470 - __main__ - INFO - len population_validation first:10,len population_validation[0]:30
In ga.py, 2018-11-26 07:23:16,471 - __main__ - INFO - population_validation[0]:[4720. 4720. 5230. 5230. 4710. 4720. 4930. 5230. 5230. 4930. 4720. 5230.
 5230. 4720. 4710. 5230. 5230. 4930. 5230. 4710. 5230. 4930. 4720. 4710.
 4930. 5230. 4710. 4710. 5230. 5230.]
In ga.py, 2018-11-26 07:24:08,676 - __main__ - INFO - population_validation second:[4974.0, 2180.6667, 4210.6665, 3860.0, 3518.0, 3823.6667, 3456.3333, 1893.6666, 3997.3333, 1591.0]
In ga.py, 2018-11-26 07:27:16,921 - __main__ - INFO - len population_validation first:10,len population_validation[0]:30
In ga.py, 2018-11-26 07:27:16,922 - __main__ - INFO - population_validation[0]:[4930. 4930. 4720. 5230. 5230. 4720. 4720. 4720. 5230. 4930. 4710. 4930.
 5230. 5230. 4930. 4930. 4720. 5230. 4710. 4720. 4720. 4930. 5230. 4710.
 4720. 4720. 5230. 4720. 4710. 4930.]
In ga.py, 2018-11-26 07:28:13,451 - __main__ - INFO - population_validation second:[4910.6665, 2613.3333, 3288.0, 2513.3333, 4015.3333, 4010.0, 2727.3333, 3286.6667, 1481.0, 1563.3334]
In ga.py, 2018-11-26 07:31:21,072 - __main__ - INFO - len population_validation first:10,len population_validation[0]:30
In ga.py, 2018-11-26 07:31:21,073 - __main__ - INFO - population_validation[0]:[4930. 4720. 4720. 4710. 5230. 4710. 4930. 4930. 4720. 4930. 5230. 4710.
 4930. 4720. 5230. 4710. 4930. 4720. 5230. 5230. 4930. 4930. 5230. 4710.
 4720. 4720. 4710. 5230. 5230. 4930.]
In ga.py, 2018-11-26 07:32:11,799 - __main__ - INFO - population_validation second:[4917.0, 3750.6667, 4335.6665, 4435.6665, 3034.6667, 3049.0, 1540.3334, 3499.3333, 3042.6667, 2537.3333]
In ga.py, 2018-11-26 07:35:21,253 - __main__ - INFO - len population_validation first:10,len population_validation[0]:30
In ga.py, 2018-11-26 07:35:21,254 - __main__ - INFO - population_validation[0]:[5230. 4930. 4710. 4930. 4720. 4930. 4710. 4720. 4720. 4930. 4720. 4720.
 4720. 4720. 4930. 4930. 5230. 4720. 5230. 5230. 4710. 4710. 4710. 5230.
 4930. 4930. 4930. 5230. 4720. 5230.]
In ga.py, 2018-11-26 07:36:13,031 - __main__ - INFO - population_validation second:[4900.3335, 3150.3333, 1780.0, 3506.3333, 3260.6667, 1740.6666, 3824.3333, 3121.6667, 2551.3333, 4362.0]
In ga.py, 2018-11-26 07:39:27,375 - __main__ - INFO - len population_validation first:10,len population_validation[0]:30
In ga.py, 2018-11-26 07:39:27,376 - __main__ - INFO - population_validation[0]:[4710. 5230. 4930. 4720. 5230. 4720. 4720. 4710. 5230. 4710. 4930. 4930.
 4710. 4710. 4710. 4930. 4720. 4930. 4930. 4710. 5230. 4930. 5230. 4710.
 5230. 5230. 4710. 4720. 4930. 5230.]
In ga.py, 2018-11-26 07:40:18,718 - __main__ - INFO - population_validation second:[4909.0, 1903.3334, 3758.3333, 4195.0, 4468.6665, 2752.6667, 4339.3335, 3640.6667, 2788.6667, 1629.0]
In ga.py, 2018-11-26 07:43:39,215 - __main__ - INFO - len population_validation first:10,len population_validation[0]:30
In ga.py, 2018-11-26 07:43:39,216 - __main__ - INFO - population_validation[0]:[5230. 4710. 4720. 5230. 5230. 4710. 4710. 5230. 5230. 5230. 5230. 4710.
 5230. 4720. 5230. 4720. 4720. 4710. 4710. 4720. 5230. 4930. 5230. 5230.
 4930. 4720. 4720. 4710. 5230. 4720.]
In ga.py, 2018-11-26 07:44:31,684 - __main__ - INFO - population_validation second:[4952.6665, 3587.3333, 3816.0, 3929.0, 3422.0, 3617.3333, 4890.0, 3723.6667, 3240.6667, 2993.3333]
In ga.py, 2018-11-26 07:47:47,107 - __main__ - INFO - len population_validation first:10,len population_validation[0]:30
In ga.py, 2018-11-26 07:47:47,108 - __main__ - INFO - population_validation[0]:[5230. 4710. 4720. 5230. 4720. 4930. 4930. 5230. 4930. 4720. 4710. 4710.
 4710. 4710. 4710. 4710. 4930. 5230. 4720. 5230. 5230. 4720. 4710. 4720.
 5230. 5230. 4720. 5230. 5230. 5230.]
In ga.py, 2018-11-26 07:48:40,470 - __main__ - INFO - population_validation second:[4932.3335, 4090.0, 4471.0, 4046.3333, 3963.6667, 3274.0, 2469.6667, 1966.0, 2781.0, 4058.3333]
In ga.py, 2018-11-26 07:52:17,714 - __main__ - INFO - len population_validation first:10,len population_validation[0]:30
In ga.py, 2018-11-26 07:52:17,716 - __main__ - INFO - population_validation[0]:[4930. 4720. 4930. 4710. 5230. 4720. 4930. 4710. 4930. 4720. 4710. 4720.
 4710. 5230. 4930. 4720. 5230. 4930. 4720. 4720. 5230. 4720. 4930. 4930.
 4930. 5230. 4930. 4720. 4720. 4930.]
In ga.py, 2018-11-26 07:53:08,668 - __main__ - INFO - population_validation second:[4880.6665, 4418.6665, 1203.3334, 3243.0, 3373.3333, 2162.0, 3287.3333, 3937.0, 3718.3333, 2008.0]
In ga.py, 2018-11-26 07:56:25,972 - __main__ - INFO - len population_validation first:10,len population_validation[0]:30
In ga.py, 2018-11-26 07:56:25,973 - __main__ - INFO - population_validation[0]:[5230. 4710. 4720. 4930. 4930. 4720. 4720. 4930. 4930. 5230. 4710. 5230.
 4930. 4710. 4710. 5230. 4710. 5230. 5230. 4720. 4720. 4930. 5230. 4720.
 5230. 4720. 4720. 4930. 4930. 4720.]
In ga.py, 2018-11-26 07:57:18,104 - __main__ - INFO - population_validation second:[4910.3335, 4060.6667, 2327.0, 2709.6667, 2801.0, 3115.0, 2300.6667, 3893.0, 2523.3333, 3481.0]
In ga.py, 2018-11-26 08:00:44,572 - __main__ - INFO - len population_validation first:10,len population_validation[0]:30
In ga.py, 2018-11-26 08:00:44,573 - __main__ - INFO - population_validation[0]:[5230. 4930. 5230. 4930. 4710. 5230. 5230. 4930. 4720. 4720. 4930. 5230.
 4720. 4720. 4720. 4720. 5230. 4930. 4930. 4710. 5230. 4720. 4720. 4930.
 4720. 4930. 4930. 5230. 4720. 5230.]
In ga.py, 2018-11-26 08:01:36,336 - __main__ - INFO - population_validation second:[4935.3335, 3046.0, 3841.3333, 2800.0, 3691.6667, 3686.6667, 3646.0, 2320.6667, 3661.6667, 4443.0]
In ga.py, 2018-11-26 08:05:03,549 - __main__ - INFO - len population_validation first:10,len population_validation[0]:30
In ga.py, 2018-11-26 08:05:03,550 - __main__ - INFO - population_validation[0]:[4930. 5230. 4930. 4710. 4720. 4720. 4930. 4930. 5230. 4710. 4720. 4720.
 4710. 5230. 4710. 4710. 4720. 5230. 4720. 4710. 5230. 4720. 4710. 4930.
 4710. 4720. 4930. 4930. 5230. 4720.]
In ga.py, 2018-11-26 08:05:54,066 - __main__ - INFO - population_validation second:[4868.3335, 4249.6665, 3013.6667, 3226.0, 2764.0, 4116.0, 3633.6667, 2832.0, 4471.3335, 3430.0]
In ga.py, 2018-11-26 08:09:30,961 - __main__ - INFO - len population_validation first:10,len population_validation[0]:30
In ga.py, 2018-11-26 08:09:30,962 - __main__ - INFO - population_validation[0]:[4720. 5230. 4720. 4930. 4930. 4930. 5230. 4720. 5230. 5230. 4710. 4930.
 5230. 5230. 4930. 4720. 4710. 4930. 5230. 4710. 4710. 4720. 4710. 4930.
 4710. 5230. 4710. 4710. 4720. 5230.]
In ga.py, 2018-11-26 08:10:24,757 - __main__ - INFO - population_validation second:[4919.3335, 3798.3333, 4131.6665, 3866.6667, 2757.3333, 4405.6665, 3833.6667, 3928.6667, 4514.0, 3576.6667]
In ga.py, 2018-11-26 08:13:58,395 - __main__ - INFO - len population_validation first:10,len population_validation[0]:30
In ga.py, 2018-11-26 08:13:58,396 - __main__ - INFO - population_validation[0]:[4720. 4720. 4930. 5230. 4930. 4720. 4710. 4720. 5230. 4710. 4710. 4930.
 5230. 5230. 4710. 5230. 4930. 5230. 4930. 4720. 5230. 4710. 4720. 4710.
 4710. 4720. 4720. 4710. 4710. 5230.]
In ga.py, 2018-11-26 08:14:50,105 - __main__ - INFO - population_validation second:[4888.0, 3701.3333, 4564.0, 3358.6667, 4579.0, 4398.3335, 3468.6667, 3803.6667, 4130.0, 4043.0]
In ga.py, 2018-11-26 08:18:15,217 - __main__ - INFO - len population_validation first:10,len population_validation[0]:30
In ga.py, 2018-11-26 08:18:15,218 - __main__ - INFO - population_validation[0]:[4930. 5230. 4720. 4930. 4930. 4720. 5230. 4720. 5230. 4710. 4720. 5230.
 4710. 4720. 5230. 4710. 4710. 4930. 4720. 5230. 4930. 4930. 5230. 4720.
 5230. 4720. 4720. 4710. 4710. 4710.]
In ga.py, 2018-11-26 08:19:08,735 - __main__ - INFO - population_validation second:[4895.6665, 4293.6665, 3419.3333, 4030.6667, 2530.0, 4346.0, 2578.6667, 3268.6667, 3287.0, 3055.3333]
In ga.py, 2018-11-26 08:22:37,697 - __main__ - INFO - len population_validation first:10,len population_validation[0]:30
In ga.py, 2018-11-26 08:22:37,698 - __main__ - INFO - population_validation[0]:[4720. 4930. 5230. 4710. 4930. 4930. 5230. 4720. 4930. 5230. 4720. 4720.
 5230. 4720. 4930. 4710. 4930. 5230. 4720. 4930. 5230. 4710. 5230. 4930.
 4720. 4710. 4710. 4720. 4710. 4930.]
In ga.py, 2018-11-26 08:23:31,386 - __main__ - INFO - population_validation second:[4900.0, 4012.0, 3960.3333, 2460.6667, 2857.6667, 2530.6667, 3475.0, 2466.6667, 2558.3333, 3945.0]
In ga.py, 2018-11-26 08:26:53,140 - __main__ - INFO - len population_validation first:10,len population_validation[0]:30
In ga.py, 2018-11-26 08:26:53,142 - __main__ - INFO - population_validation[0]:[4930. 5230. 4720. 4930. 5230. 4720. 4710. 4710. 4720. 4720. 5230. 4710.
 4720. 4720. 4930. 5230. 4930. 4930. 4930. 5230. 4710. 4930. 5230. 5230.
 5230. 4720. 4710. 4720. 4710. 4930.]
In ga.py, 2018-11-26 08:27:44,654 - __main__ - INFO - population_validation second:[4910.0, 3952.6667, 4149.0, 1910.0, 3452.6667, 3068.6667, 3268.3333, 3331.6667, 2763.6667, 2823.3333]
In ga.py, 2018-11-26 08:31:07,328 - __main__ - INFO - len population_validation first:10,len population_validation[0]:30
In ga.py, 2018-11-26 08:31:07,329 - __main__ - INFO - population_validation[0]:[4710. 4930. 5230. 4710. 4930. 4930. 5230. 4720. 5230. 5230. 4710. 4720.
 4720. 5230. 4930. 4720. 5230. 4930. 4710. 4720. 4930. 4720. 4930. 4720.
 4710. 4930. 4720. 4710. 4720. 4710.]
In ga.py, 2018-11-26 08:32:00,351 - __main__ - INFO - population_validation second:[4875.6665, 2774.6667, 3805.6667, 4453.3335, 3600.0, 3465.3333, 3346.0, 3623.0, 1847.3334, 1645.0]
In ga.py, 2018-11-26 08:35:20,693 - __main__ - INFO - len population_validation first:10,len population_validation[0]:30
In ga.py, 2018-11-26 08:35:20,694 - __main__ - INFO - population_validation[0]:[4710. 5230. 4710. 4710. 4720. 4710. 5230. 5230. 5230. 4930. 4930. 4720.
 4710. 4720. 4720. 4720. 5230. 5230. 4930. 5230. 4720. 4720. 5230. 5230.
 4930. 5230. 4720. 4710. 5230. 5230.]
In ga.py, 2018-11-26 08:36:14,744 - __main__ - INFO - population_validation second:[4950.0, 2706.6667, 4760.0, 3194.3333, 2545.6667, 3570.3333, 3064.6667, 4138.3335, 3538.0, 1788.6666]
In ga.py, 2018-11-26 08:39:38,467 - __main__ - INFO - len population_validation first:10,len population_validation[0]:30
In ga.py, 2018-11-26 08:39:38,468 - __main__ - INFO - population_validation[0]:[4720. 4710. 4720. 4720. 4930. 4930. 5230. 4930. 5230. 5230. 4710. 4720.
 4720. 4930. 4930. 4720. 5230. 4930. 4930. 5230. 5230. 4710. 4720. 4720.
 5230. 4930. 4720. 5230. 4720. 4710.]
In ga.py, 2018-11-26 08:40:29,949 - __main__ - INFO - population_validation second:[4910.6665, 4000.6667, 4057.3333, 4064.6667, 4334.6665, 3227.6667, 2282.0, 3883.3333, 3316.0, 3084.6667]
In ga.py, 2018-11-26 08:43:49,834 - __main__ - INFO - len population_validation first:10,len population_validation[0]:30
In ga.py, 2018-11-26 08:43:49,835 - __main__ - INFO - population_validation[0]:[4720. 5230. 4710. 5230. 4930. 5230. 4720. 4720. 4710. 5230. 4720. 4720.
 4720. 4710. 4930. 5230. 4710. 5230. 4720. 4930. 4720. 4930. 5230. 4710.
 4930. 4930. 4710. 4720. 5230. 4720.]
In ga.py, 2018-11-26 08:44:44,624 - __main__ - INFO - population_validation second:[4896.0, 2847.0, 3430.6667, 2856.6667, 3419.3333, 4441.6665, 4183.0, 4769.0, 2404.0, 3408.0]
In ga.py, 2018-11-26 08:48:12,378 - __main__ - INFO - len population_validation first:10,len population_validation[0]:30
In ga.py, 2018-11-26 08:48:12,380 - __main__ - INFO - population_validation[0]:[5230. 5230. 4930. 4710. 5230. 4930. 4710. 5230. 5230. 5230. 4710. 4930.
 4720. 4930. 4720. 4720. 4930. 4720. 4710. 5230. 4720. 4720. 4710. 5230.
 5230. 4710. 4720. 4710. 5230. 4930.]
In ga.py, 2018-11-26 08:49:10,610 - __main__ - INFO - population_validation second:[4929.6665, 1572.0, 3452.3333, 4245.6665, 1398.3334, 2790.6667, 3157.6667, 4325.0, 3760.6667, 3281.6667]
In ga.py, 2018-11-26 08:52:41,764 - __main__ - INFO - len population_validation first:10,len population_validation[0]:30
In ga.py, 2018-11-26 08:52:41,765 - __main__ - INFO - population_validation[0]:[4930. 5230. 5230. 4720. 5230. 5230. 5230. 4720. 4930. 5230. 4930. 4710.
 4930. 4930. 4720. 4930. 5230. 4710. 4710. 5230. 4930. 4710. 4930. 4720.
 5230. 4720. 4710. 5230. 5230. 4710.]
In ga.py, 2018-11-26 08:53:35,821 - __main__ - INFO - population_validation second:[4961.0, 4717.6665, 1676.6666, 3756.6667, 3722.6667, 2944.0, 3825.3333, 3852.6667, 3166.0, 4554.0]
In ga.py, 2018-11-26 08:57:04,635 - __main__ - INFO - len population_validation first:10,len population_validation[0]:30
In ga.py, 2018-11-26 08:57:04,636 - __main__ - INFO - population_validation[0]:[5230. 4710. 4930. 4710. 4930. 4710. 5230. 4710. 5230. 4720. 5230. 4710.
 4720. 4720. 4930. 4710. 5230. 4710. 4930. 4720. 5230. 5230. 4930. 5230.
 4710. 5230. 4710. 4720. 4720. 4720.]
In ga.py, 2018-11-26 08:57:56,220 - __main__ - INFO - population_validation second:[4905.0, 4457.6665, 4173.3335, 4323.3335, 3230.3333, 4194.6665, 3550.0, 3334.6667, 2506.6667, 4334.3335]
In ga.py, 2018-11-26 09:01:24,843 - __main__ - INFO - len population_validation first:10,len population_validation[0]:30
In ga.py, 2018-11-26 09:01:24,844 - __main__ - INFO - population_validation[0]:[4710. 4710. 4720. 4720. 4710. 4720. 4710. 5230. 4710. 4720. 4710. 4710.
 4930. 5230. 4930. 5230. 4720. 4720. 4710. 4930. 4720. 5230. 5230. 4720.
 5230. 5230. 4930. 4720. 4710. 4930.]
In ga.py, 2018-11-26 09:02:16,096 - __main__ - INFO - population_validation second:[4871.0, 3600.6667, 2635.3333, 2518.6667, 4855.6665, 4024.6667, 3601.6667, 3551.3333, 4262.0, 2638.3333]
In ga.py, 2018-11-26 09:05:48,668 - __main__ - INFO - len population_validation first:10,len population_validation[0]:30
In ga.py, 2018-11-26 09:05:48,669 - __main__ - INFO - population_validation[0]:[4710. 4930. 4720. 4710. 4710. 5230. 5230. 4720. 4720. 4930. 5230. 4930.
 5230. 4720. 5230. 4720. 4710. 4710. 4930. 5230. 5230. 5230. 4720. 4930.
 4710. 4720. 5230. 4930. 5230. 4720.]
In ga.py, 2018-11-26 09:06:42,729 - __main__ - INFO - population_validation second:[4930.0, 3996.0, 3702.0, 2277.6667, 3823.0, 3245.0, 3884.6667, 4298.0, 4090.3333, 3487.3333]
In ga.py, 2018-11-26 09:10:20,134 - __main__ - INFO - len population_validation first:10,len population_validation[0]:30
In ga.py, 2018-11-26 09:10:20,135 - __main__ - INFO - population_validation[0]:[4930. 5230. 4930. 5230. 5230. 4930. 5230. 4930. 5230. 4930. 4720. 4930.
 4930. 4930. 4720. 4930. 4930. 5230. 5230. 4720. 5230. 4720. 4930. 4720.
 4710. 4720. 4710. 5230. 4720. 5230.]
In ga.py, 2018-11-26 09:11:12,535 - __main__ - INFO - population_validation second:[4966.3335, 3962.3333, 1312.6666, 4160.3335, 4490.6665, 3625.0, 3504.6667, 4544.3335, 3655.0, 4297.6665]
In ga.py, 2018-11-26 09:15:19,904 - __main__ - INFO - len population_validation first:10,len population_validation[0]:30
In ga.py, 2018-11-26 09:15:19,905 - __main__ - INFO - population_validation[0]:[5230. 4720. 4930. 4710. 4930. 4710. 4930. 4710. 4710. 5230. 4720. 4720.
 4930. 4710. 5230. 4710. 4710. 4930. 4710. 4930. 5230. 4930. 4930. 4720.
 4930. 5230. 4720. 4930. 5230. 4710.]
In ga.py, 2018-11-26 09:16:12,532 - __main__ - INFO - population_validation second:[4889.0, 4063.3333, 3988.3333, 2799.6667, 4753.6665, 4694.6665, 4618.0, 3370.0, 2542.3333, 4226.0]
In ga.py, 2018-11-26 09:20:04,021 - __main__ - INFO - len population_validation first:10,len population_validation[0]:30
In ga.py, 2018-11-26 09:20:04,022 - __main__ - INFO - population_validation[0]:[5230. 4930. 4930. 4710. 5230. 4710. 5230. 5230. 4720. 4930. 5230. 5230.
 4930. 5230. 4930. 4720. 5230. 4710. 4720. 4710. 4710. 4720. 5230. 4710.
 4710. 4930. 5230. 5230. 5230. 4720.]
In ga.py, 2018-11-26 09:20:54,775 - __main__ - INFO - population_validation second:[4963.6665, 3501.6667, 3827.3333, 4126.6665, 3587.0, 4211.0, 4054.0, 4626.6665, 4541.3335, 2260.0]
In ga.py, 2018-11-26 09:24:49,037 - __main__ - INFO - len population_validation first:10,len population_validation[0]:30
In ga.py, 2018-11-26 09:24:49,039 - __main__ - INFO - population_validation[0]:[5230. 4930. 4710. 5230. 5230. 4720. 4930. 4710. 4710. 4720. 4720. 4720.
 5230. 4720. 4720. 4720. 4720. 4930. 4720. 4930. 5230. 4930. 4710. 5230.
 4720. 4930. 5230. 4720. 4720. 5230.]
In ga.py, 2018-11-26 09:25:39,763 - __main__ - INFO - population_validation second:[4896.6665, 4750.6665, 3754.6667, 4871.6665, 4219.0, 4443.3335, 5031.3335, 4110.0, 4531.6665, 4459.0]
In ga.py, 2018-11-26 09:29:29,080 - __main__ - INFO - len population_validation first:10,len population_validation[0]:30
In ga.py, 2018-11-26 09:29:29,082 - __main__ - INFO - population_validation[0]:[4550. 5310. 3580. 5340. 3580. 5310. 3580. 4550. 3580. 5310. 5310. 5310.
 3580. 5340. 4550. 3580. 4550. 5340. 4550. 5310. 5310. 5310. 3580. 3580.
 4550. 4550. 3580. 3580. 3580. 5310.]
In ga.py, 2018-11-26 09:30:20,824 - __main__ - INFO - population_validation second:[4501.3335, 4938.0, 2616.6667, 2000.3334, 4562.0, 4415.6665, 3021.0, 4279.6665, 4160.6665, 3839.3333]
In ga.py, 2018-11-26 09:34:02,731 - __main__ - INFO - len population_validation first:10,len population_validation[0]:30
In ga.py, 2018-11-26 09:34:02,733 - __main__ - INFO - population_validation[0]:[4630. 4630. 4630. 4480. 4630. 4480. 4630. 5740. 4630. 4480. 4630. 4630.
 4630. 4480. 4630. 4630. 4630. 4630. 5740. 4630. 5740. 4630. 4630. 4630.
 5740. 4630. 4630. 4630. 4480. 4630.]
In ga.py, 2018-11-26 09:34:55,054 - __main__ - INFO - population_validation second:[4753.0, 4616.6665, 3890.0, 2091.3333, 4978.6665, 1863.6666, 4519.6665, 4439.3335, 3570.6667, 3665.0]
In ga.py, 2018-11-26 09:38:45,663 - __main__ - INFO - len population_validation first:10,len population_validation[0]:30
In ga.py, 2018-11-26 09:38:45,665 - __main__ - INFO - population_validation[0]:[5410. 4230. 4230. 5300. 5300. 4230. 5410. 5410. 5300. 4180. 4230. 4230.
 4180. 4180. 5410. 5410. 4230. 4230. 5410. 4180. 5300. 5300. 4230. 4180.
 5300. 5300. 5300. 4230. 5300. 5410.]
In ga.py, 2018-11-26 09:39:38,894 - __main__ - INFO - population_validation second:[4818.0, 4221.0, 5053.6665, 3814.0, 4147.0, 2574.3333, 4470.3335, 4817.6665, 5030.0, 4440.0]
In ga.py, 2018-11-26 09:43:28,599 - __main__ - INFO - len population_validation first:10,len population_validation[0]:30
In ga.py, 2018-11-26 09:43:28,600 - __main__ - INFO - population_validation[0]:[4900. 5520. 4510. 4900. 4900. 4900. 4900. 5340. 5520. 5520. 4510. 4900.
 4510. 4900. 5520. 5340. 4510. 5520. 4900. 4900. 5520. 4900. 5520. 5520.
 4510. 5520. 5520. 5340. 4510. 4900.]
In ga.py, 2018-11-26 09:44:23,368 - __main__ - INFO - population_validation second:[5072.6665, 4835.0, 4654.6665, 4962.3335, 2459.6667, 4881.0, 4467.0, 5221.6665, 3562.6667, 2381.6667]
In ga.py, 2018-11-26 09:48:09,029 - __main__ - INFO - len population_validation first:10,len population_validation[0]:30
In ga.py, 2018-11-26 09:48:09,030 - __main__ - INFO - population_validation[0]:[5340. 5340. 5340. 4490. 5340. 5340. 5340. 5340. 5540. 5540. 5540. 5340.
 5340. 5340. 5340. 4490. 5340. 4490. 5540. 5540. 5340. 4490. 4490. 5340.
 5340. 5340. 5340. 5340. 4490. 4490.]
In ga.py, 2018-11-26 09:49:05,255 - __main__ - INFO - population_validation second:[5175.0, 4949.3335, 4078.6667, 4114.6665, 3566.0, 2194.0, 3929.6667, 3810.3333, 4674.0, 3064.0]
In ga.py, 2018-11-26 09:52:52,253 - __main__ - INFO - len population_validation first:10,len population_validation[0]:30
In ga.py, 2018-11-26 09:52:52,255 - __main__ - INFO - population_validation[0]:[5340. 5340. 5340. 5340. 5540. 5340. 5340. 5540. 4490. 5340. 4490. 5340.
 5340. 4490. 4490. 5540. 5340. 5340. 5340. 4490. 5540. 4490. 5540. 4490.
 5340. 5340. 5340. 5340. 5540. 4490.]
In ga.py, 2018-11-26 09:53:46,533 - __main__ - INFO - population_validation second:[5153.3335, 2639.3333, 4454.0, 4377.3335, 4215.6665, 4003.0, 3474.0, 4862.3335, 4342.0, 3948.3333]
In ga.py, 2018-11-26 09:57:25,706 - __main__ - INFO - len population_validation first:10,len population_validation[0]:30
In ga.py, 2018-11-26 09:57:25,707 - __main__ - INFO - population_validation[0]:[5540. 5340. 5340. 5340. 5340. 5340. 4490. 5340. 5540. 5540. 5340. 5540.
 5340. 5340. 5340. 4490. 5340. 5340. 5340. 5340. 5340. 5340. 5340. 5340.
 5540. 4490. 4490. 4490. 5340. 5540.]
In ga.py, 2018-11-26 09:58:20,808 - __main__ - INFO - population_validation second:[5238.3335, 4800.3335, 3534.0, 3410.6667, 4416.0, 3858.0, 3773.0, 4287.0, 2742.3333, 2598.3333]
In ga.py, 2018-11-26 10:02:04,528 - __main__ - INFO - len population_validation first:10,len population_validation[0]:30
In ga.py, 2018-11-26 10:02:04,529 - __main__ - INFO - population_validation[0]:[5340. 5340. 5540. 5340. 4490. 4490. 5340. 5340. 4490. 5540. 5540. 5340.
 5340. 5540. 5540. 5340. 5340. 4490. 5340. 5540. 5340. 4490. 5340. 5340.
 5340. 5340. 5340. 5340. 5340. 5340.]
In ga.py, 2018-11-26 10:02:57,196 - __main__ - INFO - population_validation second:[5238.3335, 4615.6665, 4504.6665, 4531.3335, 3807.0, 4908.0, 4220.6665, 4597.0, 3083.6667, 4572.0]
In ga.py, 2018-11-26 10:06:46,781 - __main__ - INFO - len population_validation first:10,len population_validation[0]:30
In ga.py, 2018-11-26 10:06:46,782 - __main__ - INFO - population_validation[0]:[5340. 5540. 5540. 4490. 4490. 4490. 5340. 5340. 4490. 5540. 4490. 5340.
 5540. 5340. 5340. 5540. 5340. 5540. 4490. 5540. 5340. 5540. 5340. 5340.
 5540. 5340. 5340. 4490. 5340. 4490.]
In ga.py, 2018-11-26 10:07:44,422 - __main__ - INFO - population_validation second:[5173.3335, 3562.3333, 2084.6667, 4539.0, 5410.6665, 4392.0, 2083.0, 3295.3333, 4719.6665, 4853.3335]
In ga.py, 2018-11-26 10:11:25,879 - __main__ - INFO - len population_validation first:10,len population_validation[0]:30
In ga.py, 2018-11-26 10:11:25,880 - __main__ - INFO - population_validation[0]:[5430. 5210. 5700. 5210. 5430. 5320. 5320. 5320. 5430. 5430. 5700. 5320.
 5700. 5700. 5320. 5430. 5320. 5430. 5700. 5320. 5210. 5210. 5430. 5430.
 5210. 5430. 5430. 5430. 5430. 5430.]
In ga.py, 2018-11-26 10:12:19,269 - __main__ - INFO - population_validation second:[5412.6665, 4054.6667, 4713.6665, 4516.0, 4232.6665, 4376.3335, 4147.6665, 3809.0, 4973.6665, 3072.0]
In ga.py, 2018-11-26 10:15:46,836 - __main__ - INFO - len population_validation first:10,len population_validation[0]:30
In ga.py, 2018-11-26 10:15:46,838 - __main__ - INFO - population_validation[0]:[5210. 5210. 5210. 5210. 5320. 5430. 5320. 5210. 5320. 5320. 5320. 5700.
 5320. 5430. 5430. 5320. 5700. 5430. 5320. 5320. 5700. 5320. 5320. 5320.
 5320. 5320. 5320. 5320. 5700. 5320.]
In ga.py, 2018-11-26 10:16:39,245 - __main__ - INFO - population_validation second:[5367.0, 1878.3334, 3600.6667, 2647.6667, 3698.6667, 1778.3334, 2366.6667, 3510.6667, 1773.0, 4736.3335]
In ga.py, 2018-11-26 10:20:15,902 - __main__ - INFO - len population_validation first:10,len population_validation[0]:30
In ga.py, 2018-11-26 10:20:15,903 - __main__ - INFO - population_validation[0]:[5700. 5700. 5700. 5430. 5430. 5210. 5210. 5320. 5430. 5700. 5430. 5210.
 5700. 5700. 5700. 5210. 5320. 5320. 5210. 5430. 5210. 5700. 5210. 5430.
 5320. 5700. 5700. 5430. 5320. 5210.]
In ga.py, 2018-11-26 10:21:08,372 - __main__ - INFO - population_validation second:[5443.0, 4459.0, 4733.0, 3167.0, 4521.6665, 3086.6667, 2382.6667, 2782.6667, 3213.6667, 1873.6666]
In ga.py, 2018-11-26 10:24:42,912 - __main__ - INFO - len population_validation first:10,len population_validation[0]:30
In ga.py, 2018-11-26 10:24:42,913 - __main__ - INFO - population_validation[0]:[5700. 5430. 5210. 5210. 5700. 5430. 5320. 5430. 5210. 5700. 5430. 5320.
 5430. 5430. 5700. 5700. 5210. 5210. 5320. 5210. 5430. 5430. 5210. 5430.
 5320. 5320. 5700. 5320. 5700. 5320.]
In ga.py, 2018-11-26 10:25:36,660 - __main__ - INFO - population_validation second:[5416.0, 4190.6665, 4174.0, 4969.0, 3129.6667, 4165.3335, 2132.0, 4448.3335, 3822.6667, 4478.6665]
In ga.py, 2018-11-26 10:29:15,551 - __main__ - INFO - len population_validation first:10,len population_validation[0]:30
In ga.py, 2018-11-26 10:29:15,552 - __main__ - INFO - population_validation[0]:[5210. 5700. 5430. 5430. 5320. 5210. 5320. 5430. 5700. 5320. 5320. 5210.
 5700. 5210. 5700. 5430. 5700. 5700. 5320. 5700. 5320. 5320. 5430. 5700.
 5320. 5210. 5320. 5430. 5210. 5320.]
In ga.py, 2018-11-26 10:30:14,203 - __main__ - INFO - population_validation second:[5421.3335, 5442.6665, 3846.0, 4545.0, 4256.3335, 2377.3333, 4291.6665, 4216.3335, 2416.0, 3912.3333]
In ga.py, 2018-11-26 10:33:51,561 - __main__ - INFO - len population_validation first:10,len population_validation[0]:30
In ga.py, 2018-11-26 10:33:51,563 - __main__ - INFO - population_validation[0]:[6100. 4210. 4210. 6100. 4210. 5190. 5840. 6100. 5840. 5840. 5840. 6100.
 6100. 5190. 5840. 6100. 6100. 4210. 4210. 4210. 5840. 4210. 4210. 5190.
 4210. 5840. 4210. 5190. 4210. 5190.]
In ga.py, 2018-11-26 10:34:43,699 - __main__ - INFO - population_validation second:[5194.6665, 5126.0, 3390.6667, 2805.6667, 5357.6665, 3355.3333, 4263.0, 3900.0, 3189.0, 4246.0]
