In ga.py, 2018-11-24 17:03:38,454 - __main__ - INFO - len population_validation first:10,len population_validation[0]:30
In ga.py, 2018-11-24 17:03:38,455 - __main__ - INFO - population_validation[0]:[46. 36. 35. 35. 28. 30. 28. 28. 29. 15. 35. 21. 15. 10. 28. 15. 28. 12.
 39. 28. 28. 12. 36. 49. 29. 35. 39. 15. 18. 30.]
In ga.py, 2018-11-24 17:06:48,924 - __main__ - INFO - population_validation second:[27.733334, 25.766666, 25.033333, 19.633333, 19.966667, 22.666666, 26.9, 27.966667, 22.833334, 24.966667]
In ga.py, 2018-11-24 17:18:55,847 - __main__ - INFO - len population_validation first:10,len population_validation[0]:30
In ga.py, 2018-11-24 17:18:55,849 - __main__ - INFO - population_validation[0]:[36. 32. 31. 91. 25. 28. 16. 32. 34. 31. 29.  0. 31. 36. 31. 41. 36. 41.
 34. 32. 13. 25. 47. 16. 13. 16. 32. 28. 43. 41.]
In ga.py, 2018-11-24 17:22:02,421 - __main__ - INFO - population_validation second:[31.366667, 24.466667, 28.066668, 26.533333, 29.666666, 32.733334, 28.233334, 24.833334, 30.4, 24.433332]
In ga.py, 2018-11-24 17:34:09,680 - __main__ - INFO - len population_validation first:10,len population_validation[0]:30
In ga.py, 2018-11-24 17:34:09,681 - __main__ - INFO - population_validation[0]:[37. 37. 20. 28. 30. 50. 20. 26. 30. 32. 44. 32. 19. 14. 19. 20. 20. 38.
 41. 11. 30. 20. 37. 20. 37. 39. 11. 31. 41. 37.]
In ga.py, 2018-11-24 17:37:19,504 - __main__ - INFO - population_validation second:[29.033333, 28.366667, 29.4, 21.666666, 31.333334, 24.766666, 32.6, 26.333334, 28.733334, 27.966667]
In ga.py, 2018-11-24 17:49:21,890 - __main__ - INFO - len population_validation first:10,len population_validation[0]:30
In ga.py, 2018-11-24 17:49:21,892 - __main__ - INFO - population_validation[0]:[42. 35. 26. 24. 47. 24. 27. 21. 26. 47. 27. 21. 36. 35. 25. 21. 25. 28.
 45. 33. 33. 25. 24. 25. 24. 25. 27. 27. 12. 24.]
In ga.py, 2018-11-24 17:52:27,530 - __main__ - INFO - population_validation second:[28.7, 32.0, 27.466667, 25.0, 30.166666, 27.533333, 31.766666, 27.033333, 30.4, 30.233334]
In ga.py, 2018-11-24 18:04:33,559 - __main__ - INFO - len population_validation first:10,len population_validation[0]:30
In ga.py, 2018-11-24 18:04:33,561 - __main__ - INFO - population_validation[0]:[27. 34. 64. 24. 19. 17. 32.  8.  2. 34. 43. 23.  2. 36. 26. 36. 24. 43.
 32. 23. 87. 24. 32. 17. 23. 32. 23. 23. 23. 40.]
In ga.py, 2018-11-24 18:07:41,896 - __main__ - INFO - population_validation second:[29.1, 34.766666, 21.566668, 25.166666, 33.733334, 22.7, 19.766666, 24.366667, 24.366667, 30.066668]
In ga.py, 2018-11-24 18:19:45,538 - __main__ - INFO - len population_validation first:10,len population_validation[0]:30
In ga.py, 2018-11-24 18:19:45,539 - __main__ - INFO - population_validation[0]:[30.  2. 10.  7. 46. 46. 31. 18. 25. 25. 27. 28. 35. 10. 30. 46. 60. 18.
 28. 25. 43.  7. 44. 38. 49. 43. 43. 43. 28. 27.]
In ga.py, 2018-11-24 18:22:52,188 - __main__ - INFO - population_validation second:[30.4, 27.866667, 26.7, 33.566666, 27.466667, 25.2, 25.033333, 32.833332, 28.666666, 28.8]
In ga.py, 2018-11-24 18:35:14,137 - __main__ - INFO - len population_validation first:10,len population_validation[0]:30
In ga.py, 2018-11-24 18:35:14,138 - __main__ - INFO - population_validation[0]:[44. 45. 27. 26. 28. 34. 23. 45. 24. 26. 23. 26. 44. 36. 45. 29.  6.  7.
 29. 23. 43. 28. 32. 36. 27. 26. 32. 45. 16. 26.]
In ga.py, 2018-11-24 18:38:22,674 - __main__ - INFO - population_validation second:[30.033333, 29.333334, 32.033333, 37.866665, 25.8, 26.2, 29.2, 34.933334, 27.266666, 28.833334]
In ga.py, 2018-11-24 18:50:24,828 - __main__ - INFO - len population_validation first:10,len population_validation[0]:30
In ga.py, 2018-11-24 18:50:24,829 - __main__ - INFO - population_validation[0]:[ 5. 25. 18. 44. 18. 33. 44. 18. 10. 43. 33. 42.  5. 18. 44. 44. 33. 43.
 21. 41. 33. 25. 33. 33. 10. 44. 21. 85. 27. 89.]
In ga.py, 2018-11-24 18:53:31,206 - __main__ - INFO - population_validation second:[32.733334, 28.5, 29.966667, 30.066668, 27.566668, 30.866667, 25.666666, 30.433332, 26.6, 27.366667]
In ga.py, 2018-11-24 19:05:36,305 - __main__ - INFO - len population_validation first:10,len population_validation[0]:30
In ga.py, 2018-11-24 19:05:36,306 - __main__ - INFO - population_validation[0]:[85. 25. 28. 33. 89. 42. 27. 44. 43. 44. 26. 26. 33. 42. 41. 44. 34. 21.
 27. 89. 11. 11. 27.  2. 85. 33. 25. 34. 38. 30.]
In ga.py, 2018-11-24 19:08:45,252 - __main__ - INFO - population_validation second:[37.966667, 32.2, 23.566668, 25.5, 28.7, 26.5, 27.7, 28.866667, 30.566668, 25.1]
In ga.py, 2018-11-24 19:20:48,190 - __main__ - INFO - len population_validation first:10,len population_validation[0]:30
In ga.py, 2018-11-24 19:20:48,192 - __main__ - INFO - population_validation[0]:[21.  2. 27.  5. 33. 25. 44. 33. 26. 42. 34. 89. 25. 42.  9. 33. 44. 33.
  5. 33. 44. 27. 26. 21.  9. 28. 28. 26.  2. 44.]
In ga.py, 2018-11-24 19:23:55,585 - __main__ - INFO - population_validation second:[28.666666, 27.033333, 25.333334, 26.3, 27.333334, 29.9, 28.3, 27.433332, 27.133333, 25.3]
In ga.py, 2018-11-24 19:35:58,744 - __main__ - INFO - len population_validation first:10,len population_validation[0]:30
In ga.py, 2018-11-24 19:35:58,745 - __main__ - INFO - population_validation[0]:[26. 25. 25. 28. 34. 23. 42. 13. 36. 36. 21. 27. 41. 25. 42. 21. 46. 12.
 36. 14. 46. 36. 42. 28. 14. 23. 26. 41. 21. 18.]
In ga.py, 2018-11-24 19:39:06,707 - __main__ - INFO - population_validation second:[28.933332, 35.1, 32.766666, 30.9, 26.066668, 30.966667, 28.133333, 27.766666, 30.6, 26.166666]
In ga.py, 2018-11-24 19:51:07,721 - __main__ - INFO - len population_validation first:10,len population_validation[0]:30
In ga.py, 2018-11-24 19:51:07,723 - __main__ - INFO - population_validation[0]:[85. 89. 26. 33. 30. 89. 26. 33. 89. 26. 25. 38. 35. 38. 25. 33. 38. 40.
 25. 44. 25. 11. 33.  5. 25. 32. 85. 18. 43. 35.]
In ga.py, 2018-11-24 19:54:15,377 - __main__ - INFO - population_validation second:[39.3, 29.066668, 30.733334, 31.733334, 29.666666, 24.866667, 32.966667, 30.5, 26.266666, 30.433332]
In ga.py, 2018-11-24 20:06:36,422 - __main__ - INFO - len population_validation first:10,len population_validation[0]:30
In ga.py, 2018-11-24 20:06:36,424 - __main__ - INFO - population_validation[0]:[89. 33. 43. 38. 33.  5. 33. 19. 35. 44. 25. 35. 43. 11.  7. 89. 26. 43.
 85. 32. 85. 35. 33. 42. 33. 25.  7.  5. 25. 30.]
In ga.py, 2018-11-24 20:09:45,898 - __main__ - INFO - population_validation second:[36.266666, 27.5, 26.3, 30.0, 26.5, 30.166666, 25.266666, 30.766666, 29.966667, 28.933332]
In ga.py, 2018-11-24 20:21:47,043 - __main__ - INFO - len population_validation first:10,len population_validation[0]:30
In ga.py, 2018-11-24 20:21:47,045 - __main__ - INFO - population_validation[0]:[44. 44.  7.  5. 17.  7. 85. 85. 40. 44. 43. 19. 89. 19. 33. 32. 25.  7.
 44.  5. 18. 44. 32. 17. 44. 26. 40. 30. 35. 38.]
In ga.py, 2018-11-24 20:24:52,827 - __main__ - INFO - population_validation second:[33.933334, 29.7, 32.966667, 29.6, 28.333334, 33.166668, 35.766666, 33.1, 28.866667, 28.333334]
In ga.py, 2018-11-24 20:36:57,012 - __main__ - INFO - len population_validation first:10,len population_validation[0]:30
In ga.py, 2018-11-24 20:36:57,013 - __main__ - INFO - population_validation[0]:[10. 13.  7. 42. 21. 29. 33. 28. 32. 28. 38. 38. 10. 44. 38. 25. 38. 42.
 13. 28. 42. 28. 36. 13. 36. 10. 37. 33. 44. 33.]
In ga.py, 2018-11-24 20:40:06,151 - __main__ - INFO - population_validation second:[28.966667, 28.733334, 27.466667, 33.8, 31.833334, 22.6, 25.0, 27.566668, 29.366667, 31.966667]
In ga.py, 2018-11-24 20:52:08,318 - __main__ - INFO - len population_validation first:10,len population_validation[0]:30
In ga.py, 2018-11-24 20:52:08,319 - __main__ - INFO - population_validation[0]:[29. 13. 10. 25. 32. 37. 85. 13.  9. 41. 33.  7. 28. 28. 33. 49. 26. 43.
 33. 18.  7. 37. 37. 26. 18. 49. 13. 44.  9. 33.]
In ga.py, 2018-11-24 20:55:16,782 - __main__ - INFO - population_validation second:[28.833334, 24.7, 24.633333, 34.633335, 25.133333, 27.1, 26.966667, 27.7, 23.6, 24.133333]
In ga.py, 2018-11-24 21:07:22,033 - __main__ - INFO - len population_validation first:10,len population_validation[0]:30
In ga.py, 2018-11-24 21:07:22,036 - __main__ - INFO - population_validation[0]:[50. 44. 44. 27.  7.  9. 33. 18. 60. 26.  2. 44. 20. 13. 42. 89. 18. 50.
 60. 20. 13. 27. 41. 85. 50. 44. 33.  9. 27. 41.]
In ga.py, 2018-11-24 21:10:30,339 - __main__ - INFO - population_validation second:[34.866665, 36.5, 22.4, 36.533333, 26.333334, 22.6, 28.766666, 26.133333, 31.4, 30.566668]
In ga.py, 2018-11-24 21:22:33,515 - __main__ - INFO - len population_validation first:10,len population_validation[0]:30
In ga.py, 2018-11-24 21:22:33,517 - __main__ - INFO - population_validation[0]:[44. 32. 25. 33.  2. 85. 33. 25. 30. 85. 41. 10. 49. 38.  3. 35. 42. 41.
 10. 37. 18.  2. 18. 85. 30. 10. 24. 27.  8. 18.]
In ga.py, 2018-11-24 21:25:39,647 - __main__ - INFO - population_validation second:[31.333334, 27.533333, 24.1, 34.333332, 32.633335, 40.7, 33.0, 22.333334, 24.666666, 27.733334]
In ga.py, 2018-11-24 21:38:01,478 - __main__ - INFO - len population_validation first:10,len population_validation[0]:30
In ga.py, 2018-11-24 21:38:01,479 - __main__ - INFO - population_validation[0]:[10. 50. 28. 18. 18. 85. 28. 18. 26. 28. 37. 10. 46.  2. 37. 18. 32. 32.
 26.  9. 33. 32. 10. 37. 29. 27. 10. 85. 27. 37.]
In ga.py, 2018-11-24 21:41:11,742 - __main__ - INFO - population_validation second:[29.5, 24.466667, 33.7, 28.633333, 27.666666, 33.833332, 23.6, 38.2, 30.166666, 37.2]
In ga.py, 2018-11-24 21:53:12,871 - __main__ - INFO - len population_validation first:10,len population_validation[0]:30
In ga.py, 2018-11-24 21:53:12,872 - __main__ - INFO - population_validation[0]:[16. 30. 89.  7. 85. 26. 33. 40. 19. 33. 40. 17. 40. 16. 25. 28. 50. 26.
 17.  7. 33. 33. 50. 50. 43. 18. 26. 30. 18. 85.]
In ga.py, 2018-11-24 21:56:19,000 - __main__ - INFO - population_validation second:[34.333332, 29.966667, 29.566668, 23.266666, 37.1, 29.3, 33.2, 26.933332, 34.233334, 31.833334]
In ga.py, 2018-11-24 22:08:24,938 - __main__ - INFO - len population_validation first:10,len population_validation[0]:30
In ga.py, 2018-11-24 22:08:24,940 - __main__ - INFO - population_validation[0]:[51. 91. 49.  7. 21. 29.  4. 49. 41. 32. 39. 27. 21. 35. 29.  2. 21.  7.
 49. 32. 18. 29. 13.  4. 26. 44. 33. 27. 27. 26.]
In ga.py, 2018-11-24 22:11:32,363 - __main__ - INFO - population_validation second:[29.433332, 33.466667, 32.366665, 27.333334, 24.133333, 34.566666, 31.2, 24.966667, 32.766666, 31.466667]
In ga.py, 2018-11-24 22:23:35,085 - __main__ - INFO - len population_validation first:10,len population_validation[0]:30
In ga.py, 2018-11-24 22:23:35,086 - __main__ - INFO - population_validation[0]:[11. 25. 33. 44. 26. 28. 32. 43. 85. 23.  5. 85.  7. 25. 18. 85. 92. 26.
 44. 27. 21. 15. 26. 43. 33. 89. 11. 23. 37. 37.]
In ga.py, 2018-11-24 22:26:41,894 - __main__ - INFO - population_validation second:[36.633335, 32.7, 21.066668, 31.733334, 27.633333, 33.766666, 25.7, 30.233334, 32.566666, 28.7]
In ga.py, 2018-11-24 22:38:46,354 - __main__ - INFO - len population_validation first:10,len population_validation[0]:30
In ga.py, 2018-11-24 22:38:46,356 - __main__ - INFO - population_validation[0]:[27. 85. 40. 19. 85. 18.  7. 16. 44. 33. 37. 85. 18. 89.  5. 36. 27. 21.
 49. 26. 25. 33. 89.  5. 28. 89. 26. 27. 32. 92.]
In ga.py, 2018-11-24 22:41:52,280 - __main__ - INFO - population_validation second:[40.433334, 32.333332, 32.1, 31.533333, 33.3, 27.233334, 32.8, 26.933332, 22.5, 25.966667]
In ga.py, 2018-11-24 22:53:54,936 - __main__ - INFO - len population_validation first:10,len population_validation[0]:30
In ga.py, 2018-11-24 22:53:54,938 - __main__ - INFO - population_validation[0]:[89. 27.  5. 35. 85. 21.  7. 32. 49. 91. 26. 37. 91. 44. 49.  5. 11. 27.
 32. 33. 40. 19. 25. 25. 28. 92. 21.  7. 11. 27.]
In ga.py, 2018-11-24 22:57:01,175 - __main__ - INFO - population_validation second:[36.366665, 25.133333, 34.866665, 29.966667, 38.933334, 25.7, 33.766666, 24.133333, 30.133333, 34.9]
In ga.py, 2018-11-24 23:09:23,109 - __main__ - INFO - len population_validation first:10,len population_validation[0]:30
In ga.py, 2018-11-24 23:09:23,111 - __main__ - INFO - population_validation[0]:[13. 91. 17.  7. 35. 10. 91. 30. 18. 29. 18. 41. 35. 16. 44. 16. 32. 18.
  7. 91. 11. 44. 25. 44.  5. 30. 44. 19. 28. 26.]
In ga.py, 2018-11-24 23:12:30,701 - __main__ - INFO - population_validation second:[31.166666, 28.133333, 30.6, 29.766666, 25.2, 24.566668, 42.433334, 39.233334, 34.833332, 32.033333]
In ga.py, 2018-11-24 23:24:34,766 - __main__ - INFO - len population_validation first:10,len population_validation[0]:30
In ga.py, 2018-11-24 23:24:34,767 - __main__ - INFO - population_validation[0]:[89. 30. 43. 30. 25. 30. 26. 44. 91.  5. 15.  5. 26. 15. 18. 30. 26.  5.
 26. 43. 30. 33. 92. 21. 26. 26. 43.  7. 35. 25.]
In ga.py, 2018-11-24 23:27:42,192 - __main__ - INFO - population_validation second:[32.0, 19.233334, 26.666666, 30.333334, 25.033333, 35.5, 34.1, 33.9, 24.433332, 37.033333]
In ga.py, 2018-11-24 23:39:46,078 - __main__ - INFO - len population_validation first:10,len population_validation[0]:30
In ga.py, 2018-11-24 23:39:46,079 - __main__ - INFO - population_validation[0]:[22. 15. 33. 35. 33. 44. 15. 35. 91.  9.  5.  5. 35. 22.  8. 44. 15. 25.
  5. 36. 65. 35.  9. 18. 29. 15. 92. 30. 47. 44.]
In ga.py, 2018-11-24 23:42:56,256 - __main__ - INFO - population_validation second:[30.533333, 31.3, 23.8, 39.833332, 23.7, 27.933332, 28.3, 29.433332, 22.9, 29.5]
In ga.py, 2018-11-24 23:54:57,848 - __main__ - INFO - len population_validation first:10,len population_validation[0]:30
In ga.py, 2018-11-24 23:54:57,849 - __main__ - INFO - population_validation[0]:[92.  5. 27. 35. 20. 25. 91. 26. 15. 26. 32. 21.  5. 20. 33. 18. 15. 21.
 33. 15. 33. 21.  7. 26. 89. 19. 27. 43. 85. 85.]
In ga.py, 2018-11-24 23:58:06,597 - __main__ - INFO - population_validation second:[33.666668, 35.1, 31.733334, 30.833334, 28.666666, 32.1, 28.233334, 23.333334, 30.766666, 28.733334]
In ga.py, 2018-11-25 00:10:10,550 - __main__ - INFO - len population_validation first:10,len population_validation[0]:30
In ga.py, 2018-11-25 00:10:10,551 - __main__ - INFO - population_validation[0]:[21.  5. 17. 13. 91. 40. 24. 21. 26. 91. 28. 40. 33.  5. 42. 19. 40. 40.
 42. 21. 24. 17. 17. 39. 26. 99. 26. 17. 26. 40.]
In ga.py, 2018-11-25 00:13:21,137 - __main__ - INFO - population_validation second:[33.0, 30.266666, 33.666668, 36.2, 25.033333, 35.133335, 35.4, 30.733334, 35.566666, 34.266666]
