In ga.py, 2018-11-25 20:30:55,645 - __main__ - INFO - len population_validation first:10,len population_validation[0]:30
In ga.py, 2018-11-25 20:30:55,646 - __main__ - INFO - population_validation[0]:[ 6200.  6200. 27300. 20700. 20700. 17400. 20700.  6200. 27300. 20700.
  6200. 20700. 17400. 27300.  8900. 20700.  6200. 17400. 20700. 17400.
  8900.  6200.  8900. 11800.  6200. 20700. 11800. 11800. 20700. 17400.]
In ga.py, 2018-11-25 20:31:44,477 - __main__ - INFO - population_validation second:[15356.667, 15756.667, 19580.0, 15396.667, 16876.666, 16823.334, 21860.0, 19553.334, 12443.333, 16493.334]
In ga.py, 2018-11-25 20:35:21,871 - __main__ - INFO - len population_validation first:10,len population_validation[0]:30
In ga.py, 2018-11-25 20:35:21,873 - __main__ - INFO - population_validation[0]:[26600. 14600. 14600. 14600. 19700. 24200. 24200. 26600. 14600. 14600.
 24200. 26600. 19700. 19700. 19700. 26600. 24200. 19700. 24200. 19700.
 24200. 14600. 26600. 26600. 24200. 14600. 24200. 19700. 14600. 24200.]
In ga.py, 2018-11-25 20:36:14,380 - __main__ - INFO - population_validation second:[21070.0, 17880.0, 19920.0, 20763.334, 23213.334, 22773.334, 19543.334, 18390.0, 18660.0, 20203.334]
In ga.py, 2018-11-25 20:40:06,284 - __main__ - INFO - len population_validation first:10,len population_validation[0]:30
In ga.py, 2018-11-25 20:40:06,285 - __main__ - INFO - population_validation[0]:[17100. 29700. 17100. 23100. 23100. 17100. 29700. 23100. 17100.  8800.
 23100. 23100. 34900. 17100. 23100. 17100. 17100.  8800. 24900. 29700.
  8800.  8800.  8800. 29700. 17100. 23100.  8800. 17100. 23100. 23100.]
In ga.py, 2018-11-25 20:41:06,499 - __main__ - INFO - population_validation second:[19773.334, 20846.666, 32093.334, 23710.0, 27553.334, 16466.666, 16863.334, 16976.666, 20030.0, 19883.334]
In ga.py, 2018-11-25 20:45:11,851 - __main__ - INFO - len population_validation first:10,len population_validation[0]:30
In ga.py, 2018-11-25 20:45:11,852 - __main__ - INFO - population_validation[0]:[17400. 27600. 40800. 27600. 17400. 37600. 37600. 37600. 27600. 27600.
 17400. 37600. 27600. 27600. 17400. 40800. 27600. 40800. 40800. 17400.
 27600. 37600. 40800. 27600. 27600. 17400. 17400. 17400. 27600. 40800.]
In ga.py, 2018-11-25 20:46:06,494 - __main__ - INFO - population_validation second:[29186.666, 21700.0, 25510.0, 25533.334, 28786.666, 29630.0, 21200.0, 17526.666, 27093.334, 17383.334]
In ga.py, 2018-11-25 20:50:17,324 - __main__ - INFO - len population_validation first:10,len population_validation[0]:30
In ga.py, 2018-11-25 20:50:17,325 - __main__ - INFO - population_validation[0]:[38800. 38800. 22200. 25700. 27800. 27800. 22200. 27800. 27800. 25700.
 25700. 38800. 22200. 38800. 25700. 27800. 22200. 27800. 25700. 38800.
 38800. 38800. 38800. 38800. 25700. 38800. 22200. 38800. 22200. 25700.]
In ga.py, 2018-11-25 20:51:11,171 - __main__ - INFO - population_validation second:[30223.334, 21663.334, 27056.666, 22060.0, 18620.0, 26583.334, 26210.0, 22493.334, 25913.334, 24540.0]
In ga.py, 2018-11-25 20:55:28,265 - __main__ - INFO - len population_validation first:10,len population_validation[0]:30
In ga.py, 2018-11-25 20:55:28,266 - __main__ - INFO - population_validation[0]:[25700. 27800. 25700. 27800. 22200. 25700. 22200. 27800. 25700. 38800.
 25700. 25700. 22200. 27800. 22200. 22200. 25700. 25700. 27800. 27800.
 22200. 25700. 25700. 38800. 25700. 22200. 38800. 27800. 38800. 25700.]
In ga.py, 2018-11-25 20:56:30,597 - __main__ - INFO - population_validation second:[27120.0, 20996.666, 26400.0, 27346.666, 31816.666, 23386.666, 21363.334, 27183.334, 34300.0, 25533.334]
In ga.py, 2018-11-25 21:00:55,036 - __main__ - INFO - len population_validation first:10,len population_validation[0]:30
In ga.py, 2018-11-25 21:00:55,037 - __main__ - INFO - population_validation[0]:[36100. 36100. 20200. 41900. 40900. 41900. 36800. 36800. 40900. 40900.
 36100. 41900. 36800. 20200. 36800. 20200. 40900. 14500. 40900. 20200.
 36800. 41900. 40900. 41900. 20200. 40900. 40900. 40900. 20200. 41900.]
In ga.py, 2018-11-25 21:01:59,329 - __main__ - INFO - population_validation second:[34916.668, 22310.0, 26990.0, 31863.334, 35013.332, 24186.666, 29616.666, 27170.0, 24676.666, 37183.332]
In ga.py, 2018-11-25 21:06:25,713 - __main__ - INFO - len population_validation first:10,len population_validation[0]:30
In ga.py, 2018-11-25 21:06:25,714 - __main__ - INFO - population_validation[0]:[42300. 42300. 42700. 28900. 42300. 42700. 28900. 28900. 28900. 28900.
 27400. 27400. 42300. 27400. 28900. 42700. 28900. 42300. 42300. 42700.
 42300. 28900. 27400. 42300. 27400. 42700. 27400. 27400. 42700. 28900.]
In ga.py, 2018-11-25 21:07:31,142 - __main__ - INFO - population_validation second:[34883.332, 33840.0, 29950.0, 27320.0, 25566.666, 29583.334, 27526.666, 31313.334, 29876.666, 22223.334]
In ga.py, 2018-11-25 21:12:07,918 - __main__ - INFO - len population_validation first:10,len population_validation[0]:30
In ga.py, 2018-11-25 21:12:07,920 - __main__ - INFO - population_validation[0]:[42700. 42700. 42300. 28900. 42300. 42700. 42700. 28900. 42300. 42700.
 27400. 42700. 28900. 27400. 42700. 27400. 27400. 42300. 28900. 42300.
 28900. 27400. 42300. 28900. 28900. 42300. 42300. 42700. 28900. 28900.]
In ga.py, 2018-11-25 21:13:18,640 - __main__ - INFO - population_validation second:[35903.332, 28066.666, 33896.668, 26553.334, 25596.666, 22776.666, 34136.668, 27386.666, 36260.0, 36916.668]
In ga.py, 2018-11-25 21:18:07,472 - __main__ - INFO - len population_validation first:10,len population_validation[0]:30
In ga.py, 2018-11-25 21:18:07,474 - __main__ - INFO - population_validation[0]:[49700. 25200. 38400. 38400. 49700. 25200. 32000. 49700. 38400. 54500.
 32000. 32000. 25200. 49700. 49700. 49700. 38400. 32000. 38400. 49700.
 32000. 38400. 54500. 49700. 38400. 38400. 32000. 54500. 32000. 25200.]
In ga.py, 2018-11-25 21:19:19,185 - __main__ - INFO - population_validation second:[39770.0, 36196.668, 33253.332, 33690.0, 45843.332, 25953.334, 30703.334, 29576.666, 29676.666, 32840.0]
In ga.py, 2018-11-25 21:24:17,872 - __main__ - INFO - len population_validation first:10,len population_validation[0]:30
In ga.py, 2018-11-25 21:24:17,874 - __main__ - INFO - population_validation[0]:[50300. 35200. 53000. 53000. 50300. 55100. 55100. 55100. 35200. 35200.
 50300. 50300. 55100. 35200. 35200. 55100. 53000. 53000. 55100. 55100.
 35200. 53000. 55100. 53000. 35200. 35200. 50300. 35200. 50300. 35200.]
In ga.py, 2018-11-25 21:25:30,254 - __main__ - INFO - population_validation second:[47086.668, 34203.332, 39896.668, 38016.668, 43313.332, 37510.0, 38240.0, 28053.334, 33520.0, 35116.668]
In ga.py, 2018-11-25 21:30:34,292 - __main__ - INFO - len population_validation first:10,len population_validation[0]:30
In ga.py, 2018-11-25 21:30:34,293 - __main__ - INFO - population_validation[0]:[35200. 35200. 55100. 35200. 53000. 35200. 35200. 53000. 55100. 53000.
 53000. 55100. 50300. 55100. 35200. 50300. 53000. 35200. 50300. 35200.
 55100. 50300. 53000. 53000. 35200. 53000. 53000. 53000. 53000. 35200.]
In ga.py, 2018-11-25 21:31:51,461 - __main__ - INFO - population_validation second:[47056.668, 34446.668, 34696.668, 37596.668, 36763.332, 29153.334, 32180.0, 30426.666, 33753.332, 32540.0]
In ga.py, 2018-11-25 21:37:06,454 - __main__ - INFO - len population_validation first:10,len population_validation[0]:30
In ga.py, 2018-11-25 21:37:06,456 - __main__ - INFO - population_validation[0]:[55100. 50300. 50300. 53000. 53000. 50300. 53000. 35200. 35200. 35200.
 53000. 35200. 50300. 55100. 55100. 35200. 50300. 53000. 55100. 35200.
 35200. 55100. 35200. 50300. 53000. 53000. 50300. 35200. 50300. 53000.]
In ga.py, 2018-11-25 21:38:27,491 - __main__ - INFO - population_validation second:[47290.0, 35093.332, 37013.332, 36820.0, 32030.0, 29243.334, 37913.332, 42183.332, 34120.0, 43600.0]
In ga.py, 2018-11-25 21:43:32,240 - __main__ - INFO - len population_validation first:10,len population_validation[0]:30
In ga.py, 2018-11-25 21:43:32,241 - __main__ - INFO - population_validation[0]:[35200. 55100. 55100. 53000. 53000. 53000. 35200. 55100. 50300. 35200.
 35200. 35200. 55100. 50300. 21400. 35200. 55100. 35200. 53000. 35200.
 55100. 50300. 53000. 35200. 35200. 35200. 50300. 53000. 35200. 21400.]
In ga.py, 2018-11-25 21:44:47,617 - __main__ - INFO - population_validation second:[43833.332, 34683.332, 18853.334, 39473.332, 39370.0, 45796.668, 34770.0, 32043.334, 40023.332, 37573.332]
In ga.py, 2018-11-25 21:49:53,918 - __main__ - INFO - len population_validation first:10,len population_validation[0]:30
In ga.py, 2018-11-25 21:49:53,919 - __main__ - INFO - population_validation[0]:[40800. 40800. 46900. 46900. 40800. 46900. 30500. 30500. 46900. 30500.
 40800. 46900. 63800. 63800. 63800. 30500. 63800. 30500. 46900. 30500.
 46900. 30500. 30500. 63800. 63800. 30500. 40800. 40800. 40800. 46900.]
In ga.py, 2018-11-25 21:51:06,229 - __main__ - INFO - population_validation second:[43936.668, 36363.332, 40636.668, 31173.334, 30540.0, 39803.332, 26800.0, 30633.334, 36013.332, 44706.668]
In ga.py, 2018-11-25 21:56:42,947 - __main__ - INFO - len population_validation first:10,len population_validation[0]:30
In ga.py, 2018-11-25 21:56:42,948 - __main__ - INFO - population_validation[0]:[47100. 54500. 48900. 48900. 48900. 54500. 47100. 47100. 54500. 54500.
 47100. 31000. 48900. 47100. 31000. 31000. 54500. 31000. 54500. 54500.
 48900. 31000. 47100. 47100. 54500. 48900. 48900. 31000. 31000. 47100.]
In ga.py, 2018-11-25 21:58:13,728 - __main__ - INFO - population_validation second:[45736.668, 52396.668, 31433.334, 39896.668, 37900.0, 26940.0, 34066.668, 20220.0, 40383.332, 21566.666]
In ga.py, 2018-11-25 22:03:25,611 - __main__ - INFO - len population_validation first:10,len population_validation[0]:30
In ga.py, 2018-11-25 22:03:25,612 - __main__ - INFO - population_validation[0]:[26300. 26300. 58900. 26300. 26300. 26300. 59900. 26300. 71800. 58900.
 58900. 71800. 58900. 26300. 59900. 26300. 71800. 59900. 71800. 71800.
 26300. 71800. 58900. 58900. 26300. 58900. 58900. 71800. 59900. 58900.]
In ga.py, 2018-11-25 22:04:44,835 - __main__ - INFO - population_validation second:[51176.668, 41170.0, 47853.332, 48113.332, 24386.666, 35806.668, 31050.0, 28986.666, 33503.332, 36500.0]
In ga.py, 2018-11-25 22:10:13,025 - __main__ - INFO - len population_validation first:10,len population_validation[0]:30
In ga.py, 2018-11-25 22:10:13,027 - __main__ - INFO - population_validation[0]:[58900. 58900. 59900. 71800. 71800. 71800. 58900. 71800. 71800. 58900.
 59900. 71800. 26300. 26300. 26300. 59900. 59900. 58900. 26300. 58900.
 71800. 58900. 71800. 71800. 26300. 26300. 58900. 26300. 58900. 71800.]
In ga.py, 2018-11-25 22:11:46,692 - __main__ - INFO - population_validation second:[55726.668, 52323.332, 33816.668, 26696.666, 48936.668, 31310.0, 37153.332, 42300.0, 35073.332, 33530.0]
In ga.py, 2018-11-25 22:17:26,185 - __main__ - INFO - len population_validation first:10,len population_validation[0]:30
In ga.py, 2018-11-25 22:17:26,187 - __main__ - INFO - population_validation[0]:[26300. 26300. 71800. 71800. 58900. 58900. 71800. 59900. 71800. 58900.
 58900. 58900. 26300. 58900. 26300. 58900. 26300. 26300. 71800. 58900.
 59900. 59900. 71800. 59900. 71800. 58900. 26300. 26300. 58900. 59900.]
In ga.py, 2018-11-25 22:18:49,332 - __main__ - INFO - population_validation second:[53383.332, 54220.0, 30113.334, 41043.332, 47470.0, 30080.0, 39356.668, 51900.0, 34433.332, 52153.332]
In ga.py, 2018-11-25 22:24:27,481 - __main__ - INFO - len population_validation first:10,len population_validation[0]:30
In ga.py, 2018-11-25 22:24:27,482 - __main__ - INFO - population_validation[0]:[84400. 84400. 79300. 84400. 79300. 24600. 84400. 79300. 58200. 84400.
 58200. 84400. 79300. 79300. 24600. 58200. 24600. 79300. 58200. 84400.
 24600. 84400. 79300. 24600. 79300. 24600. 79300. 58200. 84400. 24600.]
In ga.py, 2018-11-25 22:25:56,374 - __main__ - INFO - population_validation second:[64550.0, 55333.332, 43183.332, 35736.668, 46440.0, 35110.0, 44820.0, 29750.0, 38453.332, 38543.332]
In ga.py, 2018-11-25 22:31:36,672 - __main__ - INFO - len population_validation first:10,len population_validation[0]:30
In ga.py, 2018-11-25 22:31:36,673 - __main__ - INFO - population_validation[0]:[24600. 84400. 79300. 24600. 84400. 84400. 84400. 24600. 58200. 84400.
 24600. 24600. 24600. 58200. 79300. 24600. 84400. 84400. 84400. 58200.
 79300. 79300. 58200. 84400. 58200. 58200. 58200. 24600. 79300. 24600.]
In ga.py, 2018-11-25 22:32:57,782 - __main__ - INFO - population_validation second:[59496.668, 36980.0, 35820.0, 42800.0, 45623.332, 41520.0, 39696.668, 55120.0, 41400.0, 38763.332]
In ga.py, 2018-11-25 22:38:33,133 - __main__ - INFO - len population_validation first:10,len population_validation[0]:30
In ga.py, 2018-11-25 22:38:33,134 - __main__ - INFO - population_validation[0]:[24600. 58200. 79300. 24600. 84400. 84400. 79300. 79300. 58200. 58200.
 79300. 24600. 58200. 24600. 58200. 79300. 24600. 24600. 84400. 58200.
 24600. 58200. 84400. 84400. 58200. 84400. 58200. 24600. 84400. 79300.]
In ga.py, 2018-11-25 22:39:56,146 - __main__ - INFO - population_validation second:[59573.332, 42813.332, 35363.332, 48430.0, 42646.668, 41013.332, 49180.0, 57820.0, 25993.334, 34306.668]
In ga.py, 2018-11-25 22:45:46,307 - __main__ - INFO - len population_validation first:10,len population_validation[0]:30
In ga.py, 2018-11-25 22:45:46,310 - __main__ - INFO - population_validation[0]:[24600. 58200. 58200. 84400. 58200. 84400. 84400. 84400. 79300. 58200.
 24600. 58200. 24600. 58200. 84400. 84400. 79300. 24600. 84400. 79300.
 79300. 24600. 24600. 84400. 79300. 24600. 79300. 58200. 58200. 84400.]
In ga.py, 2018-11-25 22:47:16,571 - __main__ - INFO - population_validation second:[62440.0, 54033.332, 37520.0, 44673.332, 22643.334, 32956.668, 34880.0, 50303.332, 38363.332, 42220.0]
In ga.py, 2018-11-25 22:53:14,651 - __main__ - INFO - len population_validation first:10,len population_validation[0]:30
In ga.py, 2018-11-25 22:53:14,654 - __main__ - INFO - population_validation[0]:[58200. 58200. 58200. 79300. 58200. 58200. 24600. 84400. 79300. 84400.
 24600. 84400. 58200. 84400. 24600. 24600. 24600. 24600. 24600. 58200.
 58200. 24600. 84400. 84400. 24600. 79300. 24600. 58200. 79300. 84400.]
In ga.py, 2018-11-25 22:54:41,155 - __main__ - INFO - population_validation second:[55926.668, 50390.0, 38640.0, 32666.666, 51160.0, 56723.332, 50610.0, 35346.668, 43960.0, 35800.0]
In ga.py, 2018-11-25 23:00:40,810 - __main__ - INFO - len population_validation first:10,len population_validation[0]:30
In ga.py, 2018-11-25 23:00:40,811 - __main__ - INFO - population_validation[0]:[47000. 41400. 47000. 41400. 43100. 41400. 47000. 87800. 47000. 43100.
 47000. 41400. 43100. 41400. 41400. 47000. 47000. 43100. 47000. 43100.
 87800. 43100. 41400. 87800. 41400. 47000. 41400. 87800. 87800. 43100.]
In ga.py, 2018-11-25 23:02:02,813 - __main__ - INFO - population_validation second:[51210.0, 42463.332, 35563.332, 52820.0, 35353.332, 39973.332, 39753.332, 47630.0, 49356.668, 34973.332]
In ga.py, 2018-11-25 23:07:48,532 - __main__ - INFO - len population_validation first:10,len population_validation[0]:30
In ga.py, 2018-11-25 23:07:48,534 - __main__ - INFO - population_validation[0]:[74600. 32400. 49400. 74600. 74600. 44500. 49400. 49400. 49400. 49400.
 74600. 32400. 44500. 32400. 74600. 44500. 44500. 32400. 32400. 32400.
 32400. 44500. 49400. 32400. 32400. 44500. 44500. 49400. 44500. 44500.]
In ga.py, 2018-11-25 23:09:18,345 - __main__ - INFO - population_validation second:[47030.0, 35806.668, 40673.332, 32063.334, 51066.668, 30540.0, 35236.668, 39513.332, 30180.0, 45943.332]
In ga.py, 2018-11-25 23:15:05,244 - __main__ - INFO - len population_validation first:10,len population_validation[0]:30
In ga.py, 2018-11-25 23:15:05,246 - __main__ - INFO - population_validation[0]:[80100. 54600. 48900. 80100. 48900. 48900. 54600. 54600. 54600. 48900.
 48900. 80100. 54600. 54600. 80100. 15200. 80100. 15200. 54600. 15200.
 54600. 54600. 48900. 48900. 54600. 54600. 15200. 54600. 80100. 54600.]
In ga.py, 2018-11-25 23:16:27,855 - __main__ - INFO - population_validation second:[53116.668, 37746.668, 37200.0, 40383.332, 43643.332, 22336.666, 55653.332, 41976.668, 38783.332, 27846.666]
In ga.py, 2018-11-25 23:22:52,347 - __main__ - INFO - len population_validation first:10,len population_validation[0]:30
In ga.py, 2018-11-25 23:22:52,349 - __main__ - INFO - population_validation[0]:[65800. 27200. 46800. 65800. 46800. 65800. 27200. 65800. 27200. 46800.
 46800. 27200. 75700. 46800. 65800. 75700. 27200. 75700. 65800. 27200.
 65800. 65800. 65800. 75700. 75700. 46800. 46800. 75700. 27200. 75700.]
In ga.py, 2018-11-25 23:24:34,277 - __main__ - INFO - population_validation second:[54670.0, 40590.0, 63533.332, 55240.0, 43733.332, 44070.0, 56406.668, 37396.668, 42333.332, 44750.0]
In ga.py, 2018-11-25 23:30:56,338 - __main__ - INFO - len population_validation first:10,len population_validation[0]:30
In ga.py, 2018-11-25 23:30:56,340 - __main__ - INFO - population_validation[0]:[84000. 63000. 29800. 58900. 63000. 84000. 84000. 84000. 58900. 84000.
 29800. 63000. 29800. 84000. 58900. 58900. 84000. 84000. 29800. 63000.
 29800. 58900. 29800. 58900. 29800. 29800. 84000. 29800. 63000. 63000.]
In ga.py, 2018-11-25 23:32:27,064 - __main__ - INFO - population_validation second:[58520.0, 52103.332, 47636.668, 39353.332, 67693.336, 39446.668, 51973.332, 33656.668, 55420.0, 36340.0]
In ga.py, 2018-11-25 23:38:50,425 - __main__ - INFO - len population_validation first:10,len population_validation[0]:30
In ga.py, 2018-11-25 23:38:50,427 - __main__ - INFO - population_validation[0]:[71700. 71700. 53100. 53100. 71700. 71700. 16000. 71700. 16000. 83900.
 83900. 53100. 83900. 71700. 53100. 16000. 53100. 53100. 39700. 16000.
 16000. 71700. 83900. 83900. 53100. 71700. 71700. 71700. 53100. 53100.]
In ga.py, 2018-11-25 23:40:23,647 - __main__ - INFO - population_validation second:[57803.332, 54956.668, 38583.332, 57880.0, 44973.332, 37463.332, 42523.332, 55356.668, 51230.0, 58860.0]
In ga.py, 2018-11-25 23:46:45,491 - __main__ - INFO - len population_validation first:10,len population_validation[0]:30
In ga.py, 2018-11-25 23:46:45,492 - __main__ - INFO - population_validation[0]:[54500. 38900. 54500. 38900. 59900. 77300. 38900. 38900. 38900. 59900.
 59900. 77300. 77300. 38900. 77300. 54500. 77300. 38900. 54500. 59900.
 54500. 59900. 77300. 38900. 38900. 54500. 59900. 54500. 54500. 59900.]
In ga.py, 2018-11-25 23:48:18,618 - __main__ - INFO - population_validation second:[55640.0, 53953.332, 44280.0, 36936.668, 47600.0, 50400.0, 42140.0, 55270.0, 54170.0, 44050.0]
In ga.py, 2018-11-25 23:54:39,560 - __main__ - INFO - len population_validation first:10,len population_validation[0]:30
In ga.py, 2018-11-25 23:54:39,562 - __main__ - INFO - population_validation[0]:[54500. 54500. 54500. 38900. 38900. 54500. 77300. 54500. 77300. 59900.
 54500. 54500. 77300. 59900. 77300. 77300. 77300. 38900. 54500. 77300.
 59900. 54500. 59900. 59900. 77300. 59900. 38900. 77300. 54500. 38900.]
In ga.py, 2018-11-25 23:56:11,189 - __main__ - INFO - population_validation second:[59820.0, 51916.668, 46730.0, 37243.332, 43846.668, 51606.668, 44666.668, 54190.0, 42473.332, 45746.668]
In ga.py, 2018-11-26 00:02:25,144 - __main__ - INFO - len population_validation first:10,len population_validation[0]:30
In ga.py, 2018-11-26 00:02:25,145 - __main__ - INFO - population_validation[0]:[38900. 38900. 38900. 54500. 54500. 54500. 59900. 38900. 59900. 54500.
 77300. 59900. 77300. 77300. 59900. 59900. 59900. 54500. 38900. 54500.
 59900. 38900. 77300. 77300. 54500. 77300. 77300. 54500. 77300. 38900.]
In ga.py, 2018-11-26 00:03:48,562 - __main__ - INFO - population_validation second:[58200.0, 49793.332, 42460.0, 37443.332, 45673.332, 52750.0, 50073.332, 38766.668, 29943.334, 61563.332]
In ga.py, 2018-11-26 00:10:03,946 - __main__ - INFO - len population_validation first:10,len population_validation[0]:30
In ga.py, 2018-11-26 00:10:03,947 - __main__ - INFO - population_validation[0]:[44000. 83500. 43700. 18100. 18100. 83500. 18100. 44000. 83500. 44000.
 18100. 83500. 83500. 18100. 44000. 44000. 43700. 83500. 43700. 83500.
 44000. 44000. 18100. 44000. 43700. 83500. 44000. 43700. 83500. 83500.]
In ga.py, 2018-11-26 00:11:43,880 - __main__ - INFO - population_validation second:[51936.668, 46866.668, 43950.0, 47340.0, 42246.668, 56700.0, 30106.666, 45120.0, 48240.0, 48830.0]
In ga.py, 2018-11-26 00:17:59,520 - __main__ - INFO - len population_validation first:10,len population_validation[0]:30
In ga.py, 2018-11-26 00:17:59,521 - __main__ - INFO - population_validation[0]:[80800. 54300. 80800. 29800. 80800. 29800. 80800. 54300. 29800. 54300.
 80800. 48300. 48300. 54300. 54300. 80800. 80800. 80800. 29800. 48300.
 80800. 48300. 29800. 54300. 48300. 29800. 48300. 29800. 48300. 48300.]
In ga.py, 2018-11-26 00:19:26,038 - __main__ - INFO - population_validation second:[54933.332, 51980.0, 38266.668, 51510.0, 56036.668, 48626.668, 43600.0, 44466.668, 41080.0, 40026.668]
In ga.py, 2018-11-26 00:25:44,667 - __main__ - INFO - len population_validation first:10,len population_validation[0]:30
In ga.py, 2018-11-26 00:25:44,668 - __main__ - INFO - population_validation[0]:[67500. 56800. 56800.  6700. 56800. 56800. 56800. 56800. 91400. 67500.
 67500.  6700. 91400. 91400. 67500. 56800. 56800. 56800. 67500. 67500.
 91400. 91400.  6700. 91400. 67500.  6700. 91400. 67500. 56800. 67500.]
In ga.py, 2018-11-26 00:27:12,255 - __main__ - INFO - population_validation second:[61403.332, 58616.668, 46393.332, 45420.0, 42970.0, 50193.332, 58530.0, 48196.668, 53790.0, 47926.668]
In ga.py, 2018-11-26 00:33:29,085 - __main__ - INFO - len population_validation first:10,len population_validation[0]:30
In ga.py, 2018-11-26 00:33:29,086 - __main__ - INFO - population_validation[0]:[67500. 91400. 67500. 91400. 56800.  6700. 67500. 56800. 67500. 67500.
 91400. 91400. 56800.  6700.  6700. 56800. 56800. 67500. 91400.  6700.
  6700. 56800. 91400. 67500. 56800.  6700.  6700.  6700. 67500. 67500.]
In ga.py, 2018-11-26 00:35:13,693 - __main__ - INFO - population_validation second:[53570.0, 70543.336, 35060.0, 38356.668, 56993.332, 53673.332, 52876.668, 47783.332, 43653.332, 38226.668]
In ga.py, 2018-11-26 00:42:08,711 - __main__ - INFO - len population_validation first:10,len population_validation[0]:30
In ga.py, 2018-11-26 00:42:08,712 - __main__ - INFO - population_validation[0]:[ 34600.  29100.  29100.  29100.  58000.  29100. 121700.  29100. 121700.
  58000.  29100.  58000.  34600. 121700.  58000.  58000.  34600. 121700.
 121700.  58000. 121700.  34600.  34600.  34600. 121700.  34600.  58000.
 121700. 121700.  29100.]
In ga.py, 2018-11-26 00:43:50,820 - __main__ - INFO - population_validation second:[64906.668, 57750.0, 53540.0, 65796.664, 33046.668, 49480.0, 38156.668, 69176.664, 49166.668, 49180.0]
In ga.py, 2018-11-26 00:50:47,127 - __main__ - INFO - len population_validation first:10,len population_validation[0]:30
In ga.py, 2018-11-26 00:50:47,128 - __main__ - INFO - population_validation[0]:[85200. 53100. 35300. 53100. 92400. 92400. 35300. 53100. 85200. 35300.
 53100. 92400. 85200. 35300. 85200. 85200. 35300. 85200. 53100. 35300.
 85200. 53100. 85200. 53100. 85200. 35300. 92400. 85200. 53100. 53100.]
In ga.py, 2018-11-26 00:52:26,901 - __main__ - INFO - population_validation second:[64886.668, 62513.332, 73446.664, 50326.668, 54340.0, 49593.332, 51410.0, 58436.668, 66530.0, 54486.668]
In ga.py, 2018-11-26 00:59:19,730 - __main__ - INFO - len population_validation first:10,len population_validation[0]:30
In ga.py, 2018-11-26 00:59:19,732 - __main__ - INFO - population_validation[0]:[ 29500.  35000.  54000.  35000.  29500.  54000.  41500.  54000.  35000.
  54000.  29500.  35000.  35000.  35000.  54000.  35000.  54000.  54000.
  35000.  41500. 116700.  29500.  54000.  29500.  29500.  35000.  35000.
  54000.  54000.  54000.]
In ga.py, 2018-11-26 01:00:58,925 - __main__ - INFO - population_validation second:[44023.332, 60863.332, 50326.668, 45896.668, 51650.0, 50420.0, 51160.0, 59106.668, 61000.0, 44133.332]
In ga.py, 2018-11-26 01:07:55,152 - __main__ - INFO - len population_validation first:10,len population_validation[0]:30
In ga.py, 2018-11-26 01:07:55,153 - __main__ - INFO - population_validation[0]:[54300. 74900. 27100. 74900. 54300. 99000. 54300. 99000. 27100. 54300.
 54300. 54300. 74900. 54300. 74900. 99000. 74900. 54300. 27100. 54300.
 99000. 54300. 99000. 99000. 74900. 99000. 54300. 27100. 54300. 99000.]
In ga.py, 2018-11-26 01:09:35,415 - __main__ - INFO - population_validation second:[66713.336, 47050.0, 59020.0, 62373.332, 50140.0, 48210.0, 43260.0, 26890.0, 52596.668, 44796.668]
In ga.py, 2018-11-26 01:16:48,354 - __main__ - INFO - len population_validation first:10,len population_validation[0]:30
In ga.py, 2018-11-26 01:16:48,356 - __main__ - INFO - population_validation[0]:[84400. 54300. 27100. 54300. 27100. 54300. 74900. 99000. 54300. 74900.
 54300. 99000. 27100. 54300. 54300. 99000. 99000. 54300. 99000. 99000.
 27100. 99000. 54300. 54300. 27100. 54300. 99000. 27100. 84400. 27100.]
In ga.py, 2018-11-26 01:18:35,973 - __main__ - INFO - population_validation second:[63253.332, 76856.664, 77873.336, 55330.0, 53043.332, 65396.668, 56510.0, 40273.332, 61133.332, 44786.668]
In ga.py, 2018-11-26 01:25:49,538 - __main__ - INFO - len population_validation first:10,len population_validation[0]:30
In ga.py, 2018-11-26 01:25:49,539 - __main__ - INFO - population_validation[0]:[125100.  31000.  31000.  31000.  48900.  51300. 125100.  31000.  51300.
 125100. 125100.  31000.  51300.  51300. 125100.  31000. 125100. 125100.
  51300.  48900.  31000.  31000. 125100.  48900.  31000.  51300.  31000.
  51300.  48900.  31000.]
In ga.py, 2018-11-26 01:27:25,876 - __main__ - INFO - population_validation second:[63216.668, 78890.0, 65976.664, 74236.664, 44470.0, 53193.332, 63850.0, 52466.668, 49476.668, 62906.668]
In ga.py, 2018-11-26 01:34:45,356 - __main__ - INFO - len population_validation first:10,len population_validation[0]:30
In ga.py, 2018-11-26 01:34:45,358 - __main__ - INFO - population_validation[0]:[ 34000.  27400.  34000.  27400.  18800.  18800.  34000.  27400.  51600.
  27400.  27400.  18800. 128100.  27400.  27400. 128100.  34000.  34000.
  27400. 128100. 128100.  18800. 128100.  27400.  27400.  18800. 128100.
  27400.  34000. 128100.]
In ga.py, 2018-11-26 01:36:50,943 - __main__ - INFO - population_validation second:[51590.0, 72330.0, 43950.0, 50233.332, 55500.0, 61890.0, 62910.0, 52333.332, 44400.0, 62353.332]
In ga.py, 2018-11-26 01:43:58,694 - __main__ - INFO - len population_validation first:10,len population_validation[0]:30
In ga.py, 2018-11-26 01:43:58,695 - __main__ - INFO - population_validation[0]:[ 60900.  80200.  33400.  33400. 137800.  80200.  60900.  60900.  81600.
  81600.  60900.  33400.  60900.  60900.  80200.  80200.  60900.  60900.
 137800.  80200.  80200.  80200.  81600. 137800.  60900.  60900.  60900.
  80200.  60900. 137800.]
In ga.py, 2018-11-26 01:46:00,870 - __main__ - INFO - population_validation second:[75620.0, 67306.664, 60926.668, 52576.668, 57883.332, 48480.0, 52106.668, 59443.332, 68293.336, 49650.0]
In ga.py, 2018-11-26 01:53:08,912 - __main__ - INFO - len population_validation first:10,len population_validation[0]:30
In ga.py, 2018-11-26 01:53:08,914 - __main__ - INFO - population_validation[0]:[ 33400.  60900.  33400.  60900.  81600.  60900.  60900.  60900.  80200.
  60900.  33400. 137800.  33400.  60900.  33400.  80200.  60900.  60900.
 137800.  80200.  80200.  33400.  80200.  60900.  81600.  60900.  33400.
  80200.  60900.  80200.]
In ga.py, 2018-11-26 01:55:08,088 - __main__ - INFO - population_validation second:[65493.332, 48970.0, 53416.668, 65353.332, 57420.0, 55840.0, 61760.0, 45793.332, 52226.668, 44150.0]
In ga.py, 2018-11-26 02:03:07,612 - __main__ - INFO - len population_validation first:10,len population_validation[0]:30
In ga.py, 2018-11-26 02:03:07,614 - __main__ - INFO - population_validation[0]:[ 60900.  81600. 137800.  80200.  81600. 137800.  33400.  81600.  60900.
  60900.  80200.  33400.  80200.  60900.  81600.  60900.  80200.  80200.
  60900.  81600.  33400.  80200.  60900.  80200.  60900.  33400.  33400.
  81600.  80200.  33400.]
In ga.py, 2018-11-26 02:04:56,531 - __main__ - INFO - population_validation second:[69813.336, 76146.664, 69383.336, 56593.332, 70986.664, 45936.668, 45906.668, 55060.0, 52346.668, 67413.336]
In ga.py, 2018-11-26 02:12:30,568 - __main__ - INFO - len population_validation first:10,len population_validation[0]:30
In ga.py, 2018-11-26 02:12:30,569 - __main__ - INFO - population_validation[0]:[ 50000.  39500. 138500. 138500.  37400.  50000. 138500.  50000.  39500.
 138500. 138500.  39500. 138500.  50000.  37400.  37400. 138500.  50000.
 138500.  39500. 138500. 138500.  50000.  50000.  37400. 138700.  37400.
  50000.  50000. 138500.]
In ga.py, 2018-11-26 02:14:30,222 - __main__ - INFO - population_validation second:[81906.664, 48080.0, 40960.0, 42420.0, 71570.0, 44526.668, 55623.332, 67996.664, 56196.668, 55770.0]
In ga.py, 2018-11-26 02:22:24,321 - __main__ - INFO - len population_validation first:10,len population_validation[0]:30
In ga.py, 2018-11-26 02:22:24,322 - __main__ - INFO - population_validation[0]:[138500.  37400.  39500.  50000.  50000. 138500. 138500.  39500.  39500.
 138500.  39500.  39500. 138500.  50000.  37400. 138500.  37400. 138700.
  19800.  37400.  37400.  37400.  37400.  50000. 138500. 138500.  37400.
  37400.  19800.  37400.]
In ga.py, 2018-11-26 02:24:13,078 - __main__ - INFO - population_validation second:[68593.336, 59426.668, 67246.664, 42880.0, 74133.336, 65200.0, 78570.0, 69406.664, 65840.0, 71690.0]
In ga.py, 2018-11-26 02:31:51,939 - __main__ - INFO - len population_validation first:10,len population_validation[0]:30
In ga.py, 2018-11-26 02:31:51,940 - __main__ - INFO - population_validation[0]:[ 47600.  48200. 125100.  53700.  42200. 125100.  40300. 125100.  53700.
 125100.  48200.  42200.  42200.  42200.  47600.  53700. 125100.  42200.
  40300.  47600.  42200.  42200.  42200.  42200.  42200.  42200.  53700.
  42200.  40300.  53700.]
In ga.py, 2018-11-26 02:33:35,256 - __main__ - INFO - population_validation second:[58683.332, 43286.668, 79646.664, 55050.0, 53906.668, 64496.668, 62436.668, 52100.0, 64920.0, 53376.668]
In ga.py, 2018-11-26 02:41:19,954 - __main__ - INFO - len population_validation first:10,len population_validation[0]:30
In ga.py, 2018-11-26 02:41:19,956 - __main__ - INFO - population_validation[0]:[ 44100.  45800. 134300.  44100.  32600. 134300. 134300.  44100.  32600.
 134300.  45800.  45800.  32600.  32600. 134300. 134300.  44100.  45800.
  45800.  32600.  42500.  45800.  44100.  32600. 134300. 134300.  44100.
  32600.  45800. 134300.]
In ga.py, 2018-11-26 02:43:20,441 - __main__ - INFO - population_validation second:[68820.0, 98660.0, 45110.0, 48820.0, 57210.0, 61410.0, 57226.668, 56963.332, 69256.664, 48890.0]
In ga.py, 2018-11-26 02:50:54,994 - __main__ - INFO - len population_validation first:10,len population_validation[0]:30
In ga.py, 2018-11-26 02:50:54,996 - __main__ - INFO - population_validation[0]:[ 39800.  39800. 139000.  39000.  39000.  39800.  39000.  43200.  39000.
  85100. 139000.  43200.  39800.  85100.  85100.  85100.  85100.  43200.
  39800.  43200.  43200. 139000.  43200. 139000.  39000.  85100. 139000.
  85100.  39800.  39800.]
In ga.py, 2018-11-26 02:52:35,334 - __main__ - INFO - population_validation second:[67450.0, 59743.332, 49226.668, 58930.0, 50773.332, 56633.332, 54996.668, 66203.336, 51196.668, 68806.664]
In ga.py, 2018-11-26 03:00:18,578 - __main__ - INFO - len population_validation first:10,len population_validation[0]:30
In ga.py, 2018-11-26 03:00:18,579 - __main__ - INFO - population_validation[0]:[ 89600.  42400. 112000. 103200. 112000. 112000. 112000.  18700.  18700.
  18700.  37100.  68000. 103200.  18700.  68000.  37100. 103200. 112000.
  37100. 112000. 112000.  42400.  68000.  37100.  89600.  37100.  21700.
 112000. 112000.  37100.]
In ga.py, 2018-11-26 03:02:19,801 - __main__ - INFO - population_validation second:[70156.664, 61976.668, 66083.336, 54623.332, 69670.0, 76806.664, 47806.668, 44056.668, 50613.332, 53020.0]
In ga.py, 2018-11-26 03:10:09,944 - __main__ - INFO - len population_validation first:10,len population_validation[0]:30
In ga.py, 2018-11-26 03:10:09,945 - __main__ - INFO - population_validation[0]:[138200.  70600. 138200. 138200. 138200.  44800.  53200. 138200.  70600.
 101400.  53200.  53200.  31600. 138200.  44800.  31600.  44800.  70600.
 138200.  65200. 138200.  69500.  70600. 138200. 138600. 138200.  31600.
  31600.  70600.  31600.]
In ga.py, 2018-11-26 03:12:09,951 - __main__ - INFO - population_validation second:[85390.0, 46846.668, 51310.0, 58880.0, 69676.664, 65713.336, 72586.664, 62930.0, 57816.668, 53483.332]
In ga.py, 2018-11-26 03:19:50,055 - __main__ - INFO - len population_validation first:10,len population_validation[0]:30
In ga.py, 2018-11-26 03:19:50,057 - __main__ - INFO - population_validation[0]:[ 31600.  65200.  31600.  53200.  31600.  70600.  31600. 138200.  53700.
  70600.  53200.  44800.  31600. 138200.  53700. 138200. 101400.  70600.
 138600.  53700.  69500.  31600.  70600. 138600.  31600.  44800.  31600.
  70600.  31600. 138600.]
In ga.py, 2018-11-26 03:21:51,902 - __main__ - INFO - population_validation second:[68700.0, 74350.0, 56436.668, 54743.332, 58790.0, 51660.0, 46760.0, 64376.668, 51916.668, 62066.668]
