In ga.py, 2018-11-25 06:39:56,054 - __main__ - INFO - len population_validation first:10,len population_validation[0]:30
In ga.py, 2018-11-25 06:39:56,055 - __main__ - INFO - population_validation[0]:[ 50. 150. 900.  50. 200. 600. 600. 600. 200. 150.  50. 600. 600. 100.
 900. 200. 100.  50. 200.  50. 200. 100. 100. 900. 600. 600. 100. 600.
 200. 200.]
In ga.py, 2018-11-25 06:40:49,905 - __main__ - INFO - population_validation second:[331.66666, 326.66666, 461.66666, 795.0, 275.0, 465.0, 380.0, 320.0, 680.0, 613.3333]
In ga.py, 2018-11-25 06:44:25,431 - __main__ - INFO - len population_validation first:10,len population_validation[0]:30
In ga.py, 2018-11-25 06:44:25,432 - __main__ - INFO - population_validation[0]:[ 700.  700.  750.  750. 1050.  700.  700.  750.  750.  900.  900.  800.
  800.  750.  750.  750.  750.  750.  750. 1050.  750.  750.  900.  750.
  700.  750.  800.  700.  850.  850.]
In ga.py, 2018-11-25 06:45:30,527 - __main__ - INFO - population_validation second:[786.6667, 406.66666, 666.6667, 433.33334, 265.0, 841.6667, 845.0, 1068.3334, 1096.6666, 983.3333]
In ga.py, 2018-11-25 06:50:03,923 - __main__ - INFO - len population_validation first:10,len population_validation[0]:30
In ga.py, 2018-11-25 06:50:03,924 - __main__ - INFO - population_validation[0]:[ 700. 1200. 1250. 1250. 1250. 1350. 1350. 1350. 1350.  700. 1250.  650.
  650.  650. 1350. 1250. 1250. 1200. 1200. 1250.  700. 1250.  700. 1250.
 1200. 1200.  650.  700.  650. 1350.]
In ga.py, 2018-11-25 06:51:21,219 - __main__ - INFO - population_validation second:[1070.0, 1011.6667, 1311.6666, 1158.3334, 1115.0, 1023.3333, 703.3333, 645.0, 496.66666, 263.33334]
In ga.py, 2018-11-25 06:57:16,891 - __main__ - INFO - len population_validation first:10,len population_validation[0]:30
In ga.py, 2018-11-25 06:57:16,893 - __main__ - INFO - population_validation[0]:[1850. 1850.  850.  800.  800.  850.  800.  800. 1850.  850.  800. 1200.
  800. 1850. 1200. 1200.  850.  800. 1850.  850. 1200.  800. 1200.  800.
 1850. 1850.  850. 1850.  800.  850.]
In ga.py, 2018-11-25 06:58:57,792 - __main__ - INFO - population_validation second:[1158.3334, 930.0, 1006.6667, 1123.3334, 1405.0, 1093.3334, 1618.3334, 1540.0, 921.6667, 1601.6666]
In ga.py, 2018-11-25 07:05:40,344 - __main__ - INFO - len population_validation first:10,len population_validation[0]:30
In ga.py, 2018-11-25 07:05:40,346 - __main__ - INFO - population_validation[0]:[1850. 1300. 1850. 1300. 1850. 1850. 1350. 1850. 1300. 1850. 1350. 1300.
 1850. 1850. 1350. 1300. 1350. 1850. 1850. 1850. 1300. 1850. 1350. 1850.
 1300. 1300. 1850. 1850. 1850. 1850.]
In ga.py, 2018-11-25 07:07:18,963 - __main__ - INFO - population_validation second:[1620.0, 1256.6666, 1351.6666, 1108.3334, 1298.3334, 1221.6666, 1320.0, 1198.3334, 1160.0, 1616.6666]
In ga.py, 2018-11-25 07:14:06,549 - __main__ - INFO - len population_validation first:10,len population_validation[0]:30
In ga.py, 2018-11-25 07:14:06,551 - __main__ - INFO - population_validation[0]:[1850. 1850. 1350. 1350. 1300. 1300. 1850. 1850. 1850. 1850. 1300. 1850.
 1850. 1850. 1350. 1850. 1850. 1850. 1850. 1300. 1850. 1850. 1350. 1300.
 1350. 1300. 1350. 1850. 1850. 1300.]
In ga.py, 2018-11-25 07:16:01,198 - __main__ - INFO - population_validation second:[1621.6666, 1863.3334, 775.0, 1403.3334, 1395.0, 1600.0, 1176.6666, 1423.3334, 1503.3334, 1143.3334]
In ga.py, 2018-11-25 07:22:52,816 - __main__ - INFO - len population_validation first:10,len population_validation[0]:30
In ga.py, 2018-11-25 07:22:52,818 - __main__ - INFO - population_validation[0]:[ 700.  700. 1850. 1300. 1850. 1300. 2600. 1300. 1850. 1850. 1150. 1850.
 1300. 2600. 2600. 2600. 2600. 1150. 2600. 2600. 2600. 2600. 1150. 1850.
 1850. 2600. 1150. 2600. 2600.  800.]
In ga.py, 2018-11-25 07:24:47,302 - __main__ - INFO - population_validation second:[1871.6666, 1630.0, 1030.0, 1121.6666, 1430.0, 1556.6666, 1265.0, 1136.6666, 1561.6666, 1568.3334]
In ga.py, 2018-11-25 07:31:36,400 - __main__ - INFO - len population_validation first:10,len population_validation[0]:30
In ga.py, 2018-11-25 07:31:36,402 - __main__ - INFO - population_validation[0]:[1300. 1850. 2600. 2600. 2600. 1150. 1850. 1850.  800. 2600. 2600. 2600.
 2600. 1300. 2600. 2600. 1850. 1150. 1850. 1300. 1850. 1150. 1150. 2600.
  800. 2600. 1150.  800. 1300. 1850.]
In ga.py, 2018-11-25 07:33:26,784 - __main__ - INFO - population_validation second:[1830.0, 968.3333, 1693.3334, 1418.3334, 1440.0, 1330.0, 1375.0, 980.0, 1146.6666, 1481.6666]
In ga.py, 2018-11-25 07:40:04,443 - __main__ - INFO - len population_validation first:10,len population_validation[0]:30
In ga.py, 2018-11-25 07:40:04,445 - __main__ - INFO - population_validation[0]:[ 800. 1150. 2600. 2600.  800. 2600. 1850. 1850. 2600. 1300. 1150. 1300.
 2600. 2600. 1850. 2600. 1850. 1150. 1850. 2600. 1150. 1850. 2600. 2600.
 1850. 1150. 1850. 2600. 2600. 1850.]
In ga.py, 2018-11-25 07:41:56,350 - __main__ - INFO - population_validation second:[1926.6666, 1455.0, 1383.3334, 1155.0, 960.0, 1570.0, 1166.6666, 1533.3334, 1403.3334, 1303.3334]
In ga.py, 2018-11-25 07:48:57,804 - __main__ - INFO - len population_validation first:10,len population_validation[0]:30
In ga.py, 2018-11-25 07:48:57,806 - __main__ - INFO - population_validation[0]:[1150. 1850. 1150. 1150. 2600. 1850.  700. 2600. 1300. 1850. 1850. 1300.
 1300. 2600. 1850. 2600. 1850. 2600.  700. 1150. 1150. 1300. 1150. 2600.
 1150. 1300. 2600. 1850. 1850. 2600.]
In ga.py, 2018-11-25 07:50:57,179 - __main__ - INFO - population_validation second:[1718.3334, 1240.0, 1548.3334, 1240.0, 1431.6666, 1051.6666, 1491.6666, 1188.3334, 1603.3334, 1041.6666]
In ga.py, 2018-11-25 07:57:44,685 - __main__ - INFO - len population_validation first:10,len population_validation[0]:30
In ga.py, 2018-11-25 07:57:44,686 - __main__ - INFO - population_validation[0]:[ 700. 1300. 1850. 1300.  800. 1300. 1150. 2600.  800. 2600. 1150. 1850.
 1150. 1850.  800. 2600. 1300. 2600. 1850. 2600. 1150. 1300. 2600. 1300.
 1300. 2600. 1850. 2600. 2600. 1150.]
In ga.py, 2018-11-25 07:59:34,502 - __main__ - INFO - population_validation second:[1686.6666, 1180.0, 1393.3334, 1846.6666, 1103.3334, 906.6667, 1720.0, 813.3333, 891.6667, 1393.3334]
In ga.py, 2018-11-25 08:06:21,729 - __main__ - INFO - len population_validation first:10,len population_validation[0]:30
In ga.py, 2018-11-25 08:06:21,730 - __main__ - INFO - population_validation[0]:[1800. 1850. 1900. 1900. 1900. 1850. 1850. 1850. 1800. 1900. 1800. 1800.
 1900. 1850. 1850. 1850. 1850. 1800. 1800. 1900. 1900. 1850. 1800. 1850.
 1850. 1800. 1900. 1850. 1800. 1900.]
In ga.py, 2018-11-25 08:08:14,417 - __main__ - INFO - population_validation second:[1850.0, 1475.0, 1321.6666, 1603.3334, 1198.3334, 896.6667, 1563.3334, 1585.0, 1305.0, 1155.0]
In ga.py, 2018-11-25 08:15:46,906 - __main__ - INFO - len population_validation first:10,len population_validation[0]:30
In ga.py, 2018-11-25 08:15:46,908 - __main__ - INFO - population_validation[0]:[1800. 1800. 1850. 1850. 1900. 1800. 1850. 1800. 1850. 1900. 1850. 1900.
 1850. 1850. 1850. 1850. 1850. 1800. 1850. 1900. 1850. 1850. 1850. 1850.
 1800. 1900. 1850. 1850. 1850. 1850.]
In ga.py, 2018-11-25 08:17:41,614 - __main__ - INFO - population_validation second:[1848.3334, 1506.6666, 1275.0, 1613.3334, 1405.0, 988.3333, 1028.3334, 1555.0, 1321.6666, 1835.0]
In ga.py, 2018-11-25 08:25:07,829 - __main__ - INFO - len population_validation first:10,len population_validation[0]:30
In ga.py, 2018-11-25 08:25:07,831 - __main__ - INFO - population_validation[0]:[1900. 1850. 1800. 1850. 1900. 1850. 1850. 1850. 1900. 1850. 1800. 1900.
 1900. 1850. 1850. 1900. 1800. 1900. 1850. 1900. 1900. 1850. 1850. 1900.
 1900. 1800. 1850. 1850. 1900. 1850.]
In ga.py, 2018-11-25 08:27:01,005 - __main__ - INFO - population_validation second:[1863.3334, 1325.0, 1586.6666, 1425.0, 1270.0, 1728.3334, 1296.6666, 860.0, 1361.6666, 1745.0]
In ga.py, 2018-11-25 08:34:06,535 - __main__ - INFO - len population_validation first:10,len population_validation[0]:30
In ga.py, 2018-11-25 08:34:06,537 - __main__ - INFO - population_validation[0]:[1800. 1850. 1850. 1850. 1850. 1850. 1800. 1850. 1850. 1850. 1850. 1800.
 1850. 1850. 1900. 1850. 1800. 1850. 1850. 1900. 1850. 1900. 1800. 1800.
 1850. 1850. 1800. 1900. 1850. 1850.]
In ga.py, 2018-11-25 08:36:02,890 - __main__ - INFO - population_validation second:[1845.0, 1673.3334, 1648.3334, 1221.6666, 1378.3334, 1506.6666, 1441.6666, 1610.0, 1465.0, 1336.6666]
In ga.py, 2018-11-25 08:43:16,086 - __main__ - INFO - len population_validation first:10,len population_validation[0]:30
In ga.py, 2018-11-25 08:43:16,088 - __main__ - INFO - population_validation[0]:[1900. 1850. 1800. 1900. 1850. 1850. 1800. 1850. 1800. 1850. 1800. 1900.
 1850. 1850. 1800. 1800. 1850. 1850. 1850. 1850. 1900. 1850. 1800. 1900.
 1850. 1850. 1900. 1850. 1900. 1850.]
In ga.py, 2018-11-25 08:45:14,008 - __main__ - INFO - population_validation second:[1850.0, 1351.6666, 1308.3334, 1660.0, 1878.3334, 1290.0, 1211.6666, 1375.0, 1675.0, 1461.6666]
In ga.py, 2018-11-25 08:52:22,837 - __main__ - INFO - len population_validation first:10,len population_validation[0]:30
In ga.py, 2018-11-25 08:52:22,838 - __main__ - INFO - population_validation[0]:[1900. 1900. 1850. 1900. 1850. 1900. 1850. 1900. 1850. 1850. 1850. 1900.
 1950. 1850. 1850. 1850. 1950. 1850. 1950. 1850. 1850. 1900. 1850. 1900.
 1900. 1900. 1850. 1900. 1850. 1850.]
In ga.py, 2018-11-25 08:54:15,736 - __main__ - INFO - population_validation second:[1878.3334, 1521.6666, 1556.6666, 1465.0, 970.0, 1493.3334, 1588.3334, 1105.0, 1383.3334, 1721.6666]
In ga.py, 2018-11-25 09:01:03,940 - __main__ - INFO - len population_validation first:10,len population_validation[0]:30
In ga.py, 2018-11-25 09:01:03,942 - __main__ - INFO - population_validation[0]:[1850. 1850. 1850. 1850. 1850. 1900. 1900. 1850. 1900. 1950. 1950. 1950.
 1950. 1850. 1900. 1850. 1850. 1850. 1900. 1850. 1850. 1850. 1850. 1950.
 1850. 1900. 1950. 1850. 1850. 1950.]
In ga.py, 2018-11-25 09:02:55,124 - __main__ - INFO - population_validation second:[1883.3334, 1516.6666, 928.3333, 931.6667, 1378.3334, 1398.3334, 1271.6666, 745.0, 1306.6666, 1636.6666]
In ga.py, 2018-11-25 09:09:08,740 - __main__ - INFO - len population_validation first:10,len population_validation[0]:30
In ga.py, 2018-11-25 09:09:08,741 - __main__ - INFO - population_validation[0]:[1900. 1900. 1850. 1850. 1950. 1850. 1950. 1850. 1850. 1850. 1950. 1950.
 1950. 1900. 1900. 1850. 1850. 1850. 1950. 1900. 1850. 1850. 1950. 1850.
 1850. 1850. 1850. 1950. 1900. 1900.]
In ga.py, 2018-11-25 09:11:01,315 - __main__ - INFO - population_validation second:[1888.3334, 1355.0, 1553.3334, 1143.3334, 1465.0, 1506.6666, 1000.0, 1441.6666, 1426.6666, 1630.0]
In ga.py, 2018-11-25 09:17:48,499 - __main__ - INFO - len population_validation first:10,len population_validation[0]:30
In ga.py, 2018-11-25 09:17:48,501 - __main__ - INFO - population_validation[0]:[1950. 1850. 1950. 1850. 1850. 1900. 1850. 1850. 1900. 1850. 1850. 1900.
 1850. 1850. 1950. 1900. 1850. 1950. 1850. 1850. 1850. 1850. 1950. 1850.
 1850. 1950. 1850. 1850. 1950. 1950.]
In ga.py, 2018-11-25 09:19:39,544 - __main__ - INFO - population_validation second:[1883.3334, 1413.3334, 1610.0, 1501.6666, 1431.6666, 951.6667, 1590.0, 1111.6666, 1376.6666, 1390.0]
In ga.py, 2018-11-25 09:26:49,806 - __main__ - INFO - len population_validation first:10,len population_validation[0]:30
In ga.py, 2018-11-25 09:26:49,807 - __main__ - INFO - population_validation[0]:[1850. 1850. 1850. 1850. 1850. 1950. 1900. 1900. 1850. 1850. 1850. 1950.
 1900. 1850. 1850. 1900. 1850. 1850. 1850. 1850. 1850. 1850. 1900. 1850.
 1900. 1900. 1900. 1850. 1850. 1850.]
In ga.py, 2018-11-25 09:28:40,354 - __main__ - INFO - population_validation second:[1870.0, 1591.6666, 1661.6666, 1363.3334, 1813.3334, 1471.6666, 1366.6666, 1558.3334, 1370.0, 1648.3334]
In ga.py, 2018-11-25 09:36:13,245 - __main__ - INFO - len population_validation first:10,len population_validation[0]:30
In ga.py, 2018-11-25 09:36:13,247 - __main__ - INFO - population_validation[0]:[1850. 1850. 1850. 1850. 1850. 1900. 1850. 1850. 1850. 1850. 1850. 1950.
 1950. 1850. 1950. 1900. 1950. 1850. 1950. 1850. 1850. 1850. 1900. 1850.
 1950. 1850. 1900. 1900. 1850. 1850.]
In ga.py, 2018-11-25 09:38:08,591 - __main__ - INFO - population_validation second:[1878.3334, 1846.6666, 1630.0, 1561.6666, 1186.6666, 1370.0, 758.3333, 1481.6666, 1615.0, 1405.0]
In ga.py, 2018-11-25 09:45:19,764 - __main__ - INFO - len population_validation first:10,len population_validation[0]:30
In ga.py, 2018-11-25 09:45:19,766 - __main__ - INFO - population_validation[0]:[1900. 1950. 1850. 1950. 1900. 1850. 1950. 1900. 1850. 1900. 1950. 1850.
 1850. 1850. 1850. 1950. 1900. 1900. 1850. 1950. 1900. 1850. 1900. 1900.
 1900. 1900. 1900. 1850. 1900. 1850.]
In ga.py, 2018-11-25 09:47:42,581 - __main__ - INFO - population_validation second:[1891.6666, 1713.3334, 2291.6667, 1475.0, 1710.0, 1726.6666, 1565.0, 1656.6666, 871.6667, 1563.3334]
In ga.py, 2018-11-25 09:54:49,787 - __main__ - INFO - len population_validation first:10,len population_validation[0]:30
In ga.py, 2018-11-25 09:54:49,788 - __main__ - INFO - population_validation[0]:[1950. 2600. 1850. 1950. 2600. 2600. 1950. 1950. 2600. 1950. 2600. 1950.
 2600. 1850. 1850. 2600. 1950. 1850. 1950. 1850. 2600. 1850. 1950. 1850.
 1950. 2600. 1950. 1850. 2600. 1950.]
In ga.py, 2018-11-25 09:57:01,252 - __main__ - INFO - population_validation second:[2140.0, 1503.3334, 1218.3334, 1713.3334, 1425.0, 1870.0, 788.3333, 1838.3334, 1790.0, 1370.0]
In ga.py, 2018-11-25 10:04:47,464 - __main__ - INFO - len population_validation first:10,len population_validation[0]:30
In ga.py, 2018-11-25 10:04:47,465 - __main__ - INFO - population_validation[0]:[2600. 1850. 2600. 1950. 1850. 1950. 1950. 2600. 2600. 2600. 2600. 2600.
 2600. 1850. 2600. 2600. 2600. 2600. 1950. 2600. 2600. 2600. 1950. 2600.
 1950. 1850. 2600. 1850. 1850. 2600.]
In ga.py, 2018-11-25 10:07:10,595 - __main__ - INFO - population_validation second:[2320.0, 1651.6666, 1740.0, 911.6667, 1913.3334, 2036.6666, 2091.6667, 1478.3334, 1465.0, 1016.6667]
In ga.py, 2018-11-25 10:15:00,303 - __main__ - INFO - len population_validation first:10,len population_validation[0]:30
In ga.py, 2018-11-25 10:15:00,305 - __main__ - INFO - population_validation[0]:[1850. 2600. 1950. 1950. 2600. 1950. 1850. 2600. 1950. 2600. 1950. 1950.
 1850. 1950. 1850. 2600. 2600. 1850. 2600. 1950. 2600. 2600. 2600. 2600.
 2600. 2600. 1950. 1950. 1950. 1850.]
In ga.py, 2018-11-25 10:17:19,434 - __main__ - INFO - population_validation second:[2211.6667, 1846.6666, 1613.3334, 1770.0, 1640.0, 1970.0, 1751.6666, 1143.3334, 1643.3334, 1678.3334]
In ga.py, 2018-11-25 10:25:15,752 - __main__ - INFO - len population_validation first:10,len population_validation[0]:30
In ga.py, 2018-11-25 10:25:15,754 - __main__ - INFO - population_validation[0]:[2600. 2600. 1950. 2600. 2600. 2600. 2600. 2600. 1950. 1950. 1850. 2600.
 2600. 1850. 1850. 2600. 2600. 1850. 2600. 1950. 2600. 2600. 2600. 2600.
 1950. 2600. 1850. 2600. 2600. 1950.]
In ga.py, 2018-11-25 10:27:24,812 - __main__ - INFO - population_validation second:[2345.0, 1636.6666, 1470.0, 1528.3334, 1856.6666, 1981.6666, 1436.6666, 1778.3334, 1551.6666, 1020.0]
In ga.py, 2018-11-25 10:35:16,859 - __main__ - INFO - len population_validation first:10,len population_validation[0]:30
In ga.py, 2018-11-25 10:35:16,860 - __main__ - INFO - population_validation[0]:[1950. 2600. 1950. 2600. 1950. 1850. 2600. 1950. 1850. 2600. 2600. 2600.
 1950. 1950. 2600. 1950. 1950. 2600. 1850. 2600. 2600. 2600. 2600. 2600.
 1850. 2600. 2600. 2600. 1950. 1950.]
In ga.py, 2018-11-25 10:37:33,931 - __main__ - INFO - population_validation second:[2283.3333, 1745.0, 1618.3334, 1538.3334, 1800.0, 1585.0, 1091.6666, 1286.6666, 2086.6667, 1436.6666]
In ga.py, 2018-11-25 10:45:06,084 - __main__ - INFO - len population_validation first:10,len population_validation[0]:30
In ga.py, 2018-11-25 10:45:06,086 - __main__ - INFO - population_validation[0]:[2600. 2600. 1850. 1950. 2600. 2600. 1950. 1850. 1850. 2600. 1950. 2600.
 1850. 1950. 2600. 2600. 2600. 2600. 1850. 2600. 1850. 2600. 2600. 1950.
 2600. 1950. 1950. 2600. 2600. 1850.]
In ga.py, 2018-11-25 10:47:17,527 - __main__ - INFO - population_validation second:[2273.3333, 1505.0, 1506.6666, 1851.6666, 1586.6666, 1183.3334, 1440.0, 1440.0, 1478.3334, 1486.6666]
In ga.py, 2018-11-25 10:55:23,735 - __main__ - INFO - len population_validation first:10,len population_validation[0]:30
In ga.py, 2018-11-25 10:55:23,736 - __main__ - INFO - population_validation[0]:[1850. 2600. 2600. 2600. 1950. 1950. 2600. 2600. 2600. 1850. 1850. 2600.
 2600. 1950. 2600. 1850. 2600. 1850. 1950. 2600. 2600. 2600. 2600. 2600.
 2600. 2600. 2600. 1950. 2600. 2600.]
In ga.py, 2018-11-25 10:57:32,931 - __main__ - INFO - population_validation second:[2366.6667, 1168.3334, 1613.3334, 1893.3334, 2005.0, 1273.3334, 1445.0, 796.6667, 1740.0, 1388.3334]
In ga.py, 2018-11-25 11:05:14,663 - __main__ - INFO - len population_validation first:10,len population_validation[0]:30
In ga.py, 2018-11-25 11:05:14,664 - __main__ - INFO - population_validation[0]:[2600. 2600. 2600. 1950. 1950. 2600. 2600. 1950. 1850. 2600. 1950. 2600.
 1950. 1850. 2600. 2600. 1950. 1950. 1950. 1850. 2600. 2600. 1950. 1850.
 2600. 1850. 2600. 1950. 1850. 2600.]
In ga.py, 2018-11-25 11:07:34,238 - __main__ - INFO - population_validation second:[2233.3333, 1360.0, 2083.3333, 1631.6666, 1233.3334, 1238.3334, 1231.6666, 1371.6666, 1548.3334, 1843.3334]
In ga.py, 2018-11-25 11:15:19,830 - __main__ - INFO - len population_validation first:10,len population_validation[0]:30
In ga.py, 2018-11-25 11:15:19,831 - __main__ - INFO - population_validation[0]:[2600. 2600. 1950. 1850. 2600. 1950. 1950. 1850. 2600. 2600. 1950. 2600.
 1850. 1950. 1950. 1850. 2600. 1850. 1850. 1850. 1950. 1950. 2600. 2600.
 2600. 2600. 1950. 2600. 1850. 2600.]
In ga.py, 2018-11-25 11:17:25,342 - __main__ - INFO - population_validation second:[2205.0, 1551.6666, 1666.6666, 1600.0, 1728.3334, 1810.0, 1541.6666, 1603.3334, 1406.6666, 1180.0]
In ga.py, 2018-11-25 11:25:08,549 - __main__ - INFO - len population_validation first:10,len population_validation[0]:30
In ga.py, 2018-11-25 11:25:08,550 - __main__ - INFO - population_validation[0]:[2600. 2600. 1950. 2600. 2600. 1850. 2600. 1850. 2600. 1850. 1950. 1950.
 2600. 2600. 1850. 1850. 2600. 2600. 2600. 2600. 1850. 1850. 2600. 1850.
 2600. 1950. 2600. 2600. 1850. 2600.]
In ga.py, 2018-11-25 11:27:22,976 - __main__ - INFO - population_validation second:[2288.3333, 1561.6666, 1628.3334, 1521.6666, 1430.0, 1638.3334, 1435.0, 1721.6666, 1458.3334, 1311.6666]
In ga.py, 2018-11-25 11:34:31,814 - __main__ - INFO - len population_validation first:10,len population_validation[0]:30
In ga.py, 2018-11-25 11:34:31,815 - __main__ - INFO - population_validation[0]:[1850. 1850. 2600. 2600. 2600. 2600. 1950. 1950. 1850. 1850. 1950. 1950.
 2600. 1850. 1950. 1850. 2600. 2600. 1950. 1950. 2600. 2600. 2600. 2600.
 2600. 1950. 2600. 2600. 2600. 2600.]
In ga.py, 2018-11-25 11:36:45,049 - __main__ - INFO - population_validation second:[2276.6667, 1831.6666, 1390.0, 2038.3334, 1803.3334, 1861.6666, 1348.3334, 1361.6666, 1636.6666, 1020.0]
In ga.py, 2018-11-25 11:44:03,237 - __main__ - INFO - len population_validation first:10,len population_validation[0]:30
In ga.py, 2018-11-25 11:44:03,239 - __main__ - INFO - population_validation[0]:[1950. 2600. 1950. 2600. 1950. 1850. 1850. 1950. 1950. 1950. 1950. 1950.
 2600. 2600. 1950. 2600. 1950. 2600. 2600. 2600. 2600. 2600. 1850. 1850.
 2600. 2600. 2600. 1850. 2600. 1950.]
In ga.py, 2018-11-25 11:46:10,213 - __main__ - INFO - population_validation second:[2236.6667, 1408.3334, 2073.3333, 1393.3334, 1340.0, 2160.0, 1241.6666, 1436.6666, 1378.3334, 1713.3334]
In ga.py, 2018-11-25 11:53:30,243 - __main__ - INFO - len population_validation first:10,len population_validation[0]:30
In ga.py, 2018-11-25 11:53:30,245 - __main__ - INFO - population_validation[0]:[2600. 1950. 1850. 2600. 2600. 2600. 2600. 2600. 1850. 2600. 1850. 2600.
 1850. 2600. 2600. 2600. 1850. 1850. 2600. 2600. 1950. 1850. 2600. 1950.
 2600. 1850. 1850. 2600. 1950. 2600.]
In ga.py, 2018-11-25 11:55:44,036 - __main__ - INFO - population_validation second:[2288.3333, 1576.6666, 1226.6666, 1401.6666, 1873.3334, 1350.0, 868.3333, 1283.3334, 1598.3334, 820.0]
In ga.py, 2018-11-25 12:02:54,135 - __main__ - INFO - len population_validation first:10,len population_validation[0]:30
In ga.py, 2018-11-25 12:02:54,137 - __main__ - INFO - population_validation[0]:[1850. 1950. 2600. 2600. 1850. 2600. 1950. 2600. 1850. 2600. 1850. 1850.
 2600. 1850. 2600. 2600. 1950. 2600. 2600. 2600. 2600. 1850. 2600. 2600.
 1850. 1850. 2600. 1850. 2600. 1850.]
In ga.py, 2018-11-25 12:05:01,168 - __main__ - INFO - population_validation second:[2260.0, 1556.6666, 1535.0, 1383.3334, 1573.3334, 1086.6666, 1245.0, 2008.3334, 1521.6666, 1240.0]
In ga.py, 2018-11-25 12:13:40,357 - __main__ - INFO - len population_validation first:10,len population_validation[0]:30
In ga.py, 2018-11-25 12:13:40,358 - __main__ - INFO - population_validation[0]:[2600. 1950. 1950. 2600. 1950. 2600. 1950. 2600. 2600. 1950. 1850. 2600.
 2600. 1950. 2600. 1850. 1950. 2600. 1850. 2600. 1950. 1950. 2600. 1850.
 2600. 2600. 2600. 2600. 2600. 1950.]
In ga.py, 2018-11-25 12:15:50,825 - __main__ - INFO - population_validation second:[2283.3333, 1781.6666, 1393.3334, 1610.0, 995.0, 1841.6666, 2333.3333, 1356.6666, 1470.0, 1511.6666]
In ga.py, 2018-11-25 12:24:26,247 - __main__ - INFO - len population_validation first:10,len population_validation[0]:30
In ga.py, 2018-11-25 12:24:26,249 - __main__ - INFO - population_validation[0]:[1800. 1800. 2800. 2800. 2500. 2800. 2800. 2800. 2800. 1800. 2500. 1800.
 2500. 1800. 2800. 2800. 1800. 2800. 2800. 1800. 1750. 1750. 2800. 1950.
 1950. 2800. 2800. 1800. 2800. 2500.]
In ga.py, 2018-11-25 12:26:37,003 - __main__ - INFO - population_validation second:[2366.6667, 1636.6666, 1676.6666, 1788.3334, 1413.3334, 1706.6666, 1696.6666, 1213.3334, 1673.3334, 1745.0]
In ga.py, 2018-11-25 12:35:09,182 - __main__ - INFO - len population_validation first:10,len population_validation[0]:30
In ga.py, 2018-11-25 12:35:09,183 - __main__ - INFO - population_validation[0]:[2800. 2500. 2800. 1950. 2800. 2800. 2800. 2800. 2500. 2500. 2800. 1950.
 2800. 1950. 1800. 2800. 1950. 2800. 2500. 1950. 2500. 1950. 2500. 1950.
 1800. 2800. 1950. 2800. 2800. 1800.]
In ga.py, 2018-11-25 12:37:16,536 - __main__ - INFO - population_validation second:[2413.3333, 1480.0, 2091.6667, 1625.0, 1471.6666, 1471.6666, 1188.3334, 1980.0, 2086.6667, 1493.3334]
In ga.py, 2018-11-25 12:46:01,151 - __main__ - INFO - len population_validation first:10,len population_validation[0]:30
In ga.py, 2018-11-25 12:46:01,153 - __main__ - INFO - population_validation[0]:[2800. 1950. 1800. 2800. 1800. 2800. 1950. 1950. 1950. 2500. 2500. 2500.
 2500. 2800. 1950. 1950. 1950. 2800. 1800. 2800. 2800. 1800. 1950. 1800.
  700. 2800. 2500. 1800. 1800. 2800.]
In ga.py, 2018-11-25 12:48:06,934 - __main__ - INFO - population_validation second:[2220.0, 1810.0, 1518.3334, 1815.0, 1725.0, 1841.6666, 1166.6666, 1268.3334, 1148.3334, 1373.3334]
In ga.py, 2018-11-25 12:57:10,471 - __main__ - INFO - len population_validation first:10,len population_validation[0]:30
In ga.py, 2018-11-25 12:57:10,473 - __main__ - INFO - population_validation[0]:[1800. 2500. 1800. 2800. 2800. 2800. 1800. 1950. 2500. 2500. 2500. 2500.
 2500. 1800. 2800. 2800. 2800. 1800. 2800. 2500. 2500. 1800. 2800.  700.
 1950. 2500. 1950. 2500. 1800. 1950.]
In ga.py, 2018-11-25 12:59:25,069 - __main__ - INFO - population_validation second:[2283.3333, 1745.0, 1486.6666, 1790.0, 1566.6666, 1533.3334, 1461.6666, 1963.3334, 1896.6666, 1888.3334]
In ga.py, 2018-11-25 13:08:09,866 - __main__ - INFO - len population_validation first:10,len population_validation[0]:30
In ga.py, 2018-11-25 13:08:09,867 - __main__ - INFO - population_validation[0]:[1800. 2800. 2800. 2500. 2500. 2800. 1950. 1800. 2800. 1950. 1950. 1950.
 1800. 2800. 1950. 1800. 1800. 1800. 1950. 1950. 1800. 2800.  700. 1950.
 1800.  700. 1950. 2500. 1800. 2500.]
In ga.py, 2018-11-25 13:10:23,709 - __main__ - INFO - population_validation second:[2065.0, 1931.6666, 1606.6666, 1678.3334, 1776.6666, 1613.3334, 1553.3334, 1590.0, 1793.3334, 1563.3334]
In ga.py, 2018-11-25 13:18:59,189 - __main__ - INFO - len population_validation first:10,len population_validation[0]:30
In ga.py, 2018-11-25 13:18:59,190 - __main__ - INFO - population_validation[0]:[1800. 1950. 2500. 1950. 2500. 1950. 1800. 2800. 2800. 1800. 1950. 1950.
 2800. 2500. 1950. 2500. 2800. 1950. 2500. 2500. 1800. 1950. 1800. 1950.
 2800. 2800. 2800. 2800. 1950. 1950.]
In ga.py, 2018-11-25 13:21:03,391 - __main__ - INFO - population_validation second:[2261.6667, 1378.3334, 1866.6666, 1653.3334, 2185.0, 1643.3334, 1673.3334, 1556.6666, 1653.3334, 1738.3334]
In ga.py, 2018-11-25 13:29:12,332 - __main__ - INFO - len population_validation first:10,len population_validation[0]:30
In ga.py, 2018-11-25 13:29:12,333 - __main__ - INFO - population_validation[0]:[1800. 1800. 2500. 2800. 1950. 1800. 2800. 2800. 2500. 1950. 2500.  700.
 2500. 1800. 1800. 1950. 1800. 2500. 2800. 1800. 2800. 1800. 1950. 1950.
 2500. 1950. 1800. 2500. 1950. 2500.]
In ga.py, 2018-11-25 13:31:22,050 - __main__ - INFO - population_validation second:[2151.6667, 1790.0, 1336.6666, 780.0, 1916.6666, 1555.0, 1940.0, 540.0, 1076.6666, 1215.0]
