In ga.py, 2018-11-25 13:36:04,395 - __main__ - INFO - len population_validation first:10,len population_validation[0]:30
In ga.py, 2018-11-25 13:36:04,396 - __main__ - INFO - population_validation[0]:[ 430.  430. 1080.  530.  930.  980. 1280.  430.  630.  880.  780.  430.
  980. 1280. 1180.  530. 1280. 1180.  930. 1280.  760. 1300. 2300.  430.
  980.  580.  580.  680.  430.  830.]
In ga.py, 2018-11-25 13:36:50,977 - __main__ - INFO - population_validation second:[877.3333, 1206.0, 748.0, 1090.0, 927.3333, 996.3333, 910.0, 1091.3334, 736.6667, 1165.6666]
In ga.py, 2018-11-25 13:39:59,910 - __main__ - INFO - len population_validation first:10,len population_validation[0]:30
In ga.py, 2018-11-25 13:39:59,911 - __main__ - INFO - population_validation[0]:[1300. 1080.  830.  980. 3100.  630. 1760. 1180. 1460. 1080. 1460.  930.
  930.  630. 2030. 3100. 1620. 1080. 2030. 2030. 1080. 1350. 1080.  630.
 1030. 1180.  480. 1300. 1460. 1030.]
In ga.py, 2018-11-25 13:40:41,924 - __main__ - INFO - population_validation second:[1328.6666, 1067.3334, 1264.3334, 744.0, 1247.0, 1150.3334, 1199.6666, 1062.6666, 978.6667, 1040.0]
In ga.py, 2018-11-25 13:43:56,366 - __main__ - INFO - len population_validation first:10,len population_validation[0]:30
In ga.py, 2018-11-25 13:43:56,367 - __main__ - INFO - population_validation[0]:[2650. 1760. 3100.  880. 1300. 1180.  930. 1080. 2030. 1460.  630. 3100.
 1080. 2650. 1300. 1350. 1340.  930.  630. 1350.  480. 1460. 1350.  880.
  630. 1080. 1620. 1300. 1760. 1180.]
In ga.py, 2018-11-25 13:44:37,987 - __main__ - INFO - population_validation second:[1415.6666, 1221.3334, 1037.3334, 1226.3334, 1292.3334, 1094.6666, 1218.3334, 1347.6666, 1054.6666, 995.3333]
In ga.py, 2018-11-25 13:47:48,472 - __main__ - INFO - len population_validation first:10,len population_validation[0]:30
In ga.py, 2018-11-25 13:47:48,474 - __main__ - INFO - population_validation[0]:[ 630. 1460. 2650. 1080. 1300.  980. 1080.  930. 1630.  830. 2650.  930.
 1340. 1460.  480. 1030. 1620. 1300. 2030. 3100. 1460. 1410. 1460. 2650.
 1080. 1410. 2030. 1180. 1080. 1350.]
In ga.py, 2018-11-25 13:48:31,083 - __main__ - INFO - population_validation second:[1454.0, 1179.3334, 1162.0, 1165.3334, 1384.6666, 1255.6666, 1113.6666, 820.3333, 919.3333, 1073.3334]
In ga.py, 2018-11-25 13:51:41,670 - __main__ - INFO - len population_validation first:10,len population_validation[0]:30
In ga.py, 2018-11-25 13:51:41,671 - __main__ - INFO - population_validation[0]:[ 880. 1760. 3100. 1080. 1460. 1180.  730. 1620. 1180. 1350. 3100. 1180.
 1080.  630. 1030. 1080. 1030. 1080. 1080. 1350. 1460. 1350. 1620. 1350.
 1350.  480.  630.  880. 1080.  930.]
In ga.py, 2018-11-25 13:52:20,314 - __main__ - INFO - population_validation second:[1270.3334, 1132.3334, 1105.3334, 1372.0, 1106.0, 1115.0, 1276.3334, 1056.0, 1275.3334, 1224.0]
In ga.py, 2018-11-25 13:55:39,579 - __main__ - INFO - len population_validation first:10,len population_validation[0]:30
In ga.py, 2018-11-25 13:55:39,580 - __main__ - INFO - population_validation[0]:[ 930.  930. 1080. 1280.  630.  630. 1400. 1540. 1520. 1360. 1410. 1280.
 2900. 1080. 1560. 1550. 1520. 1080.  930.  680. 1350. 1660. 1550.  680.
  980. 1440.  980.  630. 1440.  630.]
In ga.py, 2018-11-25 13:56:18,722 - __main__ - INFO - population_validation second:[1221.0, 1264.6666, 984.6667, 1001.3333, 1398.6666, 975.3333, 1271.6666, 1343.3334, 1066.0, 1354.6666]
In ga.py, 2018-11-25 13:59:39,029 - __main__ - INFO - len population_validation first:10,len population_validation[0]:30
In ga.py, 2018-11-25 13:59:39,031 - __main__ - INFO - population_validation[0]:[ 530.  780. 1180. 1180.  880. 1320. 1850. 1030. 2000. 2000.  880. 1540.
 1300.  980.  610. 1510.  980. 1850. 1850. 1730.  980. 1180. 1510.  880.
  530.  610. 1300. 1300. 2000. 1320.]
In ga.py, 2018-11-25 14:00:16,381 - __main__ - INFO - population_validation second:[1253.0, 1264.6666, 918.0, 1093.3334, 1369.6666, 1223.3334, 1107.0, 1002.0, 1017.0, 1392.6666]
In ga.py, 2018-11-25 14:03:33,232 - __main__ - INFO - len population_validation first:10,len population_validation[0]:30
In ga.py, 2018-11-25 14:03:33,233 - __main__ - INFO - population_validation[0]:[ 980.  780. 1640.  480. 2700. 1600. 1540. 1180.  980. 1180. 1640.  980.
 1390. 1500. 1640. 2700.  480. 1180.  980. 1640. 1600. 1500. 1540. 1640.
 1440. 2700. 2350.  780. 1500. 1600.]
In ga.py, 2018-11-25 14:04:07,489 - __main__ - INFO - population_validation second:[1461.3334, 1310.3334, 1281.0, 1144.6666, 1275.0, 1138.0, 1031.0, 1000.0, 985.3333, 1177.6666]
In ga.py, 2018-11-25 14:07:19,112 - __main__ - INFO - len population_validation first:10,len population_validation[0]:30
In ga.py, 2018-11-25 14:07:19,113 - __main__ - INFO - population_validation[0]:[1700.  980.  780. 1640.  980.  980. 1440. 1440. 1440. 1280.  780. 1180.
 1440. 1390.  980.  780. 1340. 1440. 1370. 1980. 1640. 1540.  980.  980.
  480. 1540. 1440. 1370.  780.  730.]
In ga.py, 2018-11-25 14:08:03,735 - __main__ - INFO - population_validation second:[1227.3334, 1342.6666, 1582.3334, 1087.0, 1297.6666, 1198.6666, 968.6667, 1296.0, 956.6667, 1071.6666]
In ga.py, 2018-11-25 14:11:18,222 - __main__ - INFO - len population_validation first:10,len population_validation[0]:30
In ga.py, 2018-11-25 14:11:18,224 - __main__ - INFO - population_validation[0]:[1490.  930.  660.  830. 3000.  830. 1280. 1300. 1080. 1420.  780. 3000.
 1080. 1420. 1300.  830.  830.  830. 1420. 1030. 1180. 1300. 1180.  980.
  980. 1280. 1300.  580. 1180.  980.]
In ga.py, 2018-11-25 14:12:00,212 - __main__ - INFO - population_validation second:[1209.3334, 1235.0, 1075.6666, 1259.3334, 1438.6666, 1021.3333, 1139.3334, 1034.6666, 1244.3334, 1207.6666]
In ga.py, 2018-11-25 14:15:14,743 - __main__ - INFO - len population_validation first:10,len population_validation[0]:30
In ga.py, 2018-11-25 14:15:14,744 - __main__ - INFO - population_validation[0]:[1950. 1580. 2580. 2300.  980. 1670. 1580. 1280. 1340. 1560. 1080. 1340.
 1300. 1580. 1530. 1980. 2300. 1340. 1030. 1030. 1390.  530. 2300.  530.
 1300. 2300.  980. 1930. 1080.  530.]
In ga.py, 2018-11-25 14:15:53,649 - __main__ - INFO - population_validation second:[1473.3334, 1329.6666, 1221.3334, 1181.3334, 1236.3334, 1509.6666, 962.3333, 1073.3334, 1193.3334, 1065.3334]
In ga.py, 2018-11-25 14:19:12,833 - __main__ - INFO - len population_validation first:10,len population_validation[0]:30
In ga.py, 2018-11-25 14:19:12,834 - __main__ - INFO - population_validation[0]:[1660. 1810. 1420. 2600. 1610.  580.  810. 1080. 1080. 1660. 3380. 1030.
  810. 1350.  580. 2600. 1410.  580. 1030. 1810. 1030.  630. 1420. 1810.
 1080.  780. 1350. 1410.  930. 1410.]
In ga.py, 2018-11-25 14:20:00,643 - __main__ - INFO - population_validation second:[1358.0, 1401.3334, 1007.0, 1141.0, 1018.0, 1208.0, 1269.3334, 1176.3334, 1255.3334, 1056.6666]
In ga.py, 2018-11-25 14:23:10,205 - __main__ - INFO - len population_validation first:10,len population_validation[0]:30
In ga.py, 2018-11-25 14:23:10,207 - __main__ - INFO - population_validation[0]:[ 930. 1030.  830. 1540.  580.  410. 1370.  410. 1370. 1540. 3970.  930.
 1030.  930. 1280. 1370.  780.  410. 1370.  680. 1390. 1320. 1390. 1780.
 1280. 1370. 1580. 1530. 1580. 3970.]
In ga.py, 2018-11-25 14:23:59,351 - __main__ - INFO - population_validation second:[1331.6666, 1234.3334, 1241.3334, 1136.6666, 975.3333, 1025.3334, 1174.6666, 1436.0, 1028.6666, 1178.6666]
In ga.py, 2018-11-25 14:27:21,151 - __main__ - INFO - len population_validation first:10,len population_validation[0]:30
In ga.py, 2018-11-25 14:27:21,152 - __main__ - INFO - population_validation[0]:[1750. 1340. 1430. 2550. 1350. 1130. 1180. 1130. 2750. 1370. 2750.  680.
 1860.  980. 1850. 1390. 2750. 1430.  980.  680. 2550. 2130.  680.  980.
 1340. 1500. 1610. 1610. 1370. 1280.]
In ga.py, 2018-11-25 14:28:08,781 - __main__ - INFO - population_validation second:[1546.0, 1343.3334, 984.3333, 1169.6666, 1241.0, 1039.3334, 1236.6666, 1079.6666, 1195.0, 1202.3334]
In ga.py, 2018-11-25 14:31:25,220 - __main__ - INFO - len population_validation first:10,len population_validation[0]:30
In ga.py, 2018-11-25 14:31:25,221 - __main__ - INFO - population_validation[0]:[1130. 2030. 1280. 2030. 1130. 1750. 2750. 2750. 1850. 1280. 2700.  680.
  330. 2750. 2450. 1520. 1280.  680. 1430. 1390.  980. 2130. 1130. 1610.
 2450. 1860. 1370.  980. 1500. 1280.]
In ga.py, 2018-11-25 14:32:13,243 - __main__ - INFO - population_validation second:[1616.0, 1084.3334, 1169.3334, 1284.0, 1110.0, 985.0, 1135.3334, 1121.3334, 1142.6666, 1210.0]
In ga.py, 2018-11-25 14:35:35,375 - __main__ - INFO - len population_validation first:10,len population_validation[0]:30
In ga.py, 2018-11-25 14:35:35,377 - __main__ - INFO - population_validation[0]:[ 980. 1610. 1610. 1750. 1850. 1850. 1800. 2130.  680. 1370. 1500. 1370.
 1430.  330. 1080. 1180. 1850. 1500. 1370. 1430. 1340.  330. 2550. 1860.
 2450. 1350. 2130. 2030. 1180. 1750.]
In ga.py, 2018-11-25 14:36:25,015 - __main__ - INFO - population_validation second:[1521.3334, 929.6667, 938.0, 1214.6666, 1161.0, 1386.6666, 1137.6666, 1269.0, 1076.3334, 1247.3334]
In ga.py, 2018-11-25 14:39:50,240 - __main__ - INFO - len population_validation first:10,len population_validation[0]:30
In ga.py, 2018-11-25 14:39:50,241 - __main__ - INFO - population_validation[0]:[1370.  980. 1850. 2750. 2750. 1180. 1180. 1860. 1860. 1500. 2030. 1750.
 1500. 1500. 1520. 1080. 1370. 1500. 1340. 1340. 1280. 1080.  980. 1500.
 1800. 1390. 2030.  980. 1800.  330.]
In ga.py, 2018-11-25 14:40:41,664 - __main__ - INFO - population_validation second:[1512.6666, 1227.0, 1182.3334, 1068.3334, 1227.3334, 1042.3334, 1361.6666, 1171.0, 1329.6666, 1338.6666]
In ga.py, 2018-11-25 14:44:03,975 - __main__ - INFO - len population_validation first:10,len population_validation[0]:30
In ga.py, 2018-11-25 14:44:03,977 - __main__ - INFO - population_validation[0]:[2550. 1500. 1430.  680.  830. 1500. 1280. 1180. 1860. 1080. 1520. 2450.
  980. 2450. 1750. 1860. 1610. 1370. 2030. 2550. 1850. 2450. 1130. 1370.
  980. 1390. 1750.  980. 1500.  830.]
In ga.py, 2018-11-25 14:44:53,774 - __main__ - INFO - population_validation second:[1556.3334, 1242.3334, 1192.6666, 1105.6666, 1255.6666, 1354.0, 1087.3334, 1450.0, 1099.6666, 1198.0]
In ga.py, 2018-11-25 14:48:20,051 - __main__ - INFO - len population_validation first:10,len population_validation[0]:30
In ga.py, 2018-11-25 14:48:20,053 - __main__ - INFO - population_validation[0]:[1280. 1280. 1350. 1850. 1130. 2750.  980. 1500. 2130. 1610. 1280.  680.
  830. 1340. 1520. 1850. 1850. 2550. 1850. 1370. 1280.  830. 1080. 1850.
 1390.  830. 1800. 1370. 1350. 1850.]
In ga.py, 2018-11-25 14:49:07,274 - __main__ - INFO - population_validation second:[1487.0, 1267.3334, 1152.6666, 1136.6666, 1142.0, 1108.6666, 1146.3334, 1070.6666, 1167.3334, 1195.6666]
In ga.py, 2018-11-25 14:52:33,505 - __main__ - INFO - len population_validation first:10,len population_validation[0]:30
In ga.py, 2018-11-25 14:52:33,506 - __main__ - INFO - population_validation[0]:[2450. 1280. 1130. 1350. 1280.  330. 1280. 1280. 2550. 1850.  980. 2550.
 1280. 1850.  980. 1340. 1130. 1390. 1800. 2750. 1280.  830.  330. 2130.
 1130.  980. 1130. 2130. 1850. 1500.]
In ga.py, 2018-11-25 14:53:23,027 - __main__ - INFO - population_validation second:[1470.6666, 1163.3334, 1256.6666, 1239.6666, 1448.0, 1097.6666, 1029.3334, 1259.3334, 1191.6666, 1213.3334]
In ga.py, 2018-11-25 14:56:43,781 - __main__ - INFO - len population_validation first:10,len population_validation[0]:30
In ga.py, 2018-11-25 14:56:43,783 - __main__ - INFO - population_validation[0]:[1430. 2750. 1430. 1750. 1850. 1080. 2550.  830. 1340. 1370. 1370. 1130.
 1750. 1860. 1080. 1860. 1610. 1370. 2750. 1860. 2750. 1370. 1610. 1850.
 1390. 1520. 1800.  830. 1860. 2450.]
In ga.py, 2018-11-25 14:57:32,862 - __main__ - INFO - population_validation second:[1681.6666, 1195.3334, 1340.6666, 1289.6666, 1062.3334, 1111.0, 1210.3334, 1073.0, 1059.6666, 1223.0]
In ga.py, 2018-11-25 15:01:13,943 - __main__ - INFO - len population_validation first:10,len population_validation[0]:30
In ga.py, 2018-11-25 15:01:13,945 - __main__ - INFO - population_validation[0]:[1500. 1520. 2550. 1280. 1370. 1610. 1280.  680. 1390. 1390. 1130.  980.
 1500. 2450. 2130. 1610. 1610. 1610. 1610. 1370. 1800. 1340. 1340. 1350.
 1080. 1610. 2550. 1500. 1430. 2750.]
In ga.py, 2018-11-25 15:02:02,153 - __main__ - INFO - population_validation second:[1577.3334, 1039.3334, 1155.6666, 1272.3334, 1353.3334, 1291.6666, 1346.6666, 1237.6666, 1235.0, 1271.3334]
In ga.py, 2018-11-25 15:05:23,257 - __main__ - INFO - len population_validation first:10,len population_validation[0]:30
In ga.py, 2018-11-25 15:05:23,258 - __main__ - INFO - population_validation[0]:[1800. 1280. 1520. 1390. 2700. 1280.  830. 1280.  830.  980. 1850. 2030.
 1390.  680.  980.  330. 1080. 1860. 1500. 1370. 2750. 1130. 1610. 2130.
 1370. 1750. 1430. 1610. 1370. 2030.]
In ga.py, 2018-11-25 15:06:14,343 - __main__ - INFO - population_validation second:[1471.3334, 1174.0, 1104.0, 1239.6666, 1443.6666, 1218.3334, 1347.3334, 1246.6666, 1084.3334, 958.6667]
In ga.py, 2018-11-25 15:09:37,507 - __main__ - INFO - len population_validation first:10,len population_validation[0]:30
In ga.py, 2018-11-25 15:09:37,508 - __main__ - INFO - population_validation[0]:[1180. 1800. 1520. 1280. 2700. 1800. 2550. 1520. 1340.  980. 2130. 1850.
 1430. 1180. 1500. 1080.  680. 1390. 1350. 1340. 2750. 1280. 1500. 1340.
 1750. 1750.  830. 1390. 1750. 1370.]
In ga.py, 2018-11-25 15:10:23,986 - __main__ - INFO - population_validation second:[1543.6666, 1143.0, 1083.0, 1251.3334, 1353.6666, 1117.6666, 1405.3334, 1145.6666, 1062.3334, 1353.3334]
In ga.py, 2018-11-25 15:13:40,825 - __main__ - INFO - len population_validation first:10,len population_validation[0]:30
In ga.py, 2018-11-25 15:13:40,827 - __main__ - INFO - population_validation[0]:[ 830. 1800. 2130.  980. 1520. 1340. 1800. 1850.  680. 1850. 2750. 1800.
 1280. 1350. 1340. 2450. 1430.  830. 1370. 2700. 1370. 1520. 1520.  330.
 1850. 2030. 2700. 1750. 1280.  680.]
In ga.py, 2018-11-25 15:14:28,230 - __main__ - INFO - population_validation second:[1570.3334, 1407.6666, 1085.0, 1352.3334, 1193.3334, 1052.6666, 1092.0, 1139.3334, 1133.3334, 1160.0]
In ga.py, 2018-11-25 15:17:48,817 - __main__ - INFO - len population_validation first:10,len population_validation[0]:30
In ga.py, 2018-11-25 15:17:48,818 - __main__ - INFO - population_validation[0]:[1390. 1850. 2750. 1750. 1430. 1130. 1390. 2550.  980. 1130. 1280. 2700.
 1850. 1390. 1520. 1370.  980. 1500. 2750. 1850. 1430. 1180. 1850. 1610.
 1850. 1800. 2030. 1340. 1430. 1500.]
In ga.py, 2018-11-25 15:18:39,017 - __main__ - INFO - population_validation second:[1652.0, 1266.6666, 1257.6666, 1356.6666, 1191.3334, 1213.0, 1262.3334, 1066.0, 1376.0, 1122.6666]
In ga.py, 2018-11-25 15:22:02,416 - __main__ - INFO - len population_validation first:10,len population_validation[0]:30
In ga.py, 2018-11-25 15:22:02,418 - __main__ - INFO - population_validation[0]:[1080. 1800. 1370. 1280.  680.  680. 1390.  330. 1850. 2700.  980. 1080.
 1850.  980. 1340. 1350. 1430. 1350. 2450. 1800. 2450.  980. 1370. 1850.
 1850. 1750. 1850. 1750. 2030. 1520.]
In ga.py, 2018-11-25 15:22:50,864 - __main__ - INFO - population_validation second:[1505.6666, 1398.3334, 1165.0, 1352.6666, 1253.0, 1245.0, 1326.3334, 1089.0, 1433.3334, 1302.0]
In ga.py, 2018-11-25 15:26:13,345 - __main__ - INFO - len population_validation first:10,len population_validation[0]:30
In ga.py, 2018-11-25 15:26:13,347 - __main__ - INFO - population_validation[0]:[1280. 2450. 1370. 1350.  980.  330. 1280. 1280. 1430. 1800.  980. 1370.
 1390. 1130. 1520. 2700. 2550. 1850. 1430. 2130.  680. 1500.  830. 1180.
 1350. 1750. 2030. 1750. 1610. 1520.]
In ga.py, 2018-11-25 15:26:56,177 - __main__ - INFO - population_validation second:[1493.3334, 1544.6666, 1324.3334, 1698.3334, 1151.6666, 1350.6666, 1301.3334, 1196.0, 1011.0, 1263.3334]
In ga.py, 2018-11-25 15:30:09,905 - __main__ - INFO - len population_validation first:10,len population_validation[0]:30
In ga.py, 2018-11-25 15:30:09,907 - __main__ - INFO - population_validation[0]:[3480. 2900. 1130. 1530. 2900. 1030.  880. 1950. 1530. 1300.  780. 1080.
 1130.  780. 1080. 2900. 1490. 1080. 1180.  780. 3480.  780. 2900.  980.
  780. 1530. 1300. 1490. 1080. 1420.]
In ga.py, 2018-11-25 15:30:50,050 - __main__ - INFO - population_validation second:[1555.0, 1287.0, 1057.0, 1275.3334, 1326.0, 1186.6666, 1009.0, 1161.0, 1155.0, 1488.3334]
In ga.py, 2018-11-25 15:34:04,088 - __main__ - INFO - len population_validation first:10,len population_validation[0]:30
In ga.py, 2018-11-25 15:34:04,089 - __main__ - INFO - population_validation[0]:[1180. 2900. 1530. 1950.  780.  780. 1080.  880. 1390. 1530. 1130. 1180.
 1420. 1950.  880. 1180. 1430. 1130. 1460. 1180.  880.  880. 1420. 2900.
 2500. 2500.  880. 1420. 1080. 1080.]
In ga.py, 2018-11-25 15:34:44,867 - __main__ - INFO - population_validation second:[1416.0, 1334.6666, 888.6667, 1305.3334, 1347.3334, 1297.3334, 1261.0, 1104.0, 1304.6666, 1314.0]
In ga.py, 2018-11-25 15:38:08,044 - __main__ - INFO - len population_validation first:10,len population_validation[0]:30
In ga.py, 2018-11-25 15:38:08,046 - __main__ - INFO - population_validation[0]:[ 980. 2900. 1180. 1530. 1430.  880. 1180.  410. 1080.  410. 1180. 1080.
 2900. 1180. 1300. 2900. 1390. 1080. 1530. 1430. 1180. 1490. 1030. 1430.
  780. 2900. 1080.  980. 1180. 2900.]
In ga.py, 2018-11-25 15:38:51,314 - __main__ - INFO - population_validation second:[1430.0, 1178.3334, 1247.6666, 1351.6666, 1323.3334, 1442.0, 1587.0, 1263.0, 1325.3334, 1266.0]
In ga.py, 2018-11-25 15:42:13,004 - __main__ - INFO - len population_validation first:10,len population_validation[0]:30
In ga.py, 2018-11-25 15:42:13,005 - __main__ - INFO - population_validation[0]:[2600. 1640. 1530.  580. 1640. 1360.  830.  930. 1180. 2030. 1660. 1530.
  830. 1180.  930. 1030. 1640.  830. 2150. 1610. 1610. 2600. 2150. 1580.
 1530. 1540. 1610.  430.  380. 1360.]
In ga.py, 2018-11-25 15:42:51,139 - __main__ - INFO - population_validation second:[1416.6666, 1265.6666, 1109.3334, 1160.3334, 1148.3334, 1282.6666, 1320.3334, 1109.6666, 1190.3334, 1393.0]
In ga.py, 2018-11-25 15:46:04,633 - __main__ - INFO - len population_validation first:10,len population_validation[0]:30
In ga.py, 2018-11-25 15:46:04,636 - __main__ - INFO - population_validation[0]:[1640. 1080. 1660. 2650.  380. 1030. 2030.  830. 1180. 1180. 1180. 1080.
  830. 1610. 1530. 2600.  830. 1080. 2300.  380.  580. 1610.  980. 1640.
 1540. 1610. 1540. 2150. 1280. 1610.]
In ga.py, 2018-11-25 15:46:43,750 - __main__ - INFO - population_validation second:[1387.3334, 1247.0, 1137.6666, 1370.3334, 1458.3334, 1363.6666, 1245.6666, 1166.0, 1368.0, 1575.6666]
In ga.py, 2018-11-25 15:50:06,147 - __main__ - INFO - len population_validation first:10,len population_validation[0]:30
In ga.py, 2018-11-25 15:50:06,149 - __main__ - INFO - population_validation[0]:[2550. 1080.  980.  780.  360.  360. 1280. 1180. 1320. 2450.  630.  980.
 2500. 1280. 1470. 1470. 1180.  730.  360. 1030.  360. 1080. 1030.  980.
 1590. 1320. 2500. 1470. 2550.  980.]
In ga.py, 2018-11-25 15:50:47,423 - __main__ - INFO - population_validation second:[1261.0, 1253.0, 1229.6666, 1255.6666, 1233.6666, 1207.6666, 1010.0, 1269.6666, 1179.6666, 1255.3334]
In ga.py, 2018-11-25 15:54:03,892 - __main__ - INFO - len population_validation first:10,len population_validation[0]:30
In ga.py, 2018-11-25 15:54:03,893 - __main__ - INFO - population_validation[0]:[ 880. 2230.  980. 2230. 2900. 1030. 1630.  980. 1900. 1130.  630. 1900.
 1850. 1280.  980. 1280.  980. 1800. 1470. 2200. 1900. 1490. 1130. 2900.
 1280.  730.  980. 1180. 1490.  630.]
In ga.py, 2018-11-25 15:54:42,889 - __main__ - INFO - population_validation second:[1465.6666, 1102.3334, 1017.6667, 1509.6666, 1514.0, 1084.3334, 1574.6666, 1251.3334, 1194.0, 1215.3334]
In ga.py, 2018-11-25 15:58:01,956 - __main__ - INFO - len population_validation first:10,len population_validation[0]:30
In ga.py, 2018-11-25 15:58:01,957 - __main__ - INFO - population_validation[0]:[1980. 2130. 1280.  630. 1980. 1980.  780. 2700.  980.  930. 1130.  830.
 1180.  580.  580. 2050. 2050. 1280. 1490. 2700. 2050.  980. 2130. 1080.
  630. 1130.  780. 2800. 1530. 1130.]
In ga.py, 2018-11-25 15:58:40,424 - __main__ - INFO - population_validation second:[1449.3334, 1321.6666, 1038.6666, 1303.3334, 1340.6666, 1404.3334, 1270.6666, 1442.3334, 1146.3334, 1348.6666]
In ga.py, 2018-11-25 16:02:02,923 - __main__ - INFO - len population_validation first:10,len population_validation[0]:30
In ga.py, 2018-11-25 16:02:02,925 - __main__ - INFO - population_validation[0]:[2600.  980. 1530. 2700. 2350. 2130. 1280. 1370. 1530. 1980.  980. 2350.
 1410. 1080. 2050. 2050. 1980. 1530. 2700. 2350. 2050. 1490. 2350. 2050.
 1980. 1130. 1490. 1460.  780. 1080.]
In ga.py, 2018-11-25 16:02:39,805 - __main__ - INFO - population_validation second:[1759.6666, 1260.3334, 1372.3334, 1122.3334, 1285.6666, 1286.0, 1414.6666, 1473.3334, 1424.0, 1279.6666]
In ga.py, 2018-11-25 16:06:04,783 - __main__ - INFO - len population_validation first:10,len population_validation[0]:30
In ga.py, 2018-11-25 16:06:04,784 - __main__ - INFO - population_validation[0]:[ 580. 2700. 1370. 1370.  830. 1490.  630. 1080.  980. 1410.  780.  780.
 2350. 1130. 1370. 1130. 1180. 2130. 1180. 1370. 2050.  730. 1460. 1180.
  630. 2700. 1130. 2600. 1980.  930.]
In ga.py, 2018-11-25 16:06:45,422 - __main__ - INFO - population_validation second:[1374.3334, 1216.6666, 1223.0, 1212.6666, 1332.0, 1427.0, 1151.3334, 1248.3334, 1436.0, 1364.0]
In ga.py, 2018-11-25 16:10:06,350 - __main__ - INFO - len population_validation first:10,len population_validation[0]:30
In ga.py, 2018-11-25 16:10:06,352 - __main__ - INFO - population_validation[0]:[2100. 1350.  630. 1660. 1660. 1300.  980. 1600. 1780. 1830. 1080. 1950.
 1080. 1530. 2100. 1300. 1660. 1350. 1710. 2100.  980. 1340.  980. 1350.
 2700.  730. 1710. 1950. 1300. 1350.]
In ga.py, 2018-11-25 16:10:51,477 - __main__ - INFO - population_validation second:[1504.6666, 1416.6666, 1365.0, 1466.3334, 1336.3334, 1532.3334, 1495.0, 1335.0, 1142.0, 1528.6666]
In ga.py, 2018-11-25 16:14:15,457 - __main__ - INFO - len population_validation first:10,len population_validation[0]:30
In ga.py, 2018-11-25 16:14:15,459 - __main__ - INFO - population_validation[0]:[ 730. 1280. 1470.  480. 1350.  630. 1130. 2050. 1130.  730. 2300. 1320.
 2050. 1680.  980. 1180.  980. 2700. 2050.  730. 1280. 2050. 1610. 2700.
 1180.  780.  730. 2050. 1280. 1470.]
In ga.py, 2018-11-25 16:14:55,114 - __main__ - INFO - population_validation second:[1402.6666, 1409.0, 1430.0, 1213.6666, 1331.3334, 1128.6666, 1085.3334, 1182.6666, 1438.0, 1352.0]
In ga.py, 2018-11-25 16:18:22,072 - __main__ - INFO - len population_validation first:10,len population_validation[0]:30
In ga.py, 2018-11-25 16:18:22,074 - __main__ - INFO - population_validation[0]:[ 980. 1030. 1700.  980.  780. 1830. 1830. 1540.  830. 1180. 1460. 1180.
 1180. 2030.  780.  880. 1700. 1280. 1540.  780.  980. 1460. 1080. 1080.
 1610. 1280. 1540. 1510. 1460. 1280.]
In ga.py, 2018-11-25 16:19:04,456 - __main__ - INFO - population_validation second:[1292.3334, 1354.3334, 1331.3334, 1389.6666, 1377.3334, 1496.0, 1335.6666, 1110.6666, 1241.0, 1373.0]
In ga.py, 2018-11-25 16:22:28,711 - __main__ - INFO - len population_validation first:10,len population_validation[0]:30
In ga.py, 2018-11-25 16:22:28,712 - __main__ - INFO - population_validation[0]:[1130. 1080. 1080. 1320. 3200. 1560. 1030. 1280.  930. 1280. 1080. 1850.
 1630. 1420. 2030. 1590. 2050. 1180. 1030. 1180. 1280. 1320. 1180. 1630.
  630. 1280. 1850. 1630.  980. 1630.]
In ga.py, 2018-11-25 16:23:07,071 - __main__ - INFO - population_validation second:[1411.3334, 1446.3334, 1445.6666, 1217.6666, 1365.3334, 1307.3334, 1138.3334, 1310.3334, 1258.6666, 1115.3334]
In ga.py, 2018-11-25 16:26:47,315 - __main__ - INFO - len population_validation first:10,len population_validation[0]:30
In ga.py, 2018-11-25 16:26:47,317 - __main__ - INFO - population_validation[0]:[1030.  480. 1610.  980. 1930.  880. 1280.  930. 1610. 1030. 1540. 1440.
 1280. 1280.  930. 1760. 1030. 1580. 1030.  980. 1280. 1280. 1440. 1030.
  830. 2350. 1180. 1930. 1280. 1610.]
In ga.py, 2018-11-25 16:27:30,935 - __main__ - INFO - population_validation second:[1294.0, 1195.0, 1296.6666, 1081.3334, 1488.6666, 1010.3333, 1240.3334, 1291.6666, 1303.6666, 1446.0]
In ga.py, 2018-11-25 16:30:49,788 - __main__ - INFO - len population_validation first:10,len population_validation[0]:30
In ga.py, 2018-11-25 16:30:49,789 - __main__ - INFO - population_validation[0]:[1280. 1280.  630. 1340. 1280.  830. 1280. 1680. 1280. 1080. 1280. 1280.
 1680.  560. 1500.  830. 1280. 1590.  830. 1280. 1390. 1280. 1900. 1280.
 1540. 1280. 2950. 1080. 1280. 1280.]
In ga.py, 2018-11-25 16:31:33,160 - __main__ - INFO - population_validation second:[1311.0, 1238.0, 1169.3334, 1144.3334, 1093.3334, 1167.0, 1393.0, 1270.0, 1241.3334, 1032.3334]
In ga.py, 2018-11-25 16:35:03,000 - __main__ - INFO - len population_validation first:10,len population_validation[0]:30
In ga.py, 2018-11-25 16:35:03,001 - __main__ - INFO - population_validation[0]:[1280. 1180. 1130. 1300. 1930.  830. 3000. 1660.  980.  980.  980.  430.
 1600. 1600. 1350.  980. 1180. 1300. 1980.  430.  830.  880.  980. 1830.
 1930. 1830. 1600. 1980. 3000.  430.]
In ga.py, 2018-11-25 16:35:54,765 - __main__ - INFO - population_validation second:[1379.6666, 1230.3334, 1324.3334, 1148.6666, 1305.6666, 1514.3334, 1329.6666, 1314.3334, 890.6667, 1372.6666]
In ga.py, 2018-11-25 16:39:17,612 - __main__ - INFO - len population_validation first:10,len population_validation[0]:30
In ga.py, 2018-11-25 16:39:17,614 - __main__ - INFO - population_validation[0]:[ 730. 1180. 1900.  730. 1900.  980.  880.  830. 1850. 2300. 1950. 1300.
 1900. 1560. 1850. 2250. 1610. 1900. 2300.  730. 1680.  830. 2700. 1440.
 2180.  730. 1900.  730. 2300. 1080.]
In ga.py, 2018-11-25 16:39:59,908 - __main__ - INFO - population_validation second:[1540.0, 1343.6666, 1166.6666, 1199.0, 1326.3334, 1241.0, 1388.6666, 1104.0, 1373.6666, 1189.3334]
In ga.py, 2018-11-25 16:43:21,246 - __main__ - INFO - len population_validation first:10,len population_validation[0]:30
In ga.py, 2018-11-25 16:43:21,247 - __main__ - INFO - population_validation[0]:[1440. 1440.  880. 1850. 2180. 1180.  880.  730. 1300.  730. 1280. 1300.
 1440. 1180. 2250. 1900. 1180. 1180.  830. 1900.  880. 2250. 1080. 1680.
 1300. 1850.  730.  980. 2180. 2300.]
In ga.py, 2018-11-25 16:43:53,689 - __main__ - INFO - population_validation second:[1409.3334, 1264.0, 1544.3334, 1191.3334, 1558.3334, 1189.6666, 1236.0, 1198.0, 1204.3334, 1571.6666]
In ga.py, 2018-11-25 16:47:23,052 - __main__ - INFO - len population_validation first:10,len population_validation[0]:30
In ga.py, 2018-11-25 16:47:23,054 - __main__ - INFO - population_validation[0]:[1350. 3100.  880.  830. 1080.  430.  930. 1080.  830. 1280.  930. 1930.
 1080. 1580.  930. 1600. 1580. 1360. 1950.  830. 1600.  430.  930. 1460.
 2800. 1280. 2300. 1930.  930. 1180.]
In ga.py, 2018-11-25 16:48:06,540 - __main__ - INFO - population_validation second:[1346.6666, 1574.0, 1288.3334, 1479.0, 1159.3334, 1268.0, 1281.6666, 1113.6666, 1224.6666, 1478.3334]
In ga.py, 2018-11-25 16:51:30,860 - __main__ - INFO - len population_validation first:10,len population_validation[0]:30
In ga.py, 2018-11-25 16:51:30,862 - __main__ - INFO - population_validation[0]:[1280. 1420. 2300. 1590. 3390. 2300. 1340. 1080. 1470. 3390. 1880. 2300.
 1180.  880. 1180. 1180. 3390. 1300. 1180. 1880. 1180.  630. 1420.  830.
 1420. 1340. 1420. 1300.  880. 1300.]
In ga.py, 2018-11-25 16:52:11,242 - __main__ - INFO - population_validation second:[1587.6666, 1769.3334, 1502.6666, 1363.3334, 1133.6666, 1389.3334, 1348.0, 1467.3334, 1269.3334, 1260.3334]
In ga.py, 2018-11-25 16:55:26,567 - __main__ - INFO - len population_validation first:10,len population_validation[0]:30
In ga.py, 2018-11-25 16:55:26,568 - __main__ - INFO - population_validation[0]:[1630. 1610.  930. 1610.  880.  530.  580.  780.  580. 3900.  980. 2350.
 1320. 2400. 1630. 1320. 1630.  980. 1320. 1610. 1320.  980.  580. 1320.
  780.  980.  780. 1300.  880. 1490.]
In ga.py, 2018-11-25 16:56:08,265 - __main__ - INFO - population_validation second:[1299.3334, 1359.3334, 1294.0, 1343.3334, 1231.6666, 1360.6666, 1306.6666, 1161.3334, 1492.0, 1269.6666]
In ga.py, 2018-11-25 16:59:30,947 - __main__ - INFO - len population_validation first:10,len population_validation[0]:30
In ga.py, 2018-11-25 16:59:30,948 - __main__ - INFO - population_validation[0]:[2150. 1900.  780. 1660.  580.  980.  580. 1300.  930. 2150. 1680.  930.
  980. 1690.  980. 2200.  930. 2850. 1180. 1680. 1180. 1300. 2150. 2200.
  930. 1180. 1680. 1440. 1300. 1460.]
In ga.py, 2018-11-25 17:00:14,426 - __main__ - INFO - population_validation second:[1431.0, 1160.3334, 1301.0, 1242.6666, 1336.6666, 1160.3334, 1413.0, 1451.6666, 1427.6666, 1256.3334]
In ga.py, 2018-11-25 17:03:38,785 - __main__ - INFO - len population_validation first:10,len population_validation[0]:30
In ga.py, 2018-11-25 17:03:38,787 - __main__ - INFO - population_validation[0]:[1350. 1460. 2300. 1530.  780. 1450. 1460. 1350. 1420.  480. 1830. 1080.
 1390. 1880. 1080. 1880. 1410. 1350. 1340. 1280. 1540. 2300. 1300.  480.
 1530. 1390.  830. 1880.  480.  480.]
In ga.py, 2018-11-25 17:04:19,541 - __main__ - INFO - population_validation second:[1343.6666, 1067.3334, 1382.3334, 1493.3334, 1280.0, 1383.3334, 1347.0, 1286.6666, 1195.0, 1325.3334]
In ga.py, 2018-11-25 17:07:37,156 - __main__ - INFO - len population_validation first:10,len population_validation[0]:30
In ga.py, 2018-11-25 17:07:37,157 - __main__ - INFO - population_validation[0]:[1180.  930. 2200. 1300. 1080. 2200. 3050.  880. 1900. 1900. 1350. 1080.
  730. 1900. 1510.  730.  730.  980. 1680. 1390. 1440. 1900. 1510. 1350.
 2200.  980. 1080. 1900.  980. 1180.]
In ga.py, 2018-11-25 17:08:17,721 - __main__ - INFO - population_validation second:[1440.6666, 1187.6666, 1467.3334, 1129.3334, 1270.0, 1083.6666, 1281.0, 1381.6666, 1586.3334, 1343.3334]
In ga.py, 2018-11-25 17:11:37,674 - __main__ - INFO - len population_validation first:10,len population_validation[0]:30
In ga.py, 2018-11-25 17:11:37,675 - __main__ - INFO - population_validation[0]:[1490.  630. 1340. 1280. 1280. 1340. 2150.  880. 1930.  730. 1490. 1280.
 1300. 1370. 1280. 1480. 1280. 1280.  680.  880. 1930.  680. 1280. 1490.
 2030. 1930.  680.  980.  980. 1490.]
In ga.py, 2018-11-25 17:12:26,766 - __main__ - INFO - population_validation second:[1294.6666, 1568.3334, 1394.6666, 1394.3334, 1228.6666, 1210.3334, 1199.6666, 1195.3334, 1260.3334, 1254.6666]
In ga.py, 2018-11-25 17:15:47,694 - __main__ - INFO - len population_validation first:10,len population_validation[0]:30
In ga.py, 2018-11-25 17:15:47,696 - __main__ - INFO - population_validation[0]:[1030.  830. 3580. 3580. 1300. 1750. 3200. 1830. 1750. 1280.  480. 1280.
 1180.  830. 1750. 1080.  830. 1080. 1830. 1810. 1280. 1660.  830. 1280.
 1750. 1030. 1280. 1280. 1810. 3200.]
In ga.py, 2018-11-25 17:16:31,092 - __main__ - INFO - population_validation second:[1589.3334, 1517.6666, 1275.0, 1055.6666, 1094.3334, 1255.6666, 1387.3334, 1226.6666, 1280.6666, 1138.6666]
In ga.py, 2018-11-25 17:19:49,748 - __main__ - INFO - len population_validation first:10,len population_validation[0]:30
In ga.py, 2018-11-25 17:19:49,750 - __main__ - INFO - population_validation[0]:[1590. 1830. 3580. 1180. 1080. 2450. 1420. 1280. 1280.  830. 2450. 1080.
 1180. 1280. 1030. 1810. 1030. 1180. 1300. 1180.  830.  830.  480. 1750.
 1660. 1300. 1180.  830. 1660. 1180.]
In ga.py, 2018-11-25 17:20:32,827 - __main__ - INFO - population_validation second:[1391.3334, 1281.6666, 1164.6666, 1423.3334, 1345.6666, 1355.0, 1131.3334, 1141.0, 1373.0, 1398.3334]
In ga.py, 2018-11-25 17:23:56,141 - __main__ - INFO - len population_validation first:10,len population_validation[0]:30
In ga.py, 2018-11-25 17:23:56,143 - __main__ - INFO - population_validation[0]:[ 280. 1760. 1420. 1300.  680. 1280. 1280.  730. 2210. 3200.  660. 2350.
 2350.  980. 1710. 1030. 1460. 1760.  880. 1180. 2000. 2000. 1180. 1710.
  280. 1420. 1180. 2350. 1280. 1280.]
In ga.py, 2018-11-25 17:24:37,114 - __main__ - INFO - population_validation second:[1439.3334, 1199.0, 1386.0, 1247.3334, 1137.6666, 1464.0, 1454.0, 1388.0, 1459.0, 1348.3334]
In ga.py, 2018-11-25 17:28:01,291 - __main__ - INFO - len population_validation first:10,len population_validation[0]:30
In ga.py, 2018-11-25 17:28:01,293 - __main__ - INFO - population_validation[0]:[1580. 3220.  930. 1080. 1350. 1180. 1300.  880. 1280. 1580. 1080.  930.
 1180. 1300. 3220. 2130. 1030. 1180. 1580. 1180. 1610. 1300.  980. 1280.
 1580. 1180. 2200. 1030. 1300. 1580.]
In ga.py, 2018-11-25 17:28:42,843 - __main__ - INFO - population_validation second:[1441.0, 1465.3334, 1210.0, 1318.0, 1194.6666, 1110.0, 1053.0, 1553.3334, 1308.3334, 1189.3334]
In ga.py, 2018-11-25 17:31:57,584 - __main__ - INFO - len population_validation first:10,len population_validation[0]:30
In ga.py, 2018-11-25 17:31:57,586 - __main__ - INFO - population_validation[0]:[2800. 1400. 1300. 1400.  980. 1350. 2500. 1280. 1030. 1280. 1400.  730.
 1350. 1300. 3920. 1030. 1280. 1900. 1320.  830. 1850. 1630. 1300. 1880.
  730. 1280. 1080. 1080.  830. 1400.]
In ga.py, 2018-11-25 17:32:36,148 - __main__ - INFO - population_validation second:[1448.0, 1204.3334, 1199.6666, 1355.3334, 1388.6666, 1262.0, 1201.6666, 1450.3334, 1217.3334, 1283.3334]
In ga.py, 2018-11-25 17:35:52,441 - __main__ - INFO - len population_validation first:10,len population_validation[0]:30
In ga.py, 2018-11-25 17:35:52,442 - __main__ - INFO - population_validation[0]:[1180. 1560.  880. 1280. 1300. 1300. 1280. 1280. 1370. 1750.  680. 1180.
  630. 1410. 1320.  830.  830. 2450. 2450. 1420. 1370. 1300. 2900. 1490.
  880. 2900.  630. 1420. 1390.  630.]
In ga.py, 2018-11-25 17:36:32,906 - __main__ - INFO - population_validation second:[1376.3334, 1338.3334, 1186.3334, 1443.6666, 1354.3334, 1452.6666, 1342.3334, 1267.6666, 1261.6666, 1469.6666]
In ga.py, 2018-11-25 17:39:56,809 - __main__ - INFO - len population_validation first:10,len population_validation[0]:30
In ga.py, 2018-11-25 17:39:56,810 - __main__ - INFO - population_validation[0]:[2750. 1510. 1460. 1480.  780. 2750. 2750. 1680. 1080. 1480. 1630. 1600.
 1630. 1080.  730. 1680. 2100. 1630. 1370. 1630.  980. 1080. 1560. 1080.
 1370.  980. 1680. 1430. 1300. 1300.]
In ga.py, 2018-11-25 17:40:39,178 - __main__ - INFO - population_validation second:[1518.6666, 1536.6666, 1131.6666, 1159.0, 1594.3334, 1386.6666, 1448.6666, 1344.0, 1010.0, 1111.6666]
In ga.py, 2018-11-25 17:44:10,454 - __main__ - INFO - len population_validation first:10,len population_validation[0]:30
In ga.py, 2018-11-25 17:44:10,455 - __main__ - INFO - population_validation[0]:[1280. 1180. 1180. 1830. 1440. 1460. 3200. 1830. 1830. 1540. 1420. 1700.
 1390. 1180. 1660. 1700.  880.  480. 1180. 1510.  930. 1280. 1860. 1180.
  880. 1830. 1490. 1510. 1420.  880.]
In ga.py, 2018-11-25 17:44:48,997 - __main__ - INFO - population_validation second:[1437.6666, 1180.0, 1323.6666, 1383.0, 1391.3334, 1136.3334, 1401.0, 1405.0, 1522.3334, 1452.0]
In ga.py, 2018-11-25 17:48:30,147 - __main__ - INFO - len population_validation first:10,len population_validation[0]:30
In ga.py, 2018-11-25 17:48:30,148 - __main__ - INFO - population_validation[0]:[1880.  980. 1280. 1370.  680. 2300. 1530. 1440.  980.  780. 1860. 1900.
 1840.  680. 1280. 1510. 2250. 1440. 2800.  980. 2300.  980. 1440. 2800.
  680. 1030.  980. 1880. 1860. 1900.]
In ga.py, 2018-11-25 17:49:06,396 - __main__ - INFO - population_validation second:[1520.3334, 1475.6666, 1458.3334, 1297.3334, 1212.3334, 1406.3334, 1407.6666, 1203.6666, 1326.6666, 1152.3334]
In ga.py, 2018-11-25 17:52:25,477 - __main__ - INFO - len population_validation first:10,len population_validation[0]:30
In ga.py, 2018-11-25 17:52:25,478 - __main__ - INFO - population_validation[0]:[1180. 2800. 1530. 1370. 1370.  680. 1080. 2250. 1880. 2150. 1880. 1860.
 1900. 1590. 1950.  980. 1950. 1900. 1900. 1280.  930. 1880. 1370. 2800.
 1080. 1590. 2150. 1640. 1640. 1560.]
In ga.py, 2018-11-25 17:53:03,253 - __main__ - INFO - population_validation second:[1670.6666, 1264.3334, 1384.6666, 1302.0, 1320.0, 1089.3334, 1367.3334, 1229.0, 1234.0, 1282.3334]
In ga.py, 2018-11-25 17:56:26,279 - __main__ - INFO - len population_validation first:10,len population_validation[0]:30
In ga.py, 2018-11-25 17:56:26,280 - __main__ - INFO - population_validation[0]:[2150. 1370. 2300. 1880.  680. 1080. 1130. 1080. 1860. 1510. 1460. 1180.
 1130. 1080. 1950.  980.  930. 1950. 1080. 1080.  930. 1560. 1840. 1370.
 1640.  780.  980. 1030. 1440. 1370.]
In ga.py, 2018-11-25 17:57:12,310 - __main__ - INFO - population_validation second:[1360.0, 1503.0, 1373.6666, 1744.0, 1434.3334, 1250.6666, 1513.0, 1183.3334, 1442.6666, 1238.6666]
In ga.py, 2018-11-25 18:00:31,215 - __main__ - INFO - len population_validation first:10,len population_validation[0]:30
In ga.py, 2018-11-25 18:00:31,216 - __main__ - INFO - population_validation[0]:[1610. 2000. 1300.  930. 1370. 2000. 1280. 2400. 1490. 3480. 1320. 2030.
  680. 1320. 1710.  680.  680. 1410. 1300. 1300. 1300. 2000. 1490. 1850.
 1440.  930. 2400. 1320.  930. 1440.]
In ga.py, 2018-11-25 18:01:17,466 - __main__ - INFO - population_validation second:[1513.0, 1441.0, 1432.6666, 1411.6666, 1393.3334, 1202.6666, 1270.0, 1247.6666, 1426.3334, 1261.3334]
In ga.py, 2018-11-25 18:04:43,853 - __main__ - INFO - len population_validation first:10,len population_validation[0]:30
In ga.py, 2018-11-25 18:04:43,854 - __main__ - INFO - population_validation[0]:[2400. 3480. 1280. 1280. 1610. 1540.  930. 1180.  930. 1530.  680. 3100.
 1610. 1900.  610. 1490.  930. 1540. 1320. 1320. 1490. 1900.  930. 2400.
 1410.  930. 1320. 2400. 3480. 2030.]
In ga.py, 2018-11-25 18:05:28,947 - __main__ - INFO - population_validation second:[1631.6666, 1326.6666, 1259.6666, 1168.3334, 1140.0, 1381.0, 1302.0, 1582.0, 1621.6666, 1434.6666]
In ga.py, 2018-11-25 18:08:56,571 - __main__ - INFO - len population_validation first:10,len population_validation[0]:30
In ga.py, 2018-11-25 18:08:56,572 - __main__ - INFO - population_validation[0]:[1280. 1710. 1530. 1300. 1900.  680. 1900.  610. 1320. 1300. 2400. 1300.
 1850.  930. 1370. 1540.  610. 1300. 2000.  680.  680. 1300. 1540. 1540.
 1710. 1420. 1300. 3100. 2000. 3480.]
In ga.py, 2018-11-25 18:09:37,124 - __main__ - INFO - population_validation second:[1519.3334, 1264.0, 1114.6666, 1347.6666, 1649.6666, 1460.0, 1158.0, 1418.3334, 1282.3334, 1415.3334]
In ga.py, 2018-11-25 18:13:03,029 - __main__ - INFO - len population_validation first:10,len population_validation[0]:30
In ga.py, 2018-11-25 18:13:03,030 - __main__ - INFO - population_validation[0]:[1370. 1540. 1280. 1280. 2130. 1350. 1850. 1540. 1830. 2130. 1370. 1080.
 1850. 2400. 1370. 1540. 1730. 1180. 1580. 1580. 1570.  780. 1350. 2500.
  780.  780. 1540.  830. 1660. 1580.]
In ga.py, 2018-11-25 18:13:45,197 - __main__ - INFO - population_validation second:[1511.6666, 1455.3334, 1257.0, 1318.3334, 1298.3334, 1388.6666, 1272.3334, 1359.3334, 1258.0, 1095.6666]
In ga.py, 2018-11-25 18:17:03,055 - __main__ - INFO - len population_validation first:10,len population_validation[0]:30
In ga.py, 2018-11-25 18:17:03,057 - __main__ - INFO - population_validation[0]:[2130.  830. 3650. 1660. 2500. 1530.  830.  630. 1580. 1660. 1080. 1830.
 2400. 1080. 1080. 2500. 1370.  630.  780. 1080.  780. 1180. 1280. 1830.
 1660. 1850. 1080. 1900. 2150. 1080.]
In ga.py, 2018-11-25 18:17:48,014 - __main__ - INFO - population_validation second:[1520.6666, 1342.3334, 1142.0, 1305.0, 1271.6666, 1191.6666, 1124.3334, 1488.3334, 1303.6666, 1093.0]
In ga.py, 2018-11-25 18:21:18,956 - __main__ - INFO - len population_validation first:10,len population_validation[0]:30
In ga.py, 2018-11-25 18:21:18,957 - __main__ - INFO - population_validation[0]:[ 630. 1280.  630. 1530.  780. 1350. 1280. 2150.  830. 1580.  830. 1850.
 1830. 1830. 1080. 1080. 1830. 1180. 1730. 1900. 1080.  780. 1830. 1900.
 1350. 1570. 1080.  630.  830.  980.]
In ga.py, 2018-11-25 18:21:57,159 - __main__ - INFO - population_validation second:[1307.0, 1407.6666, 1182.6666, 1469.0, 1374.6666, 1319.0, 1206.0, 1414.6666, 1413.3334, 1251.6666]
In ga.py, 2018-11-25 18:25:17,216 - __main__ - INFO - len population_validation first:10,len population_validation[0]:30
In ga.py, 2018-11-25 18:25:17,217 - __main__ - INFO - population_validation[0]:[ 680. 2250. 1750. 1480. 1780. 1470. 3240.  930. 2150. 1470.  880.  730.
 1750. 1480. 3240.  930. 1750. 2250. 3240.  930. 1450.  980. 3510. 1860.
  730. 1460. 1280.  980.  930. 1470.]
In ga.py, 2018-11-25 18:25:56,592 - __main__ - INFO - population_validation second:[1634.3334, 1481.0, 1159.6666, 1130.6666, 1072.3334, 1573.0, 1338.6666, 1335.3334, 1522.6666, 1225.3334]
In ga.py, 2018-11-25 18:29:13,166 - __main__ - INFO - len population_validation first:10,len population_validation[0]:30
In ga.py, 2018-11-25 18:29:13,167 - __main__ - INFO - population_validation[0]:[1390.  930.  930. 1460.  930. 2250. 1280.  880.  680. 1550. 1390. 1450.
  930. 1450.  880. 1550. 3510. 2150.  930.  560. 1540. 1780.  730. 1510.
  880.  980. 1470. 2150. 1390. 1860.]
In ga.py, 2018-11-25 18:29:50,648 - __main__ - INFO - population_validation second:[1379.0, 1311.3334, 1318.0, 1466.0, 1479.0, 1237.0, 1421.3334, 1395.3334, 1091.3334, 1479.0]
In ga.py, 2018-11-25 18:33:12,236 - __main__ - INFO - len population_validation first:10,len population_validation[0]:30
In ga.py, 2018-11-25 18:33:12,238 - __main__ - INFO - population_validation[0]:[1180. 1780.  680. 1480. 1180. 1180.  680.  710.  680. 1930. 1180. 1490.
 1180.  930. 2450. 1180. 1780.  930. 1300. 1780. 1480. 2450. 1180. 1180.
 1950. 1510.  360. 1480. 1490. 1180.]
In ga.py, 2018-11-25 18:33:54,105 - __main__ - INFO - population_validation second:[1331.3334, 1139.3334, 1444.3334, 1422.6666, 1497.0, 1556.6666, 1572.3334, 1254.6666, 1381.3334, 1096.0]
In ga.py, 2018-11-25 18:37:16,085 - __main__ - INFO - len population_validation first:10,len population_validation[0]:30
In ga.py, 2018-11-25 18:37:16,087 - __main__ - INFO - population_validation[0]:[ 880. 1950. 2200. 1780. 1080. 1900.  830. 1750.  830. 2100. 1370. 1080.
 1660. 2200.  730. 1900. 2100. 1300.  880. 1080.  730. 1080. 1660.  830.
  880. 1900. 1430. 1180. 1280.  830.]
In ga.py, 2018-11-25 18:37:56,836 - __main__ - INFO - population_validation second:[1380.0, 1385.6666, 1406.3334, 1512.6666, 1334.0, 1669.3334, 1319.6666, 1243.0, 1354.6666, 1310.6666]
In ga.py, 2018-11-25 18:41:17,918 - __main__ - INFO - len population_validation first:10,len population_validation[0]:30
In ga.py, 2018-11-25 18:41:17,919 - __main__ - INFO - population_validation[0]:[1610. 1180. 1830. 1280. 1630. 2250. 1810. 2500.  580.  830. 2250. 1830.
  530. 1180. 1810.  880.  580.  580. 1810. 1490.  980. 1830. 1830. 2500.
 1830.  730. 1810. 3000. 1180. 1490.]
In ga.py, 2018-11-25 18:41:57,622 - __main__ - INFO - population_validation second:[1520.6666, 1497.6666, 1165.0, 1357.3334, 1330.0, 1282.0, 1510.6666, 1424.3334, 1191.6666, 1305.0]
In ga.py, 2018-11-25 18:45:19,572 - __main__ - INFO - len population_validation first:10,len population_validation[0]:30
In ga.py, 2018-11-25 18:45:19,573 - __main__ - INFO - population_validation[0]:[2500. 1280.  980.  730. 1300. 1610. 1610. 2900. 1690. 1810. 1630.  980.
 3000.  980. 1880. 1810.  980. 3000.  580. 3000. 3000. 1530. 2250. 1300.
 2500. 1390. 1880. 1280. 1180. 1810.]
In ga.py, 2018-11-25 18:46:00,864 - __main__ - INFO - population_validation second:[1745.6666, 1428.0, 1388.0, 1257.6666, 1178.3334, 1053.3334, 1417.0, 1232.0, 1211.3334, 1484.0]
In ga.py, 2018-11-25 18:49:21,906 - __main__ - INFO - len population_validation first:10,len population_validation[0]:30
In ga.py, 2018-11-25 18:49:21,908 - __main__ - INFO - population_validation[0]:[1880. 1810. 1390. 1300. 1830. 1880. 1280. 1690. 2250. 1610.  980. 2250.
 1690. 2900. 1810.  880.  980.  980. 1180.  880. 1280.  980.  980. 1690.
 3000. 1390. 3000. 1390. 1880.  980.]
In ga.py, 2018-11-25 18:50:01,185 - __main__ - INFO - population_validation second:[1600.6666, 1268.3334, 1364.0, 1451.3334, 1277.0, 1390.0, 1175.6666, 1228.0, 1311.3334, 1439.6666]
In ga.py, 2018-11-25 18:53:20,805 - __main__ - INFO - len population_validation first:10,len population_validation[0]:30
In ga.py, 2018-11-25 18:53:20,806 - __main__ - INFO - population_validation[0]:[ 530. 1610.  580.  530. 1180.  980. 3000. 3000. 3000. 1830. 3000. 3000.
  730. 2500. 1830.  580. 2900. 1490. 1180. 1180.  730. 1300. 1880.  580.
  530. 1830. 1750. 1530. 1610. 3000.]
In ga.py, 2018-11-25 18:54:01,785 - __main__ - INFO - population_validation second:[1645.6666, 1328.0, 1234.3334, 1290.3334, 1472.0, 1307.0, 1213.6666, 1306.0, 1384.3334, 1335.6666]
In ga.py, 2018-11-25 18:57:12,422 - __main__ - INFO - len population_validation first:10,len population_validation[0]:30
In ga.py, 2018-11-25 18:57:12,424 - __main__ - INFO - population_validation[0]:[1810. 1750. 2500. 1830.  530.  730. 1530. 1750.  980. 1390.  980. 1280.
 1280.  730. 1610.  980. 1690. 2500. 1630.  580. 1300. 1750. 3000. 3000.
 3000. 1630. 1180. 1280. 3000. 2900.]
In ga.py, 2018-11-25 18:57:52,185 - __main__ - INFO - population_validation second:[1670.0, 1285.6666, 1369.6666, 1484.0, 1307.6666, 1259.3334, 1238.0, 1286.6666, 1273.6666, 1221.6666]
In ga.py, 2018-11-25 19:01:18,102 - __main__ - INFO - len population_validation first:10,len population_validation[0]:30
In ga.py, 2018-11-25 19:01:18,103 - __main__ - INFO - population_validation[0]:[1880. 2500.  730.  730. 1630. 1630.  830. 1300. 3000.  530.  730.  580.
 1830. 1180. 1830. 1830.  980. 2500. 1830. 1830.  880. 1690. 1530.  980.
 1610. 1630. 1180. 1810. 1300. 1830.]
In ga.py, 2018-11-25 19:01:53,420 - __main__ - INFO - population_validation second:[1477.3334, 1319.6666, 1290.3334, 1511.6666, 1330.3334, 1537.6666, 1160.6666, 1311.3334, 1367.3334, 1277.0]
In ga.py, 2018-11-25 19:05:11,961 - __main__ - INFO - len population_validation first:10,len population_validation[0]:30
In ga.py, 2018-11-25 19:05:11,962 - __main__ - INFO - population_validation[0]:[ 630.  830. 1830.  580. 1320.  560. 1540.  630. 2900. 1540.  930. 1440.
 1300. 1700. 1320. 1510. 1560.  830.  930. 1540. 1600. 1530.  930. 1880.
 1510. 1180.  530. 1130.  580. 1540.]
In ga.py, 2018-11-25 19:05:44,706 - __main__ - INFO - population_validation second:[1261.0, 1306.6666, 1469.0, 1294.3334, 1089.0, 1167.3334, 1521.3334, 1415.3334, 1190.6666, 1270.6666]
In ga.py, 2018-11-25 19:09:13,210 - __main__ - INFO - len population_validation first:10,len population_validation[0]:30
In ga.py, 2018-11-25 19:09:13,211 - __main__ - INFO - population_validation[0]:[1680. 2150.  980. 1180.  630. 1180.  980. 1730. 1980. 1470. 1180. 1630.
  630. 1680. 1520. 1280. 1440. 1600. 1440. 2350. 1030. 1180. 1980. 1080.
 1180. 1680. 1030. 1180. 1980. 1510.]
In ga.py, 2018-11-25 19:09:58,091 - __main__ - INFO - population_validation second:[1418.0, 1465.6666, 1131.3334, 1271.0, 1221.0, 1321.3334, 1235.0, 1294.3334, 1342.6666, 1356.6666]
In ga.py, 2018-11-25 19:13:15,643 - __main__ - INFO - len population_validation first:10,len population_validation[0]:30
In ga.py, 2018-11-25 19:13:15,644 - __main__ - INFO - population_validation[0]:[1080. 1080. 1180. 1280. 1340. 1830. 1180. 2230. 1370. 1280. 1300. 1080.
 1280. 1280. 2030. 1080. 1320. 1630. 1080. 2030. 1760. 3310. 1180.  410.
 1180. 1080. 1830. 3360. 1300. 1300.]
In ga.py, 2018-11-25 19:13:59,533 - __main__ - INFO - population_validation second:[1489.0, 1473.0, 1352.6666, 1407.6666, 1171.6666, 1385.3334, 1218.6666, 1320.3334, 1308.0, 1432.0]
In ga.py, 2018-11-25 19:17:18,232 - __main__ - INFO - len population_validation first:10,len population_validation[0]:30
In ga.py, 2018-11-25 19:17:18,233 - __main__ - INFO - population_validation[0]:[1180. 3360. 1080. 1180. 1300. 1280. 1320. 1370. 2230. 1760. 1630. 1630.
 1370. 1180. 3360. 1180. 1630. 1760. 1180. 1280. 2230. 3310. 1280. 1280.
 1280. 1280. 3310.  410. 1760. 1320.]
In ga.py, 2018-11-25 19:18:04,668 - __main__ - INFO - population_validation second:[1657.3334, 1277.6666, 1087.6666, 1516.0, 1420.6666, 1656.0, 1411.0, 1280.3334, 1202.3334, 1297.6666]
In ga.py, 2018-11-25 19:21:27,375 - __main__ - INFO - len population_validation first:10,len population_validation[0]:30
In ga.py, 2018-11-25 19:21:27,376 - __main__ - INFO - population_validation[0]:[1830. 1280. 1280. 3310. 1080. 1340. 2030. 1280.  980.  980. 1080. 2100.
 1080. 2100. 1080. 1370. 1080. 2230. 3310.  410.  410. 1370. 1590. 1320.
 1180. 1370. 1300. 1080. 1080. 1760.]
In ga.py, 2018-11-25 19:22:03,817 - __main__ - INFO - population_validation second:[1456.3334, 1431.3334, 1289.6666, 1070.6666, 1191.0, 1212.3334, 1463.0, 1512.0, 1465.0, 1395.3334]
In ga.py, 2018-11-25 19:25:17,379 - __main__ - INFO - len population_validation first:10,len population_validation[0]:30
In ga.py, 2018-11-25 19:25:17,380 - __main__ - INFO - population_validation[0]:[1080. 1180. 2050. 1570. 1180. 1590. 1950.  480. 2050. 1180. 1280. 1080.
  480.  480. 1080.  780. 1280.  680. 1590. 1280. 1280. 1080.  980. 1570.
 2300. 1370. 1080. 1300. 1180.  780.]
In ga.py, 2018-11-25 19:25:57,003 - __main__ - INFO - population_validation second:[1241.3334, 1321.6666, 1347.6666, 1282.6666, 1367.3334, 1113.0, 1073.3334, 1339.3334, 1345.0, 1240.3334]
In ga.py, 2018-11-25 19:29:15,230 - __main__ - INFO - len population_validation first:10,len population_validation[0]:30
In ga.py, 2018-11-25 19:29:15,231 - __main__ - INFO - population_validation[0]:[1610.  780. 1610. 1300. 1610.  380. 1740. 1280.  380. 1900. 1610.  980.
  980.  980.  780. 1280. 1080.  680.  730. 1180.  780. 2000. 1080.  780.
  380. 2000. 1610.  980.  830. 1740.]
In ga.py, 2018-11-25 19:29:50,678 - __main__ - INFO - population_validation second:[1168.3334, 1424.6666, 1434.3334, 1249.6666, 1218.3334, 1455.6666, 1185.0, 1252.0, 1265.3334, 1353.3334]
In ga.py, 2018-11-25 19:33:08,970 - __main__ - INFO - len population_validation first:10,len population_validation[0]:30
In ga.py, 2018-11-25 19:33:08,971 - __main__ - INFO - population_validation[0]:[1590.  930.  780.  630. 1370. 1030.  830.  630.  410.  410. 1280. 1590.
 1300. 1280. 1180.  930. 1780. 1030. 1370. 1280. 1640. 2750.  980. 2750.
 1280. 1280.  780. 1180.  630. 3100.]
In ga.py, 2018-11-25 19:33:55,571 - __main__ - INFO - population_validation second:[1266.6666, 1400.6666, 1427.0, 1622.3334, 1152.6666, 1251.3334, 1233.6666, 1236.3334, 1219.3334, 1708.0]
In ga.py, 2018-11-25 19:37:11,731 - __main__ - INFO - len population_validation first:10,len population_validation[0]:30
In ga.py, 2018-11-25 19:37:11,733 - __main__ - INFO - population_validation[0]:[ 880.  780. 2850. 1510. 1300. 3730. 1490.  580. 1280.  530. 2200. 1440.
  930. 2250.  580.  880.  880. 1800. 1440. 1800.  580.  930. 1340.  880.
  980. 1510. 1850. 1300.  880. 1800.]
In ga.py, 2018-11-25 19:37:50,777 - __main__ - INFO - population_validation second:[1372.6666, 1227.6666, 1456.6666, 1045.0, 1338.3334, 1054.6666, 1246.3334, 1292.3334, 1281.6666, 1268.6666]
In ga.py, 2018-11-25 19:41:06,320 - __main__ - INFO - len population_validation first:10,len population_validation[0]:30
In ga.py, 2018-11-25 19:41:06,321 - __main__ - INFO - population_validation[0]:[1300.  880. 1280.  880. 1420.  880.  880. 1030.  830.  880. 1440. 1540.
 1080.  830. 1440. 1280.  730.  880. 1280. 1300. 1710. 1610.  880. 1540.
 1440.  830.  830. 1180.  730.  880.]
In ga.py, 2018-11-25 19:41:47,299 - __main__ - INFO - population_validation second:[1123.0, 1442.0, 1240.0, 1223.6666, 1061.3334, 1341.3334, 1383.3334, 1515.0, 1059.3334, 1465.6666]
In ga.py, 2018-11-25 19:45:00,408 - __main__ - INFO - len population_validation first:10,len population_validation[0]:30
In ga.py, 2018-11-25 19:45:00,409 - __main__ - INFO - population_validation[0]:[1930. 1570. 1850. 1180. 1080. 1630. 1180. 1630.  530.  560. 1280. 1300.
 1570. 3200. 1850. 1930. 1180. 1570. 1180.  730. 1850. 1700. 1980. 1630.
 1540. 1300.  780. 1510. 3200. 1180.]
In ga.py, 2018-11-25 19:45:53,217 - __main__ - INFO - population_validation second:[1520.0, 1093.0, 1421.6666, 1369.3334, 1376.6666, 1241.6666, 1294.0, 1159.3334, 1408.3334, 1536.0]
In ga.py, 2018-11-25 19:49:11,432 - __main__ - INFO - len population_validation first:10,len population_validation[0]:30
In ga.py, 2018-11-25 19:49:11,433 - __main__ - INFO - population_validation[0]:[1730. 1760. 1340.  980. 1540. 1520.  830. 2300. 1660.  580. 1540. 2000.
 1340. 1580.  980. 1560.  580. 1640. 2000. 2750. 1280. 1340. 1730.  880.
 1780. 1280. 1370. 1780. 2000. 1660.]
In ga.py, 2018-11-25 19:49:46,401 - __main__ - INFO - population_validation second:[1510.3334, 1430.3334, 1188.3334, 1323.0, 1616.0, 1015.0, 1318.3334, 1209.3334, 1127.6666, 1215.0]
In ga.py, 2018-11-25 19:53:08,595 - __main__ - INFO - len population_validation first:10,len population_validation[0]:30
In ga.py, 2018-11-25 19:53:08,596 - __main__ - INFO - population_validation[0]:[2300. 3220. 1280. 2300. 1520. 1510.  830.  980.  930.  830. 1540. 1900.
 1180. 3220. 1880. 1180. 2300. 1390. 1350. 1540. 1320.  830. 2100. 1390.
 2200. 1750.  930. 1540. 1340.  630.]
In ga.py, 2018-11-25 19:53:50,494 - __main__ - INFO - population_validation second:[1573.6666, 1282.6666, 1410.6666, 1148.3334, 1702.0, 1226.3334, 1306.6666, 1292.6666, 1479.3334, 1478.3334]
In ga.py, 2018-11-25 19:57:09,489 - __main__ - INFO - len population_validation first:10,len population_validation[0]:30
In ga.py, 2018-11-25 19:57:09,491 - __main__ - INFO - population_validation[0]:[2000. 1300. 1490.  880. 1180. 1030. 1490. 1880. 2900. 1490. 1180.  830.
  610. 1880.  980. 1660. 1880. 1660. 1350. 1030. 1490.  780. 2050. 1490.
 1830.  830. 1490.  880. 1490. 1830.]
In ga.py, 2018-11-25 19:57:48,894 - __main__ - INFO - population_validation second:[1428.6666, 1132.0, 1358.6666, 1436.0, 1387.3334, 1335.6666, 1327.3334, 1597.0, 1151.3334, 1184.6666]
In ga.py, 2018-11-25 20:01:14,608 - __main__ - INFO - len population_validation first:10,len population_validation[0]:30
In ga.py, 2018-11-25 20:01:14,609 - __main__ - INFO - population_validation[0]:[1280. 2100.  680.  680. 1320. 1280. 2100. 1900.  830.  980.  680. 1980.
 1280. 2400. 1280. 1680. 1390. 1650. 1640. 2400. 1350. 1980. 1730. 1980.
 2100. 1910. 2400. 2400. 1300.  680.]
In ga.py, 2018-11-25 20:01:55,408 - __main__ - INFO - population_validation second:[1578.6666, 1236.0, 1374.0, 1131.6666, 1263.6666, 1118.3334, 1196.3334, 1485.0, 1503.3334, 1450.6666]
In ga.py, 2018-11-25 20:05:19,437 - __main__ - INFO - len population_validation first:10,len population_validation[0]:30
In ga.py, 2018-11-25 20:05:19,438 - __main__ - INFO - population_validation[0]:[ 680. 1280. 1280. 1350. 1780.  830. 1640. 1910. 1640. 1680.  980. 1300.
  830. 1390.  680.  830.  830. 1640. 1350. 1910.  830. 1680. 1650. 1910.
 1320. 1980. 1640.  680. 2100.  980.]
In ga.py, 2018-11-25 20:06:02,216 - __main__ - INFO - population_validation second:[1352.6666, 1330.6666, 1439.0, 1471.0, 1444.0, 1426.3334, 1308.0, 1214.3334, 1425.6666, 1436.6666]
In ga.py, 2018-11-25 20:09:27,417 - __main__ - INFO - len population_validation first:10,len population_validation[0]:30
In ga.py, 2018-11-25 20:09:27,418 - __main__ - INFO - population_validation[0]:[1080.  880. 1950.  480. 1350.  880. 1370.  830. 1950. 1300.  980. 1130.
 1360. 1130.  880. 1030. 1580. 1030. 1300. 1030. 1950.  530. 1280. 1300.
 1350. 1030. 2200. 1560. 1180. 1300.]
In ga.py, 2018-11-25 20:10:07,265 - __main__ - INFO - population_validation second:[1240.0, 1535.6666, 1558.3334, 1257.3334, 1282.3334, 1479.3334, 1228.0, 1421.0, 1093.3334, 1376.3334]
In ga.py, 2018-11-25 20:13:32,264 - __main__ - INFO - len population_validation first:10,len population_validation[0]:30
In ga.py, 2018-11-25 20:13:32,266 - __main__ - INFO - population_validation[0]:[1460.  880.  780.  880.  830. 1390. 1460. 1860. 1470. 1510. 1460. 1780.
  930. 1780. 1460. 1030. 1470. 2250.  830.  730. 2300. 1470. 1030. 1440.
  930. 1180. 1780.  730. 1030. 1300.]
In ga.py, 2018-11-25 20:14:22,391 - __main__ - INFO - population_validation second:[1314.3334, 1291.6666, 1432.3334, 1270.3334, 1324.0, 1124.0, 1709.3334, 1386.3334, 1573.3334, 1352.0]
In ga.py, 2018-11-25 20:17:42,956 - __main__ - INFO - len population_validation first:10,len population_validation[0]:30
In ga.py, 2018-11-25 20:17:42,957 - __main__ - INFO - population_validation[0]:[2500. 1560. 1390. 2030. 1280.  980. 1490. 1280.  880.  580. 1180. 1730.
 1730. 1300. 1390.  580. 2030. 1030. 1490. 2500.  730. 1030. 1280. 1430.
 1560. 1430. 1390. 1280. 1560. 2400.]
In ga.py, 2018-11-25 20:18:24,527 - __main__ - INFO - population_validation second:[1434.0, 1309.0, 1405.0, 1136.6666, 1697.0, 1336.3334, 1363.3334, 1391.0, 1465.3334, 1265.3334]
In ga.py, 2018-11-25 20:21:48,170 - __main__ - INFO - len population_validation first:10,len population_validation[0]:30
In ga.py, 2018-11-25 20:21:48,171 - __main__ - INFO - population_validation[0]:[1080. 1960. 1080. 1960. 1580. 1410. 1280. 1710. 1280. 2030. 1080. 1080.
 1300. 1600.  760. 1410. 1280. 1340. 1080. 1490. 1710. 1300. 1710. 1680.
 3200. 1410. 1300. 1080. 1080. 1630.]
In ga.py, 2018-11-25 20:22:28,770 - __main__ - INFO - population_validation second:[1463.0, 1234.0, 1329.0, 1277.3334, 1198.3334, 1042.3334, 1350.0, 1346.3334, 1491.3334, 1276.3334]
In ga.py, 2018-11-25 20:25:47,807 - __main__ - INFO - len population_validation first:10,len population_validation[0]:30
In ga.py, 2018-11-25 20:25:47,809 - __main__ - INFO - population_validation[0]:[3600. 1030. 1130. 1420. 1030. 1610. 1630.  430. 1180. 1480. 1280. 1280.
 1280. 1030. 1080.  830. 1300. 1280. 1180. 2100. 1280. 1280. 2100. 1280.
 1830. 1280. 3000. 1370. 1610. 1580.]
In ga.py, 2018-11-25 20:26:30,773 - __main__ - INFO - population_validation second:[1459.6666, 1093.0, 1496.0, 1337.6666, 1456.3334, 1289.6666, 1478.0, 1388.0, 1040.6666, 1220.6666]
