In ga.py, 2018-11-24 22:18:12,985 - __main__ - INFO - len population_validation first:10,len population_validation[0]:30
In ga.py, 2018-11-24 22:18:12,986 - __main__ - INFO - population_validation[0]:[   0.    0. 1800. 1700.  200.    0.    0.    0.    0.    0.  400.    0.
  400. 1700.  400.  600.    0. 1000.  400.    0.    0. 1800.  200.  400.
    0.    0.  400.  200.    0.    0.]
In ga.py, 2018-11-24 22:18:53,529 - __main__ - INFO - population_validation second:[386.66666, 153.33333, 100.0, 233.33333, 360.0, 406.66666, 80.0, 443.33334, 533.3333, 146.66667]
In ga.py, 2018-11-24 22:21:51,948 - __main__ - INFO - len population_validation first:10,len population_validation[0]:30
In ga.py, 2018-11-24 22:21:52,021 - __main__ - INFO - population_validation[0]:[1000. 1400.  600.  600.    0.  400.  800.  200.  400.    0.  800.  200.
  800. 1000.  400.  400.  400.  600.    0.  800.  400.    0. 1400.  800.
  200.  800.  600.    0.    0.    0.]
In ga.py, 2018-11-24 22:22:37,647 - __main__ - INFO - population_validation second:[500.0, 1170.0, 283.33334, 850.0, 526.6667, 443.33334, 613.3333, 426.66666, 200.0, 253.33333]
In ga.py, 2018-11-24 22:27:07,298 - __main__ - INFO - len population_validation first:10,len population_validation[0]:30
In ga.py, 2018-11-24 22:27:07,343 - __main__ - INFO - population_validation[0]:[   0. 2900. 1700. 2900.    0.    0.    0.    0.    0.    0. 1700. 1700.
 2900. 1700.    0.    0. 2900.    0. 2900.    0.    0. 2900.    0. 1700.
    0. 1700.    0.    0. 2900. 2900.]
In ga.py, 2018-11-24 22:27:43,478 - __main__ - INFO - population_validation second:[1113.3334, 2086.6667, 1030.0, 933.3333, 1046.6666, 493.33334, 370.0, 726.6667, 526.6667, 680.0]
In ga.py, 2018-11-24 22:33:26,608 - __main__ - INFO - len population_validation first:10,len population_validation[0]:30
In ga.py, 2018-11-24 22:33:26,660 - __main__ - INFO - population_validation[0]:[3200.  200.  200.  200.  400. 1800. 3200.  200. 1500. 1800. 3200. 3200.
 1800. 1800. 1800. 1500. 2200. 1500. 3200. 1800. 1500. 3200. 2200.  200.
 1800.  200. 3200.    0. 3200.  400.]
In ga.py, 2018-11-24 22:34:10,053 - __main__ - INFO - population_validation second:[1686.6666, 1846.6666, 1806.6666, 666.6667, 1700.0, 593.3333, 1040.0, 1110.0, 773.3333, 593.3333]
In ga.py, 2018-11-24 22:39:11,717 - __main__ - INFO - len population_validation first:10,len population_validation[0]:30
In ga.py, 2018-11-24 22:39:11,789 - __main__ - INFO - population_validation[0]:[1200. 1200. 3100. 1800. 1400. 3100. 1200. 1800. 1200. 1200. 3100. 1400.
 1800. 1400. 3100. 3100. 3100. 1400. 1200. 1400. 1800. 3100. 3100. 3100.
 3100. 3100. 1400. 1200. 1400. 3100.]
In ga.py, 2018-11-24 22:40:05,232 - __main__ - INFO - population_validation second:[2086.6667, 1896.6666, 1516.6666, 1126.6666, 2433.3333, 1150.0, 333.33334, 1093.3334, 640.0, 686.6667]
In ga.py, 2018-11-24 22:45:39,226 - __main__ - INFO - len population_validation first:10,len population_validation[0]:30
In ga.py, 2018-11-24 22:45:39,316 - __main__ - INFO - population_validation[0]:[4500. 2400. 2700. 2700. 1100. 4900.    0.    0. 4900. 2700. 2700. 3500.
 1100.  800. 2400.  800. 1100. 4500.  800. 2700. 4500. 2700. 1100. 2200.
 2700. 1100. 2200. 2200. 4900.    0.]
In ga.py, 2018-11-24 22:46:35,444 - __main__ - INFO - population_validation second:[2330.0, 2556.6667, 2160.0, 1376.6666, 993.3333, 1126.6666, 1476.6666, 2450.0, 1280.0, 1483.3334]
In ga.py, 2018-11-24 22:51:36,292 - __main__ - INFO - len population_validation first:10,len population_validation[0]:30
In ga.py, 2018-11-24 22:51:36,361 - __main__ - INFO - population_validation[0]:[3400. 2200. 1500. 3400. 1900. 1900. 3400. 3400. 1900. 3400. 1900. 1500.
 3400. 1500. 3400. 3400. 3400. 1500. 1500. 3400. 1900. 1500. 3400. 3400.
 3400. 1900. 3400. 1900. 3400. 1500.]
In ga.py, 2018-11-24 22:52:26,509 - __main__ - INFO - population_validation second:[2566.6667, 926.6667, 2073.3333, 1750.0, 1063.3334, 1283.3334, 1573.3334, 850.0, 843.3333, 2380.0]
In ga.py, 2018-11-24 22:58:03,484 - __main__ - INFO - len population_validation first:10,len population_validation[0]:30
In ga.py, 2018-11-24 22:58:03,539 - __main__ - INFO - population_validation[0]:[1900. 3400. 3400. 1500. 1900. 3400. 1900. 1500. 1500. 3400. 1900. 1900.
 3400. 2200. 3400. 2200. 3400. 1500. 3400. 3400. 1900. 1900. 2200. 3400.
 1500. 3400. 1500. 3400. 1900. 3400.]
In ga.py, 2018-11-24 22:58:55,762 - __main__ - INFO - population_validation second:[2500.0, 1920.0, 1046.6666, 286.66666, 1220.0, 1180.0, 1923.3334, 1143.3334, 1330.0, 2153.3333]
In ga.py, 2018-11-24 23:04:01,675 - __main__ - INFO - len population_validation first:10,len population_validation[0]:30
In ga.py, 2018-11-24 23:04:01,715 - __main__ - INFO - population_validation[0]:[1500. 1900. 3400. 3400. 1500. 1900. 1900. 3400. 1900. 3400. 3400. 1900.
 3400. 1500. 1500. 3400. 3400. 1500. 1500. 2200. 3400. 3400. 3400. 1900.
 1500. 1500. 1900. 3400. 1900. 1900.]
In ga.py, 2018-11-24 23:04:53,489 - __main__ - INFO - population_validation second:[2403.3333, 1243.3334, 1603.3334, 2310.0, 1676.6666, 2366.6667, 1380.0, 2863.3333, 450.0, 1223.3334]
In ga.py, 2018-11-24 23:10:39,132 - __main__ - INFO - len population_validation first:10,len population_validation[0]:30
In ga.py, 2018-11-24 23:10:39,153 - __main__ - INFO - population_validation[0]:[3000. 2500. 3000. 3400. 2500. 3400. 3400. 3400. 3400. 3000. 2600. 3400.
 2500. 3400. 2500. 3000. 2500. 2600. 2500. 2500. 2500. 2500. 2600. 2600.
 3000. 3000. 2600. 3400. 3400. 2600.]
In ga.py, 2018-11-24 23:11:32,523 - __main__ - INFO - population_validation second:[2890.0, 1260.0, 2380.0, 1593.3334, 1003.3333, 1390.0, 1523.3334, 1593.3334, 1373.3334, 1660.0]
In ga.py, 2018-11-24 23:16:51,649 - __main__ - INFO - len population_validation first:10,len population_validation[0]:30
In ga.py, 2018-11-24 23:16:51,661 - __main__ - INFO - population_validation[0]:[2500. 2600. 3000. 3000. 2500. 2500. 3400. 2500. 3400. 3000. 3400. 2600.
 2600. 2500. 2500. 3000. 2500. 3400. 3000. 2500. 2600. 3400. 2500. 3400.
 2500. 2600. 3400. 3000. 3400. 3400.]
In ga.py, 2018-11-24 23:17:46,846 - __main__ - INFO - population_validation second:[2886.6667, 2783.3333, 1823.3334, 2386.6667, 720.0, 1393.3334, 2666.6667, 1816.6666, 1356.6666, 1403.3334]
In ga.py, 2018-11-24 23:23:38,555 - __main__ - INFO - len population_validation first:10,len population_validation[0]:30
In ga.py, 2018-11-24 23:23:38,590 - __main__ - INFO - population_validation[0]:[3400. 3000. 3000. 2500. 2600. 2500. 2600. 2600. 3000. 3000. 2600. 3000.
 2500. 3400. 2600. 2600. 2600. 3000. 3000. 2600. 2500. 3400. 2500. 3000.
 2500. 2600. 2500. 2500. 2500. 3000.]
In ga.py, 2018-11-24 23:24:38,517 - __main__ - INFO - population_validation second:[2770.0, 2266.6667, 2120.0, 1403.3334, 2013.3334, 593.3333, 1993.3334, 3266.6667, 1843.3334, 2096.6667]
In ga.py, 2018-11-24 23:29:59,150 - __main__ - INFO - len population_validation first:10,len population_validation[0]:30
In ga.py, 2018-11-24 23:29:59,192 - __main__ - INFO - population_validation[0]:[3500. 2200. 3500. 3500. 3500. 4100. 3300. 4100. 3300. 3500. 3300. 3500.
 3500. 3500. 3500. 2200. 3300. 3500. 3300. 3500. 4100. 4100. 3500. 2200.
 4100. 2200. 2200. 3300. 4100. 3300.]
In ga.py, 2018-11-24 23:31:00,417 - __main__ - INFO - population_validation second:[3356.6667, 2610.0, 2490.0, 2103.3333, 1780.0, 1966.6666, 2266.6667, 3103.3333, 1743.3334, 1523.3334]
In ga.py, 2018-11-24 23:36:46,274 - __main__ - INFO - len population_validation first:10,len population_validation[0]:30
In ga.py, 2018-11-24 23:36:46,343 - __main__ - INFO - population_validation[0]:[3300. 3300. 4100. 3300. 3300. 4100. 4100. 2200. 4100. 3500. 3300. 3300.
 2200. 2200. 4100. 3300. 2200. 4100. 3500. 3500. 3500. 2200. 4100. 3500.
 2200. 3300. 4100. 4100. 4100. 3300.]
In ga.py, 2018-11-24 23:37:41,615 - __main__ - INFO - population_validation second:[3380.0, 4226.6665, 1556.6666, 2680.0, 2636.6667, 2993.3333, 1083.3334, 2500.0, 1290.0, 3093.3333]
In ga.py, 2018-11-24 23:42:54,972 - __main__ - INFO - len population_validation first:10,len population_validation[0]:30
In ga.py, 2018-11-24 23:42:55,038 - __main__ - INFO - population_validation[0]:[4400. 4400. 3400. 4400. 4400. 3400. 4400. 4400. 4400. 3400. 4400. 4500.
 4500. 4400. 4400. 4400. 4400. 4500. 3400. 4400. 4400. 4400. 4400. 3400.
 4400. 4400. 3400. 4400. 4400. 4400.]
In ga.py, 2018-11-24 23:43:48,380 - __main__ - INFO - population_validation second:[4210.0, 1906.6666, 1930.0, 1570.0, 2973.3333, 1590.0, 616.6667, 2836.6667, 1943.3334, 2380.0]
In ga.py, 2018-11-24 23:49:35,888 - __main__ - INFO - len population_validation first:10,len population_validation[0]:30
In ga.py, 2018-11-24 23:49:35,948 - __main__ - INFO - population_validation[0]:[4400. 3400. 4500. 3400. 4400. 4400. 4400. 4400. 4400. 4500. 4400. 4400.
 3400. 4400. 4400. 4400. 4500. 4400. 4400. 4400. 4400. 4400. 4400. 3400.
 4400. 4400. 4400. 3400. 4400. 4400.]
In ga.py, 2018-11-24 23:50:26,058 - __main__ - INFO - population_validation second:[4243.3335, 1813.3334, 1720.0, 2300.0, 2006.6666, 2230.0, 956.6667, 1866.6666, 923.3333, 1106.6666]
In ga.py, 2018-11-24 23:55:51,098 - __main__ - INFO - len population_validation first:10,len population_validation[0]:30
In ga.py, 2018-11-24 23:55:51,192 - __main__ - INFO - population_validation[0]:[4400. 4400. 4400. 4400. 4400. 3400. 4400. 4400. 3400. 4500. 4500. 4400.
 4400. 4400. 3400. 4500. 4400. 4500. 4500. 4400. 4500. 4500. 3400. 3400.
 4400. 4500. 4500. 4400. 3400. 4400.]
In ga.py, 2018-11-24 23:56:44,516 - __main__ - INFO - population_validation second:[4230.0, 2533.3333, 340.0, 2936.6667, 2113.3333, 2430.0, 1606.6666, 1600.0, 1400.0, 1506.6666]
In ga.py, 2018-11-25 00:02:34,984 - __main__ - INFO - len population_validation first:10,len population_validation[0]:30
In ga.py, 2018-11-25 00:02:35,070 - __main__ - INFO - population_validation[0]:[4500. 4400. 4400. 4400. 3400. 4400. 4500. 4500. 3400. 4400. 4400. 4500.
 4400. 4500. 3400. 4400. 4400. 3400. 4500. 4400. 3400. 4400. 4400. 4400.
 3400. 4400. 4400. 3400. 3400. 3400.]
In ga.py, 2018-11-25 00:03:24,347 - __main__ - INFO - population_validation second:[4120.0, 2926.6667, 2726.6667, 2620.0, 2403.3333, 1246.6666, 1810.0, 1970.0, 1740.0, 2860.0]
In ga.py, 2018-11-25 00:08:26,432 - __main__ - INFO - len population_validation first:10,len population_validation[0]:30
In ga.py, 2018-11-25 00:08:26,508 - __main__ - INFO - population_validation[0]:[3400. 4400. 4400. 4500. 4400. 3400. 3400. 4500. 3400. 4400. 4500. 4500.
 4400. 3400. 3400. 4500. 4500. 3400. 4500. 4400. 4400. 3400. 4400. 4400.
 4400. 4400. 3400. 3400. 4500. 3400.]
In ga.py, 2018-11-25 00:09:21,264 - __main__ - INFO - population_validation second:[4060.0, 853.3333, 2223.3333, 2653.3333, 1773.3334, 1856.6666, 2240.0, 2783.3333, 1936.6666, 2500.0]
In ga.py, 2018-11-25 00:15:10,788 - __main__ - INFO - len population_validation first:10,len population_validation[0]:30
In ga.py, 2018-11-25 00:15:10,866 - __main__ - INFO - population_validation[0]:[3400. 4400. 4400. 3400. 4500. 4500. 4500. 3400. 4500. 3400. 3400. 4500.
 4400. 4400. 3400. 4500. 4400. 4500. 3400. 3400. 4500. 4400. 4400. 3400.
 4500. 4500. 3400. 3400. 4400. 4400.]
In ga.py, 2018-11-25 00:15:57,839 - __main__ - INFO - population_validation second:[4066.6667, 3080.0, 1910.0, 806.6667, 2306.6667, 1970.0, 926.6667, 646.6667, 1660.0, 2313.3333]
In ga.py, 2018-11-25 00:21:10,098 - __main__ - INFO - len population_validation first:10,len population_validation[0]:30
In ga.py, 2018-11-25 00:21:10,154 - __main__ - INFO - population_validation[0]:[4400. 4500. 3400. 4500. 3400. 4400. 4400. 4400. 3400. 4400. 4400. 4500.
 4400. 4400. 4400. 4400. 3400. 4500. 4400. 4500. 4500. 4400. 3400. 4500.
 3400. 4500. 4400. 3400. 4500. 4400.]
In ga.py, 2018-11-25 00:22:07,375 - __main__ - INFO - population_validation second:[4196.6665, 4476.6665, 3243.3333, 1653.3334, 4150.0, 1243.3334, 1763.3334, 2836.6667, 1100.0, 1500.0]
In ga.py, 2018-11-25 00:27:52,765 - __main__ - INFO - len population_validation first:10,len population_validation[0]:30
In ga.py, 2018-11-25 00:27:52,847 - __main__ - INFO - population_validation[0]:[3700. 2800. 5900. 5900. 3700. 6800. 2800. 6800. 5900. 5900. 3700. 2800.
 6800. 6800. 6800. 2800. 5900. 3700. 5900. 2800. 5900. 5900. 6800. 6800.
 3700. 3700. 2800. 2800. 5900. 5900.]
In ga.py, 2018-11-25 00:28:45,770 - __main__ - INFO - population_validation second:[4946.6665, 3653.3333, 2000.0, 2850.0, 986.6667, 390.0, 1020.0, 2166.6667, 2213.3333, 2400.0]
In ga.py, 2018-11-25 00:34:10,424 - __main__ - INFO - len population_validation first:10,len population_validation[0]:30
In ga.py, 2018-11-25 00:34:10,455 - __main__ - INFO - population_validation[0]:[2800. 2800. 5900. 3700. 6800. 3700. 3700. 5900. 3700. 6800. 3700. 6800.
 3700. 3700. 2800. 6800. 5900. 6800. 2800. 6800. 5900. 6800. 2800. 3700.
 5900. 5900. 6800. 5900. 3700. 2800.]
In ga.py, 2018-11-25 00:35:08,670 - __main__ - INFO - population_validation second:[4860.0, 2743.3333, 1353.3334, 663.3333, 1873.3334, 1933.3334, 2820.0, 666.6667, 1683.3334, 3336.6667]
In ga.py, 2018-11-25 00:40:54,363 - __main__ - INFO - len population_validation first:10,len population_validation[0]:30
In ga.py, 2018-11-25 00:40:54,431 - __main__ - INFO - population_validation[0]:[3700. 3700. 5900. 6800. 3700. 3700. 3700. 6800. 6800. 3700. 5900. 6800.
 2800. 3700. 5900. 3700. 3700. 3700. 6800. 6800. 5900. 6800. 5900. 6800.
 2800. 3700. 3700. 2800. 5900. 6800.]
In ga.py, 2018-11-25 00:41:43,386 - __main__ - INFO - population_validation second:[4980.0, 2376.6667, 1160.0, 2900.0, 2613.3333, 3233.3333, 3040.0, 1893.3334, 3586.6667, 2800.0]
In ga.py, 2018-11-25 00:46:54,042 - __main__ - INFO - len population_validation first:10,len population_validation[0]:30
In ga.py, 2018-11-25 00:46:54,096 - __main__ - INFO - population_validation[0]:[2800. 6800. 6800. 5900. 2800. 5900. 2800. 6800. 3700. 5900. 5900. 6800.
 3700. 5900. 5900. 5900. 3700. 2800. 3700. 6800. 5900. 2800. 3700. 2800.
 3700. 2800. 3700. 3700. 5900. 2800.]
In ga.py, 2018-11-25 00:47:45,913 - __main__ - INFO - population_validation second:[4636.6665, 3383.3333, 2610.0, 3020.0, 2683.3333, 1703.3334, 3116.6667, 2276.6667, 2473.3333, 906.6667]
In ga.py, 2018-11-25 00:53:34,461 - __main__ - INFO - len population_validation first:10,len population_validation[0]:30
In ga.py, 2018-11-25 00:53:34,531 - __main__ - INFO - population_validation[0]:[3700. 3700. 6800. 6800. 2800. 2800. 3700. 3700. 6800. 3700. 5900. 3700.
 3700. 6800. 5900. 6800. 5900. 3700. 6800. 3700. 2800. 3700. 6800. 5900.
 3700. 5900. 3700. 3700. 2800. 3700.]
In ga.py, 2018-11-25 00:54:23,038 - __main__ - INFO - population_validation second:[4670.0, 3000.0, 4033.3333, 5273.3335, 2060.0, 2463.3333, 3480.0, 3150.0, 2843.3333, 2346.6667]
In ga.py, 2018-11-25 00:59:41,891 - __main__ - INFO - len population_validation first:10,len population_validation[0]:30
In ga.py, 2018-11-25 00:59:41,933 - __main__ - INFO - population_validation[0]:[   0. 6100.    0.    0.    0. 6100. 1800. 6900. 6100. 6100. 6900. 6900.
 6900. 6100. 6100. 6100. 7100. 6100.    0. 6900. 1800.    0. 6100. 6100.
 1800. 6100. 6100. 6100.    0. 6100.]
In ga.py, 2018-11-25 01:00:35,372 - __main__ - INFO - population_validation second:[4413.3335, 1300.0, 3123.3333, 3950.0, 1556.6666, 2810.0, 1410.0, 2356.6667, 2500.0, 1230.0]
In ga.py, 2018-11-25 01:06:30,764 - __main__ - INFO - len population_validation first:10,len population_validation[0]:30
In ga.py, 2018-11-25 01:06:30,819 - __main__ - INFO - population_validation[0]:[   0. 6100. 6100. 6900. 7100. 6900.    0.    0. 6100. 6900. 6100. 7100.
 7100. 6900. 6900. 6900. 6100. 6100. 6100.    0. 7100. 6100. 6100. 6100.
 7100. 6900. 6900. 6100. 6100. 1800.]
In ga.py, 2018-11-25 01:07:22,801 - __main__ - INFO - population_validation second:[5523.3335, 3266.6667, 1980.0, 2753.3333, 3073.3333, 2593.3333, 920.0, 2570.0, 2463.3333, 1183.3334]
In ga.py, 2018-11-25 01:12:37,818 - __main__ - INFO - len population_validation first:10,len population_validation[0]:30
In ga.py, 2018-11-25 01:12:37,863 - __main__ - INFO - population_validation[0]:[6900. 6900. 6900. 7100. 6100.    0. 1800. 6100.    0. 1800.    0. 6900.
 7100. 6900. 6100. 6100.    0. 7100.    0. 6100. 4300. 1800. 6100. 1800.
 6100. 6100. 6100. 6100. 6100. 6900.]
In ga.py, 2018-11-25 01:13:28,855 - __main__ - INFO - population_validation second:[4710.0, 4276.6665, 2503.3333, 4156.6665, 2716.6667, 1953.3334, 1030.0, 1766.6666, 2693.3333, 2236.6667]
In ga.py, 2018-11-25 01:19:24,057 - __main__ - INFO - len population_validation first:10,len population_validation[0]:30
In ga.py, 2018-11-25 01:19:24,105 - __main__ - INFO - population_validation[0]:[   0.    0.    0. 6900. 6100. 6900. 6100. 6900. 1800.    0. 6100. 6100.
    0. 1800. 6100. 7100. 6100. 6100. 6100. 6100. 4300. 6100.    0. 6900.
 6100. 6100. 6100. 6100. 1800. 6100.]
In ga.py, 2018-11-25 01:20:13,212 - __main__ - INFO - population_validation second:[4530.0, 2706.6667, 1720.0, 3286.6667, 3840.0, 3700.0, 1000.0, 3896.6667, 3636.6667, 1543.3334]
In ga.py, 2018-11-25 01:25:24,441 - __main__ - INFO - len population_validation first:10,len population_validation[0]:30
In ga.py, 2018-11-25 01:25:24,501 - __main__ - INFO - population_validation[0]:[6100. 6100. 6900. 6100. 4300.    0.    0.    0.    0. 7100. 6100.    0.
 4300. 6900. 6100. 6900. 6100. 7100. 4300. 7100. 7100. 6900. 6100. 6900.
 6100. 6100. 6100. 7100. 7100. 6100.]
In ga.py, 2018-11-25 01:26:12,587 - __main__ - INFO - population_validation second:[5236.6665, 1753.3334, 2503.3333, 1400.0, 2300.0, 1680.0, 3026.6667, 2120.0, 2140.0, 3740.0]
In ga.py, 2018-11-25 01:31:49,447 - __main__ - INFO - len population_validation first:10,len population_validation[0]:30
In ga.py, 2018-11-25 01:31:49,485 - __main__ - INFO - population_validation[0]:[6100. 7100. 6100. 6900. 6100. 6100. 6100. 6100. 6100. 6100. 6100. 4300.
 6900. 6100. 6100.    0. 6100. 6100. 6900. 6100. 6100.    0. 6100.    0.
 6100. 6100. 6100. 6100. 6900.    0.]
In ga.py, 2018-11-25 01:32:32,888 - __main__ - INFO - population_validation second:[5366.6665, 2993.3333, 1203.3334, 3093.3333, 3606.6667, 2683.3333, 2950.0, 3606.6667, 1686.6666, 1173.3334]
In ga.py, 2018-11-25 01:37:35,056 - __main__ - INFO - len population_validation first:10,len population_validation[0]:30
In ga.py, 2018-11-25 01:37:35,113 - __main__ - INFO - population_validation[0]:[1800. 1800. 6100. 6900. 6100. 6100. 6100. 6100. 6100.    0. 6100. 6900.
    0.    0. 1800. 6900.    0.    0. 6100. 6100.    0. 6100. 6100. 6100.
 6100. 1800.    0. 6100. 6100.    0.]
In ga.py, 2018-11-25 01:38:15,358 - __main__ - INFO - population_validation second:[3980.0, 3930.0, 3350.0, 1153.3334, 2720.0, 2016.6666, 3616.6667, 2526.6667, 2980.0, 966.6667]
In ga.py, 2018-11-25 01:43:51,904 - __main__ - INFO - len population_validation first:10,len population_validation[0]:30
In ga.py, 2018-11-25 01:43:51,951 - __main__ - INFO - population_validation[0]:[   0. 6100. 6100. 6100. 6900. 6100. 7100. 6100. 6100. 6900. 6100. 6100.
 6100. 6100. 6100. 6100.    0. 6100. 6900. 6900. 6900. 4300. 6100. 6900.
 7100. 6100. 7100. 7100. 6100. 4300.]
In ga.py, 2018-11-25 01:44:38,733 - __main__ - INFO - population_validation second:[5866.6665, 2640.0, 2563.3333, 2243.3333, 2876.6667, 4713.3335, 3183.3333, 3656.6667, 2640.0, 896.6667]
In ga.py, 2018-11-25 01:49:37,974 - __main__ - INFO - len population_validation first:10,len population_validation[0]:30
In ga.py, 2018-11-25 01:49:38,036 - __main__ - INFO - population_validation[0]:[   0. 7100. 6900. 7100. 6100.    0. 6100. 6100. 6100.    0. 6100. 1800.
 6100. 6100. 6100.    0. 6100.    0. 7100. 1800. 6100. 6100. 6100. 4300.
    0. 6900. 6100. 6100. 6900. 6900.]
In ga.py, 2018-11-25 01:50:19,652 - __main__ - INFO - population_validation second:[4740.0, 2716.6667, 2143.3333, 1403.3334, 2400.0, 2066.6667, 2616.6667, 2000.0, 1100.0, 3040.0]
In ga.py, 2018-11-25 01:56:02,033 - __main__ - INFO - len population_validation first:10,len population_validation[0]:30
In ga.py, 2018-11-25 01:56:02,066 - __main__ - INFO - population_validation[0]:[6100.    0. 6100. 6100. 6100. 6100. 6100. 6900. 6900. 6100. 6100.    0.
 6900. 6100.    0. 1800. 6900. 6900. 6100. 6100.    0. 6900. 6100. 6100.
 6100. 7100. 6900. 1800.    0. 7100.]
In ga.py, 2018-11-25 01:56:48,624 - __main__ - INFO - population_validation second:[5050.0, 1863.3334, 2770.0, 920.0, 3643.3333, 1950.0, 1900.0, 3290.0, 1973.3334, 4016.6667]
In ga.py, 2018-11-25 02:01:59,978 - __main__ - INFO - len population_validation first:10,len population_validation[0]:30
In ga.py, 2018-11-25 02:02:00,050 - __main__ - INFO - population_validation[0]:[6100. 6100. 6100. 6100. 6100. 6100. 6100. 1800. 6100. 6100. 6100.    0.
 6100. 6100. 1800. 7100. 6100.    0. 1800.    0. 7100. 6900. 4300. 6100.
 7100. 6100. 6100. 6900. 6100.    0.]
In ga.py, 2018-11-25 02:02:48,798 - __main__ - INFO - population_validation second:[4950.0, 2336.6667, 1980.0, 4793.3335, 2990.0, 1280.0, 4880.0, 2886.6667, 3133.3333, 2333.3333]
In ga.py, 2018-11-25 02:08:30,792 - __main__ - INFO - len population_validation first:10,len population_validation[0]:30
In ga.py, 2018-11-25 02:08:30,870 - __main__ - INFO - population_validation[0]:[7100. 6100. 6900. 6100. 6900.    0. 6100. 6100. 6100. 6100.    0. 6100.
 1800.    0. 4300.    0. 6100.    0.    0. 6900. 6100. 6900.    0. 1800.
 1800. 7100. 6100. 6100.    0. 6100.]
In ga.py, 2018-11-25 02:09:13,538 - __main__ - INFO - population_validation second:[4156.6665, 1803.3334, 3090.0, 3913.3333, 2636.6667, 1420.0, 2800.0, 2130.0, 2203.3333, 1190.0]
In ga.py, 2018-11-25 02:14:46,835 - __main__ - INFO - len population_validation first:10,len population_validation[0]:30
In ga.py, 2018-11-25 02:14:46,930 - __main__ - INFO - population_validation[0]:[   0. 7100. 6100. 6100.    0.    0.    0. 6100. 6100. 6100. 6900.    0.
 6100. 4300. 6900. 6100. 6900. 6100. 6100. 6100. 6100.    0. 6900. 6900.
 6900. 6100. 6100. 6100. 6900.    0.]
In ga.py, 2018-11-25 02:15:25,369 - __main__ - INFO - population_validation second:[4836.6665, 4746.6665, 3886.6667, 3886.6667, 2666.6667, 1953.3334, 2073.3333, 3373.3333, 1776.6666, 3360.0]
In ga.py, 2018-11-25 02:21:15,146 - __main__ - INFO - len population_validation first:10,len population_validation[0]:30
In ga.py, 2018-11-25 02:21:15,217 - __main__ - INFO - population_validation[0]:[6100. 6100. 6100.    0. 6900. 1800. 7100. 6100. 6100. 6100. 6900. 6100.
 7100. 6100. 6900.    0. 6900. 6100. 6100. 7100. 6100. 7100. 6100. 6100.
 1800. 6100. 1800. 6100. 1800. 6100.]
In ga.py, 2018-11-25 02:21:53,845 - __main__ - INFO - population_validation second:[5360.0, 2793.3333, 4116.6665, 3020.0, 2180.0, 3216.6667, 3293.3333, 3643.3333, 4583.3335, 2696.6667]
In ga.py, 2018-11-25 02:27:51,274 - __main__ - INFO - len population_validation first:10,len population_validation[0]:30
In ga.py, 2018-11-25 02:27:51,359 - __main__ - INFO - population_validation[0]:[   0. 6100. 1800. 6100.    0. 6100. 6900. 6100. 6100. 1800. 6100. 6900.
 6100. 6100.    0. 6900. 6100.    0. 6100. 6900. 4300. 6900. 6100. 1800.
 6100. 6100. 6900. 1800. 6100. 6900.]
In ga.py, 2018-11-25 02:28:31,186 - __main__ - INFO - population_validation second:[4840.0, 2476.6667, 1860.0, 3993.3333, 4393.3335, 2220.0, 3250.0, 3356.6667, 3673.3333, 1396.6666]
In ga.py, 2018-11-25 02:34:45,938 - __main__ - INFO - len population_validation first:10,len population_validation[0]:30
In ga.py, 2018-11-25 02:34:46,034 - __main__ - INFO - population_validation[0]:[1800. 7100. 6100. 6100. 6900. 6100. 7100. 6100. 7100. 6100. 6100. 7100.
 7100. 6100. 6100. 1800. 4300. 6100. 6900. 6100. 6900.    0.    0. 6100.
 6900. 1800. 6100. 1800. 6100. 6900.]
In ga.py, 2018-11-25 02:35:25,345 - __main__ - INFO - population_validation second:[5360.0, 4280.0, 4300.0, 2700.0, 1866.6666, 4500.0, 2900.0, 2903.3333, 1973.3334, 1626.6666]
In ga.py, 2018-11-25 02:41:33,375 - __main__ - INFO - len population_validation first:10,len population_validation[0]:30
In ga.py, 2018-11-25 02:41:33,461 - __main__ - INFO - population_validation[0]:[6100.    0. 6100. 6100.    0. 6100. 6100. 6100. 6100. 6100. 6100.    0.
    0. 6100. 1800.    0. 6100. 6100.    0. 6900. 6100. 6900. 6900. 6100.
    0. 7100. 6100.    0.    0. 6100.]
In ga.py, 2018-11-25 02:42:13,795 - __main__ - INFO - population_validation second:[4240.0, 4013.3333, 3993.3333, 1780.0, 1820.0, 2920.0, 3570.0, 2996.6667, 2326.6667, 3400.0]
In ga.py, 2018-11-25 02:48:50,599 - __main__ - INFO - len population_validation first:10,len population_validation[0]:30
In ga.py, 2018-11-25 02:48:50,694 - __main__ - INFO - population_validation[0]:[6900. 6100. 4300. 6900. 6100. 6100. 6100. 6100. 7100.    0. 7100. 6900.
 4300. 1800. 6100. 7100. 6100. 7100. 6900. 6900.    0. 1800. 6100. 6100.
    0. 7100. 6100. 6100. 6100.    0.]
In ga.py, 2018-11-25 02:49:32,392 - __main__ - INFO - population_validation second:[5180.0, 1006.6667, 3353.3333, 2910.0, 4280.0, 883.3333, 1360.0, 4220.0, 2376.6667, 3730.0]
In ga.py, 2018-11-25 02:56:15,017 - __main__ - INFO - len population_validation first:10,len population_validation[0]:30
In ga.py, 2018-11-25 02:56:15,071 - __main__ - INFO - population_validation[0]:[6100.    0.    0. 6100. 4300. 6100. 6100. 6900. 1800.    0. 7100. 6100.
 7100. 6100. 6100. 6900. 6900. 6100.    0. 6900. 6900. 6900. 6100. 7100.
 6100. 6900. 1800. 6900. 6100. 6900.]
In ga.py, 2018-11-25 02:56:53,871 - __main__ - INFO - population_validation second:[5280.0, 2116.6667, 5066.6665, 2610.0, 3636.6667, 2403.3333, 1820.0, 2556.6667, 3090.0, 3833.3333]
In ga.py, 2018-11-25 03:03:40,417 - __main__ - INFO - len population_validation first:10,len population_validation[0]:30
In ga.py, 2018-11-25 03:03:40,486 - __main__ - INFO - population_validation[0]:[6900. 6100. 6100. 1800. 1800. 7100. 6100. 6100. 6100.    0. 7100. 1800.
 6100. 6100. 6900.    0. 7100. 6100. 6900. 7100. 1800. 6100. 6100. 6900.
 6900.    0. 6100. 6100. 4300. 6100.]
In ga.py, 2018-11-25 03:04:19,732 - __main__ - INFO - population_validation second:[5123.3335, 3836.6667, 3073.3333, 2766.6667, 2700.0, 3330.0, 2060.0, 1946.6666, 1753.3334, 3700.0]
In ga.py, 2018-11-25 03:11:10,532 - __main__ - INFO - len population_validation first:10,len population_validation[0]:30
In ga.py, 2018-11-25 03:11:10,577 - __main__ - INFO - population_validation[0]:[6100. 6900. 6900. 7100. 6100. 6100. 6100. 1800. 6900. 6900.    0. 6100.
 6100. 6100. 6100. 6100. 6900. 6900. 6100. 6100. 6100. 7100.    0.    0.
 6100. 4300. 6900. 6100.    0. 6900.]
In ga.py, 2018-11-25 03:11:50,401 - __main__ - INFO - population_validation second:[5363.3335, 3536.6667, 2370.0, 3130.0, 2216.6667, 3330.0, 2483.3333, 1713.3334, 2476.6667, 3980.0]
In ga.py, 2018-11-25 03:18:53,312 - __main__ - INFO - len population_validation first:10,len population_validation[0]:30
In ga.py, 2018-11-25 03:18:53,377 - __main__ - INFO - population_validation[0]:[6900. 6100. 6100. 6100. 6900. 6900. 6100. 6900. 6900. 6900. 6100. 6100.
 6100.    0. 6100. 7100. 6100. 1800. 6100. 1800. 1800.    0. 6100. 6900.
 1800. 6100. 6100. 6100. 6900. 4300.]
In ga.py, 2018-11-25 03:19:34,361 - __main__ - INFO - population_validation second:[5306.6665, 1976.6666, 2983.3333, 3110.0, 3663.3333, 2180.0, 1706.6666, 1986.6666, 1983.3334, 3473.3333]
In ga.py, 2018-11-25 03:26:36,965 - __main__ - INFO - len population_validation first:10,len population_validation[0]:30
In ga.py, 2018-11-25 03:26:37,060 - __main__ - INFO - population_validation[0]:[6100. 7100. 6100. 6100. 6900. 6100. 6100. 4300. 7100. 6100. 6100. 6100.
 6100. 6100. 6100.    0.    0.    0. 6100. 6900. 6100. 7100. 6100. 6100.
 6900.    0. 6100. 7100.    0. 7100.]
In ga.py, 2018-11-25 03:27:14,252 - __main__ - INFO - population_validation second:[5270.0, 480.0, 4363.3335, 3626.6667, 1626.6666, 1310.0, 4056.6667, 3470.0, 1283.3334, 2723.3333]
In ga.py, 2018-11-25 03:34:40,576 - __main__ - INFO - len population_validation first:10,len population_validation[0]:30
In ga.py, 2018-11-25 03:34:40,617 - __main__ - INFO - population_validation[0]:[6100. 6900. 6100. 6100. 6100. 6100. 6100. 7100.    0. 6900. 6100. 6100.
    0.    0. 6100. 6100. 6100. 6900. 7100. 6100. 1800.    0. 6100. 6900.
 6100.    0. 1800. 6100. 6900. 6100.]
In ga.py, 2018-11-25 03:35:22,916 - __main__ - INFO - population_validation second:[4996.6665, 2203.3333, 1243.3334, 2586.6667, 2570.0, 2753.3333, 2673.3333, 2736.6667, 3660.0, 1946.6666]
In ga.py, 2018-11-25 03:42:48,354 - __main__ - INFO - len population_validation first:10,len population_validation[0]:30
In ga.py, 2018-11-25 03:42:48,406 - __main__ - INFO - population_validation[0]:[6100. 6100. 7100. 6100. 6900. 6100. 6100.    0. 6100. 7100. 6900.    0.
    0. 6100. 6100. 1800. 4300. 7100. 6100. 6100. 1800. 6900.    0. 4300.
 6100. 4300. 7100. 7100. 7100. 6900.]
In ga.py, 2018-11-25 03:43:27,427 - __main__ - INFO - population_validation second:[5126.6665, 3610.0, 3663.3333, 1963.3334, 1520.0, 2310.0, 2933.3333, 2370.0, 3116.6667, 3456.6667]
In ga.py, 2018-11-25 03:50:14,588 - __main__ - INFO - len population_validation first:10,len population_validation[0]:30
In ga.py, 2018-11-25 03:50:14,673 - __main__ - INFO - population_validation[0]:[6100. 7100. 6100. 6100. 6900. 6100. 6100. 6900.    0. 6100. 6100. 6100.
 4300. 6100. 6100. 6100. 7100. 6900. 7100. 1800. 1800. 6100. 6100. 7100.
 6900. 6100. 6900. 6100. 6100. 6900.]
In ga.py, 2018-11-25 03:50:52,126 - __main__ - INFO - population_validation second:[5843.3335, 2053.3333, 2473.3333, 2093.3333, 2330.0, 3130.0, 3493.3333, 3663.3333, 1426.6666, 1913.3334]
In ga.py, 2018-11-25 03:58:41,086 - __main__ - INFO - len population_validation first:10,len population_validation[0]:30
In ga.py, 2018-11-25 03:58:41,163 - __main__ - INFO - population_validation[0]:[6100. 7100. 1800. 6100.    0. 6100. 6100. 6100.    0. 7100. 4300. 6900.
 6100. 4300. 4300. 6100. 6100. 6100. 6900. 6100. 6900. 6100. 6900. 1800.
 6100. 6900. 6100. 6900.    0. 6100.]
In ga.py, 2018-11-25 03:59:19,417 - __main__ - INFO - population_validation second:[5250.0, 2133.3333, 2403.3333, 3196.6667, 2246.6667, 3226.6667, 2636.6667, 3390.0, 1470.0, 3970.0]
In ga.py, 2018-11-25 04:06:57,100 - __main__ - INFO - len population_validation first:10,len population_validation[0]:30
In ga.py, 2018-11-25 04:06:57,162 - __main__ - INFO - population_validation[0]:[7100. 6100. 6900. 4300. 6900. 6100. 1800. 1800. 6100. 6100. 4300. 6100.
 6900. 6100.    0.    0. 1800. 7100. 6100. 6100.    0.    0. 6900. 6900.
 6100. 6100. 6100. 6100. 7100. 6100.]
In ga.py, 2018-11-25 04:07:38,947 - __main__ - INFO - population_validation second:[4970.0, 2950.0, 3936.6667, 2220.0, 4033.3333, 2756.6667, 2913.3333, 2896.6667, 3413.3333, 3090.0]
In ga.py, 2018-11-25 04:15:25,550 - __main__ - INFO - len population_validation first:10,len population_validation[0]:30
In ga.py, 2018-11-25 04:15:25,598 - __main__ - INFO - population_validation[0]:[   0. 6900. 6900. 6900. 6100.    0. 7100. 6100.    0.    0. 6900. 6100.
 6100. 6100. 6100. 6900. 6100. 6100.    0. 6100. 6100.    0. 6900. 7100.
 6900. 6900. 7100. 6900.    0. 6100.]
In ga.py, 2018-11-25 04:16:04,502 - __main__ - INFO - population_validation second:[5016.6665, 4316.6665, 3670.0, 3646.6667, 2803.3333, 3306.6667, 2823.3333, 2986.6667, 2876.6667, 1656.6666]
In ga.py, 2018-11-25 04:23:57,669 - __main__ - INFO - len population_validation first:10,len population_validation[0]:30
In ga.py, 2018-11-25 04:23:57,757 - __main__ - INFO - population_validation[0]:[6100. 6900. 6100. 6100. 6900. 4300. 6900. 6100. 6900.    0. 6100. 6100.
 6900. 6100. 6100. 7100.    0.    0.    0. 6900.    0. 6900. 4300. 4300.
 6100. 6900. 6900. 6900.    0. 6100.]
In ga.py, 2018-11-25 04:24:36,621 - __main__ - INFO - population_validation second:[5000.0, 2300.0, 4270.0, 3406.6667, 2580.0, 1890.0, 3626.6667, 2396.6667, 2633.3333, 3060.0]
In ga.py, 2018-11-25 04:32:38,203 - __main__ - INFO - len population_validation first:10,len population_validation[0]:30
In ga.py, 2018-11-25 04:32:38,272 - __main__ - INFO - population_validation[0]:[   0. 6100. 6100. 6900. 6100. 6100. 1800. 6100. 6100. 6100. 6100. 6900.
 1800. 1800.    0. 6100. 6900. 6100. 6100. 6100. 6100.    0. 6100. 6100.
 6900. 6100. 7100.    0. 6100. 1800.]
In ga.py, 2018-11-25 04:33:17,742 - __main__ - INFO - population_validation second:[4853.3335, 2296.6667, 3906.6667, 3713.3333, 2693.3333, 3896.6667, 4040.0, 2940.0, 4386.6665, 3600.0]
In ga.py, 2018-11-25 04:41:18,863 - __main__ - INFO - len population_validation first:10,len population_validation[0]:30
In ga.py, 2018-11-25 04:41:18,905 - __main__ - INFO - population_validation[0]:[4300. 7100. 1800. 6100.    0.    0. 6100. 6100. 7100. 6900.    0. 6100.
 6100. 6100. 6100. 1800. 6100. 6100. 6900. 6900. 6900. 6900. 6100. 6900.
 6100. 6100. 6900. 6900. 7100. 6100.]
In ga.py, 2018-11-25 04:41:58,514 - __main__ - INFO - population_validation second:[5456.6665, 3800.0, 3363.3333, 2983.3333, 4066.6667, 3073.3333, 4410.0, 3043.3333, 2620.0, 2960.0]
In ga.py, 2018-11-25 04:50:30,014 - __main__ - INFO - len population_validation first:10,len population_validation[0]:30
In ga.py, 2018-11-25 04:50:30,080 - __main__ - INFO - population_validation[0]:[6100. 6900. 6100. 1800. 6100. 6100. 6100. 6100. 6900. 6100. 6900.    0.
 7100.    0. 6100. 6100. 6100. 6100. 6100. 6100. 6100. 6100. 6100. 1800.
 6100. 6100. 6100. 7100. 6900. 6100.]
In ga.py, 2018-11-25 04:51:15,463 - __main__ - INFO - population_validation second:[5580.0, 4450.0, 2440.0, 4163.3335, 3776.6667, 2113.3333, 2863.3333, 3853.3333, 4006.6667, 3616.6667]
In ga.py, 2018-11-25 04:59:30,962 - __main__ - INFO - len population_validation first:10,len population_validation[0]:30
In ga.py, 2018-11-25 04:59:31,021 - __main__ - INFO - population_validation[0]:[6100. 1800. 6100. 6100. 6100. 6900.    0. 7100.    0.    0. 1800. 6100.
 6100. 6100. 7100.    0. 1800. 1800. 7100. 6100. 6900. 6100. 1800. 6100.
 1800. 6900. 7100. 7100.    0. 6900.]
In ga.py, 2018-11-25 05:00:13,648 - __main__ - INFO - population_validation second:[4496.6665, 2826.6667, 4716.6665, 4543.3335, 3436.6667, 4876.6665, 1440.0, 4380.0, 4083.3333, 3356.6667]
In ga.py, 2018-11-25 05:08:48,060 - __main__ - INFO - len population_validation first:10,len population_validation[0]:30
In ga.py, 2018-11-25 05:08:48,128 - __main__ - INFO - population_validation[0]:[6800. 3800. 6800. 6800. 3800. 6800. 3200. 4400. 3800. 3800. 4400. 4400.
 3800. 3800. 3800. 4400. 3500. 4400. 3800. 4400. 3800. 6800. 4400. 3500.
 3500. 3800. 6800. 3800. 6800. 3500.]
In ga.py, 2018-11-25 05:09:28,380 - __main__ - INFO - population_validation second:[4580.0, 3933.3333, 1900.0, 3366.6667, 3036.6667, 4566.6665, 3710.0, 2076.6667, 2333.3333, 3623.3333]
In ga.py, 2018-11-25 05:17:40,126 - __main__ - INFO - len population_validation first:10,len population_validation[0]:30
In ga.py, 2018-11-25 05:17:40,187 - __main__ - INFO - population_validation[0]:[3500. 3200. 4400. 3500. 3800. 3200. 3800. 3800. 6800. 4400. 4400. 3200.
 3800. 1500. 3800. 6800. 6800. 3800. 3500. 3200. 3800. 6800. 3500. 3800.
 3800. 4400. 6800. 3800. 4400. 6800.]
In ga.py, 2018-11-25 05:18:18,541 - __main__ - INFO - population_validation second:[4303.3335, 2796.6667, 2353.3333, 3093.3333, 2103.3333, 3246.6667, 1880.0, 3456.6667, 3586.6667, 1960.0]
In ga.py, 2018-11-25 05:26:44,222 - __main__ - INFO - len population_validation first:10,len population_validation[0]:30
In ga.py, 2018-11-25 05:26:44,283 - __main__ - INFO - population_validation[0]:[1500. 4400. 3800. 4400. 3800. 6800. 3500. 3800. 4400. 4400. 3800. 3200.
 3800. 1500. 3800. 3200. 3800. 4400. 3800. 6800. 6800. 3500. 1500. 3500.
 4400. 3800. 3500. 3800. 4400. 6800.]
In ga.py, 2018-11-25 05:27:26,725 - __main__ - INFO - population_validation second:[4030.0, 3036.6667, 1660.0, 2926.6667, 2586.6667, 3436.6667, 2936.6667, 1893.3334, 380.0, 3966.6667]
In ga.py, 2018-11-25 05:35:40,473 - __main__ - INFO - len population_validation first:10,len population_validation[0]:30
In ga.py, 2018-11-25 05:35:40,546 - __main__ - INFO - population_validation[0]:[3800. 6800. 4400. 4400. 3800. 3500. 3500. 6800. 1500. 6800. 4400. 3800.
 3800. 3200. 6800. 4400. 3800. 3800. 3500. 3500. 3800. 4400. 3200. 4400.
 4400. 4400. 3500. 3500. 4400. 3800.]
In ga.py, 2018-11-25 05:36:24,181 - __main__ - INFO - population_validation second:[4203.3335, 4493.3335, 3296.6667, 2910.0, 2590.0, 2826.6667, 1453.3334, 2183.3333, 2466.6667, 3473.3333]
In ga.py, 2018-11-25 05:45:00,950 - __main__ - INFO - len population_validation first:10,len population_validation[0]:30
In ga.py, 2018-11-25 05:45:00,994 - __main__ - INFO - population_validation[0]:[3700. 6900. 2500. 3700. 3900. 3900. 2500. 3900. 3700. 6900. 2500. 6900.
 2500. 3900. 2500. 3700. 2500. 2500. 3900. 6900. 6900. 2500. 3700. 3900.
 6900. 2500. 3700. 6900. 2500. 6900.]
In ga.py, 2018-11-25 05:45:43,824 - __main__ - INFO - population_validation second:[4193.3335, 2546.6667, 1876.6666, 4900.0, 236.66667, 2260.0, 3236.6667, 3010.0, 1826.6666, 2066.6667]
In ga.py, 2018-11-25 05:53:21,519 - __main__ - INFO - len population_validation first:10,len population_validation[0]:30
In ga.py, 2018-11-25 05:53:21,596 - __main__ - INFO - population_validation[0]:[6800. 6800. 3500. 4800. 6800. 6800. 2500. 3500. 3800. 4800. 4000. 4000.
 5700. 3500. 2500. 5700. 6800. 6800. 4800. 5400. 6800. 4800. 5400. 3500.
 5400. 6800. 3800. 2500. 3500. 4800.]
In ga.py, 2018-11-25 05:54:02,569 - __main__ - INFO - population_validation second:[4886.6665, 1873.3334, 4133.3335, 4306.6665, 3556.6667, 3116.6667, 2976.6667, 3590.0, 2676.6667, 1260.0]
In ga.py, 2018-11-25 06:02:46,768 - __main__ - INFO - len population_validation first:10,len population_validation[0]:30
In ga.py, 2018-11-25 06:02:46,824 - __main__ - INFO - population_validation[0]:[5400. 5100. 6800. 5700. 4800. 2500. 5700. 2500. 2900. 5400. 3800. 4800.
 4800. 5400. 4800. 6800. 3500. 4800. 3500. 5700. 4800. 3800. 4800. 3500.
 6800. 2900. 5400. 2900. 4500. 2900.]
In ga.py, 2018-11-25 06:03:22,884 - __main__ - INFO - population_validation second:[4566.6665, 7123.3335, 5256.6665, 3733.3333, 2126.6667, 3146.6667, 2460.0, 3740.0, 3356.6667, 1723.3334]
In ga.py, 2018-11-25 06:11:48,202 - __main__ - INFO - len population_validation first:10,len population_validation[0]:30
In ga.py, 2018-11-25 06:11:48,253 - __main__ - INFO - population_validation[0]:[5700. 4900. 5700. 5700. 4900. 8400. 5700. 8400. 5700. 8400. 5700. 4900.
 4900. 8400. 8400. 5700. 5700. 7700. 8400. 8400. 7700. 7700. 8400. 7700.
 7700. 7700. 5700. 5700. 5700. 8400.]
In ga.py, 2018-11-25 06:12:24,941 - __main__ - INFO - population_validation second:[6803.3335, 5056.6665, 3036.6667, 4700.0, 3613.3333, 4113.3335, 4956.6665, 3753.3333, 3526.6667, 3466.6667]
In ga.py, 2018-11-25 06:21:03,372 - __main__ - INFO - len population_validation first:10,len population_validation[0]:30
In ga.py, 2018-11-25 06:21:03,453 - __main__ - INFO - population_validation[0]:[7700. 7700. 5700. 7700. 7700. 5700. 5700. 7700. 8400. 8400. 5700. 7700.
 5700. 5700. 5700. 7700. 4900. 8400. 5700. 8400. 4900. 8400. 7700. 7700.
 8400. 7700. 4900. 5700. 7700. 8400.]
In ga.py, 2018-11-25 06:21:41,009 - __main__ - INFO - population_validation second:[6983.3335, 3926.6667, 1146.6666, 4480.0, 2460.0, 4150.0, 2153.3333, 2656.6667, 4173.3335, 2560.0]
In ga.py, 2018-11-25 06:29:56,923 - __main__ - INFO - len population_validation first:10,len population_validation[0]:30
In ga.py, 2018-11-25 06:29:56,967 - __main__ - INFO - population_validation[0]:[5700. 5700. 5700. 7700. 5700. 4900. 7700. 5700. 5700. 5700. 4900. 5700.
 8400. 5700. 5700. 5700. 4900. 8400. 4900. 8400. 5700. 7700. 8400. 4900.
 7700. 7700. 5700. 7700. 4900. 8400.]
In ga.py, 2018-11-25 06:30:37,470 - __main__ - INFO - population_validation second:[6390.0, 4373.3335, 3186.6667, 4070.0, 3776.6667, 3806.6667, 2436.6667, 2820.0, 1786.6666, 3956.6667]
In ga.py, 2018-11-25 06:39:21,799 - __main__ - INFO - len population_validation first:10,len population_validation[0]:30
In ga.py, 2018-11-25 06:39:21,854 - __main__ - INFO - population_validation[0]:[8400. 7700. 7700. 4900. 5700. 4900. 4900. 5700. 8400. 8400. 7700. 8400.
 7700. 5700. 5700. 4900. 4900. 8400. 8400. 8400. 4900. 4900. 8400. 4900.
 7700. 8400. 4900. 4900. 5700. 4900.]
In ga.py, 2018-11-25 06:40:03,671 - __main__ - INFO - population_validation second:[6550.0, 2873.3333, 3570.0, 2986.6667, 3343.3333, 1503.3334, 3103.3333, 4146.6665, 3033.3333, 3046.6667]
In ga.py, 2018-11-25 06:48:26,757 - __main__ - INFO - len population_validation first:10,len population_validation[0]:30
In ga.py, 2018-11-25 06:48:26,800 - __main__ - INFO - population_validation[0]:[7700. 4900. 5700. 4900. 7700. 4900. 5700. 8400. 4900. 4900. 8400. 5700.
 8400. 4900. 8400. 8400. 8400. 4900. 5700. 7700. 5700. 8400. 5700. 7700.
 5700. 4900. 4900. 8400. 4900. 5700.]
In ga.py, 2018-11-25 06:49:12,674 - __main__ - INFO - population_validation second:[6420.0, 3776.6667, 2273.3333, 3376.6667, 2416.6667, 4210.0, 2926.6667, 2886.6667, 3143.3333, 5033.3335]
In ga.py, 2018-11-25 06:57:51,289 - __main__ - INFO - len population_validation first:10,len population_validation[0]:30
In ga.py, 2018-11-25 06:57:51,331 - __main__ - INFO - population_validation[0]:[4900. 4900. 7700. 5700. 5700. 8400. 7700. 4900. 8400. 5700. 8400. 5700.
 8400. 7700. 8400. 8400. 4900. 5700. 5700. 5700. 4900. 7700. 8400. 8400.
 8400. 5700. 5700. 4900. 5700. 8400.]
In ga.py, 2018-11-25 06:58:39,864 - __main__ - INFO - population_validation second:[6706.6665, 4916.6665, 3256.6667, 2376.6667, 2973.3333, 3346.6667, 2156.6667, 3473.3333, 3193.3333, 1740.0]
In ga.py, 2018-11-25 07:06:51,122 - __main__ - INFO - len population_validation first:10,len population_validation[0]:30
In ga.py, 2018-11-25 07:06:51,181 - __main__ - INFO - population_validation[0]:[7700. 7700. 5700. 7700. 7700. 4900. 7700. 8400. 4900. 8400. 5700. 7700.
 5700. 4900. 7700. 7700. 4900. 8400. 4900. 7700. 5700. 7700. 7700. 7700.
 4900. 4900. 8400. 7700. 5700. 4900.]
In ga.py, 2018-11-25 07:07:28,651 - __main__ - INFO - population_validation second:[6713.3335, 3603.3333, 1730.0, 2853.3333, 4083.3333, 4236.6665, 3626.6667, 4223.3335, 3946.6667, 4080.0]
In ga.py, 2018-11-25 07:16:06,668 - __main__ - INFO - len population_validation first:10,len population_validation[0]:30
In ga.py, 2018-11-25 07:16:06,737 - __main__ - INFO - population_validation[0]:[4900. 4900. 8400. 5700. 8400. 4900. 5700. 8400. 4900. 4900. 4900. 4900.
 7700. 5700. 8400. 4900. 7700. 4900. 7700. 4900. 4900. 7700. 8400. 5700.
 5700. 7700. 7700. 5700. 7700. 4900.]
In ga.py, 2018-11-25 07:16:43,195 - __main__ - INFO - population_validation second:[6296.6665, 3173.3333, 4330.0, 4376.6665, 3856.6667, 3743.3333, 4586.6665, 1953.3334, 2610.0, 2376.6667]
In ga.py, 2018-11-25 07:25:04,875 - __main__ - INFO - len population_validation first:10,len population_validation[0]:30
In ga.py, 2018-11-25 07:25:04,982 - __main__ - INFO - population_validation[0]:[4900. 5700. 7700. 8400. 5700. 7700. 8400. 4900. 7700. 5700. 8400. 7700.
 5700. 5700. 7700. 5700. 4900. 4900. 4900. 4900. 8400. 7700. 5700. 7700.
 4900. 4900. 4900. 5700. 4900. 5700.]
In ga.py, 2018-11-25 07:25:42,847 - __main__ - INFO - population_validation second:[6260.0, 4906.6665, 4196.6665, 4106.6665, 4560.0, 2006.6666, 3230.0, 4353.3335, 3683.3333, 4036.6667]
In ga.py, 2018-11-25 07:34:24,293 - __main__ - INFO - len population_validation first:10,len population_validation[0]:30
In ga.py, 2018-11-25 07:34:24,367 - __main__ - INFO - population_validation[0]:[4900. 8400. 7700. 8400. 5700. 5700. 8400. 4900. 7700. 7700. 4900. 4900.
 4900. 7700. 4900. 8400. 4900. 5700. 8400. 4900. 8400. 5700. 7700. 5700.
 5700. 7700. 8400. 5700. 8400. 4900.]
In ga.py, 2018-11-25 07:35:00,546 - __main__ - INFO - population_validation second:[6580.0, 3163.3333, 3156.6667, 4270.0, 1756.6666, 4040.0, 3990.0, 4413.3335, 3813.3333, 4573.3335]
In ga.py, 2018-11-25 07:43:57,129 - __main__ - INFO - len population_validation first:10,len population_validation[0]:30
In ga.py, 2018-11-25 07:43:57,189 - __main__ - INFO - population_validation[0]:[4900. 7700. 4900. 8400. 4900. 8400. 7700. 7700. 4900. 7700. 7700. 7700.
 5700. 8400. 7700. 7700. 5700. 5700. 8400. 8400. 5700. 8400. 5700. 5700.
 8400. 7700. 8400. 5700. 5700. 8400.]
In ga.py, 2018-11-25 07:44:34,936 - __main__ - INFO - population_validation second:[7003.3335, 4526.6665, 4490.0, 2110.0, 3200.0, 4710.0, 2460.0, 850.0, 4193.3335, 4836.6665]
In ga.py, 2018-11-25 07:52:31,589 - __main__ - INFO - len population_validation first:10,len population_validation[0]:30
In ga.py, 2018-11-25 07:52:31,667 - __main__ - INFO - population_validation[0]:[5700. 5700. 7700. 8400. 8400. 7700. 5700. 4900. 4900. 5700. 4900. 7700.
 4900. 8400. 7700. 5700. 8400. 8400. 5700. 5700. 7700. 4900. 7700. 5700.
 5700. 4900. 8400. 8400. 4900. 4900.]
In ga.py, 2018-11-25 07:53:14,460 - __main__ - INFO - population_validation second:[6516.6665, 5626.6665, 3783.3333, 3793.3333, 3320.0, 3476.6667, 5023.3335, 3000.0, 4323.3335, 3446.6667]
